
*** Running vivado
    with args -log top.vds -m64 -product Vivado -mode batch -messageDb vivado.pb -notrace -source top.tcl


****** Vivado v2024.1 (64-bit)
  **** SW Build 5076996 on Wed May 22 18:36:09 MDT 2024
  **** IP Build 5075265 on Wed May 22 21:45:21 MDT 2024
  **** SharedData Build 5076995 on Wed May 22 18:29:18 MDT 2024
  **** Start of session at: Wed Feb 19 18:03:50 2025
    ** Copyright 1986-2022 Xilinx, Inc. All Rights Reserved.
    ** Copyright 2022-2024 Advanced Micro Devices, Inc. All Rights Reserved.

source top.tcl -notrace
create_project: Time (s): cpu = 00:00:10 ; elapsed = 00:00:10 . Memory (MB): peak = 1446.492 ; gain = 40.836 ; free physical = 108820 ; free virtual = 120373
Command: read_checkpoint -auto_incremental -incremental /home/landaud1/other/Senior_proj/Physics-Gpu-2025/Nick/host_interface/host_interface.srcs/utils_1/imports/synth_1/hostif_test.dcp
INFO: [Vivado 12-5825] Read reference checkpoint from /home/landaud1/other/Senior_proj/Physics-Gpu-2025/Nick/host_interface/host_interface.srcs/utils_1/imports/synth_1/hostif_test.dcp for incremental synthesis
INFO: [Vivado 12-7989] Please ensure there are no constraint changes
Command: synth_design -top top -part xc7a200tsbg484-1
Starting synth_design
Attempting to get a license for feature 'Synthesis' and/or device 'xc7a200t'
INFO: [Common 17-349] Got license for feature 'Synthesis' and/or device 'xc7a200t'
INFO: [Device 21-403] Loading part xc7a200tsbg484-1
INFO: [Device 21-9227] Part: xc7a200tsbg484-1 does not have CEAM library.
INFO: [Designutils 20-5440] No compile time benefit to using incremental synthesis; A full resynthesis will be run
INFO: [Designutils 20-4379] Flow is switching to default flow due to incremental criteria not met. If you would like to alter this behaviour and have the flow terminate instead, please set the following parameter config_implementation {autoIncr.Synth.RejectBehavior Terminate}
INFO: [Synth 8-7079] Multithreading enabled for synth_design using a maximum of 4 processes.
INFO: [Synth 8-7078] Launching helper process for spawning children vivado processes
WARNING: [Common 17-1361] You have specified a new message control rule that is equivalent to an existing rule with attributes ' -id {17-179}  -suppress '. The existing rule will be replaced.
INFO: [Synth 8-7075] Helper process launched with PID 235781
---------------------------------------------------------------------------------
Starting RTL Elaboration : Time (s): cpu = 00:00:05 ; elapsed = 00:00:05 . Memory (MB): peak = 2251.715 ; gain = 413.629 ; free physical = 107666 ; free virtual = 119219
---------------------------------------------------------------------------------
INFO: [Synth 8-6157] synthesizing module 'top' [/home/landaud1/other/Senior_proj/Physics-Gpu-2025/Nick/host_interface/host_interface.srcs/sources_1/new/top.sv:23]
INFO: [Synth 8-6157] synthesizing module 'hostif_test' [/home/landaud1/other/Senior_proj/Physics-Gpu-2025/Nick/host_interface/host_interface.srcs/sources_1/new/hostif_test.sv:9]
INFO: [Synth 8-155] case statement is not full and has no default [/home/landaud1/other/Senior_proj/Physics-Gpu-2025/Nick/host_interface/host_interface.srcs/sources_1/new/hostif_test.sv:123]
INFO: [Synth 8-6155] done synthesizing module 'hostif_test' (0#1) [/home/landaud1/other/Senior_proj/Physics-Gpu-2025/Nick/host_interface/host_interface.srcs/sources_1/new/hostif_test.sv:9]
WARNING: [Synth 8-7071] port 'regs_data' of module 'hostif_test' is unconnected for instance 'u1' [/home/landaud1/other/Senior_proj/Physics-Gpu-2025/Nick/host_interface/host_interface.srcs/sources_1/new/top.sv:37]
WARNING: [Synth 8-7071] port 'regs_addr' of module 'hostif_test' is unconnected for instance 'u1' [/home/landaud1/other/Senior_proj/Physics-Gpu-2025/Nick/host_interface/host_interface.srcs/sources_1/new/top.sv:37]
WARNING: [Synth 8-7071] port 'regs_we' of module 'hostif_test' is unconnected for instance 'u1' [/home/landaud1/other/Senior_proj/Physics-Gpu-2025/Nick/host_interface/host_interface.srcs/sources_1/new/top.sv:37]
WARNING: [Synth 8-7071] port 'state_ram_data' of module 'hostif_test' is unconnected for instance 'u1' [/home/landaud1/other/Senior_proj/Physics-Gpu-2025/Nick/host_interface/host_interface.srcs/sources_1/new/top.sv:37]
WARNING: [Synth 8-7071] port 'state_ram_addr' of module 'hostif_test' is unconnected for instance 'u1' [/home/landaud1/other/Senior_proj/Physics-Gpu-2025/Nick/host_interface/host_interface.srcs/sources_1/new/top.sv:37]
WARNING: [Synth 8-7071] port 'state_ram_we' of module 'hostif_test' is unconnected for instance 'u1' [/home/landaud1/other/Senior_proj/Physics-Gpu-2025/Nick/host_interface/host_interface.srcs/sources_1/new/top.sv:37]
WARNING: [Synth 8-7071] port 'attribute_ram_data' of module 'hostif_test' is unconnected for instance 'u1' [/home/landaud1/other/Senior_proj/Physics-Gpu-2025/Nick/host_interface/host_interface.srcs/sources_1/new/top.sv:37]
WARNING: [Synth 8-7071] port 'attribute_ram_addr' of module 'hostif_test' is unconnected for instance 'u1' [/home/landaud1/other/Senior_proj/Physics-Gpu-2025/Nick/host_interface/host_interface.srcs/sources_1/new/top.sv:37]
WARNING: [Synth 8-7071] port 'attribute_ram_we' of module 'hostif_test' is unconnected for instance 'u1' [/home/landaud1/other/Senior_proj/Physics-Gpu-2025/Nick/host_interface/host_interface.srcs/sources_1/new/top.sv:37]
WARNING: [Synth 8-7023] instance 'u1' of module 'hostif_test' has 16 connections declared, but only 7 given [/home/landaud1/other/Senior_proj/Physics-Gpu-2025/Nick/host_interface/host_interface.srcs/sources_1/new/top.sv:37]
INFO: [Synth 8-6155] done synthesizing module 'top' (0#1) [/home/landaud1/other/Senior_proj/Physics-Gpu-2025/Nick/host_interface/host_interface.srcs/sources_1/new/top.sv:23]
---------------------------------------------------------------------------------
Finished RTL Elaboration : Time (s): cpu = 00:00:07 ; elapsed = 00:00:07 . Memory (MB): peak = 2336.684 ; gain = 498.598 ; free physical = 107573 ; free virtual = 119128
---------------------------------------------------------------------------------
---------------------------------------------------------------------------------
Start Handling Custom Attributes
---------------------------------------------------------------------------------
---------------------------------------------------------------------------------
Finished Handling Custom Attributes : Time (s): cpu = 00:00:07 ; elapsed = 00:00:07 . Memory (MB): peak = 2351.527 ; gain = 513.441 ; free physical = 107573 ; free virtual = 119128
---------------------------------------------------------------------------------
---------------------------------------------------------------------------------
Finished RTL Optimization Phase 1 : Time (s): cpu = 00:00:07 ; elapsed = 00:00:07 . Memory (MB): peak = 2351.527 ; gain = 513.441 ; free physical = 107573 ; free virtual = 119128
---------------------------------------------------------------------------------
Netlist sorting complete. Time (s): cpu = 00:00:00 ; elapsed = 00:00:00 . Memory (MB): peak = 2351.527 ; gain = 0.000 ; free physical = 107573 ; free virtual = 119128
INFO: [Project 1-570] Preparing netlist for logic optimization

Processing XDC Constraints
Initializing timing engine
Parsing XDC File [/home/landaud1/other/Senior_proj/Physics-Gpu-2025/Nick/host_interface/host_interface.srcs/constrs_1/imports/Downloads/Nexys-Video-Master.xdc]
Finished Parsing XDC File [/home/landaud1/other/Senior_proj/Physics-Gpu-2025/Nick/host_interface/host_interface.srcs/constrs_1/imports/Downloads/Nexys-Video-Master.xdc]
INFO: [Project 1-236] Implementation specific constraints were found while reading constraint file [/home/landaud1/other/Senior_proj/Physics-Gpu-2025/Nick/host_interface/host_interface.srcs/constrs_1/imports/Downloads/Nexys-Video-Master.xdc]. These constraints will be ignored for synthesis but will be used in implementation. Impacted constraints are listed in the file [.Xil/top_propImpl.xdc].
Resolution: To avoid this warning, move constraints listed in [.Xil/top_propImpl.xdc] to another XDC file and exclude this new file from synthesis with the used_in_synthesis property (File Properties dialog in GUI) and re-run elaboration/synthesis.
Completed Processing XDC Constraints

Netlist sorting complete. Time (s): cpu = 00:00:00 ; elapsed = 00:00:00 . Memory (MB): peak = 2481.277 ; gain = 0.000 ; free physical = 107568 ; free virtual = 119122
INFO: [Project 1-111] Unisim Transformation Summary:
No Unisim elements were transformed.

Constraint Validation Runtime : Time (s): cpu = 00:00:00 ; elapsed = 00:00:00 . Memory (MB): peak = 2481.277 ; gain = 0.000 ; free physical = 107568 ; free virtual = 119122
INFO: [Designutils 20-5440] No compile time benefit to using incremental synthesis; A full resynthesis will be run
INFO: [Designutils 20-4379] Flow is switching to default flow due to incremental criteria not met. If you would like to alter this behaviour and have the flow terminate instead, please set the following parameter config_implementation {autoIncr.Synth.RejectBehavior Terminate}
---------------------------------------------------------------------------------
Finished Constraint Validation : Time (s): cpu = 00:00:15 ; elapsed = 00:00:15 . Memory (MB): peak = 2481.277 ; gain = 643.191 ; free physical = 107599 ; free virtual = 119153
---------------------------------------------------------------------------------
---------------------------------------------------------------------------------
Start Loading Part and Timing Information
---------------------------------------------------------------------------------
Loading part: xc7a200tsbg484-1
---------------------------------------------------------------------------------
Finished Loading Part and Timing Information : Time (s): cpu = 00:00:15 ; elapsed = 00:00:15 . Memory (MB): peak = 2489.281 ; gain = 651.195 ; free physical = 107599 ; free virtual = 119153
---------------------------------------------------------------------------------
---------------------------------------------------------------------------------
Start Applying 'set_property' XDC Constraints
---------------------------------------------------------------------------------
---------------------------------------------------------------------------------
Finished applying 'set_property' XDC Constraints : Time (s): cpu = 00:00:15 ; elapsed = 00:00:15 . Memory (MB): peak = 2489.281 ; gain = 651.195 ; free physical = 107599 ; free virtual = 119153
---------------------------------------------------------------------------------
INFO: [Synth 8-802] inferred FSM for state register 'current_state_in_reg' in module 'hostif_test'
---------------------------------------------------------------------------------------------------
                   State |                     New Encoding |                Previous Encoding 
---------------------------------------------------------------------------------------------------
                  iSTATE |                              000 |                              000
                 iSTATE0 |                              001 |                              001
                 iSTATE1 |                              010 |                              010
                 iSTATE2 |                              011 |                              011
                 iSTATE3 |                              100 |                              100
                 iSTATE4 |                              101 |                              101
                 iSTATE5 |                              110 |                              110
---------------------------------------------------------------------------------------------------
INFO: [Synth 8-3354] encoded FSM with state register 'current_state_in_reg' using encoding 'sequential' in module 'hostif_test'
---------------------------------------------------------------------------------
Finished RTL Optimization Phase 2 : Time (s): cpu = 00:00:15 ; elapsed = 00:00:16 . Memory (MB): peak = 2489.281 ; gain = 651.195 ; free physical = 107595 ; free virtual = 119150
---------------------------------------------------------------------------------
---------------------------------------------------------------------------------
Start RTL Component Statistics 
---------------------------------------------------------------------------------
Detailed RTL Component Info : 
+---XORs : 
	   2 Input      1 Bit         XORs := 1     
+---Registers : 
	               32 Bit    Registers := 1     
	               16 Bit    Registers := 1     
	                8 Bit    Registers := 1     
	                1 Bit    Registers := 4     
+---Muxes : 
	   7 Input   32 Bit        Muxes := 1     
	   2 Input   32 Bit        Muxes := 2     
	   7 Input   16 Bit        Muxes := 1     
	   2 Input   12 Bit        Muxes := 1     
	   7 Input    3 Bit        Muxes := 1     
	   7 Input    1 Bit        Muxes := 1     
	   2 Input    1 Bit        Muxes := 1     
---------------------------------------------------------------------------------
Finished RTL Component Statistics 
---------------------------------------------------------------------------------
---------------------------------------------------------------------------------
Start Part Resource Summary
---------------------------------------------------------------------------------
Part Resources:
DSPs: 740 (col length:100)
BRAMs: 730 (col length: RAMB18 100 RAMB36 50)
---------------------------------------------------------------------------------
Finished Part Resource Summary
---------------------------------------------------------------------------------
---------------------------------------------------------------------------------
Start Cross Boundary and Area Optimization
---------------------------------------------------------------------------------
WARNING: [Synth 8-7080] Parallel synthesis criteria is not met
---------------------------------------------------------------------------------
Finished Cross Boundary and Area Optimization : Time (s): cpu = 00:00:17 ; elapsed = 00:00:17 . Memory (MB): peak = 2489.281 ; gain = 651.195 ; free physical = 107574 ; free virtual = 119133
---------------------------------------------------------------------------------
---------------------------------------------------------------------------------
Start Applying XDC Timing Constraints
---------------------------------------------------------------------------------
---------------------------------------------------------------------------------
Finished Applying XDC Timing Constraints : Time (s): cpu = 00:00:24 ; elapsed = 00:00:25 . Memory (MB): peak = 2489.281 ; gain = 651.195 ; free physical = 107584 ; free virtual = 119143
---------------------------------------------------------------------------------
---------------------------------------------------------------------------------
Start Timing Optimization
---------------------------------------------------------------------------------
---------------------------------------------------------------------------------
Finished Timing Optimization : Time (s): cpu = 00:00:24 ; elapsed = 00:00:25 . Memory (MB): peak = 2489.281 ; gain = 651.195 ; free physical = 107584 ; free virtual = 119143
---------------------------------------------------------------------------------
---------------------------------------------------------------------------------
Start Technology Mapping
---------------------------------------------------------------------------------
---------------------------------------------------------------------------------
Finished Technology Mapping : Time (s): cpu = 00:00:24 ; elapsed = 00:00:25 . Memory (MB): peak = 2489.281 ; gain = 651.195 ; free physical = 107576 ; free virtual = 119135
---------------------------------------------------------------------------------
---------------------------------------------------------------------------------
Start IO Insertion
---------------------------------------------------------------------------------
---------------------------------------------------------------------------------
Start Flattening Before IO Insertion
---------------------------------------------------------------------------------
---------------------------------------------------------------------------------
Finished Flattening Before IO Insertion
---------------------------------------------------------------------------------
---------------------------------------------------------------------------------
Start Final Netlist Cleanup
---------------------------------------------------------------------------------
---------------------------------------------------------------------------------
Finished Final Netlist Cleanup
---------------------------------------------------------------------------------
---------------------------------------------------------------------------------
Finished IO Insertion : Time (s): cpu = 00:00:28 ; elapsed = 00:00:29 . Memory (MB): peak = 2489.281 ; gain = 651.195 ; free physical = 107582 ; free virtual = 119141
---------------------------------------------------------------------------------
---------------------------------------------------------------------------------
Start Renaming Generated Instances
---------------------------------------------------------------------------------
---------------------------------------------------------------------------------
Finished Renaming Generated Instances : Time (s): cpu = 00:00:28 ; elapsed = 00:00:29 . Memory (MB): peak = 2489.281 ; gain = 651.195 ; free physical = 107582 ; free virtual = 119141
---------------------------------------------------------------------------------
---------------------------------------------------------------------------------
Start Rebuilding User Hierarchy
---------------------------------------------------------------------------------
---------------------------------------------------------------------------------
Finished Rebuilding User Hierarchy : Time (s): cpu = 00:00:28 ; elapsed = 00:00:29 . Memory (MB): peak = 2489.281 ; gain = 651.195 ; free physical = 107582 ; free virtual = 119141
---------------------------------------------------------------------------------
---------------------------------------------------------------------------------
Start Renaming Generated Ports
---------------------------------------------------------------------------------
---------------------------------------------------------------------------------
Finished Renaming Generated Ports : Time (s): cpu = 00:00:28 ; elapsed = 00:00:29 . Memory (MB): peak = 2489.281 ; gain = 651.195 ; free physical = 107582 ; free virtual = 119141
---------------------------------------------------------------------------------
---------------------------------------------------------------------------------
Start Handling Custom Attributes
---------------------------------------------------------------------------------
---------------------------------------------------------------------------------
Finished Handling Custom Attributes : Time (s): cpu = 00:00:28 ; elapsed = 00:00:29 . Memory (MB): peak = 2489.281 ; gain = 651.195 ; free physical = 107582 ; free virtual = 119141
---------------------------------------------------------------------------------
---------------------------------------------------------------------------------
Start Renaming Generated Nets
---------------------------------------------------------------------------------
---------------------------------------------------------------------------------
Finished Renaming Generated Nets : Time (s): cpu = 00:00:28 ; elapsed = 00:00:29 . Memory (MB): peak = 2489.281 ; gain = 651.195 ; free physical = 107582 ; free virtual = 119141
---------------------------------------------------------------------------------
---------------------------------------------------------------------------------
Start Writing Synthesis Report
---------------------------------------------------------------------------------

Report BlackBoxes: 
+-+--------------+----------+
| |BlackBox name |Instances |
+-+--------------+----------+
+-+--------------+----------+

Report Cell Usage: 
+------+-----+------+
|      |Cell |Count |
+------+-----+------+
|1     |BUFG |     1|
|2     |LUT2 |     2|
|3     |LUT4 |     1|
|4     |LUT5 |     1|
|5     |LUT6 |     3|
|6     |FDCE |    10|
|7     |FDRE |    13|
|8     |IBUF |    12|
|9     |OBUF |     9|
+------+-----+------+
---------------------------------------------------------------------------------
Finished Writing Synthesis Report : Time (s): cpu = 00:00:28 ; elapsed = 00:00:29 . Memory (MB): peak = 2489.281 ; gain = 651.195 ; free physical = 107582 ; free virtual = 119141
---------------------------------------------------------------------------------
Synthesis finished with 0 errors, 0 critical warnings and 1 warnings.
Synthesis Optimization Runtime : Time (s): cpu = 00:00:26 ; elapsed = 00:00:26 . Memory (MB): peak = 2489.281 ; gain = 521.445 ; free physical = 107582 ; free virtual = 119141
Synthesis Optimization Complete : Time (s): cpu = 00:00:29 ; elapsed = 00:00:29 . Memory (MB): peak = 2489.289 ; gain = 651.195 ; free physical = 107582 ; free virtual = 119141
INFO: [Project 1-571] Translating synthesized netlist
Netlist sorting complete. Time (s): cpu = 00:00:00.01 ; elapsed = 00:00:00 . Memory (MB): peak = 2489.289 ; gain = 0.000 ; free physical = 107845 ; free virtual = 119404
INFO: [Project 1-570] Preparing netlist for logic optimization
INFO: [Opt 31-138] Pushed 0 inverter(s) to 0 load pin(s).
Netlist sorting complete. Time (s): cpu = 00:00:00 ; elapsed = 00:00:00 . Memory (MB): peak = 2489.289 ; gain = 0.000 ; free physical = 107886 ; free virtual = 119445
INFO: [Project 1-111] Unisim Transformation Summary:
No Unisim elements were transformed.

Synth Design complete | Checksum: 3e25ee48
INFO: [Common 17-83] Releasing license: Synthesis
27 Infos, 12 Warnings, 0 Critical Warnings and 0 Errors encountered.
synth_design completed successfully
synth_design: Time (s): cpu = 00:00:39 ; elapsed = 00:00:36 . Memory (MB): peak = 2489.289 ; gain = 1037.828 ; free physical = 107886 ; free virtual = 119445
INFO: [Common 17-2834] synth_design peak Physical Memory [PSS] (MB): overall = 2022.311; main = 1688.920; forked = 393.945
INFO: [Common 17-2834] synth_design peak Virtual Memory [VSS] (MB): overall = 3521.523; main = 2489.285; forked = 1032.238
Write ShapeDB Complete: Time (s): cpu = 00:00:00 ; elapsed = 00:00:00 . Memory (MB): peak = 2513.293 ; gain = 0.000 ; free physical = 107886 ; free virtual = 119445
INFO: [Common 17-1381] The checkpoint '/home/landaud1/other/Senior_proj/Physics-Gpu-2025/Nick/host_interface/host_interface.runs/synth_1/top.dcp' has been generated.
INFO: [Vivado 12-24828] Executing command : report_utilization -file top_utilization_synth.rpt -pb top_utilization_synth.pb
INFO: [Common 17-206] Exiting Vivado at Wed Feb 19 18:04:41 2025...
