ARM GAS  C:\Users\twmur\AppData\Local\Temp\ccCDHIdx.s 			page 1


   1              		.syntax unified
   2              		.cpu cortex-m0
   3              		.fpu softvfp
   4              		.eabi_attribute 20, 1
   5              		.eabi_attribute 21, 1
   6              		.eabi_attribute 23, 3
   7              		.eabi_attribute 24, 1
   8              		.eabi_attribute 25, 1
   9              		.eabi_attribute 26, 1
  10              		.eabi_attribute 30, 6
  11              		.eabi_attribute 34, 0
  12              		.eabi_attribute 18, 4
  13              		.thumb
  14              		.syntax unified
  15              		.file	"cyfitter_cfg.c"
  16              		.text
  17              	.Ltext0:
  18              		.cfi_sections	.debug_frame
  19              		.section	.text.CYMEMZERO,"ax",%progbits
  20              		.align	2
  21              		.code	16
  22              		.thumb_func
  23              		.type	CYMEMZERO, %function
  24              	CYMEMZERO:
  25              	.LFB2:
  26              		.file 1 "Generated_Source\\PSoC4\\cyfitter_cfg.c"
   1:Generated_Source\PSoC4/cyfitter_cfg.c **** 
   2:Generated_Source\PSoC4/cyfitter_cfg.c **** /*******************************************************************************
   3:Generated_Source\PSoC4/cyfitter_cfg.c **** * File Name: cyfitter_cfg.c
   4:Generated_Source\PSoC4/cyfitter_cfg.c **** * 
   5:Generated_Source\PSoC4/cyfitter_cfg.c **** * PSoC Creator  4.4
   6:Generated_Source\PSoC4/cyfitter_cfg.c **** *
   7:Generated_Source\PSoC4/cyfitter_cfg.c **** * Description:
   8:Generated_Source\PSoC4/cyfitter_cfg.c **** * This file contains device initialization code.
   9:Generated_Source\PSoC4/cyfitter_cfg.c **** * Except for the user defined sections in CyClockStartupError(), this file should not be modified.
  10:Generated_Source\PSoC4/cyfitter_cfg.c **** * This file is automatically generated by PSoC Creator.
  11:Generated_Source\PSoC4/cyfitter_cfg.c **** *
  12:Generated_Source\PSoC4/cyfitter_cfg.c **** ********************************************************************************
  13:Generated_Source\PSoC4/cyfitter_cfg.c **** * Copyright (c) 2007-2020 Cypress Semiconductor.  All rights reserved.
  14:Generated_Source\PSoC4/cyfitter_cfg.c **** * You may use this file only in accordance with the license, terms, conditions, 
  15:Generated_Source\PSoC4/cyfitter_cfg.c **** * disclaimers, and limitations in the end user license agreement accompanying 
  16:Generated_Source\PSoC4/cyfitter_cfg.c **** * the software package with which this file was provided.
  17:Generated_Source\PSoC4/cyfitter_cfg.c **** ********************************************************************************/
  18:Generated_Source\PSoC4/cyfitter_cfg.c **** 
  19:Generated_Source\PSoC4/cyfitter_cfg.c **** #include <string.h>
  20:Generated_Source\PSoC4/cyfitter_cfg.c **** #include "cytypes.h"
  21:Generated_Source\PSoC4/cyfitter_cfg.c **** #include "cydevice_trm.h"
  22:Generated_Source\PSoC4/cyfitter_cfg.c **** #include "cyfitter.h"
  23:Generated_Source\PSoC4/cyfitter_cfg.c **** #include "CyLib.h"
  24:Generated_Source\PSoC4/cyfitter_cfg.c **** #include "CyLFClk.h"
  25:Generated_Source\PSoC4/cyfitter_cfg.c **** #include "cyfitter_cfg.h"
  26:Generated_Source\PSoC4/cyfitter_cfg.c **** #include "cyapicallbacks.h"
  27:Generated_Source\PSoC4/cyfitter_cfg.c **** 
  28:Generated_Source\PSoC4/cyfitter_cfg.c **** 
  29:Generated_Source\PSoC4/cyfitter_cfg.c **** #if defined(__GNUC__) || defined(__ARMCC_VERSION)
  30:Generated_Source\PSoC4/cyfitter_cfg.c ****     #define CYPACKED 
  31:Generated_Source\PSoC4/cyfitter_cfg.c ****     #define CYPACKED_ATTR __attribute__ ((packed))
ARM GAS  C:\Users\twmur\AppData\Local\Temp\ccCDHIdx.s 			page 2


  32:Generated_Source\PSoC4/cyfitter_cfg.c ****     #define CYALIGNED __attribute__ ((aligned))
  33:Generated_Source\PSoC4/cyfitter_cfg.c ****     #define CY_CFG_UNUSED __attribute__ ((unused))
  34:Generated_Source\PSoC4/cyfitter_cfg.c ****     #ifndef CY_CFG_SECTION
  35:Generated_Source\PSoC4/cyfitter_cfg.c ****         #define CY_CFG_SECTION __attribute__ ((section(".psocinit")))
  36:Generated_Source\PSoC4/cyfitter_cfg.c ****     #endif
  37:Generated_Source\PSoC4/cyfitter_cfg.c ****     
  38:Generated_Source\PSoC4/cyfitter_cfg.c ****     #if defined(__ARMCC_VERSION)
  39:Generated_Source\PSoC4/cyfitter_cfg.c ****         #define CY_CFG_MEMORY_BARRIER() __memory_changed()
  40:Generated_Source\PSoC4/cyfitter_cfg.c ****     #else
  41:Generated_Source\PSoC4/cyfitter_cfg.c ****         #define CY_CFG_MEMORY_BARRIER() __sync_synchronize()
  42:Generated_Source\PSoC4/cyfitter_cfg.c ****     #endif
  43:Generated_Source\PSoC4/cyfitter_cfg.c ****     
  44:Generated_Source\PSoC4/cyfitter_cfg.c **** #elif defined(__ICCARM__)
  45:Generated_Source\PSoC4/cyfitter_cfg.c ****     #include <intrinsics.h>
  46:Generated_Source\PSoC4/cyfitter_cfg.c **** 
  47:Generated_Source\PSoC4/cyfitter_cfg.c ****     #define CYPACKED __packed
  48:Generated_Source\PSoC4/cyfitter_cfg.c ****     #define CYPACKED_ATTR 
  49:Generated_Source\PSoC4/cyfitter_cfg.c ****     #define CYALIGNED _Pragma("data_alignment=4")
  50:Generated_Source\PSoC4/cyfitter_cfg.c ****     #define CY_CFG_UNUSED _Pragma("diag_suppress=Pe177")
  51:Generated_Source\PSoC4/cyfitter_cfg.c ****     #define CY_CFG_SECTION _Pragma("location=\".psocinit\"")
  52:Generated_Source\PSoC4/cyfitter_cfg.c ****     
  53:Generated_Source\PSoC4/cyfitter_cfg.c ****     #define CY_CFG_MEMORY_BARRIER() __DMB()
  54:Generated_Source\PSoC4/cyfitter_cfg.c ****     
  55:Generated_Source\PSoC4/cyfitter_cfg.c **** #else
  56:Generated_Source\PSoC4/cyfitter_cfg.c ****     #error Unsupported toolchain
  57:Generated_Source\PSoC4/cyfitter_cfg.c **** #endif
  58:Generated_Source\PSoC4/cyfitter_cfg.c **** 
  59:Generated_Source\PSoC4/cyfitter_cfg.c **** #ifndef CYCODE
  60:Generated_Source\PSoC4/cyfitter_cfg.c ****     #define CYCODE
  61:Generated_Source\PSoC4/cyfitter_cfg.c **** #endif
  62:Generated_Source\PSoC4/cyfitter_cfg.c **** #ifndef CYDATA
  63:Generated_Source\PSoC4/cyfitter_cfg.c ****     #define CYDATA
  64:Generated_Source\PSoC4/cyfitter_cfg.c **** #endif
  65:Generated_Source\PSoC4/cyfitter_cfg.c **** #ifndef CYFAR
  66:Generated_Source\PSoC4/cyfitter_cfg.c ****     #define CYFAR
  67:Generated_Source\PSoC4/cyfitter_cfg.c **** #endif
  68:Generated_Source\PSoC4/cyfitter_cfg.c **** #ifndef CYXDATA
  69:Generated_Source\PSoC4/cyfitter_cfg.c ****     #define CYXDATA
  70:Generated_Source\PSoC4/cyfitter_cfg.c **** #endif
  71:Generated_Source\PSoC4/cyfitter_cfg.c **** 
  72:Generated_Source\PSoC4/cyfitter_cfg.c **** 
  73:Generated_Source\PSoC4/cyfitter_cfg.c **** CY_CFG_UNUSED
  74:Generated_Source\PSoC4/cyfitter_cfg.c **** static void CYMEMZERO(void *s, size_t n);
  75:Generated_Source\PSoC4/cyfitter_cfg.c **** CY_CFG_UNUSED
  76:Generated_Source\PSoC4/cyfitter_cfg.c **** static void CYMEMZERO(void *s, size_t n)
  77:Generated_Source\PSoC4/cyfitter_cfg.c **** {
  27              		.loc 1 77 0
  28              		.cfi_startproc
  29              		@ args = 0, pretend = 0, frame = 8
  30              		@ frame_needed = 1, uses_anonymous_args = 0
  31 0000 80B5     		push	{r7, lr}
  32              		.cfi_def_cfa_offset 8
  33              		.cfi_offset 7, -8
  34              		.cfi_offset 14, -4
  35 0002 82B0     		sub	sp, sp, #8
  36              		.cfi_def_cfa_offset 16
  37 0004 00AF     		add	r7, sp, #0
ARM GAS  C:\Users\twmur\AppData\Local\Temp\ccCDHIdx.s 			page 3


  38              		.cfi_def_cfa_register 7
  39 0006 7860     		str	r0, [r7, #4]
  40 0008 3960     		str	r1, [r7]
  78:Generated_Source\PSoC4/cyfitter_cfg.c **** 	(void)memset(s, 0, n);
  41              		.loc 1 78 0
  42 000a 3A68     		ldr	r2, [r7]
  43 000c 7B68     		ldr	r3, [r7, #4]
  44 000e 0021     		movs	r1, #0
  45 0010 1800     		movs	r0, r3
  46 0012 FFF7FEFF 		bl	memset
  79:Generated_Source\PSoC4/cyfitter_cfg.c **** }
  47              		.loc 1 79 0
  48 0016 C046     		nop
  49 0018 BD46     		mov	sp, r7
  50 001a 02B0     		add	sp, sp, #8
  51              		@ sp needed
  52 001c 80BD     		pop	{r7, pc}
  53              		.cfi_endproc
  54              	.LFE2:
  55              		.size	CYMEMZERO, .-CYMEMZERO
  56 001e C046     		.section	.text.CYCONFIGCPY,"ax",%progbits
  57              		.align	2
  58              		.code	16
  59              		.thumb_func
  60              		.type	CYCONFIGCPY, %function
  61              	CYCONFIGCPY:
  62              	.LFB3:
  80:Generated_Source\PSoC4/cyfitter_cfg.c **** CY_CFG_UNUSED
  81:Generated_Source\PSoC4/cyfitter_cfg.c **** static void CYCONFIGCPY(void *dest, const void *src, size_t n);
  82:Generated_Source\PSoC4/cyfitter_cfg.c **** CY_CFG_UNUSED
  83:Generated_Source\PSoC4/cyfitter_cfg.c **** static void CYCONFIGCPY(void *dest, const void *src, size_t n)
  84:Generated_Source\PSoC4/cyfitter_cfg.c **** {
  63              		.loc 1 84 0
  64              		.cfi_startproc
  65              		@ args = 0, pretend = 0, frame = 16
  66              		@ frame_needed = 1, uses_anonymous_args = 0
  67 0000 80B5     		push	{r7, lr}
  68              		.cfi_def_cfa_offset 8
  69              		.cfi_offset 7, -8
  70              		.cfi_offset 14, -4
  71 0002 84B0     		sub	sp, sp, #16
  72              		.cfi_def_cfa_offset 24
  73 0004 00AF     		add	r7, sp, #0
  74              		.cfi_def_cfa_register 7
  75 0006 F860     		str	r0, [r7, #12]
  76 0008 B960     		str	r1, [r7, #8]
  77 000a 7A60     		str	r2, [r7, #4]
  85:Generated_Source\PSoC4/cyfitter_cfg.c **** 	(void)memcpy(dest, src, n);
  78              		.loc 1 85 0
  79 000c 7A68     		ldr	r2, [r7, #4]
  80 000e B968     		ldr	r1, [r7, #8]
  81 0010 FB68     		ldr	r3, [r7, #12]
  82 0012 1800     		movs	r0, r3
  83 0014 FFF7FEFF 		bl	memcpy
  86:Generated_Source\PSoC4/cyfitter_cfg.c **** }
  84              		.loc 1 86 0
  85 0018 C046     		nop
ARM GAS  C:\Users\twmur\AppData\Local\Temp\ccCDHIdx.s 			page 4


  86 001a BD46     		mov	sp, r7
  87 001c 04B0     		add	sp, sp, #16
  88              		@ sp needed
  89 001e 80BD     		pop	{r7, pc}
  90              		.cfi_endproc
  91              	.LFE3:
  92              		.size	CYCONFIGCPY, .-CYCONFIGCPY
  93              		.section	.text.CYCONFIGCPYCODE,"ax",%progbits
  94              		.align	2
  95              		.code	16
  96              		.thumb_func
  97              		.type	CYCONFIGCPYCODE, %function
  98              	CYCONFIGCPYCODE:
  99              	.LFB4:
  87:Generated_Source\PSoC4/cyfitter_cfg.c **** CY_CFG_UNUSED
  88:Generated_Source\PSoC4/cyfitter_cfg.c **** static void CYCONFIGCPYCODE(void *dest, const void *src, size_t n);
  89:Generated_Source\PSoC4/cyfitter_cfg.c **** CY_CFG_UNUSED
  90:Generated_Source\PSoC4/cyfitter_cfg.c **** static void CYCONFIGCPYCODE(void *dest, const void *src, size_t n)
  91:Generated_Source\PSoC4/cyfitter_cfg.c **** {
 100              		.loc 1 91 0
 101              		.cfi_startproc
 102              		@ args = 0, pretend = 0, frame = 16
 103              		@ frame_needed = 1, uses_anonymous_args = 0
 104 0000 80B5     		push	{r7, lr}
 105              		.cfi_def_cfa_offset 8
 106              		.cfi_offset 7, -8
 107              		.cfi_offset 14, -4
 108 0002 84B0     		sub	sp, sp, #16
 109              		.cfi_def_cfa_offset 24
 110 0004 00AF     		add	r7, sp, #0
 111              		.cfi_def_cfa_register 7
 112 0006 F860     		str	r0, [r7, #12]
 113 0008 B960     		str	r1, [r7, #8]
 114 000a 7A60     		str	r2, [r7, #4]
  92:Generated_Source\PSoC4/cyfitter_cfg.c **** 	(void)memcpy(dest, src, n);
 115              		.loc 1 92 0
 116 000c 7A68     		ldr	r2, [r7, #4]
 117 000e B968     		ldr	r1, [r7, #8]
 118 0010 FB68     		ldr	r3, [r7, #12]
 119 0012 1800     		movs	r0, r3
 120 0014 FFF7FEFF 		bl	memcpy
  93:Generated_Source\PSoC4/cyfitter_cfg.c **** }
 121              		.loc 1 93 0
 122 0018 C046     		nop
 123 001a BD46     		mov	sp, r7
 124 001c 04B0     		add	sp, sp, #16
 125              		@ sp needed
 126 001e 80BD     		pop	{r7, pc}
 127              		.cfi_endproc
 128              	.LFE4:
 129              		.size	CYCONFIGCPYCODE, .-CYCONFIGCPYCODE
 130              		.section	.psocinit,"ax",%progbits
 131              		.align	2
 132              		.code	16
 133              		.thumb_func
 134              		.type	ClockSetup, %function
 135              	ClockSetup:
ARM GAS  C:\Users\twmur\AppData\Local\Temp\ccCDHIdx.s 			page 5


 136              	.LFB5:
  94:Generated_Source\PSoC4/cyfitter_cfg.c **** 
  95:Generated_Source\PSoC4/cyfitter_cfg.c **** 
  96:Generated_Source\PSoC4/cyfitter_cfg.c **** 
  97:Generated_Source\PSoC4/cyfitter_cfg.c **** 
  98:Generated_Source\PSoC4/cyfitter_cfg.c **** /* Clock startup error codes                                                   */
  99:Generated_Source\PSoC4/cyfitter_cfg.c **** #define CYCLOCKSTART_NO_ERROR    0u
 100:Generated_Source\PSoC4/cyfitter_cfg.c **** #define CYCLOCKSTART_XTAL_ERROR  1u
 101:Generated_Source\PSoC4/cyfitter_cfg.c **** #define CYCLOCKSTART_32KHZ_ERROR 2u
 102:Generated_Source\PSoC4/cyfitter_cfg.c **** #define CYCLOCKSTART_PLL_ERROR   3u
 103:Generated_Source\PSoC4/cyfitter_cfg.c **** #define CYCLOCKSTART_FLL_ERROR   4u
 104:Generated_Source\PSoC4/cyfitter_cfg.c **** #define CYCLOCKSTART_WCO_ERROR   5u
 105:Generated_Source\PSoC4/cyfitter_cfg.c **** 
 106:Generated_Source\PSoC4/cyfitter_cfg.c **** 
 107:Generated_Source\PSoC4/cyfitter_cfg.c **** #ifdef CY_NEED_CYCLOCKSTARTUPERROR
 108:Generated_Source\PSoC4/cyfitter_cfg.c **** /*******************************************************************************
 109:Generated_Source\PSoC4/cyfitter_cfg.c **** * Function Name: CyClockStartupError
 110:Generated_Source\PSoC4/cyfitter_cfg.c **** ********************************************************************************
 111:Generated_Source\PSoC4/cyfitter_cfg.c **** * Summary:
 112:Generated_Source\PSoC4/cyfitter_cfg.c **** *  If an error is encountered during clock configuration (crystal startup error,
 113:Generated_Source\PSoC4/cyfitter_cfg.c **** *  PLL lock error, etc.), the system will end up here.  Unless reimplemented by
 114:Generated_Source\PSoC4/cyfitter_cfg.c **** *  the customer, this function will stop in an infinite loop.
 115:Generated_Source\PSoC4/cyfitter_cfg.c **** *
 116:Generated_Source\PSoC4/cyfitter_cfg.c **** * Parameters:
 117:Generated_Source\PSoC4/cyfitter_cfg.c **** *   void
 118:Generated_Source\PSoC4/cyfitter_cfg.c **** *
 119:Generated_Source\PSoC4/cyfitter_cfg.c **** * Return:
 120:Generated_Source\PSoC4/cyfitter_cfg.c **** *   void
 121:Generated_Source\PSoC4/cyfitter_cfg.c **** *
 122:Generated_Source\PSoC4/cyfitter_cfg.c **** *******************************************************************************/
 123:Generated_Source\PSoC4/cyfitter_cfg.c **** CY_CFG_UNUSED
 124:Generated_Source\PSoC4/cyfitter_cfg.c **** static void CyClockStartupError(uint8 errorCode);
 125:Generated_Source\PSoC4/cyfitter_cfg.c **** CY_CFG_UNUSED
 126:Generated_Source\PSoC4/cyfitter_cfg.c **** static void CyClockStartupError(uint8 errorCode)
 127:Generated_Source\PSoC4/cyfitter_cfg.c **** {
 128:Generated_Source\PSoC4/cyfitter_cfg.c ****     /* To remove the compiler warning if errorCode not used.                */
 129:Generated_Source\PSoC4/cyfitter_cfg.c ****     errorCode = errorCode;
 130:Generated_Source\PSoC4/cyfitter_cfg.c **** 
 131:Generated_Source\PSoC4/cyfitter_cfg.c ****     /* If we have a clock startup error (bad MHz crystal, PLL lock, etc.),  */
 132:Generated_Source\PSoC4/cyfitter_cfg.c ****     /* we will end up here to allow the customer to implement something to  */
 133:Generated_Source\PSoC4/cyfitter_cfg.c ****     /* deal with the clock condition.                                       */
 134:Generated_Source\PSoC4/cyfitter_cfg.c **** 
 135:Generated_Source\PSoC4/cyfitter_cfg.c **** #ifdef CY_CFG_CLOCK_STARTUP_ERROR_CALLBACK
 136:Generated_Source\PSoC4/cyfitter_cfg.c ****     CY_CFG_Clock_Startup_ErrorCallback();
 137:Generated_Source\PSoC4/cyfitter_cfg.c **** #else
 138:Generated_Source\PSoC4/cyfitter_cfg.c ****     /*  If not using CY_CFG_CLOCK_STARTUP_ERROR_CALLBACK, place your clock startup code here. */
 139:Generated_Source\PSoC4/cyfitter_cfg.c ****     /* `#START CyClockStartupError` */
 140:Generated_Source\PSoC4/cyfitter_cfg.c **** 
 141:Generated_Source\PSoC4/cyfitter_cfg.c **** 
 142:Generated_Source\PSoC4/cyfitter_cfg.c **** 
 143:Generated_Source\PSoC4/cyfitter_cfg.c ****     /* `#END` */
 144:Generated_Source\PSoC4/cyfitter_cfg.c **** 
 145:Generated_Source\PSoC4/cyfitter_cfg.c ****     while(1) {}
 146:Generated_Source\PSoC4/cyfitter_cfg.c **** #endif /* CY_CFG_CLOCK_STARTUP_ERROR_CALLBACK */
 147:Generated_Source\PSoC4/cyfitter_cfg.c **** }
 148:Generated_Source\PSoC4/cyfitter_cfg.c **** #endif
 149:Generated_Source\PSoC4/cyfitter_cfg.c **** 
ARM GAS  C:\Users\twmur\AppData\Local\Temp\ccCDHIdx.s 			page 6


 150:Generated_Source\PSoC4/cyfitter_cfg.c **** 
 151:Generated_Source\PSoC4/cyfitter_cfg.c **** 
 152:Generated_Source\PSoC4/cyfitter_cfg.c **** /*******************************************************************************
 153:Generated_Source\PSoC4/cyfitter_cfg.c **** * Function Name: ClockSetup
 154:Generated_Source\PSoC4/cyfitter_cfg.c **** ********************************************************************************
 155:Generated_Source\PSoC4/cyfitter_cfg.c **** *
 156:Generated_Source\PSoC4/cyfitter_cfg.c **** * Summary:
 157:Generated_Source\PSoC4/cyfitter_cfg.c **** *   Performs the initialization of all of the clocks in the device based on the
 158:Generated_Source\PSoC4/cyfitter_cfg.c **** *   settings in the Clock tab of the DWR.  This includes enabling the requested
 159:Generated_Source\PSoC4/cyfitter_cfg.c **** *   clocks and setting the necessary dividers to produce the desired frequency. 
 160:Generated_Source\PSoC4/cyfitter_cfg.c **** *
 161:Generated_Source\PSoC4/cyfitter_cfg.c **** * Parameters:
 162:Generated_Source\PSoC4/cyfitter_cfg.c **** *   void
 163:Generated_Source\PSoC4/cyfitter_cfg.c **** *
 164:Generated_Source\PSoC4/cyfitter_cfg.c **** * Return:
 165:Generated_Source\PSoC4/cyfitter_cfg.c **** *   void
 166:Generated_Source\PSoC4/cyfitter_cfg.c **** *
 167:Generated_Source\PSoC4/cyfitter_cfg.c **** *******************************************************************************/
 168:Generated_Source\PSoC4/cyfitter_cfg.c **** static void ClockSetup(void);
 169:Generated_Source\PSoC4/cyfitter_cfg.c **** CY_CFG_SECTION
 170:Generated_Source\PSoC4/cyfitter_cfg.c **** static void ClockSetup(void)
 171:Generated_Source\PSoC4/cyfitter_cfg.c **** {
 137              		.loc 1 171 0
 138              		.cfi_startproc
 139              		@ args = 0, pretend = 0, frame = 0
 140              		@ frame_needed = 1, uses_anonymous_args = 0
 141 0000 80B5     		push	{r7, lr}
 142              		.cfi_def_cfa_offset 8
 143              		.cfi_offset 7, -8
 144              		.cfi_offset 14, -4
 145 0002 00AF     		add	r7, sp, #0
 146              		.cfi_def_cfa_register 7
 172:Generated_Source\PSoC4/cyfitter_cfg.c **** 
 173:Generated_Source\PSoC4/cyfitter_cfg.c **** 	/* Set Flash Cycles based on max possible frequency in case a glitch occurs during ClockSetup(). *
 174:Generated_Source\PSoC4/cyfitter_cfg.c **** 	CY_SET_REG32((void CYXDATA *)(CYREG_CPUSS_FLASH_CTL), (0x0012u));
 147              		.loc 1 174 0
 148 0004 234B     		ldr	r3, .L5
 149 0006 1222     		movs	r2, #18
 150 0008 1A60     		str	r2, [r3]
 175:Generated_Source\PSoC4/cyfitter_cfg.c **** 
 176:Generated_Source\PSoC4/cyfitter_cfg.c **** 	/* Start the WCO */
 177:Generated_Source\PSoC4/cyfitter_cfg.c **** 	CySysClkWcoStart();
 151              		.loc 1 177 0
 152 000a FFF7FEFF 		bl	CySysClkWcoStart
 178:Generated_Source\PSoC4/cyfitter_cfg.c **** 	CyDelayCycles(12000000u); /* WCO may take up to 500ms to start */
 153              		.loc 1 178 0
 154 000e 224B     		ldr	r3, .L5+4
 155 0010 1800     		movs	r0, r3
 156 0012 FFF7FEFF 		bl	CyDelayCycles
 179:Generated_Source\PSoC4/cyfitter_cfg.c **** 	(void)CySysClkWcoSetPowerMode(CY_SYS_CLK_WCO_LPM);    /* Switch to the low power mode */
 157              		.loc 1 179 0
 158 0016 0120     		movs	r0, #1
 159 0018 FFF7FEFF 		bl	CySysClkWcoSetPowerMode
 180:Generated_Source\PSoC4/cyfitter_cfg.c **** 
 181:Generated_Source\PSoC4/cyfitter_cfg.c **** 	/* Setup and trim IMO based on desired frequency. */
 182:Generated_Source\PSoC4/cyfitter_cfg.c **** 	CySysClkWriteImoFreq(48u);
 160              		.loc 1 182 0
ARM GAS  C:\Users\twmur\AppData\Local\Temp\ccCDHIdx.s 			page 7


 161 001c 3020     		movs	r0, #48
 162 001e FFF7FEFF 		bl	CySysClkWriteImoFreq
 183:Generated_Source\PSoC4/cyfitter_cfg.c **** 	/* CYDEV_CLK_ILO_CONFIG Starting address: CYDEV_CLK_ILO_CONFIG */
 184:Generated_Source\PSoC4/cyfitter_cfg.c **** 	CY_SET_REG32((void *)(CYREG_CLK_ILO_CONFIG), 0x80000006u);
 163              		.loc 1 184 0
 164 0022 1E4B     		ldr	r3, .L5+8
 165 0024 1E4A     		ldr	r2, .L5+12
 166 0026 1A60     		str	r2, [r3]
 185:Generated_Source\PSoC4/cyfitter_cfg.c **** 
 186:Generated_Source\PSoC4/cyfitter_cfg.c **** 	/* CYDEV_WDT_CONFIG Starting address: CYDEV_WDT_CONFIG */
 187:Generated_Source\PSoC4/cyfitter_cfg.c **** 	CY_SET_REG32((void *)(CYREG_WDT_CONFIG), 0x40000000u);
 167              		.loc 1 187 0
 168 0028 1E4B     		ldr	r3, .L5+16
 169 002a 8022     		movs	r2, #128
 170 002c D205     		lsls	r2, r2, #23
 171 002e 1A60     		str	r2, [r3]
 188:Generated_Source\PSoC4/cyfitter_cfg.c **** 
 189:Generated_Source\PSoC4/cyfitter_cfg.c **** 
 190:Generated_Source\PSoC4/cyfitter_cfg.c **** 	/* Enable fast start mode for XO */
 191:Generated_Source\PSoC4/cyfitter_cfg.c **** 	CY_SET_REG32((void*)CYREG_BLE_BLERD_BB_XO, CY_GET_REG32((void*)CYREG_BLE_BLERD_BB_XO) | (uint32)0x
 172              		.loc 1 191 0
 173 0030 1D4B     		ldr	r3, .L5+20
 174 0032 1D4A     		ldr	r2, .L5+20
 175 0034 1268     		ldr	r2, [r2]
 176 0036 0221     		movs	r1, #2
 177 0038 0A43     		orrs	r2, r1
 178 003a 1A60     		str	r2, [r3]
 192:Generated_Source\PSoC4/cyfitter_cfg.c **** 	CY_SET_REG32((void *)(CYREG_BLE_BLERD_BB_XO_CAPTRIM), 0x0000BCBCu);
 179              		.loc 1 192 0
 180 003c 1B4B     		ldr	r3, .L5+24
 181 003e 1C4A     		ldr	r2, .L5+28
 182 0040 1A60     		str	r2, [r3]
 193:Generated_Source\PSoC4/cyfitter_cfg.c **** 	/*Set XTAL(ECO) divider*/
 194:Generated_Source\PSoC4/cyfitter_cfg.c **** 	CY_SET_REG32((void *)(CYREG_BLE_BLESS_XTAL_CLK_DIV_CONFIG), 0x00000000u);
 183              		.loc 1 194 0
 184 0042 1C4B     		ldr	r3, .L5+32
 185 0044 0022     		movs	r2, #0
 186 0046 1A60     		str	r2, [r3]
 195:Generated_Source\PSoC4/cyfitter_cfg.c **** 	/* Disable Crystal Stable Interrupt before enabling ECO */
 196:Generated_Source\PSoC4/cyfitter_cfg.c **** 	CY_SET_REG32((void*)CYREG_BLE_BLESS_LL_DSM_CTRL, CY_GET_REG32((void*)CYREG_BLE_BLESS_LL_DSM_CTRL) 
 187              		.loc 1 196 0
 188 0048 1B4B     		ldr	r3, .L5+36
 189 004a 1B4A     		ldr	r2, .L5+36
 190 004c 1268     		ldr	r2, [r2]
 191 004e 0821     		movs	r1, #8
 192 0050 8A43     		bics	r2, r1
 193 0052 1A60     		str	r2, [r3]
 197:Generated_Source\PSoC4/cyfitter_cfg.c **** 	/* Start the ECO and do not check status since it is not needed for HFCLK */
 198:Generated_Source\PSoC4/cyfitter_cfg.c **** 	(void)CySysClkEcoStart(2000u);
 194              		.loc 1 198 0
 195 0054 FA23     		movs	r3, #250
 196 0056 DB00     		lsls	r3, r3, #3
 197 0058 1800     		movs	r0, r3
 198 005a FFF7FEFF 		bl	CySysClkEcoStart
 199:Generated_Source\PSoC4/cyfitter_cfg.c **** 	CyDelayUs(1500u); /* Wait to stabilize */
 199              		.loc 1 199 0
 200 005e 174B     		ldr	r3, .L5+40
ARM GAS  C:\Users\twmur\AppData\Local\Temp\ccCDHIdx.s 			page 8


 201 0060 1800     		movs	r0, r3
 202 0062 FFF7FEFF 		bl	CyDelayUs
 200:Generated_Source\PSoC4/cyfitter_cfg.c **** 
 201:Generated_Source\PSoC4/cyfitter_cfg.c **** 	/* Setup phase aligned clocks */
 202:Generated_Source\PSoC4/cyfitter_cfg.c **** 
 203:Generated_Source\PSoC4/cyfitter_cfg.c **** 	/* CYDEV_CLK_IMO_CONFIG Starting address: CYDEV_CLK_IMO_CONFIG */
 204:Generated_Source\PSoC4/cyfitter_cfg.c **** 	CY_SET_REG32((void *)(CYREG_CLK_IMO_CONFIG), 0x80000000u);
 203              		.loc 1 204 0
 204 0066 164B     		ldr	r3, .L5+44
 205 0068 8022     		movs	r2, #128
 206 006a 1206     		lsls	r2, r2, #24
 207 006c 1A60     		str	r2, [r3]
 205:Generated_Source\PSoC4/cyfitter_cfg.c **** 
 206:Generated_Source\PSoC4/cyfitter_cfg.c **** 	/* CYDEV_CLK_SELECT Starting address: CYDEV_CLK_SELECT */
 207:Generated_Source\PSoC4/cyfitter_cfg.c **** 	CY_SET_REG32((void *)(CYREG_CLK_SELECT), 0x00040000u);
 208              		.loc 1 207 0
 209 006e 154B     		ldr	r3, .L5+48
 210 0070 8022     		movs	r2, #128
 211 0072 D202     		lsls	r2, r2, #11
 212 0074 1A60     		str	r2, [r3]
 208:Generated_Source\PSoC4/cyfitter_cfg.c **** 
 209:Generated_Source\PSoC4/cyfitter_cfg.c **** 	(void)CyIntSetVector(8u, &CySysWdtIsr);
 213              		.loc 1 209 0
 214 0076 144B     		ldr	r3, .L5+52
 215 0078 1900     		movs	r1, r3
 216 007a 0820     		movs	r0, #8
 217 007c FFF7FEFF 		bl	CyIntSetVector
 210:Generated_Source\PSoC4/cyfitter_cfg.c **** 	CyIntEnable(8u);
 218              		.loc 1 210 0
 219 0080 0820     		movs	r0, #8
 220 0082 FFF7FEFF 		bl	CyIntEnable
 211:Generated_Source\PSoC4/cyfitter_cfg.c **** 	CY_SET_REG32((void *)(CYREG_WDT_CONFIG), 0x40000000u);
 221              		.loc 1 211 0
 222 0086 074B     		ldr	r3, .L5+16
 223 0088 8022     		movs	r2, #128
 224 008a D205     		lsls	r2, r2, #23
 225 008c 1A60     		str	r2, [r3]
 212:Generated_Source\PSoC4/cyfitter_cfg.c **** }
 226              		.loc 1 212 0
 227 008e C046     		nop
 228 0090 BD46     		mov	sp, r7
 229              		@ sp needed
 230 0092 80BD     		pop	{r7, pc}
 231              	.L6:
 232              		.align	2
 233              	.L5:
 234 0094 30001040 		.word	1074790448
 235 0098 001BB700 		.word	12000000
 236 009c 04010B40 		.word	1074462980
 237 00a0 06000080 		.word	-2147483642
 238 00a4 0C020B40 		.word	1074463244
 239 00a8 78002E40 		.word	1076756600
 240 00ac 7C002E40 		.word	1076756604
 241 00b0 BCBC0000 		.word	48316
 242 00b4 64F02E40 		.word	1076818020
 243 00b8 6CF02E40 		.word	1076818028
 244 00bc DC050000 		.word	1500
ARM GAS  C:\Users\twmur\AppData\Local\Temp\ccCDHIdx.s 			page 9


 245 00c0 08010B40 		.word	1074462984
 246 00c4 00010B40 		.word	1074462976
 247 00c8 00000000 		.word	CySysWdtIsr
 248              		.cfi_endproc
 249              	.LFE5:
 250              		.size	ClockSetup, .-ClockSetup
 251              		.section	.text.AnalogSetDefault,"ax",%progbits
 252              		.align	2
 253              		.code	16
 254              		.thumb_func
 255              		.type	AnalogSetDefault, %function
 256              	AnalogSetDefault:
 257              	.LFB6:
 213:Generated_Source\PSoC4/cyfitter_cfg.c **** 
 214:Generated_Source\PSoC4/cyfitter_cfg.c **** 
 215:Generated_Source\PSoC4/cyfitter_cfg.c **** /* Analog API Functions */
 216:Generated_Source\PSoC4/cyfitter_cfg.c **** 
 217:Generated_Source\PSoC4/cyfitter_cfg.c **** 
 218:Generated_Source\PSoC4/cyfitter_cfg.c **** /*******************************************************************************
 219:Generated_Source\PSoC4/cyfitter_cfg.c **** * Function Name: AnalogSetDefault
 220:Generated_Source\PSoC4/cyfitter_cfg.c **** ********************************************************************************
 221:Generated_Source\PSoC4/cyfitter_cfg.c **** *
 222:Generated_Source\PSoC4/cyfitter_cfg.c **** * Summary:
 223:Generated_Source\PSoC4/cyfitter_cfg.c **** *  Sets up the analog portions of the chip to default values based on chip
 224:Generated_Source\PSoC4/cyfitter_cfg.c **** *  configuration options from the project.
 225:Generated_Source\PSoC4/cyfitter_cfg.c **** *
 226:Generated_Source\PSoC4/cyfitter_cfg.c **** * Parameters:
 227:Generated_Source\PSoC4/cyfitter_cfg.c **** *  void
 228:Generated_Source\PSoC4/cyfitter_cfg.c **** *
 229:Generated_Source\PSoC4/cyfitter_cfg.c **** * Return:
 230:Generated_Source\PSoC4/cyfitter_cfg.c **** *  void
 231:Generated_Source\PSoC4/cyfitter_cfg.c **** *
 232:Generated_Source\PSoC4/cyfitter_cfg.c **** *******************************************************************************/
 233:Generated_Source\PSoC4/cyfitter_cfg.c **** static void AnalogSetDefault(void);
 234:Generated_Source\PSoC4/cyfitter_cfg.c **** static void AnalogSetDefault(void)
 235:Generated_Source\PSoC4/cyfitter_cfg.c **** {
 258              		.loc 1 235 0
 259              		.cfi_startproc
 260              		@ args = 0, pretend = 0, frame = 0
 261              		@ frame_needed = 1, uses_anonymous_args = 0
 262 0000 80B5     		push	{r7, lr}
 263              		.cfi_def_cfa_offset 8
 264              		.cfi_offset 7, -8
 265              		.cfi_offset 14, -4
 266 0002 00AF     		add	r7, sp, #0
 267              		.cfi_def_cfa_register 7
 236:Generated_Source\PSoC4/cyfitter_cfg.c **** 	CY_SET_XTND_REG32((void CYFAR *)CYREG_CTBM0_DFT_CTRL, 0x00000003u);
 268              		.loc 1 236 0
 269 0004 054B     		ldr	r3, .L8
 270 0006 0322     		movs	r2, #3
 271 0008 1A60     		str	r2, [r3]
 237:Generated_Source\PSoC4/cyfitter_cfg.c **** 	CY_SET_XTND_REG32((void CYFAR *)CYREG_CTBM1_DFT_CTRL, 0x00000003u);
 272              		.loc 1 237 0
 273 000a 054B     		ldr	r3, .L8+4
 274 000c 0322     		movs	r2, #3
 275 000e 1A60     		str	r2, [r3]
 238:Generated_Source\PSoC4/cyfitter_cfg.c **** 	CY_SET_XTND_REG32((void CYFAR *)CYREG_PASS_DSAB_DSAB_CTRL, 0x00000000u);
ARM GAS  C:\Users\twmur\AppData\Local\Temp\ccCDHIdx.s 			page 10


 276              		.loc 1 238 0
 277 0010 044B     		ldr	r3, .L8+8
 278 0012 0022     		movs	r2, #0
 279 0014 1A60     		str	r2, [r3]
 239:Generated_Source\PSoC4/cyfitter_cfg.c **** }
 280              		.loc 1 239 0
 281 0016 C046     		nop
 282 0018 BD46     		mov	sp, r7
 283              		@ sp needed
 284 001a 80BD     		pop	{r7, pc}
 285              	.L9:
 286              		.align	2
 287              	.L8:
 288 001c 30003040 		.word	1076887600
 289 0020 30003140 		.word	1076953136
 290 0024 000E3F40 		.word	1077874176
 291              		.cfi_endproc
 292              	.LFE6:
 293              		.size	AnalogSetDefault, .-AnalogSetDefault
 294              		.section	.psocinit
 295              		.align	2
 296              		.global	cyfitter_cfg
 297              		.code	16
 298              		.thumb_func
 299              		.type	cyfitter_cfg, %function
 300              	cyfitter_cfg:
 301              	.LFB7:
 240:Generated_Source\PSoC4/cyfitter_cfg.c **** 
 241:Generated_Source\PSoC4/cyfitter_cfg.c **** 
 242:Generated_Source\PSoC4/cyfitter_cfg.c **** 
 243:Generated_Source\PSoC4/cyfitter_cfg.c **** 
 244:Generated_Source\PSoC4/cyfitter_cfg.c **** /*******************************************************************************
 245:Generated_Source\PSoC4/cyfitter_cfg.c **** * Function Name: cyfitter_cfg
 246:Generated_Source\PSoC4/cyfitter_cfg.c **** ********************************************************************************
 247:Generated_Source\PSoC4/cyfitter_cfg.c **** * Summary:
 248:Generated_Source\PSoC4/cyfitter_cfg.c **** *  This function is called by the start-up code for the selected device. It
 249:Generated_Source\PSoC4/cyfitter_cfg.c **** *  performs all of the necessary device configuration based on the design
 250:Generated_Source\PSoC4/cyfitter_cfg.c **** *  settings.  This includes settings from the Design Wide Resources (DWR) such
 251:Generated_Source\PSoC4/cyfitter_cfg.c **** *  as Clocks and Pins as well as any component configuration that is necessary.
 252:Generated_Source\PSoC4/cyfitter_cfg.c **** *
 253:Generated_Source\PSoC4/cyfitter_cfg.c **** * Parameters:
 254:Generated_Source\PSoC4/cyfitter_cfg.c **** *   void
 255:Generated_Source\PSoC4/cyfitter_cfg.c **** *
 256:Generated_Source\PSoC4/cyfitter_cfg.c **** * Return:
 257:Generated_Source\PSoC4/cyfitter_cfg.c **** *   void
 258:Generated_Source\PSoC4/cyfitter_cfg.c **** *
 259:Generated_Source\PSoC4/cyfitter_cfg.c **** *******************************************************************************/
 260:Generated_Source\PSoC4/cyfitter_cfg.c **** CY_CFG_SECTION
 261:Generated_Source\PSoC4/cyfitter_cfg.c **** void cyfitter_cfg(void)
 262:Generated_Source\PSoC4/cyfitter_cfg.c **** {
 302              		.loc 1 262 0
 303              		.cfi_startproc
 304              		@ args = 0, pretend = 0, frame = 8
 305              		@ frame_needed = 1, uses_anonymous_args = 0
 306 00cc 80B5     		push	{r7, lr}
 307              		.cfi_def_cfa_offset 8
 308              		.cfi_offset 7, -8
ARM GAS  C:\Users\twmur\AppData\Local\Temp\ccCDHIdx.s 			page 11


 309              		.cfi_offset 14, -4
 310 00ce 82B0     		sub	sp, sp, #8
 311              		.cfi_def_cfa_offset 16
 312 00d0 00AF     		add	r7, sp, #0
 313              		.cfi_def_cfa_register 7
 263:Generated_Source\PSoC4/cyfitter_cfg.c **** 	/* Disable interrupts by default. Let user enable if/when they want. */
 264:Generated_Source\PSoC4/cyfitter_cfg.c **** 	CyGlobalIntDisable;
 314              		.loc 1 264 0
 315              		.syntax divided
 316              	@ 264 "Generated_Source\PSoC4\cyfitter_cfg.c" 1
 317 00d2 72B6     		CPSID   i
 318              	@ 0 "" 2
 265:Generated_Source\PSoC4/cyfitter_cfg.c **** 
 266:Generated_Source\PSoC4/cyfitter_cfg.c **** 	CY_SET_REG32((void *)(CYREG_BLE_BLESS_LL_DSM_CTRL), 0x00000000u);
 319              		.loc 1 266 0
 320              		.thumb
 321              		.syntax unified
 322 00d4 244B     		ldr	r3, .L13
 323 00d6 0022     		movs	r2, #0
 324 00d8 1A60     		str	r2, [r3]
 325              	.LBB2:
 267:Generated_Source\PSoC4/cyfitter_cfg.c **** 
 268:Generated_Source\PSoC4/cyfitter_cfg.c **** 	{
 269:Generated_Source\PSoC4/cyfitter_cfg.c **** 
 270:Generated_Source\PSoC4/cyfitter_cfg.c **** 		CYPACKED typedef struct {
 271:Generated_Source\PSoC4/cyfitter_cfg.c **** 			void CYFAR *address;
 272:Generated_Source\PSoC4/cyfitter_cfg.c **** 			uint16 size;
 273:Generated_Source\PSoC4/cyfitter_cfg.c **** 		} CYPACKED_ATTR cfg_memset_t;
 274:Generated_Source\PSoC4/cyfitter_cfg.c **** 
 275:Generated_Source\PSoC4/cyfitter_cfg.c **** 		static const cfg_memset_t CYCODE cfg_memset_list[] = {
 276:Generated_Source\PSoC4/cyfitter_cfg.c **** 			/* address, size */
 277:Generated_Source\PSoC4/cyfitter_cfg.c **** 			{(void CYFAR *)(CYDEV_UDB_P0_U0_BASE), 1024u},
 278:Generated_Source\PSoC4/cyfitter_cfg.c **** 			{(void CYFAR *)(CYDEV_UDB_DSI0_BASE), 1024u},
 279:Generated_Source\PSoC4/cyfitter_cfg.c **** 		};
 280:Generated_Source\PSoC4/cyfitter_cfg.c **** 
 281:Generated_Source\PSoC4/cyfitter_cfg.c **** 		uint8 CYDATA i;
 282:Generated_Source\PSoC4/cyfitter_cfg.c **** 
 283:Generated_Source\PSoC4/cyfitter_cfg.c **** 		/* Zero out critical memory blocks before beginning configuration */
 284:Generated_Source\PSoC4/cyfitter_cfg.c **** 		for (i = 0u; i < (sizeof(cfg_memset_list)/sizeof(cfg_memset_list[0])); i++)
 326              		.loc 1 284 0
 327 00da FB1D     		adds	r3, r7, #7
 328 00dc 0022     		movs	r2, #0
 329 00de 1A70     		strb	r2, [r3]
 330 00e0 22E0     		b	.L11
 331              	.L12:
 332              	.LBB3:
 285:Generated_Source\PSoC4/cyfitter_cfg.c **** 		{
 286:Generated_Source\PSoC4/cyfitter_cfg.c **** 			const cfg_memset_t CYCODE * CYDATA ms = &cfg_memset_list[i];
 333              		.loc 1 286 0 discriminator 3
 334 00e2 FB1D     		adds	r3, r7, #7
 335 00e4 1A78     		ldrb	r2, [r3]
 336 00e6 1300     		movs	r3, r2
 337 00e8 5B00     		lsls	r3, r3, #1
 338 00ea 9B18     		adds	r3, r3, r2
 339 00ec 5B00     		lsls	r3, r3, #1
 340 00ee 1F4A     		ldr	r2, .L13+4
 341 00f0 9B18     		adds	r3, r3, r2
ARM GAS  C:\Users\twmur\AppData\Local\Temp\ccCDHIdx.s 			page 12


 342 00f2 3B60     		str	r3, [r7]
 287:Generated_Source\PSoC4/cyfitter_cfg.c **** 			CYMEMZERO(ms->address, (size_t)(uint32)(ms->size));
 343              		.loc 1 287 0 discriminator 3
 344 00f4 3B68     		ldr	r3, [r7]
 345 00f6 1A78     		ldrb	r2, [r3]
 346 00f8 5978     		ldrb	r1, [r3, #1]
 347 00fa 0902     		lsls	r1, r1, #8
 348 00fc 0A43     		orrs	r2, r1
 349 00fe 9978     		ldrb	r1, [r3, #2]
 350 0100 0904     		lsls	r1, r1, #16
 351 0102 0A43     		orrs	r2, r1
 352 0104 DB78     		ldrb	r3, [r3, #3]
 353 0106 1B06     		lsls	r3, r3, #24
 354 0108 1343     		orrs	r3, r2
 355 010a 1800     		movs	r0, r3
 356 010c 3B68     		ldr	r3, [r7]
 357 010e 1A79     		ldrb	r2, [r3, #4]
 358 0110 5B79     		ldrb	r3, [r3, #5]
 359 0112 1B02     		lsls	r3, r3, #8
 360 0114 1343     		orrs	r3, r2
 361 0116 9BB2     		uxth	r3, r3
 362 0118 1900     		movs	r1, r3
 363 011a FFF7FEFF 		bl	CYMEMZERO
 364              	.LBE3:
 284:Generated_Source\PSoC4/cyfitter_cfg.c **** 		{
 365              		.loc 1 284 0 discriminator 3
 366 011e FB1D     		adds	r3, r7, #7
 367 0120 1A78     		ldrb	r2, [r3]
 368 0122 FB1D     		adds	r3, r7, #7
 369 0124 0132     		adds	r2, r2, #1
 370 0126 1A70     		strb	r2, [r3]
 371              	.L11:
 284:Generated_Source\PSoC4/cyfitter_cfg.c **** 		{
 372              		.loc 1 284 0 is_stmt 0 discriminator 1
 373 0128 FB1D     		adds	r3, r7, #7
 374 012a 1B78     		ldrb	r3, [r3]
 375 012c 012B     		cmp	r3, #1
 376 012e D8D9     		bls	.L12
 288:Generated_Source\PSoC4/cyfitter_cfg.c **** 		}
 289:Generated_Source\PSoC4/cyfitter_cfg.c **** 
 290:Generated_Source\PSoC4/cyfitter_cfg.c **** 		/* HSIOM Starting address: CYDEV_HSIOM_BASE */
 291:Generated_Source\PSoC4/cyfitter_cfg.c **** 		CY_SET_REG32((void *)(CYDEV_HSIOM_BASE), 0xEE000000u);
 377              		.loc 1 291 0 is_stmt 1
 378 0130 0F4B     		ldr	r3, .L13+8
 379 0132 EE22     		movs	r2, #238
 380 0134 1206     		lsls	r2, r2, #24
 381 0136 1A60     		str	r2, [r3]
 292:Generated_Source\PSoC4/cyfitter_cfg.c **** 
 293:Generated_Source\PSoC4/cyfitter_cfg.c **** 		/* UDB_PA_0 Starting address: CYDEV_UDB_PA0_BASE */
 294:Generated_Source\PSoC4/cyfitter_cfg.c **** 		CY_SET_REG32((void *)(CYDEV_UDB_PA0_BASE), 0x00990000u);
 382              		.loc 1 294 0
 383 0138 0E4B     		ldr	r3, .L13+12
 384 013a 9922     		movs	r2, #153
 385 013c 1204     		lsls	r2, r2, #16
 386 013e 1A60     		str	r2, [r3]
 295:Generated_Source\PSoC4/cyfitter_cfg.c **** 
 296:Generated_Source\PSoC4/cyfitter_cfg.c **** 		/* Enable digital routing */
ARM GAS  C:\Users\twmur\AppData\Local\Temp\ccCDHIdx.s 			page 13


 297:Generated_Source\PSoC4/cyfitter_cfg.c **** 		CY_SET_XTND_REG8((void *)CYREG_UDB_UDBIF_BANK_CTL, (uint8)(CY_GET_XTND_REG8((void *)CYREG_UDB_UDB
 387              		.loc 1 297 0
 388 0140 0D4A     		ldr	r2, .L13+16
 389 0142 0D4B     		ldr	r3, .L13+16
 390 0144 1B78     		ldrb	r3, [r3]
 391 0146 DBB2     		uxtb	r3, r3
 392 0148 0621     		movs	r1, #6
 393 014a 0B43     		orrs	r3, r1
 394 014c DBB2     		uxtb	r3, r3
 395 014e 1370     		strb	r3, [r2]
 396              	.LBE2:
 298:Generated_Source\PSoC4/cyfitter_cfg.c **** 	}
 299:Generated_Source\PSoC4/cyfitter_cfg.c **** 
 300:Generated_Source\PSoC4/cyfitter_cfg.c **** 	/* Perform second pass device configuration. These items must be configured in specific order afte
 301:Generated_Source\PSoC4/cyfitter_cfg.c **** 	/* IOPINS0_0 Starting address: CYDEV_GPIO_PRT0_BASE */
 302:Generated_Source\PSoC4/cyfitter_cfg.c **** 	CY_SET_REG32((void *)(CYREG_GPIO_PRT0_PC), 0x00D80000u);
 397              		.loc 1 302 0
 398 0150 0A4B     		ldr	r3, .L13+20
 399 0152 D822     		movs	r2, #216
 400 0154 1204     		lsls	r2, r2, #16
 401 0156 1A60     		str	r2, [r3]
 303:Generated_Source\PSoC4/cyfitter_cfg.c **** 
 304:Generated_Source\PSoC4/cyfitter_cfg.c **** 
 305:Generated_Source\PSoC4/cyfitter_cfg.c **** 	/* Setup clocks based on selections from Clock DWR */
 306:Generated_Source\PSoC4/cyfitter_cfg.c **** 	ClockSetup();
 402              		.loc 1 306 0
 403 0158 FFF752FF 		bl	ClockSetup
 307:Generated_Source\PSoC4/cyfitter_cfg.c **** 
 308:Generated_Source\PSoC4/cyfitter_cfg.c **** 	/* Perform basic analog initialization to defaults */
 309:Generated_Source\PSoC4/cyfitter_cfg.c **** 	AnalogSetDefault();
 404              		.loc 1 309 0
 405 015c FFF7FEFF 		bl	AnalogSetDefault
 310:Generated_Source\PSoC4/cyfitter_cfg.c **** 
 311:Generated_Source\PSoC4/cyfitter_cfg.c **** }
 406              		.loc 1 311 0
 407 0160 C046     		nop
 408 0162 BD46     		mov	sp, r7
 409 0164 02B0     		add	sp, sp, #8
 410              		@ sp needed
 411 0166 80BD     		pop	{r7, pc}
 412              	.L14:
 413              		.align	2
 414              	.L13:
 415 0168 6CF02E40 		.word	1076818028
 416 016c 00000000 		.word	cfg_memset_list.4884
 417 0170 00000240 		.word	1073872896
 418 0174 00500F40 		.word	1074745344
 419 0178 00700F40 		.word	1074753536
 420 017c 08000440 		.word	1074003976
 421              		.cfi_endproc
 422              	.LFE7:
 423              		.size	cyfitter_cfg, .-cyfitter_cfg
 424              		.section	.rodata
 425              		.align	2
 426              		.type	cfg_memset_list.4884, %object
 427              		.size	cfg_memset_list.4884, 12
 428              	cfg_memset_list.4884:
ARM GAS  C:\Users\twmur\AppData\Local\Temp\ccCDHIdx.s 			page 14


 429 0000 00300F40 		.word	1074737152
 430 0004 0004     		.short	1024
 431 0006 00400F40 		.4byte	1074741248
 432 000a 0004     		.short	1024
 433              		.text
 434              	.Letext0:
 435              		.file 2 "c:\\program files (x86)\\cypress\\psoc creator\\4.4\\psoc creator\\import\\gnu\\arm\\5.4.
 436              		.file 3 "Generated_Source\\PSoC4\\cytypes.h"
 437              		.section	.debug_info,"",%progbits
 438              	.Ldebug_info0:
 439 0000 55020000 		.4byte	0x255
 440 0004 0400     		.2byte	0x4
 441 0006 00000000 		.4byte	.Ldebug_abbrev0
 442 000a 04       		.byte	0x4
 443 000b 01       		.uleb128 0x1
 444 000c CD000000 		.4byte	.LASF30
 445 0010 0C       		.byte	0xc
 446 0011 0B020000 		.4byte	.LASF31
 447 0015 39000000 		.4byte	.LASF32
 448 0019 00000000 		.4byte	.Ldebug_ranges0+0
 449 001d 00000000 		.4byte	0
 450 0021 00000000 		.4byte	.Ldebug_line0
 451 0025 02       		.uleb128 0x2
 452 0026 04       		.byte	0x4
 453 0027 05       		.byte	0x5
 454 0028 696E7400 		.ascii	"int\000"
 455 002c 03       		.uleb128 0x3
 456 002d 06000000 		.4byte	.LASF12
 457 0031 02       		.byte	0x2
 458 0032 D8       		.byte	0xd8
 459 0033 37000000 		.4byte	0x37
 460 0037 04       		.uleb128 0x4
 461 0038 04       		.byte	0x4
 462 0039 07       		.byte	0x7
 463 003a 8B010000 		.4byte	.LASF0
 464 003e 04       		.uleb128 0x4
 465 003f 08       		.byte	0x8
 466 0040 05       		.byte	0x5
 467 0041 CD010000 		.4byte	.LASF1
 468 0045 04       		.uleb128 0x4
 469 0046 08       		.byte	0x8
 470 0047 04       		.byte	0x4
 471 0048 F3010000 		.4byte	.LASF2
 472 004c 04       		.uleb128 0x4
 473 004d 01       		.byte	0x1
 474 004e 06       		.byte	0x6
 475 004f FF010000 		.4byte	.LASF3
 476 0053 04       		.uleb128 0x4
 477 0054 01       		.byte	0x1
 478 0055 08       		.byte	0x8
 479 0056 5B010000 		.4byte	.LASF4
 480 005a 04       		.uleb128 0x4
 481 005b 02       		.byte	0x2
 482 005c 05       		.byte	0x5
 483 005d E0010000 		.4byte	.LASF5
 484 0061 04       		.uleb128 0x4
 485 0062 02       		.byte	0x2
ARM GAS  C:\Users\twmur\AppData\Local\Temp\ccCDHIdx.s 			page 15


 486 0063 07       		.byte	0x7
 487 0064 83000000 		.4byte	.LASF6
 488 0068 04       		.uleb128 0x4
 489 0069 04       		.byte	0x4
 490 006a 05       		.byte	0x5
 491 006b EA010000 		.4byte	.LASF7
 492 006f 04       		.uleb128 0x4
 493 0070 04       		.byte	0x4
 494 0071 07       		.byte	0x7
 495 0072 AB000000 		.4byte	.LASF8
 496 0076 04       		.uleb128 0x4
 497 0077 08       		.byte	0x8
 498 0078 07       		.byte	0x7
 499 0079 A0010000 		.4byte	.LASF9
 500 007d 04       		.uleb128 0x4
 501 007e 04       		.byte	0x4
 502 007f 07       		.byte	0x7
 503 0080 C4010000 		.4byte	.LASF10
 504 0084 05       		.uleb128 0x5
 505 0085 04       		.byte	0x4
 506 0086 04       		.uleb128 0x4
 507 0087 01       		.byte	0x1
 508 0088 08       		.byte	0x8
 509 0089 DB010000 		.4byte	.LASF11
 510 008d 06       		.uleb128 0x6
 511 008e BD000000 		.4byte	.LASF13
 512 0092 03       		.byte	0x3
 513 0093 FB01     		.2byte	0x1fb
 514 0095 53000000 		.4byte	0x53
 515 0099 06       		.uleb128 0x6
 516 009a 7D010000 		.4byte	.LASF14
 517 009e 03       		.byte	0x3
 518 009f FC01     		.2byte	0x1fc
 519 00a1 61000000 		.4byte	0x61
 520 00a5 06       		.uleb128 0x6
 521 00a6 84010000 		.4byte	.LASF15
 522 00aa 03       		.byte	0x3
 523 00ab FD01     		.2byte	0x1fd
 524 00ad 6F000000 		.4byte	0x6f
 525 00b1 04       		.uleb128 0x4
 526 00b2 04       		.byte	0x4
 527 00b3 04       		.byte	0x4
 528 00b4 96000000 		.4byte	.LASF16
 529 00b8 04       		.uleb128 0x4
 530 00b9 08       		.byte	0x8
 531 00ba 04       		.byte	0x4
 532 00bb 69010000 		.4byte	.LASF17
 533 00bf 06       		.uleb128 0x6
 534 00c0 A6000000 		.4byte	.LASF18
 535 00c4 03       		.byte	0x3
 536 00c5 A502     		.2byte	0x2a5
 537 00c7 CB000000 		.4byte	0xcb
 538 00cb 07       		.uleb128 0x7
 539 00cc 8D000000 		.4byte	0x8d
 540 00d0 06       		.uleb128 0x6
 541 00d1 00000000 		.4byte	.LASF19
 542 00d5 03       		.byte	0x3
ARM GAS  C:\Users\twmur\AppData\Local\Temp\ccCDHIdx.s 			page 16


 543 00d6 A702     		.2byte	0x2a7
 544 00d8 DC000000 		.4byte	0xdc
 545 00dc 07       		.uleb128 0x7
 546 00dd A5000000 		.4byte	0xa5
 547 00e1 08       		.uleb128 0x8
 548 00e2 C3000000 		.4byte	.LASF20
 549 00e6 01       		.byte	0x1
 550 00e7 4C       		.byte	0x4c
 551 00e8 00000000 		.4byte	.LFB2
 552 00ec 1E000000 		.4byte	.LFE2-.LFB2
 553 00f0 01       		.uleb128 0x1
 554 00f1 9C       		.byte	0x9c
 555 00f2 0F010000 		.4byte	0x10f
 556 00f6 09       		.uleb128 0x9
 557 00f7 7300     		.ascii	"s\000"
 558 00f9 01       		.byte	0x1
 559 00fa 4C       		.byte	0x4c
 560 00fb 84000000 		.4byte	0x84
 561 00ff 02       		.uleb128 0x2
 562 0100 91       		.byte	0x91
 563 0101 74       		.sleb128 -12
 564 0102 09       		.uleb128 0x9
 565 0103 6E00     		.ascii	"n\000"
 566 0105 01       		.byte	0x1
 567 0106 4C       		.byte	0x4c
 568 0107 2C000000 		.4byte	0x2c
 569 010b 02       		.uleb128 0x2
 570 010c 91       		.byte	0x91
 571 010d 70       		.sleb128 -16
 572 010e 00       		.byte	0
 573 010f 08       		.uleb128 0x8
 574 0110 41020000 		.4byte	.LASF21
 575 0114 01       		.byte	0x1
 576 0115 53       		.byte	0x53
 577 0116 00000000 		.4byte	.LFB3
 578 011a 20000000 		.4byte	.LFE3-.LFB3
 579 011e 01       		.uleb128 0x1
 580 011f 9C       		.byte	0x9c
 581 0120 4D010000 		.4byte	0x14d
 582 0124 0A       		.uleb128 0xa
 583 0125 9C000000 		.4byte	.LASF22
 584 0129 01       		.byte	0x1
 585 012a 53       		.byte	0x53
 586 012b 84000000 		.4byte	0x84
 587 012f 02       		.uleb128 0x2
 588 0130 91       		.byte	0x91
 589 0131 74       		.sleb128 -12
 590 0132 09       		.uleb128 0x9
 591 0133 73726300 		.ascii	"src\000"
 592 0137 01       		.byte	0x1
 593 0138 53       		.byte	0x53
 594 0139 4D010000 		.4byte	0x14d
 595 013d 02       		.uleb128 0x2
 596 013e 91       		.byte	0x91
 597 013f 70       		.sleb128 -16
 598 0140 09       		.uleb128 0x9
 599 0141 6E00     		.ascii	"n\000"
ARM GAS  C:\Users\twmur\AppData\Local\Temp\ccCDHIdx.s 			page 17


 600 0143 01       		.byte	0x1
 601 0144 53       		.byte	0x53
 602 0145 2C000000 		.4byte	0x2c
 603 0149 02       		.uleb128 0x2
 604 014a 91       		.byte	0x91
 605 014b 6C       		.sleb128 -20
 606 014c 00       		.byte	0
 607 014d 0B       		.uleb128 0xb
 608 014e 04       		.byte	0x4
 609 014f 53010000 		.4byte	0x153
 610 0153 0C       		.uleb128 0xc
 611 0154 08       		.uleb128 0x8
 612 0155 31020000 		.4byte	.LASF23
 613 0159 01       		.byte	0x1
 614 015a 5A       		.byte	0x5a
 615 015b 00000000 		.4byte	.LFB4
 616 015f 20000000 		.4byte	.LFE4-.LFB4
 617 0163 01       		.uleb128 0x1
 618 0164 9C       		.byte	0x9c
 619 0165 92010000 		.4byte	0x192
 620 0169 0A       		.uleb128 0xa
 621 016a 9C000000 		.4byte	.LASF22
 622 016e 01       		.byte	0x1
 623 016f 5A       		.byte	0x5a
 624 0170 84000000 		.4byte	0x84
 625 0174 02       		.uleb128 0x2
 626 0175 91       		.byte	0x91
 627 0176 74       		.sleb128 -12
 628 0177 09       		.uleb128 0x9
 629 0178 73726300 		.ascii	"src\000"
 630 017c 01       		.byte	0x1
 631 017d 5A       		.byte	0x5a
 632 017e 4D010000 		.4byte	0x14d
 633 0182 02       		.uleb128 0x2
 634 0183 91       		.byte	0x91
 635 0184 70       		.sleb128 -16
 636 0185 09       		.uleb128 0x9
 637 0186 6E00     		.ascii	"n\000"
 638 0188 01       		.byte	0x1
 639 0189 5A       		.byte	0x5a
 640 018a 2C000000 		.4byte	0x2c
 641 018e 02       		.uleb128 0x2
 642 018f 91       		.byte	0x91
 643 0190 6C       		.sleb128 -20
 644 0191 00       		.byte	0
 645 0192 0D       		.uleb128 0xd
 646 0193 2E000000 		.4byte	.LASF24
 647 0197 01       		.byte	0x1
 648 0198 AA       		.byte	0xaa
 649 0199 00000000 		.4byte	.LFB5
 650 019d CC000000 		.4byte	.LFE5-.LFB5
 651 01a1 01       		.uleb128 0x1
 652 01a2 9C       		.byte	0x9c
 653 01a3 0E       		.uleb128 0xe
 654 01a4 0D000000 		.4byte	.LASF25
 655 01a8 01       		.byte	0x1
 656 01a9 EA       		.byte	0xea
ARM GAS  C:\Users\twmur\AppData\Local\Temp\ccCDHIdx.s 			page 18


 657 01aa 00000000 		.4byte	.LFB6
 658 01ae 28000000 		.4byte	.LFE6-.LFB6
 659 01b2 01       		.uleb128 0x1
 660 01b3 9C       		.byte	0x9c
 661 01b4 0F       		.uleb128 0xf
 662 01b5 70010000 		.4byte	.LASF33
 663 01b9 01       		.byte	0x1
 664 01ba 0501     		.2byte	0x105
 665 01bc CC000000 		.4byte	.LFB7
 666 01c0 B4000000 		.4byte	.LFE7-.LFB7
 667 01c4 01       		.uleb128 0x1
 668 01c5 9C       		.byte	0x9c
 669 01c6 10       		.uleb128 0x10
 670 01c7 DA000000 		.4byte	.LBB2
 671 01cb 76000000 		.4byte	.LBE2-.LBB2
 672 01cf 11       		.uleb128 0x11
 673 01d0 06       		.byte	0x6
 674 01d1 01       		.byte	0x1
 675 01d2 0E01     		.2byte	0x10e
 676 01d4 F3010000 		.4byte	0x1f3
 677 01d8 12       		.uleb128 0x12
 678 01d9 98010000 		.4byte	.LASF26
 679 01dd 01       		.byte	0x1
 680 01de 0F01     		.2byte	0x10f
 681 01e0 84000000 		.4byte	0x84
 682 01e4 00       		.byte	0
 683 01e5 12       		.uleb128 0x12
 684 01e6 A1000000 		.4byte	.LASF27
 685 01ea 01       		.byte	0x1
 686 01eb 1001     		.2byte	0x110
 687 01ed 99000000 		.4byte	0x99
 688 01f1 04       		.byte	0x4
 689 01f2 00       		.byte	0
 690 01f3 06       		.uleb128 0x6
 691 01f4 B7010000 		.4byte	.LASF28
 692 01f8 01       		.byte	0x1
 693 01f9 1101     		.2byte	0x111
 694 01fb CF010000 		.4byte	0x1cf
 695 01ff 13       		.uleb128 0x13
 696 0200 0F020000 		.4byte	0x20f
 697 0204 0F020000 		.4byte	0x20f
 698 0208 14       		.uleb128 0x14
 699 0209 7D000000 		.4byte	0x7d
 700 020d 01       		.byte	0x1
 701 020e 00       		.byte	0
 702 020f 15       		.uleb128 0x15
 703 0210 F3010000 		.4byte	0x1f3
 704 0214 16       		.uleb128 0x16
 705 0215 1E000000 		.4byte	.LASF29
 706 0219 01       		.byte	0x1
 707 021a 1301     		.2byte	0x113
 708 021c 26020000 		.4byte	0x226
 709 0220 05       		.uleb128 0x5
 710 0221 03       		.byte	0x3
 711 0222 00000000 		.4byte	cfg_memset_list.4884
 712 0226 15       		.uleb128 0x15
 713 0227 FF010000 		.4byte	0x1ff
ARM GAS  C:\Users\twmur\AppData\Local\Temp\ccCDHIdx.s 			page 19


 714 022b 17       		.uleb128 0x17
 715 022c 6900     		.ascii	"i\000"
 716 022e 01       		.byte	0x1
 717 022f 1901     		.2byte	0x119
 718 0231 8D000000 		.4byte	0x8d
 719 0235 02       		.uleb128 0x2
 720 0236 91       		.byte	0x91
 721 0237 77       		.sleb128 -9
 722 0238 10       		.uleb128 0x10
 723 0239 E2000000 		.4byte	.LBB3
 724 023d 3C000000 		.4byte	.LBE3-.LBB3
 725 0241 17       		.uleb128 0x17
 726 0242 6D7300   		.ascii	"ms\000"
 727 0245 01       		.byte	0x1
 728 0246 1E01     		.2byte	0x11e
 729 0248 4F020000 		.4byte	0x24f
 730 024c 02       		.uleb128 0x2
 731 024d 91       		.byte	0x91
 732 024e 70       		.sleb128 -16
 733 024f 0B       		.uleb128 0xb
 734 0250 04       		.byte	0x4
 735 0251 0F020000 		.4byte	0x20f
 736 0255 00       		.byte	0
 737 0256 00       		.byte	0
 738 0257 00       		.byte	0
 739 0258 00       		.byte	0
 740              		.section	.debug_abbrev,"",%progbits
 741              	.Ldebug_abbrev0:
 742 0000 01       		.uleb128 0x1
 743 0001 11       		.uleb128 0x11
 744 0002 01       		.byte	0x1
 745 0003 25       		.uleb128 0x25
 746 0004 0E       		.uleb128 0xe
 747 0005 13       		.uleb128 0x13
 748 0006 0B       		.uleb128 0xb
 749 0007 03       		.uleb128 0x3
 750 0008 0E       		.uleb128 0xe
 751 0009 1B       		.uleb128 0x1b
 752 000a 0E       		.uleb128 0xe
 753 000b 55       		.uleb128 0x55
 754 000c 17       		.uleb128 0x17
 755 000d 11       		.uleb128 0x11
 756 000e 01       		.uleb128 0x1
 757 000f 10       		.uleb128 0x10
 758 0010 17       		.uleb128 0x17
 759 0011 00       		.byte	0
 760 0012 00       		.byte	0
 761 0013 02       		.uleb128 0x2
 762 0014 24       		.uleb128 0x24
 763 0015 00       		.byte	0
 764 0016 0B       		.uleb128 0xb
 765 0017 0B       		.uleb128 0xb
 766 0018 3E       		.uleb128 0x3e
 767 0019 0B       		.uleb128 0xb
 768 001a 03       		.uleb128 0x3
 769 001b 08       		.uleb128 0x8
 770 001c 00       		.byte	0
ARM GAS  C:\Users\twmur\AppData\Local\Temp\ccCDHIdx.s 			page 20


 771 001d 00       		.byte	0
 772 001e 03       		.uleb128 0x3
 773 001f 16       		.uleb128 0x16
 774 0020 00       		.byte	0
 775 0021 03       		.uleb128 0x3
 776 0022 0E       		.uleb128 0xe
 777 0023 3A       		.uleb128 0x3a
 778 0024 0B       		.uleb128 0xb
 779 0025 3B       		.uleb128 0x3b
 780 0026 0B       		.uleb128 0xb
 781 0027 49       		.uleb128 0x49
 782 0028 13       		.uleb128 0x13
 783 0029 00       		.byte	0
 784 002a 00       		.byte	0
 785 002b 04       		.uleb128 0x4
 786 002c 24       		.uleb128 0x24
 787 002d 00       		.byte	0
 788 002e 0B       		.uleb128 0xb
 789 002f 0B       		.uleb128 0xb
 790 0030 3E       		.uleb128 0x3e
 791 0031 0B       		.uleb128 0xb
 792 0032 03       		.uleb128 0x3
 793 0033 0E       		.uleb128 0xe
 794 0034 00       		.byte	0
 795 0035 00       		.byte	0
 796 0036 05       		.uleb128 0x5
 797 0037 0F       		.uleb128 0xf
 798 0038 00       		.byte	0
 799 0039 0B       		.uleb128 0xb
 800 003a 0B       		.uleb128 0xb
 801 003b 00       		.byte	0
 802 003c 00       		.byte	0
 803 003d 06       		.uleb128 0x6
 804 003e 16       		.uleb128 0x16
 805 003f 00       		.byte	0
 806 0040 03       		.uleb128 0x3
 807 0041 0E       		.uleb128 0xe
 808 0042 3A       		.uleb128 0x3a
 809 0043 0B       		.uleb128 0xb
 810 0044 3B       		.uleb128 0x3b
 811 0045 05       		.uleb128 0x5
 812 0046 49       		.uleb128 0x49
 813 0047 13       		.uleb128 0x13
 814 0048 00       		.byte	0
 815 0049 00       		.byte	0
 816 004a 07       		.uleb128 0x7
 817 004b 35       		.uleb128 0x35
 818 004c 00       		.byte	0
 819 004d 49       		.uleb128 0x49
 820 004e 13       		.uleb128 0x13
 821 004f 00       		.byte	0
 822 0050 00       		.byte	0
 823 0051 08       		.uleb128 0x8
 824 0052 2E       		.uleb128 0x2e
 825 0053 01       		.byte	0x1
 826 0054 03       		.uleb128 0x3
 827 0055 0E       		.uleb128 0xe
ARM GAS  C:\Users\twmur\AppData\Local\Temp\ccCDHIdx.s 			page 21


 828 0056 3A       		.uleb128 0x3a
 829 0057 0B       		.uleb128 0xb
 830 0058 3B       		.uleb128 0x3b
 831 0059 0B       		.uleb128 0xb
 832 005a 27       		.uleb128 0x27
 833 005b 19       		.uleb128 0x19
 834 005c 11       		.uleb128 0x11
 835 005d 01       		.uleb128 0x1
 836 005e 12       		.uleb128 0x12
 837 005f 06       		.uleb128 0x6
 838 0060 40       		.uleb128 0x40
 839 0061 18       		.uleb128 0x18
 840 0062 9642     		.uleb128 0x2116
 841 0064 19       		.uleb128 0x19
 842 0065 01       		.uleb128 0x1
 843 0066 13       		.uleb128 0x13
 844 0067 00       		.byte	0
 845 0068 00       		.byte	0
 846 0069 09       		.uleb128 0x9
 847 006a 05       		.uleb128 0x5
 848 006b 00       		.byte	0
 849 006c 03       		.uleb128 0x3
 850 006d 08       		.uleb128 0x8
 851 006e 3A       		.uleb128 0x3a
 852 006f 0B       		.uleb128 0xb
 853 0070 3B       		.uleb128 0x3b
 854 0071 0B       		.uleb128 0xb
 855 0072 49       		.uleb128 0x49
 856 0073 13       		.uleb128 0x13
 857 0074 02       		.uleb128 0x2
 858 0075 18       		.uleb128 0x18
 859 0076 00       		.byte	0
 860 0077 00       		.byte	0
 861 0078 0A       		.uleb128 0xa
 862 0079 05       		.uleb128 0x5
 863 007a 00       		.byte	0
 864 007b 03       		.uleb128 0x3
 865 007c 0E       		.uleb128 0xe
 866 007d 3A       		.uleb128 0x3a
 867 007e 0B       		.uleb128 0xb
 868 007f 3B       		.uleb128 0x3b
 869 0080 0B       		.uleb128 0xb
 870 0081 49       		.uleb128 0x49
 871 0082 13       		.uleb128 0x13
 872 0083 02       		.uleb128 0x2
 873 0084 18       		.uleb128 0x18
 874 0085 00       		.byte	0
 875 0086 00       		.byte	0
 876 0087 0B       		.uleb128 0xb
 877 0088 0F       		.uleb128 0xf
 878 0089 00       		.byte	0
 879 008a 0B       		.uleb128 0xb
 880 008b 0B       		.uleb128 0xb
 881 008c 49       		.uleb128 0x49
 882 008d 13       		.uleb128 0x13
 883 008e 00       		.byte	0
 884 008f 00       		.byte	0
ARM GAS  C:\Users\twmur\AppData\Local\Temp\ccCDHIdx.s 			page 22


 885 0090 0C       		.uleb128 0xc
 886 0091 26       		.uleb128 0x26
 887 0092 00       		.byte	0
 888 0093 00       		.byte	0
 889 0094 00       		.byte	0
 890 0095 0D       		.uleb128 0xd
 891 0096 2E       		.uleb128 0x2e
 892 0097 00       		.byte	0
 893 0098 03       		.uleb128 0x3
 894 0099 0E       		.uleb128 0xe
 895 009a 3A       		.uleb128 0x3a
 896 009b 0B       		.uleb128 0xb
 897 009c 3B       		.uleb128 0x3b
 898 009d 0B       		.uleb128 0xb
 899 009e 27       		.uleb128 0x27
 900 009f 19       		.uleb128 0x19
 901 00a0 11       		.uleb128 0x11
 902 00a1 01       		.uleb128 0x1
 903 00a2 12       		.uleb128 0x12
 904 00a3 06       		.uleb128 0x6
 905 00a4 40       		.uleb128 0x40
 906 00a5 18       		.uleb128 0x18
 907 00a6 9642     		.uleb128 0x2116
 908 00a8 19       		.uleb128 0x19
 909 00a9 00       		.byte	0
 910 00aa 00       		.byte	0
 911 00ab 0E       		.uleb128 0xe
 912 00ac 2E       		.uleb128 0x2e
 913 00ad 00       		.byte	0
 914 00ae 03       		.uleb128 0x3
 915 00af 0E       		.uleb128 0xe
 916 00b0 3A       		.uleb128 0x3a
 917 00b1 0B       		.uleb128 0xb
 918 00b2 3B       		.uleb128 0x3b
 919 00b3 0B       		.uleb128 0xb
 920 00b4 27       		.uleb128 0x27
 921 00b5 19       		.uleb128 0x19
 922 00b6 11       		.uleb128 0x11
 923 00b7 01       		.uleb128 0x1
 924 00b8 12       		.uleb128 0x12
 925 00b9 06       		.uleb128 0x6
 926 00ba 40       		.uleb128 0x40
 927 00bb 18       		.uleb128 0x18
 928 00bc 9742     		.uleb128 0x2117
 929 00be 19       		.uleb128 0x19
 930 00bf 00       		.byte	0
 931 00c0 00       		.byte	0
 932 00c1 0F       		.uleb128 0xf
 933 00c2 2E       		.uleb128 0x2e
 934 00c3 01       		.byte	0x1
 935 00c4 3F       		.uleb128 0x3f
 936 00c5 19       		.uleb128 0x19
 937 00c6 03       		.uleb128 0x3
 938 00c7 0E       		.uleb128 0xe
 939 00c8 3A       		.uleb128 0x3a
 940 00c9 0B       		.uleb128 0xb
 941 00ca 3B       		.uleb128 0x3b
ARM GAS  C:\Users\twmur\AppData\Local\Temp\ccCDHIdx.s 			page 23


 942 00cb 05       		.uleb128 0x5
 943 00cc 27       		.uleb128 0x27
 944 00cd 19       		.uleb128 0x19
 945 00ce 11       		.uleb128 0x11
 946 00cf 01       		.uleb128 0x1
 947 00d0 12       		.uleb128 0x12
 948 00d1 06       		.uleb128 0x6
 949 00d2 40       		.uleb128 0x40
 950 00d3 18       		.uleb128 0x18
 951 00d4 9642     		.uleb128 0x2116
 952 00d6 19       		.uleb128 0x19
 953 00d7 00       		.byte	0
 954 00d8 00       		.byte	0
 955 00d9 10       		.uleb128 0x10
 956 00da 0B       		.uleb128 0xb
 957 00db 01       		.byte	0x1
 958 00dc 11       		.uleb128 0x11
 959 00dd 01       		.uleb128 0x1
 960 00de 12       		.uleb128 0x12
 961 00df 06       		.uleb128 0x6
 962 00e0 00       		.byte	0
 963 00e1 00       		.byte	0
 964 00e2 11       		.uleb128 0x11
 965 00e3 13       		.uleb128 0x13
 966 00e4 01       		.byte	0x1
 967 00e5 0B       		.uleb128 0xb
 968 00e6 0B       		.uleb128 0xb
 969 00e7 3A       		.uleb128 0x3a
 970 00e8 0B       		.uleb128 0xb
 971 00e9 3B       		.uleb128 0x3b
 972 00ea 05       		.uleb128 0x5
 973 00eb 01       		.uleb128 0x1
 974 00ec 13       		.uleb128 0x13
 975 00ed 00       		.byte	0
 976 00ee 00       		.byte	0
 977 00ef 12       		.uleb128 0x12
 978 00f0 0D       		.uleb128 0xd
 979 00f1 00       		.byte	0
 980 00f2 03       		.uleb128 0x3
 981 00f3 0E       		.uleb128 0xe
 982 00f4 3A       		.uleb128 0x3a
 983 00f5 0B       		.uleb128 0xb
 984 00f6 3B       		.uleb128 0x3b
 985 00f7 05       		.uleb128 0x5
 986 00f8 49       		.uleb128 0x49
 987 00f9 13       		.uleb128 0x13
 988 00fa 38       		.uleb128 0x38
 989 00fb 0B       		.uleb128 0xb
 990 00fc 00       		.byte	0
 991 00fd 00       		.byte	0
 992 00fe 13       		.uleb128 0x13
 993 00ff 01       		.uleb128 0x1
 994 0100 01       		.byte	0x1
 995 0101 49       		.uleb128 0x49
 996 0102 13       		.uleb128 0x13
 997 0103 01       		.uleb128 0x1
 998 0104 13       		.uleb128 0x13
ARM GAS  C:\Users\twmur\AppData\Local\Temp\ccCDHIdx.s 			page 24


 999 0105 00       		.byte	0
 1000 0106 00       		.byte	0
 1001 0107 14       		.uleb128 0x14
 1002 0108 21       		.uleb128 0x21
 1003 0109 00       		.byte	0
 1004 010a 49       		.uleb128 0x49
 1005 010b 13       		.uleb128 0x13
 1006 010c 2F       		.uleb128 0x2f
 1007 010d 0B       		.uleb128 0xb
 1008 010e 00       		.byte	0
 1009 010f 00       		.byte	0
 1010 0110 15       		.uleb128 0x15
 1011 0111 26       		.uleb128 0x26
 1012 0112 00       		.byte	0
 1013 0113 49       		.uleb128 0x49
 1014 0114 13       		.uleb128 0x13
 1015 0115 00       		.byte	0
 1016 0116 00       		.byte	0
 1017 0117 16       		.uleb128 0x16
 1018 0118 34       		.uleb128 0x34
 1019 0119 00       		.byte	0
 1020 011a 03       		.uleb128 0x3
 1021 011b 0E       		.uleb128 0xe
 1022 011c 3A       		.uleb128 0x3a
 1023 011d 0B       		.uleb128 0xb
 1024 011e 3B       		.uleb128 0x3b
 1025 011f 05       		.uleb128 0x5
 1026 0120 49       		.uleb128 0x49
 1027 0121 13       		.uleb128 0x13
 1028 0122 02       		.uleb128 0x2
 1029 0123 18       		.uleb128 0x18
 1030 0124 00       		.byte	0
 1031 0125 00       		.byte	0
 1032 0126 17       		.uleb128 0x17
 1033 0127 34       		.uleb128 0x34
 1034 0128 00       		.byte	0
 1035 0129 03       		.uleb128 0x3
 1036 012a 08       		.uleb128 0x8
 1037 012b 3A       		.uleb128 0x3a
 1038 012c 0B       		.uleb128 0xb
 1039 012d 3B       		.uleb128 0x3b
 1040 012e 05       		.uleb128 0x5
 1041 012f 49       		.uleb128 0x49
 1042 0130 13       		.uleb128 0x13
 1043 0131 02       		.uleb128 0x2
 1044 0132 18       		.uleb128 0x18
 1045 0133 00       		.byte	0
 1046 0134 00       		.byte	0
 1047 0135 00       		.byte	0
 1048              		.section	.debug_aranges,"",%progbits
 1049 0000 44000000 		.4byte	0x44
 1050 0004 0200     		.2byte	0x2
 1051 0006 00000000 		.4byte	.Ldebug_info0
 1052 000a 04       		.byte	0x4
 1053 000b 00       		.byte	0
 1054 000c 0000     		.2byte	0
 1055 000e 0000     		.2byte	0
ARM GAS  C:\Users\twmur\AppData\Local\Temp\ccCDHIdx.s 			page 25


 1056 0010 00000000 		.4byte	.LFB2
 1057 0014 1E000000 		.4byte	.LFE2-.LFB2
 1058 0018 00000000 		.4byte	.LFB3
 1059 001c 20000000 		.4byte	.LFE3-.LFB3
 1060 0020 00000000 		.4byte	.LFB4
 1061 0024 20000000 		.4byte	.LFE4-.LFB4
 1062 0028 00000000 		.4byte	.LFB5
 1063 002c CC000000 		.4byte	.LFE5-.LFB5
 1064 0030 00000000 		.4byte	.LFB6
 1065 0034 28000000 		.4byte	.LFE6-.LFB6
 1066 0038 CC000000 		.4byte	.LFB7
 1067 003c B4000000 		.4byte	.LFE7-.LFB7
 1068 0040 00000000 		.4byte	0
 1069 0044 00000000 		.4byte	0
 1070              		.section	.debug_ranges,"",%progbits
 1071              	.Ldebug_ranges0:
 1072 0000 00000000 		.4byte	.LFB2
 1073 0004 1E000000 		.4byte	.LFE2
 1074 0008 00000000 		.4byte	.LFB3
 1075 000c 20000000 		.4byte	.LFE3
 1076 0010 00000000 		.4byte	.LFB4
 1077 0014 20000000 		.4byte	.LFE4
 1078 0018 00000000 		.4byte	.LFB5
 1079 001c CC000000 		.4byte	.LFE5
 1080 0020 00000000 		.4byte	.LFB6
 1081 0024 28000000 		.4byte	.LFE6
 1082 0028 CC000000 		.4byte	.LFB7
 1083 002c 80010000 		.4byte	.LFE7
 1084 0030 00000000 		.4byte	0
 1085 0034 00000000 		.4byte	0
 1086              		.section	.debug_line,"",%progbits
 1087              	.Ldebug_line0:
 1088 0000 65010000 		.section	.debug_str,"MS",%progbits,1
 1088      0200CB00 
 1088      00000201 
 1088      FB0E0D00 
 1088      01010101 
 1089              	.LASF19:
 1090 0000 72656733 		.ascii	"reg32\000"
 1090      3200
 1091              	.LASF12:
 1092 0006 73697A65 		.ascii	"size_t\000"
 1092      5F7400
 1093              	.LASF25:
 1094 000d 416E616C 		.ascii	"AnalogSetDefault\000"
 1094      6F675365 
 1094      74446566 
 1094      61756C74 
 1094      00
 1095              	.LASF29:
 1096 001e 6366675F 		.ascii	"cfg_memset_list\000"
 1096      6D656D73 
 1096      65745F6C 
 1096      69737400 
 1097              	.LASF24:
 1098 002e 436C6F63 		.ascii	"ClockSetup\000"
 1098      6B536574 
ARM GAS  C:\Users\twmur\AppData\Local\Temp\ccCDHIdx.s 			page 26


 1098      757000
 1099              	.LASF32:
 1100 0039 433A5C55 		.ascii	"C:\\Users\\twmur\\OneDrive\\Documents\\PSoC Creator"
 1100      73657273 
 1100      5C74776D 
 1100      75725C4F 
 1100      6E654472 
 1101 0067 5C576F72 		.ascii	"\\Workspace02\\RoughCom.cydsn\000"
 1101      6B737061 
 1101      63653032 
 1101      5C526F75 
 1101      6768436F 
 1102              	.LASF6:
 1103 0083 73686F72 		.ascii	"short unsigned int\000"
 1103      7420756E 
 1103      7369676E 
 1103      65642069 
 1103      6E7400
 1104              	.LASF16:
 1105 0096 666C6F61 		.ascii	"float\000"
 1105      7400
 1106              	.LASF22:
 1107 009c 64657374 		.ascii	"dest\000"
 1107      00
 1108              	.LASF27:
 1109 00a1 73697A65 		.ascii	"size\000"
 1109      00
 1110              	.LASF18:
 1111 00a6 72656738 		.ascii	"reg8\000"
 1111      00
 1112              	.LASF8:
 1113 00ab 6C6F6E67 		.ascii	"long unsigned int\000"
 1113      20756E73 
 1113      69676E65 
 1113      6420696E 
 1113      7400
 1114              	.LASF13:
 1115 00bd 75696E74 		.ascii	"uint8\000"
 1115      3800
 1116              	.LASF20:
 1117 00c3 43594D45 		.ascii	"CYMEMZERO\000"
 1117      4D5A4552 
 1117      4F00
 1118              	.LASF30:
 1119 00cd 474E5520 		.ascii	"GNU C11 5.4.1 20160609 (release) [ARM/embedded-5-br"
 1119      43313120 
 1119      352E342E 
 1119      31203230 
 1119      31363036 
 1120 0100 616E6368 		.ascii	"anch revision 237715] -mcpu=cortex-m0 -mthumb -g -O"
 1120      20726576 
 1120      6973696F 
 1120      6E203233 
 1120      37373135 
 1121 0133 30202D66 		.ascii	"0 -ffunction-sections -ffat-lto-objects\000"
 1121      66756E63 
 1121      74696F6E 
ARM GAS  C:\Users\twmur\AppData\Local\Temp\ccCDHIdx.s 			page 27


 1121      2D736563 
 1121      74696F6E 
 1122              	.LASF4:
 1123 015b 756E7369 		.ascii	"unsigned char\000"
 1123      676E6564 
 1123      20636861 
 1123      7200
 1124              	.LASF17:
 1125 0169 646F7562 		.ascii	"double\000"
 1125      6C6500
 1126              	.LASF33:
 1127 0170 63796669 		.ascii	"cyfitter_cfg\000"
 1127      74746572 
 1127      5F636667 
 1127      00
 1128              	.LASF14:
 1129 017d 75696E74 		.ascii	"uint16\000"
 1129      313600
 1130              	.LASF15:
 1131 0184 75696E74 		.ascii	"uint32\000"
 1131      333200
 1132              	.LASF0:
 1133 018b 756E7369 		.ascii	"unsigned int\000"
 1133      676E6564 
 1133      20696E74 
 1133      00
 1134              	.LASF26:
 1135 0198 61646472 		.ascii	"address\000"
 1135      65737300 
 1136              	.LASF9:
 1137 01a0 6C6F6E67 		.ascii	"long long unsigned int\000"
 1137      206C6F6E 
 1137      6720756E 
 1137      7369676E 
 1137      65642069 
 1138              	.LASF28:
 1139 01b7 6366675F 		.ascii	"cfg_memset_t\000"
 1139      6D656D73 
 1139      65745F74 
 1139      00
 1140              	.LASF10:
 1141 01c4 73697A65 		.ascii	"sizetype\000"
 1141      74797065 
 1141      00
 1142              	.LASF1:
 1143 01cd 6C6F6E67 		.ascii	"long long int\000"
 1143      206C6F6E 
 1143      6720696E 
 1143      7400
 1144              	.LASF11:
 1145 01db 63686172 		.ascii	"char\000"
 1145      00
 1146              	.LASF5:
 1147 01e0 73686F72 		.ascii	"short int\000"
 1147      7420696E 
 1147      7400
 1148              	.LASF7:
ARM GAS  C:\Users\twmur\AppData\Local\Temp\ccCDHIdx.s 			page 28


 1149 01ea 6C6F6E67 		.ascii	"long int\000"
 1149      20696E74 
 1149      00
 1150              	.LASF2:
 1151 01f3 6C6F6E67 		.ascii	"long double\000"
 1151      20646F75 
 1151      626C6500 
 1152              	.LASF3:
 1153 01ff 7369676E 		.ascii	"signed char\000"
 1153      65642063 
 1153      68617200 
 1154              	.LASF31:
 1155 020b 47656E65 		.ascii	"Generated_Source\\PSoC4\\cyfitter_cfg.c\000"
 1155      72617465 
 1155      645F536F 
 1155      75726365 
 1155      5C50536F 
 1156              	.LASF23:
 1157 0231 4359434F 		.ascii	"CYCONFIGCPYCODE\000"
 1157      4E464947 
 1157      43505943 
 1157      4F444500 
 1158              	.LASF21:
 1159 0241 4359434F 		.ascii	"CYCONFIGCPY\000"
 1159      4E464947 
 1159      43505900 
 1160              		.ident	"GCC: (GNU Tools for ARM Embedded Processors) 5.4.1 20160609 (release) [ARM/embedded-5-bran
