#-----------------------------------------------------------
# Vivado v2024.1 (64-bit)
# SW Build 5076996 on Wed May 22 18:36:09 MDT 2024
# IP Build 5075265 on Wed May 22 21:45:21 MDT 2024
# SharedData Build 5076995 on Wed May 22 18:29:18 MDT 2024
# Start of session at: Tue Oct 29 10:38:45 2024
# Process ID: 935405
# Current directory: /drive/sda2/home/aldridf1/Senior_Project_2024/Physics-Gpu-2025
# Command line: vivado
# Log file: /drive/sda2/home/aldridf1/Senior_Project_2024/Physics-Gpu-2025/vivado.log
# Journal file: /drive/sda2/home/aldridf1/Senior_Project_2024/Physics-Gpu-2025/vivado.jou
# Running On        :zelda
# Platform          :Ubuntu
# Operating System  :Ubuntu 22.04.4 LTS
# Processor Detail  :Intel(R) Xeon(R) CPU E5-2683 v4 @ 2.10GHz
# CPU Frequency     :1200.000 MHz
# CPU Physical cores:32
# CPU Logical cores :64
# Host memory       :135063 MB
# Swap memory       :2147 MB
# Total Virtual     :137211 MB
# Available Virtual :106457 MB
#-----------------------------------------------------------
start_gui
open_project /drive/sda2/home/aldridf1/Senior_Project_2024/Physics-Gpu-2025/Francis/sp_gram_test_1/sp_gram_test_1.xpr
WARNING: [Board 49-26] cannot add Board Part xilinx.com:vek280_es:part0:1.0 available at /tools/Vivado/2024.1/data/xhub/boards/XilinxBoardStore/boards/Xilinx/vek280/es/rev_a/1.0/board.xml as part xcve2802-vsvh1760-2lp-e-s-es1 specified in board_part file is either invalid or not available
WARNING: [Board 49-26] cannot add Board Part xilinx.com:vek280_es:part0:1.1 available at /tools/Vivado/2024.1/data/xhub/boards/XilinxBoardStore/boards/Xilinx/vek280/es/rev_a/1.1/board.xml as part xcve2802-vsvh1760-2lp-e-s-es1 specified in board_part file is either invalid or not available
WARNING: [Board 49-26] cannot add Board Part xilinx.com:vek280_es_revb:part0:1.0 available at /tools/Vivado/2024.1/data/xhub/boards/XilinxBoardStore/boards/Xilinx/vek280/es/rev_b/1.0/board.xml as part xcve2802-vsvh1760-2mp-e-s-es1 specified in board_part file is either invalid or not available
WARNING: [Board 49-26] cannot add Board Part xilinx.com:vek280_es_revb:part0:1.1 available at /tools/Vivado/2024.1/data/xhub/boards/XilinxBoardStore/boards/Xilinx/vek280/es/rev_b/1.1/board.xml as part xcve2802-vsvh1760-2mp-e-s-es1 specified in board_part file is either invalid or not available
WARNING: [Board 49-26] cannot add Board Part xilinx.com:vhk158_es:part0:1.0 available at /tools/Vivado/2024.1/data/xhub/boards/XilinxBoardStore/boards/Xilinx/vhk158/es/1.0/board.xml as part xcvh1582-vsva3697-2mp-e-s-es1 specified in board_part file is either invalid or not available
WARNING: [Board 49-26] cannot add Board Part xilinx.com:vhk158_es:part0:1.1 available at /tools/Vivado/2024.1/data/xhub/boards/XilinxBoardStore/boards/Xilinx/vhk158/es/1.1/board.xml as part xcvh1582-vsva3697-2mp-e-s-es1 specified in board_part file is either invalid or not available
WARNING: [Board 49-26] cannot add Board Part xilinx.com:zcu208ld:part0:2.0 available at /tools/Vivado/2024.1/data/xhub/boards/XilinxBoardStore/boards/Xilinx/zcu208ld/production/2.0/board.xml as part xczu58dr-fsvg1517-2-i specified in board_part file is either invalid or not available
WARNING: [Board 49-26] cannot add Board Part xilinx.com:zcu216ld:part0:2.0 available at /tools/Vivado/2024.1/data/xhub/boards/XilinxBoardStore/boards/Xilinx/zcu216ld/production/2.0/board.xml as part xczu59dr-ffvf1760-2-i specified in board_part file is either invalid or not available
WARNING: [Board 49-26] cannot add Board Part xilinx.com:zcu670ld:part0:1.0 available at /tools/Vivado/2024.1/data/xhub/boards/XilinxBoardStore/boards/Xilinx/zcu670ld/1.0/board.xml as part xczu57dr-fsve1156-2-i specified in board_part file is either invalid or not available
Scanning sources...
Finished scanning sources
INFO: [IP_Flow 19-234] Refreshing IP repositories
INFO: [IP_Flow 19-1704] No user IP repositories specified
INFO: [IP_Flow 19-2313] Loaded Vivado IP repository '/tools/Vivado/2024.1/data/ip'.
open_project: Time (s): cpu = 00:00:31 ; elapsed = 00:00:13 . Memory (MB): peak = 8185.375 ; gain = 498.422 ; free physical = 10003 ; free virtual = 100300
update_compile_order -fileset sources_1
copy_ip -name graphics_ram -dir /drive/sda2/home/aldridf1/Senior_Project_2024/Physics-Gpu-2025/Francis/sp_gram_test_2/project_1/project_1.srcs/sources_1/ip [get_ips  gram]
WARNING: [filemgmt 56-199] Attempt to get parsing info during refresh. "On-the-fly" syntax checking information may be incorrect. [/drive/sda2/home/aldridf1/Senior_Project_2024/Physics-Gpu-2025/Francis/sp_gram_test_1/sp_gram_test_1.srcs/sources_1/new/read_write_test.v:]
WARNING: [filemgmt 56-199] Attempt to get parsing info during refresh. "On-the-fly" syntax checking information may be incorrect. [/drive/sda2/home/aldridf1/Senior_Project_2024/Physics-Gpu-2025/Francis/sp_gram_test_1/sp_gram_test_1.srcs/sources_1/new/testbench.sv:]
WARNING: [filemgmt 56-199] Attempt to get parsing info during refresh. "On-the-fly" syntax checking information may be incorrect. [/drive/sda2/home/aldridf1/Senior_Project_2024/Physics-Gpu-2025/Francis/sp_gram_test_1/sp_gram_test_1.srcs/sources_1/new/testbench.sv:]
WARNING: [filemgmt 56-199] Attempt to get parsing info during refresh. "On-the-fly" syntax checking information may be incorrect. [/drive/sda2/home/aldridf1/Senior_Project_2024/Physics-Gpu-2025/Francis/sp_gram_test_1/sp_gram_test_1.srcs/sources_1/new/testbench.sv:]
WARNING: [filemgmt 56-199] Attempt to get parsing info during refresh. "On-the-fly" syntax checking information may be incorrect. [/drive/sda2/home/aldridf1/Senior_Project_2024/Physics-Gpu-2025/Francis/sp_gram_test_1/sp_gram_test_1.srcs/sources_1/new/read_write_test.v:]
WARNING: [filemgmt 56-199] Attempt to get parsing info during refresh. "On-the-fly" syntax checking information may be incorrect. [/drive/sda2/home/aldridf1/Senior_Project_2024/Physics-Gpu-2025/Francis/sp_gram_test_1/sp_gram_test_1.srcs/sources_1/new/testbench.sv:]
WARNING: [filemgmt 56-199] Attempt to get parsing info during refresh. "On-the-fly" syntax checking information may be incorrect. [/drive/sda2/home/aldridf1/Senior_Project_2024/Physics-Gpu-2025/Francis/sp_gram_test_1/sp_gram_test_1.srcs/sources_1/new/testbench.sv:]
WARNING: [filemgmt 56-199] Attempt to get parsing info during refresh. "On-the-fly" syntax checking information may be incorrect. [/drive/sda2/home/aldridf1/Senior_Project_2024/Physics-Gpu-2025/Francis/sp_gram_test_1/sp_gram_test_1.srcs/sources_1/new/testbench.sv:]
WARNING: [filemgmt 56-199] Attempt to get parsing info during refresh. "On-the-fly" syntax checking information may be incorrect. [/drive/sda2/home/aldridf1/Senior_Project_2024/Physics-Gpu-2025/Francis/sp_gram_test_1/sp_gram_test_1.srcs/sources_1/new/read_write_test.v:]
WARNING: [filemgmt 56-199] Attempt to get parsing info during refresh. "On-the-fly" syntax checking information may be incorrect. [/drive/sda2/home/aldridf1/Senior_Project_2024/Physics-Gpu-2025/Francis/sp_gram_test_1/sp_gram_test_1.srcs/sources_1/new/testbench.sv:]
WARNING: [filemgmt 56-199] Attempt to get parsing info during refresh. "On-the-fly" syntax checking information may be incorrect. [/drive/sda2/home/aldridf1/Senior_Project_2024/Physics-Gpu-2025/Francis/sp_gram_test_1/sp_gram_test_1.srcs/sources_1/new/read_write_test.v:]
WARNING: [filemgmt 56-199] Attempt to get parsing info during refresh. "On-the-fly" syntax checking information may be incorrect. [/drive/sda2/home/aldridf1/Senior_Project_2024/Physics-Gpu-2025/Francis/sp_gram_test_1/sp_gram_test_1.srcs/sources_1/new/read_write_test.v:]
update_compile_order -fileset sources_1
WARNING: [filemgmt 56-199] Attempt to get parsing info during refresh. "On-the-fly" syntax checking information may be incorrect. [/drive/sda2/home/aldridf1/Senior_Project_2024/Physics-Gpu-2025/Francis/sp_gram_test_1/sp_gram_test_1.srcs/sources_1/new/read_write_test.v:]
WARNING: [filemgmt 56-199] Attempt to get parsing info during refresh. "On-the-fly" syntax checking information may be incorrect. [/drive/sda2/home/aldridf1/Senior_Project_2024/Physics-Gpu-2025/Francis/sp_gram_test_1/sp_gram_test_1.srcs/sources_1/new/testbench.sv:]
WARNING: [filemgmt 56-199] Attempt to get parsing info during refresh. "On-the-fly" syntax checking information may be incorrect. [/drive/sda2/home/aldridf1/Senior_Project_2024/Physics-Gpu-2025/Francis/sp_gram_test_1/sp_gram_test_1.srcs/sources_1/new/read_write_test.v:]
WARNING: [filemgmt 56-199] Attempt to get parsing info during refresh. "On-the-fly" syntax checking information may be incorrect. [/drive/sda2/home/aldridf1/Senior_Project_2024/Physics-Gpu-2025/Francis/sp_gram_test_1/sp_gram_test_1.srcs/sources_1/new/read_write_test.v:]
export_ip_user_files -of_objects  [get_files /drive/sda2/home/aldridf1/Senior_Project_2024/Physics-Gpu-2025/Francis/sp_gram_test_2/project_1/project_1.srcs/sources_1/ip/graphics_ram/graphics_ram.xci] -no_script -reset -force -quiet
remove_files  /drive/sda2/home/aldridf1/Senior_Project_2024/Physics-Gpu-2025/Francis/sp_gram_test_2/project_1/project_1.srcs/sources_1/ip/graphics_ram/graphics_ram.xci
WARNING: [filemgmt 56-199] Attempt to get parsing info during refresh. "On-the-fly" syntax checking information may be incorrect. [/drive/sda2/home/aldridf1/Senior_Project_2024/Physics-Gpu-2025/Francis/sp_gram_test_1/sp_gram_test_1.srcs/sources_1/new/read_write_test.v:]
WARNING: [filemgmt 56-199] Attempt to get parsing info during refresh. "On-the-fly" syntax checking information may be incorrect. [/drive/sda2/home/aldridf1/Senior_Project_2024/Physics-Gpu-2025/Francis/sp_gram_test_1/sp_gram_test_1.srcs/sources_1/new/testbench.sv:]
WARNING: [filemgmt 56-199] Attempt to get parsing info during refresh. "On-the-fly" syntax checking information may be incorrect. [/drive/sda2/home/aldridf1/Senior_Project_2024/Physics-Gpu-2025/Francis/sp_gram_test_1/sp_gram_test_1.srcs/sources_1/new/read_write_test.v:]
WARNING: [filemgmt 56-199] Attempt to get parsing info during refresh. "On-the-fly" syntax checking information may be incorrect. [/drive/sda2/home/aldridf1/Senior_Project_2024/Physics-Gpu-2025/Francis/sp_gram_test_1/sp_gram_test_1.srcs/sources_1/new/read_write_test.v:]
WARNING: [filemgmt 56-199] Attempt to get parsing info during refresh. "On-the-fly" syntax checking information may be incorrect. [/drive/sda2/home/aldridf1/Senior_Project_2024/Physics-Gpu-2025/Francis/sp_gram_test_1/sp_gram_test_1.srcs/sources_1/new/read_write_test.v:]
WARNING: [filemgmt 56-199] Attempt to get parsing info during refresh. "On-the-fly" syntax checking information may be incorrect. [/drive/sda2/home/aldridf1/Senior_Project_2024/Physics-Gpu-2025/Francis/sp_gram_test_1/sp_gram_test_1.srcs/sources_1/new/testbench.sv:]
WARNING: [filemgmt 56-199] Attempt to get parsing info during refresh. "On-the-fly" syntax checking information may be incorrect. [/drive/sda2/home/aldridf1/Senior_Project_2024/Physics-Gpu-2025/Francis/sp_gram_test_1/sp_gram_test_1.srcs/sources_1/new/testbench.sv:]
WARNING: [filemgmt 56-199] Attempt to get parsing info during refresh. "On-the-fly" syntax checking information may be incorrect. [/drive/sda2/home/aldridf1/Senior_Project_2024/Physics-Gpu-2025/Francis/sp_gram_test_1/sp_gram_test_1.srcs/sources_1/new/testbench.sv:]
WARNING: [filemgmt 56-199] Attempt to get parsing info during refresh. "On-the-fly" syntax checking information may be incorrect. [/drive/sda2/home/aldridf1/Senior_Project_2024/Physics-Gpu-2025/Francis/sp_gram_test_1/sp_gram_test_1.srcs/sources_1/new/read_write_test.v:]
WARNING: [filemgmt 56-199] Attempt to get parsing info during refresh. "On-the-fly" syntax checking information may be incorrect. [/drive/sda2/home/aldridf1/Senior_Project_2024/Physics-Gpu-2025/Francis/sp_gram_test_1/sp_gram_test_1.srcs/sources_1/new/vid_time_counter_test.sv:]
WARNING: [filemgmt 56-199] Attempt to get parsing info during refresh. "On-the-fly" syntax checking information may be incorrect. [/drive/sda2/home/aldridf1/Senior_Project_2024/Physics-Gpu-2025/Francis/sp_gram_test_1/sp_gram_test_1.srcs/sources_1/new/shape_engine_test.sv:]
WARNING: [filemgmt 56-199] Attempt to get parsing info during refresh. "On-the-fly" syntax checking information may be incorrect. [/drive/sda2/home/aldridf1/Senior_Project_2024/Physics-Gpu-2025/Francis/sp_gram_test_1/sp_gram_test_1.srcs/sources_1/new/testbench.sv:]
WARNING: [filemgmt 56-199] Attempt to get parsing info during refresh. "On-the-fly" syntax checking information may be incorrect. [/drive/sda2/home/aldridf1/Senior_Project_2024/Physics-Gpu-2025/Francis/sp_gram_test_1/sp_gram_test_1.srcs/sources_1/new/blank_fill_test.sv:]
WARNING: [filemgmt 56-199] Attempt to get parsing info during refresh. "On-the-fly" syntax checking information may be incorrect. [/drive/sda2/home/aldridf1/Senior_Project_2024/Physics-Gpu-2025/Francis/sp_gram_test_1/sp_gram_test_1.srcs/sources_1/new/read_write_test.v:]
WARNING: [filemgmt 56-199] Attempt to get parsing info during refresh. "On-the-fly" syntax checking information may be incorrect. [/drive/sda2/home/aldridf1/Senior_Project_2024/Physics-Gpu-2025/Francis/sp_gram_test_1/sp_gram_test_1.srcs/sources_1/new/read_write_test.v:]
WARNING: [filemgmt 56-199] Attempt to get parsing info during refresh. "On-the-fly" syntax checking information may be incorrect. [/drive/sda2/home/aldridf1/Senior_Project_2024/Physics-Gpu-2025/Francis/sp_gram_test_1/sp_gram_test_1.srcs/sources_1/new/read_write_test.v:]
WARNING: [filemgmt 56-199] Attempt to get parsing info during refresh. "On-the-fly" syntax checking information may be incorrect. [/drive/sda2/home/aldridf1/Senior_Project_2024/Physics-Gpu-2025/Francis/sp_gram_test_1/sp_gram_test_1.srcs/sources_1/new/vid_time_counter_test.sv:]
WARNING: [filemgmt 56-199] Attempt to get parsing info during refresh. "On-the-fly" syntax checking information may be incorrect. [/drive/sda2/home/aldridf1/Senior_Project_2024/Physics-Gpu-2025/Francis/sp_gram_test_1/sp_gram_test_1.srcs/sources_1/new/shape_engine_test.sv:]
WARNING: [filemgmt 56-199] Attempt to get parsing info during refresh. "On-the-fly" syntax checking information may be incorrect. [/drive/sda2/home/aldridf1/Senior_Project_2024/Physics-Gpu-2025/Francis/sp_gram_test_1/sp_gram_test_1.srcs/sources_1/new/testbench.sv:]
WARNING: [filemgmt 56-199] Attempt to get parsing info during refresh. "On-the-fly" syntax checking information may be incorrect. [/drive/sda2/home/aldridf1/Senior_Project_2024/Physics-Gpu-2025/Francis/sp_gram_test_1/sp_gram_test_1.srcs/sources_1/new/blank_fill_test.sv:]
WARNING: [filemgmt 56-199] Attempt to get parsing info during refresh. "On-the-fly" syntax checking information may be incorrect. [/drive/sda2/home/aldridf1/Senior_Project_2024/Physics-Gpu-2025/Francis/sp_gram_test_1/sp_gram_test_1.srcs/sources_1/new/blank_fill_test.sv:]
WARNING: [filemgmt 56-199] Attempt to get parsing info during refresh. "On-the-fly" syntax checking information may be incorrect. [/drive/sda2/home/aldridf1/Senior_Project_2024/Physics-Gpu-2025/Francis/sp_gram_test_1/sp_gram_test_1.srcs/sources_1/new/blank_fill_test.sv:]
WARNING: [filemgmt 56-199] Attempt to get parsing info during refresh. "On-the-fly" syntax checking information may be incorrect. [/drive/sda2/home/aldridf1/Senior_Project_2024/Physics-Gpu-2025/Francis/sp_gram_test_1/sp_gram_test_1.srcs/sources_1/new/read_write_test.v:]
WARNING: [filemgmt 56-199] Attempt to get parsing info during refresh. "On-the-fly" syntax checking information may be incorrect. [/drive/sda2/home/aldridf1/Senior_Project_2024/Physics-Gpu-2025/Francis/sp_gram_test_1/sp_gram_test_1.srcs/sources_1/new/vid_time_counter_test.sv:]
WARNING: [filemgmt 56-199] Attempt to get parsing info during refresh. "On-the-fly" syntax checking information may be incorrect. [/drive/sda2/home/aldridf1/Senior_Project_2024/Physics-Gpu-2025/Francis/sp_gram_test_1/sp_gram_test_1.srcs/sources_1/new/shape_engine_test.sv:]
WARNING: [filemgmt 56-199] Attempt to get parsing info during refresh. "On-the-fly" syntax checking information may be incorrect. [/drive/sda2/home/aldridf1/Senior_Project_2024/Physics-Gpu-2025/Francis/sp_gram_test_1/sp_gram_test_1.srcs/sources_1/new/testbench.sv:]
WARNING: [filemgmt 56-199] Attempt to get parsing info during refresh. "On-the-fly" syntax checking information may be incorrect. [/drive/sda2/home/aldridf1/Senior_Project_2024/Physics-Gpu-2025/Francis/sp_gram_test_1/sp_gram_test_1.srcs/sources_1/new/blank_fill_test.sv:]
WARNING: [filemgmt 56-199] Attempt to get parsing info during refresh. "On-the-fly" syntax checking information may be incorrect. [/drive/sda2/home/aldridf1/Senior_Project_2024/Physics-Gpu-2025/Francis/sp_gram_test_1/sp_gram_test_1.srcs/sources_1/new/shape_engine_test.sv:]
WARNING: [filemgmt 56-199] Attempt to get parsing info during refresh. "On-the-fly" syntax checking information may be incorrect. [/drive/sda2/home/aldridf1/Senior_Project_2024/Physics-Gpu-2025/Francis/sp_gram_test_1/sp_gram_test_1.srcs/sources_1/new/shape_engine_test.sv:]
WARNING: [filemgmt 56-199] Attempt to get parsing info during refresh. "On-the-fly" syntax checking information may be incorrect. [/drive/sda2/home/aldridf1/Senior_Project_2024/Physics-Gpu-2025/Francis/sp_gram_test_1/sp_gram_test_1.srcs/sources_1/new/read_write_test.v:]
WARNING: [filemgmt 56-199] Attempt to get parsing info during refresh. "On-the-fly" syntax checking information may be incorrect. [/drive/sda2/home/aldridf1/Senior_Project_2024/Physics-Gpu-2025/Francis/sp_gram_test_1/sp_gram_test_1.srcs/sources_1/new/vid_time_counter_test.sv:]
WARNING: [filemgmt 56-199] Attempt to get parsing info during refresh. "On-the-fly" syntax checking information may be incorrect. [/drive/sda2/home/aldridf1/Senior_Project_2024/Physics-Gpu-2025/Francis/sp_gram_test_1/sp_gram_test_1.srcs/sources_1/new/shape_engine_test.sv:]
WARNING: [filemgmt 56-199] Attempt to get parsing info during refresh. "On-the-fly" syntax checking information may be incorrect. [/drive/sda2/home/aldridf1/Senior_Project_2024/Physics-Gpu-2025/Francis/sp_gram_test_1/sp_gram_test_1.srcs/sources_1/new/testbench.sv:]
WARNING: [filemgmt 56-199] Attempt to get parsing info during refresh. "On-the-fly" syntax checking information may be incorrect. [/drive/sda2/home/aldridf1/Senior_Project_2024/Physics-Gpu-2025/Francis/sp_gram_test_1/sp_gram_test_1.srcs/sources_1/new/blank_fill_test.sv:]
WARNING: [filemgmt 56-199] Attempt to get parsing info during refresh. "On-the-fly" syntax checking information may be incorrect. [/drive/sda2/home/aldridf1/Senior_Project_2024/Physics-Gpu-2025/Francis/sp_gram_test_1/sp_gram_test_1.srcs/sources_1/new/read_write_test.v:]
WARNING: [filemgmt 56-199] Attempt to get parsing info during refresh. "On-the-fly" syntax checking information may be incorrect. [/drive/sda2/home/aldridf1/Senior_Project_2024/Physics-Gpu-2025/Francis/sp_gram_test_1/sp_gram_test_1.srcs/sources_1/new/read_write_test.v:]
WARNING: [filemgmt 56-199] Attempt to get parsing info during refresh. "On-the-fly" syntax checking information may be incorrect. [/drive/sda2/home/aldridf1/Senior_Project_2024/Physics-Gpu-2025/Francis/sp_gram_test_1/sp_gram_test_1.srcs/sources_1/new/read_write_test.v:]
WARNING: [filemgmt 56-199] Attempt to get parsing info during refresh. "On-the-fly" syntax checking information may be incorrect. [/drive/sda2/home/aldridf1/Senior_Project_2024/Physics-Gpu-2025/Francis/sp_gram_test_1/sp_gram_test_1.srcs/sources_1/new/vid_time_counter_test.sv:]
WARNING: [filemgmt 56-199] Attempt to get parsing info during refresh. "On-the-fly" syntax checking information may be incorrect. [/drive/sda2/home/aldridf1/Senior_Project_2024/Physics-Gpu-2025/Francis/sp_gram_test_1/sp_gram_test_1.srcs/sources_1/new/shape_engine_test.sv:]
WARNING: [filemgmt 56-199] Attempt to get parsing info during refresh. "On-the-fly" syntax checking information may be incorrect. [/drive/sda2/home/aldridf1/Senior_Project_2024/Physics-Gpu-2025/Francis/sp_gram_test_1/sp_gram_test_1.srcs/sources_1/new/testbench.sv:]
WARNING: [filemgmt 56-199] Attempt to get parsing info during refresh. "On-the-fly" syntax checking information may be incorrect. [/drive/sda2/home/aldridf1/Senior_Project_2024/Physics-Gpu-2025/Francis/sp_gram_test_1/sp_gram_test_1.srcs/sources_1/new/blank_fill_test.sv:]
WARNING: [filemgmt 56-199] Attempt to get parsing info during refresh. "On-the-fly" syntax checking information may be incorrect. [/drive/sda2/home/aldridf1/Senior_Project_2024/Physics-Gpu-2025/Francis/sp_gram_test_1/sp_gram_test_1.srcs/sources_1/new/testbench.sv:]
WARNING: [filemgmt 56-199] Attempt to get parsing info during refresh. "On-the-fly" syntax checking information may be incorrect. [/drive/sda2/home/aldridf1/Senior_Project_2024/Physics-Gpu-2025/Francis/sp_gram_test_1/sp_gram_test_1.srcs/sources_1/new/testbench.sv:]
WARNING: [filemgmt 56-199] Attempt to get parsing info during refresh. "On-the-fly" syntax checking information may be incorrect. [/drive/sda2/home/aldridf1/Senior_Project_2024/Physics-Gpu-2025/Francis/sp_gram_test_1/sp_gram_test_1.srcs/sources_1/new/read_write_test.v:]
WARNING: [filemgmt 56-199] Attempt to get parsing info during refresh. "On-the-fly" syntax checking information may be incorrect. [/drive/sda2/home/aldridf1/Senior_Project_2024/Physics-Gpu-2025/Francis/sp_gram_test_1/sp_gram_test_1.srcs/sources_1/new/vid_time_counter_test.sv:]
WARNING: [filemgmt 56-199] Attempt to get parsing info during refresh. "On-the-fly" syntax checking information may be incorrect. [/drive/sda2/home/aldridf1/Senior_Project_2024/Physics-Gpu-2025/Francis/sp_gram_test_1/sp_gram_test_1.srcs/sources_1/new/shape_engine_test.sv:]
WARNING: [filemgmt 56-199] Attempt to get parsing info during refresh. "On-the-fly" syntax checking information may be incorrect. [/drive/sda2/home/aldridf1/Senior_Project_2024/Physics-Gpu-2025/Francis/sp_gram_test_1/sp_gram_test_1.srcs/sources_1/new/testbench.sv:]
WARNING: [filemgmt 56-199] Attempt to get parsing info during refresh. "On-the-fly" syntax checking information may be incorrect. [/drive/sda2/home/aldridf1/Senior_Project_2024/Physics-Gpu-2025/Francis/sp_gram_test_1/sp_gram_test_1.srcs/sources_1/new/blank_fill_test.sv:]
WARNING: [filemgmt 56-199] Attempt to get parsing info during refresh. "On-the-fly" syntax checking information may be incorrect. [/drive/sda2/home/aldridf1/Senior_Project_2024/Physics-Gpu-2025/Francis/sp_gram_test_1/sp_gram_test_1.srcs/sources_1/new/vid_time_counter_test.sv:]
WARNING: [filemgmt 56-199] Attempt to get parsing info during refresh. "On-the-fly" syntax checking information may be incorrect. [/drive/sda2/home/aldridf1/Senior_Project_2024/Physics-Gpu-2025/Francis/sp_gram_test_1/sp_gram_test_1.srcs/sources_1/new/vid_time_counter_test.sv:]
WARNING: [filemgmt 56-199] Attempt to get parsing info during refresh. "On-the-fly" syntax checking information may be incorrect. [/drive/sda2/home/aldridf1/Senior_Project_2024/Physics-Gpu-2025/Francis/sp_gram_test_1/sp_gram_test_1.srcs/sources_1/new/read_write_test.v:]
WARNING: [filemgmt 56-199] Attempt to get parsing info during refresh. "On-the-fly" syntax checking information may be incorrect. [/drive/sda2/home/aldridf1/Senior_Project_2024/Physics-Gpu-2025/Francis/sp_gram_test_1/sp_gram_test_1.srcs/sources_1/new/vid_time_counter_test.sv:]
WARNING: [filemgmt 56-199] Attempt to get parsing info during refresh. "On-the-fly" syntax checking information may be incorrect. [/drive/sda2/home/aldridf1/Senior_Project_2024/Physics-Gpu-2025/Francis/sp_gram_test_1/sp_gram_test_1.srcs/sources_1/new/shape_engine_test.sv:]
WARNING: [filemgmt 56-199] Attempt to get parsing info during refresh. "On-the-fly" syntax checking information may be incorrect. [/drive/sda2/home/aldridf1/Senior_Project_2024/Physics-Gpu-2025/Francis/sp_gram_test_1/sp_gram_test_1.srcs/sources_1/new/testbench.sv:]
WARNING: [filemgmt 56-199] Attempt to get parsing info during refresh. "On-the-fly" syntax checking information may be incorrect. [/drive/sda2/home/aldridf1/Senior_Project_2024/Physics-Gpu-2025/Francis/sp_gram_test_1/sp_gram_test_1.srcs/sources_1/new/blank_fill_test.sv:]
WARNING: [filemgmt 56-199] Attempt to get parsing info during refresh. "On-the-fly" syntax checking information may be incorrect. [/drive/sda2/home/aldridf1/Senior_Project_2024/Physics-Gpu-2025/Francis/sp_gram_test_1/sp_gram_test_1.srcs/sources_1/new/shape_engine_test.sv:]
WARNING: [filemgmt 56-199] Attempt to get parsing info during refresh. "On-the-fly" syntax checking information may be incorrect. [/drive/sda2/home/aldridf1/Senior_Project_2024/Physics-Gpu-2025/Francis/sp_gram_test_1/sp_gram_test_1.srcs/sources_1/new/shape_engine_test.sv:]
WARNING: [filemgmt 56-199] Attempt to get parsing info during refresh. "On-the-fly" syntax checking information may be incorrect. [/drive/sda2/home/aldridf1/Senior_Project_2024/Physics-Gpu-2025/Francis/sp_gram_test_1/sp_gram_test_1.srcs/sources_1/new/read_write_test.v:]
WARNING: [filemgmt 56-199] Attempt to get parsing info during refresh. "On-the-fly" syntax checking information may be incorrect. [/drive/sda2/home/aldridf1/Senior_Project_2024/Physics-Gpu-2025/Francis/sp_gram_test_1/sp_gram_test_1.srcs/sources_1/new/vid_time_counter_test.sv:]
WARNING: [filemgmt 56-199] Attempt to get parsing info during refresh. "On-the-fly" syntax checking information may be incorrect. [/drive/sda2/home/aldridf1/Senior_Project_2024/Physics-Gpu-2025/Francis/sp_gram_test_1/sp_gram_test_1.srcs/sources_1/new/shape_engine_test.sv:]
WARNING: [filemgmt 56-199] Attempt to get parsing info during refresh. "On-the-fly" syntax checking information may be incorrect. [/drive/sda2/home/aldridf1/Senior_Project_2024/Physics-Gpu-2025/Francis/sp_gram_test_1/sp_gram_test_1.srcs/sources_1/new/testbench.sv:]
WARNING: [filemgmt 56-199] Attempt to get parsing info during refresh. "On-the-fly" syntax checking information may be incorrect. [/drive/sda2/home/aldridf1/Senior_Project_2024/Physics-Gpu-2025/Francis/sp_gram_test_1/sp_gram_test_1.srcs/sources_1/new/blank_fill_test.sv:]
WARNING: [filemgmt 56-199] Attempt to get parsing info during refresh. "On-the-fly" syntax checking information may be incorrect. [/drive/sda2/home/aldridf1/Senior_Project_2024/Physics-Gpu-2025/Francis/sp_gram_test_1/sp_gram_test_1.srcs/sources_1/new/vid_time_counter_test.sv:]
WARNING: [filemgmt 56-199] Attempt to get parsing info during refresh. "On-the-fly" syntax checking information may be incorrect. [/drive/sda2/home/aldridf1/Senior_Project_2024/Physics-Gpu-2025/Francis/sp_gram_test_1/sp_gram_test_1.srcs/sources_1/new/vid_time_counter_test.sv:]
WARNING: [filemgmt 56-199] Attempt to get parsing info during refresh. "On-the-fly" syntax checking information may be incorrect. [/drive/sda2/home/aldridf1/Senior_Project_2024/Physics-Gpu-2025/Francis/sp_gram_test_1/sp_gram_test_1.srcs/sources_1/new/read_write_test.v:]
WARNING: [filemgmt 56-199] Attempt to get parsing info during refresh. "On-the-fly" syntax checking information may be incorrect. [/drive/sda2/home/aldridf1/Senior_Project_2024/Physics-Gpu-2025/Francis/sp_gram_test_1/sp_gram_test_1.srcs/sources_1/new/vid_time_counter_test.sv:]
WARNING: [filemgmt 56-199] Attempt to get parsing info during refresh. "On-the-fly" syntax checking information may be incorrect. [/drive/sda2/home/aldridf1/Senior_Project_2024/Physics-Gpu-2025/Francis/sp_gram_test_1/sp_gram_test_1.srcs/sources_1/new/shape_engine_test.sv:]
WARNING: [filemgmt 56-199] Attempt to get parsing info during refresh. "On-the-fly" syntax checking information may be incorrect. [/drive/sda2/home/aldridf1/Senior_Project_2024/Physics-Gpu-2025/Francis/sp_gram_test_1/sp_gram_test_1.srcs/sources_1/new/testbench.sv:]
WARNING: [filemgmt 56-199] Attempt to get parsing info during refresh. "On-the-fly" syntax checking information may be incorrect. [/drive/sda2/home/aldridf1/Senior_Project_2024/Physics-Gpu-2025/Francis/sp_gram_test_1/sp_gram_test_1.srcs/sources_1/new/blank_fill_test.sv:]
WARNING: [filemgmt 56-199] Attempt to get parsing info during refresh. "On-the-fly" syntax checking information may be incorrect. [/drive/sda2/home/aldridf1/Senior_Project_2024/Physics-Gpu-2025/Francis/sp_gram_test_1/sp_gram_test_1.srcs/sources_1/new/testbench.sv:]
WARNING: [filemgmt 56-199] Attempt to get parsing info during refresh. "On-the-fly" syntax checking information may be incorrect. [/drive/sda2/home/aldridf1/Senior_Project_2024/Physics-Gpu-2025/Francis/sp_gram_test_1/sp_gram_test_1.srcs/sources_1/new/testbench.sv:]
exit
INFO: [Common 17-206] Exiting Vivado at Tue Oct 29 20:42:49 2024...
