ARM GAS  C:\Users\twmur\AppData\Local\Temp\ccXEjo8P.s 			page 1


   1              		.syntax unified
   2              		.cpu cortex-m3
   3              		.fpu softvfp
   4              		.eabi_attribute 20, 1
   5              		.eabi_attribute 21, 1
   6              		.eabi_attribute 23, 3
   7              		.eabi_attribute 24, 1
   8              		.eabi_attribute 25, 1
   9              		.eabi_attribute 26, 1
  10              		.eabi_attribute 30, 1
  11              		.eabi_attribute 34, 1
  12              		.eabi_attribute 18, 4
  13              		.thumb
  14              		.syntax unified
  15              		.file	"main.c"
  16              		.text
  17              	.Ltext0:
  18              		.cfi_sections	.debug_frame
  19              		.section	.text.Button_ISR,"ax",%progbits
  20              		.align	2
  21              		.global	Button_ISR
  22              		.thumb
  23              		.thumb_func
  24              		.type	Button_ISR, %function
  25              	Button_ISR:
  26              	.LFB64:
  27              		.file 1 "main.c"
   1:main.c        **** #include "project.h"
   2:main.c        **** #include "outfile.h"  // Includes pre-generated data arrays
   3:main.c        **** 
   4:main.c        **** #define DEBOUNCE_DELAY_MS 50  // Adjust debounce time as needed
   5:main.c        **** 
   6:main.c        **** // Button & Data Port Definitions
   7:main.c        **** #define BUTTON_Read() Button_Read()  // Button input for stepping
   8:main.c        **** #define DATA_PORT_Write(x) Data_Port_Write(x)  // 8-bit Data Output Port
   9:main.c        **** 
  10:main.c        **** volatile uint8_t button_pressed = 0;  // Flag to track button press
  11:main.c        **** uint16_t data_index = 0;  // Tracks which byte is being sent
  12:main.c        **** 
  13:main.c        **** CY_ISR_PROTO(Button_ISR);
  14:main.c        **** void send_next_byte(void);
  15:main.c        **** 
  16:main.c        **** int main(void) {
  17:main.c        ****     CyGlobalIntEnable;  // Enable global interrupts
  18:main.c        **** 
  19:main.c        ****     // Attach ISR to button
  20:main.c        ****     isr_Button_StartEx(Button_ISR);
  21:main.c        **** 
  22:main.c        ****     // **Ensure first address byte is sent at startup**
  23:main.c        ****     send_next_byte();
  24:main.c        **** 
  25:main.c        ****     for (;;) {  // Infinite loop waiting for button presses
  26:main.c        ****         if (button_pressed) {  
  27:main.c        ****             button_pressed = 0;  // Reset button flag
  28:main.c        ****             send_next_byte();  // Send next byte
  29:main.c        ****         }
  30:main.c        ****     }
ARM GAS  C:\Users\twmur\AppData\Local\Temp\ccXEjo8P.s 			page 2


  31:main.c        **** }
  32:main.c        **** 
  33:main.c        **** // **ISR for Button Press with Debouncing**
  34:main.c        **** CY_ISR(Button_ISR) {
  28              		.loc 1 34 0
  29              		.cfi_startproc
  30              		@ args = 0, pretend = 0, frame = 0
  31              		@ frame_needed = 0, uses_anonymous_args = 0
  32 0000 08B5     		push	{r3, lr}
  33              		.cfi_def_cfa_offset 8
  34              		.cfi_offset 3, -8
  35              		.cfi_offset 14, -4
  35:main.c        ****     CyDelay(DEBOUNCE_DELAY_MS);  // Debounce delay
  36              		.loc 1 35 0
  37 0002 3220     		movs	r0, #50
  38 0004 FFF7FEFF 		bl	CyDelay
  39              	.LVL0:
  36:main.c        ****     if (BUTTON_Read() == 0) {  // Confirm button is still pressed
  40              		.loc 1 36 0
  41 0008 FFF7FEFF 		bl	Button_Read
  42              	.LVL1:
  43 000c 10B9     		cbnz	r0, .L2
  37:main.c        ****         button_pressed = 1;
  44              		.loc 1 37 0
  45 000e 0122     		movs	r2, #1
  46 0010 024B     		ldr	r3, .L4
  47 0012 1A70     		strb	r2, [r3]
  48              	.L2:
  38:main.c        ****     }
  39:main.c        ****     Button_ClearInterrupt();  // Clear interrupt flag
  49              		.loc 1 39 0
  50 0014 FFF7FEFF 		bl	Button_ClearInterrupt
  51              	.LVL2:
  52 0018 08BD     		pop	{r3, pc}
  53              	.L5:
  54 001a 00BF     		.align	2
  55              	.L4:
  56 001c 00000000 		.word	.LANCHOR0
  57              		.cfi_endproc
  58              	.LFE64:
  59              		.size	Button_ISR, .-Button_ISR
  60              		.section	.text.send_next_byte,"ax",%progbits
  61              		.align	2
  62              		.global	send_next_byte
  63              		.thumb
  64              		.thumb_func
  65              		.type	send_next_byte, %function
  66              	send_next_byte:
  67              	.LFB65:
  40:main.c        **** }
  41:main.c        **** 
  42:main.c        **** // **Function: Send next byte from `merged_ram[]`**
  43:main.c        **** void send_next_byte(void) {
  68              		.loc 1 43 0
  69              		.cfi_startproc
  70              		@ args = 0, pretend = 0, frame = 0
  71              		@ frame_needed = 0, uses_anonymous_args = 0
ARM GAS  C:\Users\twmur\AppData\Local\Temp\ccXEjo8P.s 			page 3


  72 0000 08B5     		push	{r3, lr}
  73              		.cfi_def_cfa_offset 8
  74              		.cfi_offset 3, -8
  75              		.cfi_offset 14, -4
  76              	.LVL3:
  44:main.c        ****     uint16_t total_bytes = sizeof(merged_ram) / sizeof(merged_ram[0]);  // Total entries
  45:main.c        **** 
  46:main.c        ****     if (data_index < total_bytes * 6) {  // 1 address + 4 data bytes per entry
  77              		.loc 1 46 0
  78 0002 194B     		ldr	r3, .L12
  79 0004 5B88     		ldrh	r3, [r3, #2]
  80 0006 832B     		cmp	r3, #131
  81 0008 2CDC     		bgt	.L6
  82              	.LBB2:
  47:main.c        ****         uint16_t entry_index = data_index / 6;  // Which `merged_ram` entry
  83              		.loc 1 47 0
  84 000a 184A     		ldr	r2, .L12+4
  85 000c A2FB0312 		umull	r1, r2, r2, r3
  86 0010 9208     		lsrs	r2, r2, #2
  87 0012 91B2     		uxth	r1, r2
  88              	.LVL4:
  48:main.c        ****         uint8_t byte_index = data_index % 6;  // Position in the entry
  89              		.loc 1 48 0
  90 0014 02EB4202 		add	r2, r2, r2, lsl #1
  91 0018 5000     		lsls	r0, r2, #1
  92 001a 1B1A     		subs	r3, r3, r0
  93              	.LVL5:
  49:main.c        **** 
  50:main.c        ****         if (byte_index == 0) {  
  94              		.loc 1 50 0
  95 001c 13F0FF03 		ands	r3, r3, #255
  96              	.LVL6:
  97 0020 07D1     		bne	.L8
  51:main.c        ****             DATA_PORT_Write(merged_ram[entry_index].address & 0xFF);  // Send Lower Address Byte
  98              		.loc 1 51 0
  99 0022 01EB4101 		add	r1, r1, r1, lsl #1
 100              	.LVL7:
 101 0026 4B00     		lsls	r3, r1, #1
 102 0028 114A     		ldr	r2, .L12+8
 103 002a D05C     		ldrb	r0, [r2, r3]	@ zero_extendqisi2
 104              	.LVL8:
 105 002c FFF7FEFF 		bl	Data_Port_Write
 106              	.LVL9:
 107 0030 14E0     		b	.L9
 108              	.LVL10:
 109              	.L8:
  52:main.c        ****         } 
  53:main.c        ****         else if (byte_index == 1) {  
 110              		.loc 1 53 0
 111 0032 012B     		cmp	r3, #1
 112 0034 08D1     		bne	.L10
  54:main.c        ****             DATA_PORT_Write(merged_ram[entry_index].address >> 8);  // Send Upper Address Byte
 113              		.loc 1 54 0
 114 0036 01EB4101 		add	r1, r1, r1, lsl #1
 115              	.LVL11:
 116 003a 4B00     		lsls	r3, r1, #1
 117 003c 0C4A     		ldr	r2, .L12+8
ARM GAS  C:\Users\twmur\AppData\Local\Temp\ccXEjo8P.s 			page 4


 118 003e D05A     		ldrh	r0, [r2, r3]
 119              	.LVL12:
 120 0040 000A     		lsrs	r0, r0, #8
 121 0042 FFF7FEFF 		bl	Data_Port_Write
 122              	.LVL13:
 123 0046 09E0     		b	.L9
 124              	.LVL14:
 125              	.L10:
  55:main.c        ****         } 
  56:main.c        ****         else {  
  57:main.c        ****             DATA_PORT_Write(merged_ram[entry_index].data[byte_index - 2]);  // Send Data Bytes
 126              		.loc 1 57 0
 127 0048 023B     		subs	r3, r3, #2
 128 004a 01EB4101 		add	r1, r1, r1, lsl #1
 129              	.LVL15:
 130 004e 4A00     		lsls	r2, r1, #1
 131 0050 0749     		ldr	r1, .L12+8
 132 0052 0A44     		add	r2, r2, r1
 133 0054 1344     		add	r3, r3, r2
 134 0056 9878     		ldrb	r0, [r3, #2]	@ zero_extendqisi2
 135              	.LVL16:
 136 0058 FFF7FEFF 		bl	Data_Port_Write
 137              	.LVL17:
 138              	.L9:
 139              	.LBE2:
  58:main.c        ****         }
  59:main.c        ****     } 
  60:main.c        ****     else {
  61:main.c        ****         return;  // **All Data Sent - Stop Transmission**
  62:main.c        ****     }
  63:main.c        **** 
  64:main.c        ****     // **Move to Next Byte**
  65:main.c        ****     data_index++;
 140              		.loc 1 65 0
 141 005c 024A     		ldr	r2, .L12
 142 005e 5388     		ldrh	r3, [r2, #2]
 143 0060 0133     		adds	r3, r3, #1
 144 0062 5380     		strh	r3, [r2, #2]	@ movhi
 145              	.L6:
 146 0064 08BD     		pop	{r3, pc}
 147              	.L13:
 148 0066 00BF     		.align	2
 149              	.L12:
 150 0068 00000000 		.word	.LANCHOR0
 151 006c ABAAAAAA 		.word	-1431655765
 152 0070 00000000 		.word	.LANCHOR1
 153              		.cfi_endproc
 154              	.LFE65:
 155              		.size	send_next_byte, .-send_next_byte
 156              		.section	.text.main,"ax",%progbits
 157              		.align	2
 158              		.global	main
 159              		.thumb
 160              		.thumb_func
 161              		.type	main, %function
 162              	main:
 163              	.LFB63:
ARM GAS  C:\Users\twmur\AppData\Local\Temp\ccXEjo8P.s 			page 5


  16:main.c        ****     CyGlobalIntEnable;  // Enable global interrupts
 164              		.loc 1 16 0
 165              		.cfi_startproc
 166              		@ Volatile: function does not return.
 167              		@ args = 0, pretend = 0, frame = 0
 168              		@ frame_needed = 0, uses_anonymous_args = 0
 169 0000 08B5     		push	{r3, lr}
 170              		.cfi_def_cfa_offset 8
 171              		.cfi_offset 3, -8
 172              		.cfi_offset 14, -4
  17:main.c        **** 
 173              		.loc 1 17 0
 174              		.syntax unified
 175              	@ 17 "main.c" 1
 176 0002 62B6     		CPSIE   i
 177              	@ 0 "" 2
  20:main.c        **** 
 178              		.loc 1 20 0
 179              		.thumb
 180              		.syntax unified
 181 0004 0748     		ldr	r0, .L18
 182 0006 FFF7FEFF 		bl	isr_Button_StartEx
 183              	.LVL18:
  23:main.c        **** 
 184              		.loc 1 23 0
 185 000a FFF7FEFF 		bl	send_next_byte
 186              	.LVL19:
 187              	.L15:
  26:main.c        ****             button_pressed = 0;  // Reset button flag
 188              		.loc 1 26 0
 189 000e 064B     		ldr	r3, .L18+4
 190 0010 1B78     		ldrb	r3, [r3]	@ zero_extendqisi2
 191 0012 13F0FF0F 		tst	r3, #255
 192 0016 FAD0     		beq	.L15
  27:main.c        ****             send_next_byte();  // Send next byte
 193              		.loc 1 27 0
 194 0018 0022     		movs	r2, #0
 195 001a 034B     		ldr	r3, .L18+4
 196 001c 1A70     		strb	r2, [r3]
  28:main.c        ****         }
 197              		.loc 1 28 0
 198 001e FFF7FEFF 		bl	send_next_byte
 199              	.LVL20:
 200 0022 F4E7     		b	.L15
 201              	.L19:
 202              		.align	2
 203              	.L18:
 204 0024 00000000 		.word	Button_ISR
 205 0028 00000000 		.word	.LANCHOR0
 206              		.cfi_endproc
 207              	.LFE63:
 208              		.size	main, .-main
 209              		.global	data_index
 210              		.global	button_pressed
 211              		.global	merged_ram
 212              		.section	.rodata
 213              		.align	2
ARM GAS  C:\Users\twmur\AppData\Local\Temp\ccXEjo8P.s 			page 6


 214              		.set	.LANCHOR1,. + 0
 215              		.type	merged_ram, %object
 216              		.size	merged_ram, 132
 217              	merged_ram:
 218 0000 0000     		.short	0
 219 0002 3F       		.byte	63
 220 0003 F3       		.byte	-13
 221 0004 AE       		.byte	-82
 222 0005 14       		.byte	20
 223 0006 0100     		.short	1
 224 0008 7A       		.byte	122
 225 0009 E1       		.byte	-31
 226 000a 47       		.byte	71
 227 000b AE       		.byte	-82
 228 000c 0200     		.short	2
 229 000e 40       		.byte	64
 230 000f 12       		.byte	18
 231 0010 3D       		.byte	61
 232 0011 70       		.byte	112
 233 0012 0300     		.short	3
 234 0014 A3       		.byte	-93
 235 0015 D7       		.byte	-41
 236 0016 0A       		.byte	10
 237 0017 3D       		.byte	61
 238 0018 0400     		.short	4
 239 001a BF       		.byte	-65
 240 001b E8       		.byte	-24
 241 001c F5       		.byte	-11
 242 001d C2       		.byte	-62
 243 001e 0500     		.short	5
 244 0020 8F       		.byte	-113
 245 0021 5C       		.byte	92
 246 0022 28       		.byte	40
 247 0023 F6       		.byte	-10
 248 0024 0600     		.short	6
 249 0026 40       		.byte	64
 250 0027 09       		.byte	9
 251 0028 1E       		.byte	30
 252 0029 B8       		.byte	-72
 253 002a 0700     		.short	7
 254 002c 51       		.byte	81
 255 002d EB       		.byte	-21
 256 002e 85       		.byte	-123
 257 002f 1F       		.byte	31
 258 0030 0800     		.short	8
 259 0032 40       		.byte	64
 260 0033 25       		.byte	37
 261 0034 00       		.byte	0
 262 0035 00       		.byte	0
 263 0036 0900     		.short	9
 264 0038 00       		.byte	0
 265 0039 00       		.byte	0
 266 003a 00       		.byte	0
 267 003b 00       		.byte	0
 268 003c 0004     		.short	1024
 269 003e 05       		.byte	5
 270 003f 72       		.byte	114
ARM GAS  C:\Users\twmur\AppData\Local\Temp\ccXEjo8P.s 			page 7


 271 0040 0000     		.space	2
 272 0042 0A00     		.short	10
 273 0044 40       		.byte	64
 274 0045 02       		.byte	2
 275 0046 B8       		.byte	-72
 276 0047 51       		.byte	81
 277 0048 0B00     		.short	11
 278 004a EB       		.byte	-21
 279 004b 85       		.byte	-123
 280 004c 1E       		.byte	30
 281 004d B8       		.byte	-72
 282 004e 0C00     		.short	12
 283 0050 40       		.byte	64
 284 0051 16       		.byte	22
 285 0052 AE       		.byte	-82
 286 0053 14       		.byte	20
 287 0054 0D00     		.short	13
 288 0056 7A       		.byte	122
 289 0057 E1       		.byte	-31
 290 0058 47       		.byte	71
 291 0059 AE       		.byte	-82
 292 005a 0E00     		.short	14
 293 005c 3F       		.byte	63
 294 005d BE       		.byte	-66
 295 005e B8       		.byte	-72
 296 005f 51       		.byte	81
 297 0060 0F00     		.short	15
 298 0062 EB       		.byte	-21
 299 0063 85       		.byte	-123
 300 0064 1E       		.byte	30
 301 0065 B8       		.byte	-72
 302 0066 1000     		.short	16
 303 0068 C0       		.byte	-64
 304 0069 03       		.byte	3
 305 006a 99       		.byte	-103
 306 006b 99       		.byte	-103
 307 006c 1100     		.short	17
 308 006e 99       		.byte	-103
 309 006f 99       		.byte	-103
 310 0070 99       		.byte	-103
 311 0071 9A       		.byte	-102
 312 0072 1200     		.short	18
 313 0074 40       		.byte	64
 314 0075 21       		.byte	33
 315 0076 CC       		.byte	-52
 316 0077 CC       		.byte	-52
 317 0078 1300     		.short	19
 318 007a CC       		.byte	-52
 319 007b CC       		.byte	-52
 320 007c CC       		.byte	-52
 321 007d CD       		.byte	-51
 322 007e 0104     		.short	1025
 323 0080 03       		.byte	3
 324 0081 61       		.byte	97
 325 0082 0000     		.space	2
 326              		.bss
 327              		.align	1
ARM GAS  C:\Users\twmur\AppData\Local\Temp\ccXEjo8P.s 			page 8


 328              		.set	.LANCHOR0,. + 0
 329              		.type	button_pressed, %object
 330              		.size	button_pressed, 1
 331              	button_pressed:
 332 0000 00       		.space	1
 333 0001 00       		.space	1
 334              		.type	data_index, %object
 335              		.size	data_index, 2
 336              	data_index:
 337 0002 0000     		.space	2
 338              		.text
 339              	.Letext0:
 340              		.file 2 "c:\\program files (x86)\\cypress\\psoc creator\\4.4\\psoc creator\\import\\gnu\\arm\\5.4.
 341              		.file 3 "c:\\program files (x86)\\cypress\\psoc creator\\4.4\\psoc creator\\import\\gnu\\arm\\5.4.
 342              		.file 4 "outfile.h"
 343              		.file 5 "Generated_Source\\PSoC5/core_cm3.h"
 344              		.file 6 "Generated_Source\\PSoC5/CyLib.h"
 345              		.file 7 "Generated_Source\\PSoC5/Button.h"
 346              		.file 8 "Generated_Source\\PSoC5/Data_Port.h"
 347              		.file 9 "Generated_Source\\PSoC5/isr_Button.h"
 348              		.section	.debug_info,"",%progbits
 349              	.Ldebug_info0:
 350 0000 7C020000 		.4byte	0x27c
 351 0004 0400     		.2byte	0x4
 352 0006 00000000 		.4byte	.Ldebug_abbrev0
 353 000a 04       		.byte	0x4
 354 000b 01       		.uleb128 0x1
 355 000c 99000000 		.4byte	.LASF36
 356 0010 0C       		.byte	0xc
 357 0011 1B020000 		.4byte	.LASF37
 358 0015 23000000 		.4byte	.LASF38
 359 0019 00000000 		.4byte	.Ldebug_ranges0+0
 360 001d 00000000 		.4byte	0
 361 0021 00000000 		.4byte	.Ldebug_line0
 362 0025 02       		.uleb128 0x2
 363 0026 08       		.byte	0x8
 364 0027 07       		.byte	0x7
 365 0028 98010000 		.4byte	.LASF0
 366 002c 02       		.uleb128 0x2
 367 002d 04       		.byte	0x4
 368 002e 07       		.byte	0x7
 369 002f 83010000 		.4byte	.LASF1
 370 0033 02       		.uleb128 0x2
 371 0034 02       		.byte	0x2
 372 0035 07       		.byte	0x7
 373 0036 39010000 		.4byte	.LASF2
 374 003a 02       		.uleb128 0x2
 375 003b 01       		.byte	0x1
 376 003c 06       		.byte	0x6
 377 003d 71020000 		.4byte	.LASF3
 378 0041 03       		.uleb128 0x3
 379 0042 0F000000 		.4byte	.LASF6
 380 0046 02       		.byte	0x2
 381 0047 1D       		.byte	0x1d
 382 0048 4C000000 		.4byte	0x4c
 383 004c 02       		.uleb128 0x2
 384 004d 01       		.byte	0x1
ARM GAS  C:\Users\twmur\AppData\Local\Temp\ccXEjo8P.s 			page 9


 385 004e 08       		.byte	0x8
 386 004f 8B000000 		.4byte	.LASF4
 387 0053 02       		.uleb128 0x2
 388 0054 02       		.byte	0x2
 389 0055 05       		.byte	0x5
 390 0056 49020000 		.4byte	.LASF5
 391 005a 03       		.uleb128 0x3
 392 005b 59010000 		.4byte	.LASF7
 393 005f 02       		.byte	0x2
 394 0060 2B       		.byte	0x2b
 395 0061 33000000 		.4byte	0x33
 396 0065 03       		.uleb128 0x3
 397 0066 19000000 		.4byte	.LASF8
 398 006a 02       		.byte	0x2
 399 006b 3F       		.byte	0x3f
 400 006c 70000000 		.4byte	0x70
 401 0070 02       		.uleb128 0x2
 402 0071 04       		.byte	0x4
 403 0072 05       		.byte	0x5
 404 0073 5C020000 		.4byte	.LASF9
 405 0077 02       		.uleb128 0x2
 406 0078 04       		.byte	0x4
 407 0079 07       		.byte	0x7
 408 007a 27010000 		.4byte	.LASF10
 409 007e 02       		.uleb128 0x2
 410 007f 08       		.byte	0x8
 411 0080 05       		.byte	0x5
 412 0081 0D020000 		.4byte	.LASF11
 413 0085 04       		.uleb128 0x4
 414 0086 04       		.byte	0x4
 415 0087 05       		.byte	0x5
 416 0088 696E7400 		.ascii	"int\000"
 417 008c 03       		.uleb128 0x3
 418 008d AF010000 		.4byte	.LASF12
 419 0091 03       		.byte	0x3
 420 0092 18       		.byte	0x18
 421 0093 41000000 		.4byte	0x41
 422 0097 03       		.uleb128 0x3
 423 0098 53020000 		.4byte	.LASF13
 424 009c 03       		.byte	0x3
 425 009d 24       		.byte	0x24
 426 009e 5A000000 		.4byte	0x5a
 427 00a2 03       		.uleb128 0x3
 428 00a3 F0010000 		.4byte	.LASF14
 429 00a7 03       		.byte	0x3
 430 00a8 2C       		.byte	0x2c
 431 00a9 65000000 		.4byte	0x65
 432 00ad 02       		.uleb128 0x2
 433 00ae 04       		.byte	0x4
 434 00af 04       		.byte	0x4
 435 00b0 80000000 		.4byte	.LASF15
 436 00b4 02       		.uleb128 0x2
 437 00b5 08       		.byte	0x8
 438 00b6 04       		.byte	0x4
 439 00b7 6D000000 		.4byte	.LASF16
 440 00bb 02       		.uleb128 0x2
 441 00bc 01       		.byte	0x1
ARM GAS  C:\Users\twmur\AppData\Local\Temp\ccXEjo8P.s 			page 10


 442 00bd 08       		.byte	0x8
 443 00be 22020000 		.4byte	.LASF17
 444 00c2 02       		.uleb128 0x2
 445 00c3 04       		.byte	0x4
 446 00c4 07       		.byte	0x7
 447 00c5 F8010000 		.4byte	.LASF18
 448 00c9 05       		.uleb128 0x5
 449 00ca 8C000000 		.4byte	0x8c
 450 00ce 02       		.uleb128 0x2
 451 00cf 08       		.byte	0x8
 452 00d0 04       		.byte	0x4
 453 00d1 65020000 		.4byte	.LASF19
 454 00d5 06       		.uleb128 0x6
 455 00d6 06       		.byte	0x6
 456 00d7 04       		.byte	0x4
 457 00d8 09       		.byte	0x9
 458 00d9 F6000000 		.4byte	0xf6
 459 00dd 07       		.uleb128 0x7
 460 00de 90010000 		.4byte	.LASF20
 461 00e2 04       		.byte	0x4
 462 00e3 0A       		.byte	0xa
 463 00e4 97000000 		.4byte	0x97
 464 00e8 00       		.byte	0
 465 00e9 07       		.uleb128 0x7
 466 00ea 86000000 		.4byte	.LASF21
 467 00ee 04       		.byte	0x4
 468 00ef 0B       		.byte	0xb
 469 00f0 F6000000 		.4byte	0xf6
 470 00f4 02       		.byte	0x2
 471 00f5 00       		.byte	0
 472 00f6 08       		.uleb128 0x8
 473 00f7 8C000000 		.4byte	0x8c
 474 00fb 06010000 		.4byte	0x106
 475 00ff 09       		.uleb128 0x9
 476 0100 C2000000 		.4byte	0xc2
 477 0104 03       		.byte	0x3
 478 0105 00       		.byte	0
 479 0106 0A       		.uleb128 0xa
 480 0107 32020000 		.4byte	.LASF22
 481 010b 01       		.byte	0x1
 482 010c 22       		.byte	0x22
 483 010d 00000000 		.4byte	.LFB64
 484 0111 20000000 		.4byte	.LFE64-.LFB64
 485 0115 01       		.uleb128 0x1
 486 0116 9C       		.byte	0x9c
 487 0117 42010000 		.4byte	0x142
 488 011b 0B       		.uleb128 0xb
 489 011c 08000000 		.4byte	.LVL0
 490 0120 48020000 		.4byte	0x248
 491 0124 2F010000 		.4byte	0x12f
 492 0128 0C       		.uleb128 0xc
 493 0129 01       		.uleb128 0x1
 494 012a 50       		.byte	0x50
 495 012b 02       		.uleb128 0x2
 496 012c 08       		.byte	0x8
 497 012d 32       		.byte	0x32
 498 012e 00       		.byte	0
ARM GAS  C:\Users\twmur\AppData\Local\Temp\ccXEjo8P.s 			page 11


 499 012f 0D       		.uleb128 0xd
 500 0130 0C000000 		.4byte	.LVL1
 501 0134 53020000 		.4byte	0x253
 502 0138 0D       		.uleb128 0xd
 503 0139 18000000 		.4byte	.LVL2
 504 013d 5E020000 		.4byte	0x25e
 505 0141 00       		.byte	0
 506 0142 0A       		.uleb128 0xa
 507 0143 64010000 		.4byte	.LASF23
 508 0147 01       		.byte	0x1
 509 0148 2B       		.byte	0x2b
 510 0149 00000000 		.4byte	.LFB65
 511 014d 74000000 		.4byte	.LFE65-.LFB65
 512 0151 01       		.uleb128 0x1
 513 0152 9C       		.byte	0x9c
 514 0153 A7010000 		.4byte	0x1a7
 515 0157 0E       		.uleb128 0xe
 516 0158 74000000 		.4byte	.LASF24
 517 015c 01       		.byte	0x1
 518 015d 2C       		.byte	0x2c
 519 015e 97000000 		.4byte	0x97
 520 0162 16       		.byte	0x16
 521 0163 0F       		.uleb128 0xf
 522 0164 0A000000 		.4byte	.LBB2
 523 0168 52000000 		.4byte	.LBE2-.LBB2
 524 016c 10       		.uleb128 0x10
 525 016d 3D020000 		.4byte	.LASF25
 526 0171 01       		.byte	0x1
 527 0172 2F       		.byte	0x2f
 528 0173 97000000 		.4byte	0x97
 529 0177 00000000 		.4byte	.LLST0
 530 017b 10       		.uleb128 0x10
 531 017c 78010000 		.4byte	.LASF26
 532 0180 01       		.byte	0x1
 533 0181 30       		.byte	0x30
 534 0182 8C000000 		.4byte	0x8c
 535 0186 AA000000 		.4byte	.LLST1
 536 018a 0D       		.uleb128 0xd
 537 018b 30000000 		.4byte	.LVL9
 538 018f 69020000 		.4byte	0x269
 539 0193 0D       		.uleb128 0xd
 540 0194 46000000 		.4byte	.LVL13
 541 0198 69020000 		.4byte	0x269
 542 019c 0D       		.uleb128 0xd
 543 019d 5C000000 		.4byte	.LVL17
 544 01a1 69020000 		.4byte	0x269
 545 01a5 00       		.byte	0
 546 01a6 00       		.byte	0
 547 01a7 11       		.uleb128 0x11
 548 01a8 73010000 		.4byte	.LASF39
 549 01ac 01       		.byte	0x1
 550 01ad 10       		.byte	0x10
 551 01ae 85000000 		.4byte	0x85
 552 01b2 00000000 		.4byte	.LFB63
 553 01b6 2C000000 		.4byte	.LFE63-.LFB63
 554 01ba 01       		.uleb128 0x1
 555 01bb 9C       		.byte	0x9c
ARM GAS  C:\Users\twmur\AppData\Local\Temp\ccXEjo8P.s 			page 12


 556 01bc EA010000 		.4byte	0x1ea
 557 01c0 0B       		.uleb128 0xb
 558 01c1 0A000000 		.4byte	.LVL18
 559 01c5 74020000 		.4byte	0x274
 560 01c9 D7010000 		.4byte	0x1d7
 561 01cd 0C       		.uleb128 0xc
 562 01ce 01       		.uleb128 0x1
 563 01cf 50       		.byte	0x50
 564 01d0 05       		.uleb128 0x5
 565 01d1 03       		.byte	0x3
 566 01d2 00000000 		.4byte	Button_ISR
 567 01d6 00       		.byte	0
 568 01d7 0D       		.uleb128 0xd
 569 01d8 0E000000 		.4byte	.LVL19
 570 01dc 42010000 		.4byte	0x142
 571 01e0 0D       		.uleb128 0xd
 572 01e1 22000000 		.4byte	.LVL20
 573 01e5 42010000 		.4byte	0x142
 574 01e9 00       		.byte	0
 575 01ea 12       		.uleb128 0x12
 576 01eb 4C010000 		.4byte	.LASF27
 577 01ef 05       		.byte	0x5
 578 01f0 1207     		.2byte	0x712
 579 01f2 F6010000 		.4byte	0x1f6
 580 01f6 05       		.uleb128 0x5
 581 01f7 A2000000 		.4byte	0xa2
 582 01fb 08       		.uleb128 0x8
 583 01fc 0B020000 		.4byte	0x20b
 584 0200 0B020000 		.4byte	0x20b
 585 0204 09       		.uleb128 0x9
 586 0205 C2000000 		.4byte	0xc2
 587 0209 15       		.byte	0x15
 588 020a 00       		.byte	0
 589 020b 13       		.uleb128 0x13
 590 020c D5000000 		.4byte	0xd5
 591 0210 14       		.uleb128 0x14
 592 0211 85020000 		.4byte	.LASF28
 593 0215 04       		.byte	0x4
 594 0216 0C       		.byte	0xc
 595 0217 21020000 		.4byte	0x221
 596 021b 05       		.uleb128 0x5
 597 021c 03       		.byte	0x3
 598 021d 00000000 		.4byte	merged_ram
 599 0221 13       		.uleb128 0x13
 600 0222 FB010000 		.4byte	0x1fb
 601 0226 14       		.uleb128 0x14
 602 0227 00000000 		.4byte	.LASF29
 603 022b 01       		.byte	0x1
 604 022c 0A       		.byte	0xa
 605 022d C9000000 		.4byte	0xc9
 606 0231 05       		.uleb128 0x5
 607 0232 03       		.byte	0x3
 608 0233 00000000 		.4byte	button_pressed
 609 0237 14       		.uleb128 0x14
 610 0238 27020000 		.4byte	.LASF30
 611 023c 01       		.byte	0x1
 612 023d 0B       		.byte	0xb
ARM GAS  C:\Users\twmur\AppData\Local\Temp\ccXEjo8P.s 			page 13


 613 023e 97000000 		.4byte	0x97
 614 0242 05       		.uleb128 0x5
 615 0243 03       		.byte	0x3
 616 0244 00000000 		.4byte	data_index
 617 0248 15       		.uleb128 0x15
 618 0249 7D020000 		.4byte	.LASF31
 619 024d 7D020000 		.4byte	.LASF31
 620 0251 06       		.byte	0x6
 621 0252 76       		.byte	0x76
 622 0253 15       		.uleb128 0x15
 623 0254 01020000 		.4byte	.LASF32
 624 0258 01020000 		.4byte	.LASF32
 625 025c 07       		.byte	0x7
 626 025d 29       		.byte	0x29
 627 025e 15       		.uleb128 0x15
 628 025f B7010000 		.4byte	.LASF33
 629 0263 B7010000 		.4byte	.LASF33
 630 0267 07       		.byte	0x7
 631 0268 2B       		.byte	0x2b
 632 0269 15       		.uleb128 0x15
 633 026a CD010000 		.4byte	.LASF34
 634 026e CD010000 		.4byte	.LASF34
 635 0272 08       		.byte	0x8
 636 0273 26       		.byte	0x26
 637 0274 15       		.uleb128 0x15
 638 0275 DD010000 		.4byte	.LASF35
 639 0279 DD010000 		.4byte	.LASF35
 640 027d 09       		.byte	0x9
 641 027e 18       		.byte	0x18
 642 027f 00       		.byte	0
 643              		.section	.debug_abbrev,"",%progbits
 644              	.Ldebug_abbrev0:
 645 0000 01       		.uleb128 0x1
 646 0001 11       		.uleb128 0x11
 647 0002 01       		.byte	0x1
 648 0003 25       		.uleb128 0x25
 649 0004 0E       		.uleb128 0xe
 650 0005 13       		.uleb128 0x13
 651 0006 0B       		.uleb128 0xb
 652 0007 03       		.uleb128 0x3
 653 0008 0E       		.uleb128 0xe
 654 0009 1B       		.uleb128 0x1b
 655 000a 0E       		.uleb128 0xe
 656 000b 55       		.uleb128 0x55
 657 000c 17       		.uleb128 0x17
 658 000d 11       		.uleb128 0x11
 659 000e 01       		.uleb128 0x1
 660 000f 10       		.uleb128 0x10
 661 0010 17       		.uleb128 0x17
 662 0011 00       		.byte	0
 663 0012 00       		.byte	0
 664 0013 02       		.uleb128 0x2
 665 0014 24       		.uleb128 0x24
 666 0015 00       		.byte	0
 667 0016 0B       		.uleb128 0xb
 668 0017 0B       		.uleb128 0xb
 669 0018 3E       		.uleb128 0x3e
ARM GAS  C:\Users\twmur\AppData\Local\Temp\ccXEjo8P.s 			page 14


 670 0019 0B       		.uleb128 0xb
 671 001a 03       		.uleb128 0x3
 672 001b 0E       		.uleb128 0xe
 673 001c 00       		.byte	0
 674 001d 00       		.byte	0
 675 001e 03       		.uleb128 0x3
 676 001f 16       		.uleb128 0x16
 677 0020 00       		.byte	0
 678 0021 03       		.uleb128 0x3
 679 0022 0E       		.uleb128 0xe
 680 0023 3A       		.uleb128 0x3a
 681 0024 0B       		.uleb128 0xb
 682 0025 3B       		.uleb128 0x3b
 683 0026 0B       		.uleb128 0xb
 684 0027 49       		.uleb128 0x49
 685 0028 13       		.uleb128 0x13
 686 0029 00       		.byte	0
 687 002a 00       		.byte	0
 688 002b 04       		.uleb128 0x4
 689 002c 24       		.uleb128 0x24
 690 002d 00       		.byte	0
 691 002e 0B       		.uleb128 0xb
 692 002f 0B       		.uleb128 0xb
 693 0030 3E       		.uleb128 0x3e
 694 0031 0B       		.uleb128 0xb
 695 0032 03       		.uleb128 0x3
 696 0033 08       		.uleb128 0x8
 697 0034 00       		.byte	0
 698 0035 00       		.byte	0
 699 0036 05       		.uleb128 0x5
 700 0037 35       		.uleb128 0x35
 701 0038 00       		.byte	0
 702 0039 49       		.uleb128 0x49
 703 003a 13       		.uleb128 0x13
 704 003b 00       		.byte	0
 705 003c 00       		.byte	0
 706 003d 06       		.uleb128 0x6
 707 003e 13       		.uleb128 0x13
 708 003f 01       		.byte	0x1
 709 0040 0B       		.uleb128 0xb
 710 0041 0B       		.uleb128 0xb
 711 0042 3A       		.uleb128 0x3a
 712 0043 0B       		.uleb128 0xb
 713 0044 3B       		.uleb128 0x3b
 714 0045 0B       		.uleb128 0xb
 715 0046 01       		.uleb128 0x1
 716 0047 13       		.uleb128 0x13
 717 0048 00       		.byte	0
 718 0049 00       		.byte	0
 719 004a 07       		.uleb128 0x7
 720 004b 0D       		.uleb128 0xd
 721 004c 00       		.byte	0
 722 004d 03       		.uleb128 0x3
 723 004e 0E       		.uleb128 0xe
 724 004f 3A       		.uleb128 0x3a
 725 0050 0B       		.uleb128 0xb
 726 0051 3B       		.uleb128 0x3b
ARM GAS  C:\Users\twmur\AppData\Local\Temp\ccXEjo8P.s 			page 15


 727 0052 0B       		.uleb128 0xb
 728 0053 49       		.uleb128 0x49
 729 0054 13       		.uleb128 0x13
 730 0055 38       		.uleb128 0x38
 731 0056 0B       		.uleb128 0xb
 732 0057 00       		.byte	0
 733 0058 00       		.byte	0
 734 0059 08       		.uleb128 0x8
 735 005a 01       		.uleb128 0x1
 736 005b 01       		.byte	0x1
 737 005c 49       		.uleb128 0x49
 738 005d 13       		.uleb128 0x13
 739 005e 01       		.uleb128 0x1
 740 005f 13       		.uleb128 0x13
 741 0060 00       		.byte	0
 742 0061 00       		.byte	0
 743 0062 09       		.uleb128 0x9
 744 0063 21       		.uleb128 0x21
 745 0064 00       		.byte	0
 746 0065 49       		.uleb128 0x49
 747 0066 13       		.uleb128 0x13
 748 0067 2F       		.uleb128 0x2f
 749 0068 0B       		.uleb128 0xb
 750 0069 00       		.byte	0
 751 006a 00       		.byte	0
 752 006b 0A       		.uleb128 0xa
 753 006c 2E       		.uleb128 0x2e
 754 006d 01       		.byte	0x1
 755 006e 3F       		.uleb128 0x3f
 756 006f 19       		.uleb128 0x19
 757 0070 03       		.uleb128 0x3
 758 0071 0E       		.uleb128 0xe
 759 0072 3A       		.uleb128 0x3a
 760 0073 0B       		.uleb128 0xb
 761 0074 3B       		.uleb128 0x3b
 762 0075 0B       		.uleb128 0xb
 763 0076 27       		.uleb128 0x27
 764 0077 19       		.uleb128 0x19
 765 0078 11       		.uleb128 0x11
 766 0079 01       		.uleb128 0x1
 767 007a 12       		.uleb128 0x12
 768 007b 06       		.uleb128 0x6
 769 007c 40       		.uleb128 0x40
 770 007d 18       		.uleb128 0x18
 771 007e 9742     		.uleb128 0x2117
 772 0080 19       		.uleb128 0x19
 773 0081 01       		.uleb128 0x1
 774 0082 13       		.uleb128 0x13
 775 0083 00       		.byte	0
 776 0084 00       		.byte	0
 777 0085 0B       		.uleb128 0xb
 778 0086 898201   		.uleb128 0x4109
 779 0089 01       		.byte	0x1
 780 008a 11       		.uleb128 0x11
 781 008b 01       		.uleb128 0x1
 782 008c 31       		.uleb128 0x31
 783 008d 13       		.uleb128 0x13
ARM GAS  C:\Users\twmur\AppData\Local\Temp\ccXEjo8P.s 			page 16


 784 008e 01       		.uleb128 0x1
 785 008f 13       		.uleb128 0x13
 786 0090 00       		.byte	0
 787 0091 00       		.byte	0
 788 0092 0C       		.uleb128 0xc
 789 0093 8A8201   		.uleb128 0x410a
 790 0096 00       		.byte	0
 791 0097 02       		.uleb128 0x2
 792 0098 18       		.uleb128 0x18
 793 0099 9142     		.uleb128 0x2111
 794 009b 18       		.uleb128 0x18
 795 009c 00       		.byte	0
 796 009d 00       		.byte	0
 797 009e 0D       		.uleb128 0xd
 798 009f 898201   		.uleb128 0x4109
 799 00a2 00       		.byte	0
 800 00a3 11       		.uleb128 0x11
 801 00a4 01       		.uleb128 0x1
 802 00a5 31       		.uleb128 0x31
 803 00a6 13       		.uleb128 0x13
 804 00a7 00       		.byte	0
 805 00a8 00       		.byte	0
 806 00a9 0E       		.uleb128 0xe
 807 00aa 34       		.uleb128 0x34
 808 00ab 00       		.byte	0
 809 00ac 03       		.uleb128 0x3
 810 00ad 0E       		.uleb128 0xe
 811 00ae 3A       		.uleb128 0x3a
 812 00af 0B       		.uleb128 0xb
 813 00b0 3B       		.uleb128 0x3b
 814 00b1 0B       		.uleb128 0xb
 815 00b2 49       		.uleb128 0x49
 816 00b3 13       		.uleb128 0x13
 817 00b4 1C       		.uleb128 0x1c
 818 00b5 0B       		.uleb128 0xb
 819 00b6 00       		.byte	0
 820 00b7 00       		.byte	0
 821 00b8 0F       		.uleb128 0xf
 822 00b9 0B       		.uleb128 0xb
 823 00ba 01       		.byte	0x1
 824 00bb 11       		.uleb128 0x11
 825 00bc 01       		.uleb128 0x1
 826 00bd 12       		.uleb128 0x12
 827 00be 06       		.uleb128 0x6
 828 00bf 00       		.byte	0
 829 00c0 00       		.byte	0
 830 00c1 10       		.uleb128 0x10
 831 00c2 34       		.uleb128 0x34
 832 00c3 00       		.byte	0
 833 00c4 03       		.uleb128 0x3
 834 00c5 0E       		.uleb128 0xe
 835 00c6 3A       		.uleb128 0x3a
 836 00c7 0B       		.uleb128 0xb
 837 00c8 3B       		.uleb128 0x3b
 838 00c9 0B       		.uleb128 0xb
 839 00ca 49       		.uleb128 0x49
 840 00cb 13       		.uleb128 0x13
ARM GAS  C:\Users\twmur\AppData\Local\Temp\ccXEjo8P.s 			page 17


 841 00cc 02       		.uleb128 0x2
 842 00cd 17       		.uleb128 0x17
 843 00ce 00       		.byte	0
 844 00cf 00       		.byte	0
 845 00d0 11       		.uleb128 0x11
 846 00d1 2E       		.uleb128 0x2e
 847 00d2 01       		.byte	0x1
 848 00d3 3F       		.uleb128 0x3f
 849 00d4 19       		.uleb128 0x19
 850 00d5 03       		.uleb128 0x3
 851 00d6 0E       		.uleb128 0xe
 852 00d7 3A       		.uleb128 0x3a
 853 00d8 0B       		.uleb128 0xb
 854 00d9 3B       		.uleb128 0x3b
 855 00da 0B       		.uleb128 0xb
 856 00db 27       		.uleb128 0x27
 857 00dc 19       		.uleb128 0x19
 858 00dd 49       		.uleb128 0x49
 859 00de 13       		.uleb128 0x13
 860 00df 8701     		.uleb128 0x87
 861 00e1 19       		.uleb128 0x19
 862 00e2 11       		.uleb128 0x11
 863 00e3 01       		.uleb128 0x1
 864 00e4 12       		.uleb128 0x12
 865 00e5 06       		.uleb128 0x6
 866 00e6 40       		.uleb128 0x40
 867 00e7 18       		.uleb128 0x18
 868 00e8 9742     		.uleb128 0x2117
 869 00ea 19       		.uleb128 0x19
 870 00eb 01       		.uleb128 0x1
 871 00ec 13       		.uleb128 0x13
 872 00ed 00       		.byte	0
 873 00ee 00       		.byte	0
 874 00ef 12       		.uleb128 0x12
 875 00f0 34       		.uleb128 0x34
 876 00f1 00       		.byte	0
 877 00f2 03       		.uleb128 0x3
 878 00f3 0E       		.uleb128 0xe
 879 00f4 3A       		.uleb128 0x3a
 880 00f5 0B       		.uleb128 0xb
 881 00f6 3B       		.uleb128 0x3b
 882 00f7 05       		.uleb128 0x5
 883 00f8 49       		.uleb128 0x49
 884 00f9 13       		.uleb128 0x13
 885 00fa 3F       		.uleb128 0x3f
 886 00fb 19       		.uleb128 0x19
 887 00fc 3C       		.uleb128 0x3c
 888 00fd 19       		.uleb128 0x19
 889 00fe 00       		.byte	0
 890 00ff 00       		.byte	0
 891 0100 13       		.uleb128 0x13
 892 0101 26       		.uleb128 0x26
 893 0102 00       		.byte	0
 894 0103 49       		.uleb128 0x49
 895 0104 13       		.uleb128 0x13
 896 0105 00       		.byte	0
 897 0106 00       		.byte	0
ARM GAS  C:\Users\twmur\AppData\Local\Temp\ccXEjo8P.s 			page 18


 898 0107 14       		.uleb128 0x14
 899 0108 34       		.uleb128 0x34
 900 0109 00       		.byte	0
 901 010a 03       		.uleb128 0x3
 902 010b 0E       		.uleb128 0xe
 903 010c 3A       		.uleb128 0x3a
 904 010d 0B       		.uleb128 0xb
 905 010e 3B       		.uleb128 0x3b
 906 010f 0B       		.uleb128 0xb
 907 0110 49       		.uleb128 0x49
 908 0111 13       		.uleb128 0x13
 909 0112 3F       		.uleb128 0x3f
 910 0113 19       		.uleb128 0x19
 911 0114 02       		.uleb128 0x2
 912 0115 18       		.uleb128 0x18
 913 0116 00       		.byte	0
 914 0117 00       		.byte	0
 915 0118 15       		.uleb128 0x15
 916 0119 2E       		.uleb128 0x2e
 917 011a 00       		.byte	0
 918 011b 3F       		.uleb128 0x3f
 919 011c 19       		.uleb128 0x19
 920 011d 3C       		.uleb128 0x3c
 921 011e 19       		.uleb128 0x19
 922 011f 6E       		.uleb128 0x6e
 923 0120 0E       		.uleb128 0xe
 924 0121 03       		.uleb128 0x3
 925 0122 0E       		.uleb128 0xe
 926 0123 3A       		.uleb128 0x3a
 927 0124 0B       		.uleb128 0xb
 928 0125 3B       		.uleb128 0x3b
 929 0126 0B       		.uleb128 0xb
 930 0127 00       		.byte	0
 931 0128 00       		.byte	0
 932 0129 00       		.byte	0
 933              		.section	.debug_loc,"",%progbits
 934              	.Ldebug_loc0:
 935              	.LLST0:
 936 0000 14000000 		.4byte	.LVL4
 937 0004 26000000 		.4byte	.LVL7
 938 0008 0100     		.2byte	0x1
 939 000a 51       		.byte	0x51
 940 000b 26000000 		.4byte	.LVL7
 941 000f 2F000000 		.4byte	.LVL9-1
 942 0013 2100     		.2byte	0x21
 943 0015 03       		.byte	0x3
 944 0016 00000000 		.4byte	data_index
 945 001a 94       		.byte	0x94
 946 001b 02       		.byte	0x2
 947 001c F7       		.byte	0xf7
 948 001d 33       		.uleb128 0x33
 949 001e F7       		.byte	0xf7
 950 001f 25       		.uleb128 0x25
 951 0020 F4       		.byte	0xf4
 952 0021 25       		.uleb128 0x25
 953 0022 08       		.byte	0x8
 954 0023 ABAAAAAA 		.8byte	0xaaaaaaab
ARM GAS  C:\Users\twmur\AppData\Local\Temp\ccXEjo8P.s 			page 19


 954      00000000 
 955 002b 1E       		.byte	0x1e
 956 002c 08       		.byte	0x8
 957 002d 20       		.byte	0x20
 958 002e F7       		.byte	0xf7
 959 002f 25       		.uleb128 0x25
 960 0030 25       		.byte	0x25
 961 0031 F7       		.byte	0xf7
 962 0032 2C       		.uleb128 0x2c
 963 0033 32       		.byte	0x32
 964 0034 25       		.byte	0x25
 965 0035 9F       		.byte	0x9f
 966 0036 32000000 		.4byte	.LVL10
 967 003a 3A000000 		.4byte	.LVL11
 968 003e 0100     		.2byte	0x1
 969 0040 51       		.byte	0x51
 970 0041 3A000000 		.4byte	.LVL11
 971 0045 45000000 		.4byte	.LVL13-1
 972 0049 2100     		.2byte	0x21
 973 004b 03       		.byte	0x3
 974 004c 00000000 		.4byte	data_index
 975 0050 94       		.byte	0x94
 976 0051 02       		.byte	0x2
 977 0052 F7       		.byte	0xf7
 978 0053 33       		.uleb128 0x33
 979 0054 F7       		.byte	0xf7
 980 0055 25       		.uleb128 0x25
 981 0056 F4       		.byte	0xf4
 982 0057 25       		.uleb128 0x25
 983 0058 08       		.byte	0x8
 984 0059 ABAAAAAA 		.8byte	0xaaaaaaab
 984      00000000 
 985 0061 1E       		.byte	0x1e
 986 0062 08       		.byte	0x8
 987 0063 20       		.byte	0x20
 988 0064 F7       		.byte	0xf7
 989 0065 25       		.uleb128 0x25
 990 0066 25       		.byte	0x25
 991 0067 F7       		.byte	0xf7
 992 0068 2C       		.uleb128 0x2c
 993 0069 32       		.byte	0x32
 994 006a 25       		.byte	0x25
 995 006b 9F       		.byte	0x9f
 996 006c 48000000 		.4byte	.LVL14
 997 0070 4E000000 		.4byte	.LVL15
 998 0074 0100     		.2byte	0x1
 999 0076 51       		.byte	0x51
 1000 0077 4E000000 		.4byte	.LVL15
 1001 007b 5B000000 		.4byte	.LVL17-1
 1002 007f 2100     		.2byte	0x21
 1003 0081 03       		.byte	0x3
 1004 0082 00000000 		.4byte	data_index
 1005 0086 94       		.byte	0x94
 1006 0087 02       		.byte	0x2
 1007 0088 F7       		.byte	0xf7
 1008 0089 33       		.uleb128 0x33
 1009 008a F7       		.byte	0xf7
ARM GAS  C:\Users\twmur\AppData\Local\Temp\ccXEjo8P.s 			page 20


 1010 008b 25       		.uleb128 0x25
 1011 008c F4       		.byte	0xf4
 1012 008d 25       		.uleb128 0x25
 1013 008e 08       		.byte	0x8
 1014 008f ABAAAAAA 		.8byte	0xaaaaaaab
 1014      00000000 
 1015 0097 1E       		.byte	0x1e
 1016 0098 08       		.byte	0x8
 1017 0099 20       		.byte	0x20
 1018 009a F7       		.byte	0xf7
 1019 009b 25       		.uleb128 0x25
 1020 009c 25       		.byte	0x25
 1021 009d F7       		.byte	0xf7
 1022 009e 2C       		.uleb128 0x2c
 1023 009f 32       		.byte	0x32
 1024 00a0 25       		.byte	0x25
 1025 00a1 9F       		.byte	0x9f
 1026 00a2 00000000 		.4byte	0
 1027 00a6 00000000 		.4byte	0
 1028              	.LLST1:
 1029 00aa 1C000000 		.4byte	.LVL5
 1030 00ae 20000000 		.4byte	.LVL6
 1031 00b2 0100     		.2byte	0x1
 1032 00b4 53       		.byte	0x53
 1033 00b5 20000000 		.4byte	.LVL6
 1034 00b9 2C000000 		.4byte	.LVL8
 1035 00bd 0F00     		.2byte	0xf
 1036 00bf 03       		.byte	0x3
 1037 00c0 00000000 		.4byte	data_index
 1038 00c4 94       		.byte	0x94
 1039 00c5 02       		.byte	0x2
 1040 00c6 0A       		.byte	0xa
 1041 00c7 FFFF     		.2byte	0xffff
 1042 00c9 1A       		.byte	0x1a
 1043 00ca 70       		.byte	0x70
 1044 00cb 00       		.sleb128 0
 1045 00cc 1C       		.byte	0x1c
 1046 00cd 9F       		.byte	0x9f
 1047 00ce 2C000000 		.4byte	.LVL8
 1048 00d2 2F000000 		.4byte	.LVL9-1
 1049 00d6 3100     		.2byte	0x31
 1050 00d8 03       		.byte	0x3
 1051 00d9 00000000 		.4byte	data_index
 1052 00dd 94       		.byte	0x94
 1053 00de 02       		.byte	0x2
 1054 00df 0A       		.byte	0xa
 1055 00e0 FFFF     		.2byte	0xffff
 1056 00e2 1A       		.byte	0x1a
 1057 00e3 03       		.byte	0x3
 1058 00e4 00000000 		.4byte	data_index
 1059 00e8 94       		.byte	0x94
 1060 00e9 02       		.byte	0x2
 1061 00ea F7       		.byte	0xf7
 1062 00eb 33       		.uleb128 0x33
 1063 00ec F7       		.byte	0xf7
 1064 00ed 25       		.uleb128 0x25
 1065 00ee F4       		.byte	0xf4
ARM GAS  C:\Users\twmur\AppData\Local\Temp\ccXEjo8P.s 			page 21


 1066 00ef 25       		.uleb128 0x25
 1067 00f0 08       		.byte	0x8
 1068 00f1 ABAAAAAA 		.8byte	0xaaaaaaab
 1068      00000000 
 1069 00f9 1E       		.byte	0x1e
 1070 00fa 08       		.byte	0x8
 1071 00fb 20       		.byte	0x20
 1072 00fc F7       		.byte	0xf7
 1073 00fd 25       		.uleb128 0x25
 1074 00fe 25       		.byte	0x25
 1075 00ff F7       		.byte	0xf7
 1076 0100 2C       		.uleb128 0x2c
 1077 0101 32       		.byte	0x32
 1078 0102 25       		.byte	0x25
 1079 0103 33       		.byte	0x33
 1080 0104 1E       		.byte	0x1e
 1081 0105 31       		.byte	0x31
 1082 0106 24       		.byte	0x24
 1083 0107 1C       		.byte	0x1c
 1084 0108 9F       		.byte	0x9f
 1085 0109 32000000 		.4byte	.LVL10
 1086 010d 40000000 		.4byte	.LVL12
 1087 0111 0F00     		.2byte	0xf
 1088 0113 03       		.byte	0x3
 1089 0114 00000000 		.4byte	data_index
 1090 0118 94       		.byte	0x94
 1091 0119 02       		.byte	0x2
 1092 011a 0A       		.byte	0xa
 1093 011b FFFF     		.2byte	0xffff
 1094 011d 1A       		.byte	0x1a
 1095 011e 70       		.byte	0x70
 1096 011f 00       		.sleb128 0
 1097 0120 1C       		.byte	0x1c
 1098 0121 9F       		.byte	0x9f
 1099 0122 40000000 		.4byte	.LVL12
 1100 0126 45000000 		.4byte	.LVL13-1
 1101 012a 3100     		.2byte	0x31
 1102 012c 03       		.byte	0x3
 1103 012d 00000000 		.4byte	data_index
 1104 0131 94       		.byte	0x94
 1105 0132 02       		.byte	0x2
 1106 0133 0A       		.byte	0xa
 1107 0134 FFFF     		.2byte	0xffff
 1108 0136 1A       		.byte	0x1a
 1109 0137 03       		.byte	0x3
 1110 0138 00000000 		.4byte	data_index
 1111 013c 94       		.byte	0x94
 1112 013d 02       		.byte	0x2
 1113 013e F7       		.byte	0xf7
 1114 013f 33       		.uleb128 0x33
 1115 0140 F7       		.byte	0xf7
 1116 0141 25       		.uleb128 0x25
 1117 0142 F4       		.byte	0xf4
 1118 0143 25       		.uleb128 0x25
 1119 0144 08       		.byte	0x8
 1120 0145 ABAAAAAA 		.8byte	0xaaaaaaab
 1120      00000000 
ARM GAS  C:\Users\twmur\AppData\Local\Temp\ccXEjo8P.s 			page 22


 1121 014d 1E       		.byte	0x1e
 1122 014e 08       		.byte	0x8
 1123 014f 20       		.byte	0x20
 1124 0150 F7       		.byte	0xf7
 1125 0151 25       		.uleb128 0x25
 1126 0152 25       		.byte	0x25
 1127 0153 F7       		.byte	0xf7
 1128 0154 2C       		.uleb128 0x2c
 1129 0155 32       		.byte	0x32
 1130 0156 25       		.byte	0x25
 1131 0157 33       		.byte	0x33
 1132 0158 1E       		.byte	0x1e
 1133 0159 31       		.byte	0x31
 1134 015a 24       		.byte	0x24
 1135 015b 1C       		.byte	0x1c
 1136 015c 9F       		.byte	0x9f
 1137 015d 48000000 		.4byte	.LVL14
 1138 0161 58000000 		.4byte	.LVL16
 1139 0165 0F00     		.2byte	0xf
 1140 0167 03       		.byte	0x3
 1141 0168 00000000 		.4byte	data_index
 1142 016c 94       		.byte	0x94
 1143 016d 02       		.byte	0x2
 1144 016e 0A       		.byte	0xa
 1145 016f FFFF     		.2byte	0xffff
 1146 0171 1A       		.byte	0x1a
 1147 0172 70       		.byte	0x70
 1148 0173 00       		.sleb128 0
 1149 0174 1C       		.byte	0x1c
 1150 0175 9F       		.byte	0x9f
 1151 0176 58000000 		.4byte	.LVL16
 1152 017a 5B000000 		.4byte	.LVL17-1
 1153 017e 3100     		.2byte	0x31
 1154 0180 03       		.byte	0x3
 1155 0181 00000000 		.4byte	data_index
 1156 0185 94       		.byte	0x94
 1157 0186 02       		.byte	0x2
 1158 0187 0A       		.byte	0xa
 1159 0188 FFFF     		.2byte	0xffff
 1160 018a 1A       		.byte	0x1a
 1161 018b 03       		.byte	0x3
 1162 018c 00000000 		.4byte	data_index
 1163 0190 94       		.byte	0x94
 1164 0191 02       		.byte	0x2
 1165 0192 F7       		.byte	0xf7
 1166 0193 33       		.uleb128 0x33
 1167 0194 F7       		.byte	0xf7
 1168 0195 25       		.uleb128 0x25
 1169 0196 F4       		.byte	0xf4
 1170 0197 25       		.uleb128 0x25
 1171 0198 08       		.byte	0x8
 1172 0199 ABAAAAAA 		.8byte	0xaaaaaaab
 1172      00000000 
 1173 01a1 1E       		.byte	0x1e
 1174 01a2 08       		.byte	0x8
 1175 01a3 20       		.byte	0x20
 1176 01a4 F7       		.byte	0xf7
ARM GAS  C:\Users\twmur\AppData\Local\Temp\ccXEjo8P.s 			page 23


 1177 01a5 25       		.uleb128 0x25
 1178 01a6 25       		.byte	0x25
 1179 01a7 F7       		.byte	0xf7
 1180 01a8 2C       		.uleb128 0x2c
 1181 01a9 32       		.byte	0x32
 1182 01aa 25       		.byte	0x25
 1183 01ab 33       		.byte	0x33
 1184 01ac 1E       		.byte	0x1e
 1185 01ad 31       		.byte	0x31
 1186 01ae 24       		.byte	0x24
 1187 01af 1C       		.byte	0x1c
 1188 01b0 9F       		.byte	0x9f
 1189 01b1 00000000 		.4byte	0
 1190 01b5 00000000 		.4byte	0
 1191              		.section	.debug_aranges,"",%progbits
 1192 0000 2C000000 		.4byte	0x2c
 1193 0004 0200     		.2byte	0x2
 1194 0006 00000000 		.4byte	.Ldebug_info0
 1195 000a 04       		.byte	0x4
 1196 000b 00       		.byte	0
 1197 000c 0000     		.2byte	0
 1198 000e 0000     		.2byte	0
 1199 0010 00000000 		.4byte	.LFB64
 1200 0014 20000000 		.4byte	.LFE64-.LFB64
 1201 0018 00000000 		.4byte	.LFB65
 1202 001c 74000000 		.4byte	.LFE65-.LFB65
 1203 0020 00000000 		.4byte	.LFB63
 1204 0024 2C000000 		.4byte	.LFE63-.LFB63
 1205 0028 00000000 		.4byte	0
 1206 002c 00000000 		.4byte	0
 1207              		.section	.debug_ranges,"",%progbits
 1208              	.Ldebug_ranges0:
 1209 0000 00000000 		.4byte	.LFB64
 1210 0004 20000000 		.4byte	.LFE64
 1211 0008 00000000 		.4byte	.LFB65
 1212 000c 74000000 		.4byte	.LFE65
 1213 0010 00000000 		.4byte	.LFB63
 1214 0014 2C000000 		.4byte	.LFE63
 1215 0018 00000000 		.4byte	0
 1216 001c 00000000 		.4byte	0
 1217              		.section	.debug_line,"",%progbits
 1218              	.Ldebug_line0:
 1219 0000 C8010000 		.section	.debug_str,"MS",%progbits,1
 1219      02008201 
 1219      00000201 
 1219      FB0E0D00 
 1219      01010101 
 1220              	.LASF29:
 1221 0000 62757474 		.ascii	"button_pressed\000"
 1221      6F6E5F70 
 1221      72657373 
 1221      656400
 1222              	.LASF6:
 1223 000f 5F5F7569 		.ascii	"__uint8_t\000"
 1223      6E74385F 
 1223      7400
 1224              	.LASF8:
ARM GAS  C:\Users\twmur\AppData\Local\Temp\ccXEjo8P.s 			page 24


 1225 0019 5F5F696E 		.ascii	"__int32_t\000"
 1225      7433325F 
 1225      7400
 1226              	.LASF38:
 1227 0023 433A5C55 		.ascii	"C:\\Users\\twmur\\OneDrive\\Documents\\PSoC Creator"
 1227      73657273 
 1227      5C74776D 
 1227      75725C4F 
 1227      6E654472 
 1228 0051 5C576F72 		.ascii	"\\Workspace02\\RoughCom.cydsn\000"
 1228      6B737061 
 1228      63653032 
 1228      5C526F75 
 1228      6768436F 
 1229              	.LASF16:
 1230 006d 646F7562 		.ascii	"double\000"
 1230      6C6500
 1231              	.LASF24:
 1232 0074 746F7461 		.ascii	"total_bytes\000"
 1232      6C5F6279 
 1232      74657300 
 1233              	.LASF15:
 1234 0080 666C6F61 		.ascii	"float\000"
 1234      7400
 1235              	.LASF21:
 1236 0086 64617461 		.ascii	"data\000"
 1236      00
 1237              	.LASF4:
 1238 008b 756E7369 		.ascii	"unsigned char\000"
 1238      676E6564 
 1238      20636861 
 1238      7200
 1239              	.LASF36:
 1240 0099 474E5520 		.ascii	"GNU C11 5.4.1 20160609 (release) [ARM/embedded-5-br"
 1240      43313120 
 1240      352E342E 
 1240      31203230 
 1240      31363036 
 1241 00cc 616E6368 		.ascii	"anch revision 237715] -mcpu=cortex-m3 -mthumb -g -O"
 1241      20726576 
 1241      6973696F 
 1241      6E203233 
 1241      37373135 
 1242 00ff 67202D66 		.ascii	"g -ffunction-sections -ffat-lto-objects\000"
 1242      66756E63 
 1242      74696F6E 
 1242      2D736563 
 1242      74696F6E 
 1243              	.LASF10:
 1244 0127 6C6F6E67 		.ascii	"long unsigned int\000"
 1244      20756E73 
 1244      69676E65 
 1244      6420696E 
 1244      7400
 1245              	.LASF2:
 1246 0139 73686F72 		.ascii	"short unsigned int\000"
 1246      7420756E 
ARM GAS  C:\Users\twmur\AppData\Local\Temp\ccXEjo8P.s 			page 25


 1246      7369676E 
 1246      65642069 
 1246      6E7400
 1247              	.LASF27:
 1248 014c 49544D5F 		.ascii	"ITM_RxBuffer\000"
 1248      52784275 
 1248      66666572 
 1248      00
 1249              	.LASF7:
 1250 0159 5F5F7569 		.ascii	"__uint16_t\000"
 1250      6E743136 
 1250      5F7400
 1251              	.LASF23:
 1252 0164 73656E64 		.ascii	"send_next_byte\000"
 1252      5F6E6578 
 1252      745F6279 
 1252      746500
 1253              	.LASF39:
 1254 0173 6D61696E 		.ascii	"main\000"
 1254      00
 1255              	.LASF26:
 1256 0178 62797465 		.ascii	"byte_index\000"
 1256      5F696E64 
 1256      657800
 1257              	.LASF1:
 1258 0183 756E7369 		.ascii	"unsigned int\000"
 1258      676E6564 
 1258      20696E74 
 1258      00
 1259              	.LASF20:
 1260 0190 61646472 		.ascii	"address\000"
 1260      65737300 
 1261              	.LASF0:
 1262 0198 6C6F6E67 		.ascii	"long long unsigned int\000"
 1262      206C6F6E 
 1262      6720756E 
 1262      7369676E 
 1262      65642069 
 1263              	.LASF12:
 1264 01af 75696E74 		.ascii	"uint8_t\000"
 1264      385F7400 
 1265              	.LASF33:
 1266 01b7 42757474 		.ascii	"Button_ClearInterrupt\000"
 1266      6F6E5F43 
 1266      6C656172 
 1266      496E7465 
 1266      72727570 
 1267              	.LASF34:
 1268 01cd 44617461 		.ascii	"Data_Port_Write\000"
 1268      5F506F72 
 1268      745F5772 
 1268      69746500 
 1269              	.LASF35:
 1270 01dd 6973725F 		.ascii	"isr_Button_StartEx\000"
 1270      42757474 
 1270      6F6E5F53 
 1270      74617274 
ARM GAS  C:\Users\twmur\AppData\Local\Temp\ccXEjo8P.s 			page 26


 1270      457800
 1271              	.LASF14:
 1272 01f0 696E7433 		.ascii	"int32_t\000"
 1272      325F7400 
 1273              	.LASF18:
 1274 01f8 73697A65 		.ascii	"sizetype\000"
 1274      74797065 
 1274      00
 1275              	.LASF32:
 1276 0201 42757474 		.ascii	"Button_Read\000"
 1276      6F6E5F52 
 1276      65616400 
 1277              	.LASF11:
 1278 020d 6C6F6E67 		.ascii	"long long int\000"
 1278      206C6F6E 
 1278      6720696E 
 1278      7400
 1279              	.LASF37:
 1280 021b 6D61696E 		.ascii	"main.c\000"
 1280      2E6300
 1281              	.LASF17:
 1282 0222 63686172 		.ascii	"char\000"
 1282      00
 1283              	.LASF30:
 1284 0227 64617461 		.ascii	"data_index\000"
 1284      5F696E64 
 1284      657800
 1285              	.LASF22:
 1286 0232 42757474 		.ascii	"Button_ISR\000"
 1286      6F6E5F49 
 1286      535200
 1287              	.LASF25:
 1288 023d 656E7472 		.ascii	"entry_index\000"
 1288      795F696E 
 1288      64657800 
 1289              	.LASF5:
 1290 0249 73686F72 		.ascii	"short int\000"
 1290      7420696E 
 1290      7400
 1291              	.LASF13:
 1292 0253 75696E74 		.ascii	"uint16_t\000"
 1292      31365F74 
 1292      00
 1293              	.LASF9:
 1294 025c 6C6F6E67 		.ascii	"long int\000"
 1294      20696E74 
 1294      00
 1295              	.LASF19:
 1296 0265 6C6F6E67 		.ascii	"long double\000"
 1296      20646F75 
 1296      626C6500 
 1297              	.LASF3:
 1298 0271 7369676E 		.ascii	"signed char\000"
 1298      65642063 
 1298      68617200 
 1299              	.LASF31:
 1300 027d 43794465 		.ascii	"CyDelay\000"
ARM GAS  C:\Users\twmur\AppData\Local\Temp\ccXEjo8P.s 			page 27


 1300      6C617900 
 1301              	.LASF28:
 1302 0285 6D657267 		.ascii	"merged_ram\000"
 1302      65645F72 
 1302      616D00
 1303              		.ident	"GCC: (GNU Tools for ARM Embedded Processors) 5.4.1 20160609 (release) [ARM/embedded-5-bran
