
*** Running vivado
    with args -log float_to_fixed.vds -m64 -product Vivado -mode batch -messageDb vivado.pb -notrace -source float_to_fixed.tcl


****** Vivado v2024.1 (64-bit)
  **** SW Build 5076996 on Wed May 22 18:36:09 MDT 2024
  **** IP Build 5075265 on Wed May 22 21:45:21 MDT 2024
  **** SharedData Build 5076995 on Wed May 22 18:29:18 MDT 2024
  **** Start of session at: Tue Feb  4 17:45:22 2025
    ** Copyright 1986-2022 Xilinx, Inc. All Rights Reserved.
    ** Copyright 2022-2024 Advanced Micro Devices, Inc. All Rights Reserved.

source float_to_fixed.tcl -notrace
create_project: Time (s): cpu = 00:00:10 ; elapsed = 00:00:10 . Memory (MB): peak = 1446.523 ; gain = 42.836 ; free physical = 113822 ; free virtual = 121871
INFO: [IP_Flow 19-6924] IPCACHE: Running cache check for IP inst: float_to_fixed
Command: synth_design -top float_to_fixed -part xc7a200tsbg484-1 -incremental_mode off -mode out_of_context
Starting synth_design
Attempting to get a license for feature 'Synthesis' and/or device 'xc7a200t'
INFO: [Common 17-349] Got license for feature 'Synthesis' and/or device 'xc7a200t'
INFO: [Device 21-403] Loading part xc7a200tsbg484-1
INFO: [Device 21-9227] Part: xc7a200tsbg484-1 does not have CEAM library.
INFO: [Synth 8-7079] Multithreading enabled for synth_design using a maximum of 4 processes.
INFO: [Synth 8-7078] Launching helper process for spawning children vivado processes
INFO: [Synth 8-7075] Helper process launched with PID 48869
---------------------------------------------------------------------------------
Starting RTL Elaboration : Time (s): cpu = 00:00:07 ; elapsed = 00:00:07 . Memory (MB): peak = 2257.684 ; gain = 412.715 ; free physical = 113161 ; free virtual = 121218
---------------------------------------------------------------------------------
INFO: [Synth 8-6157] synthesizing module 'float_to_fixed' [/home/landaud1/other/Senior_proj/Physics-Gpu-2025/DJ/Physics-GPU-2025/Physics-GPU-2025.gen/sources_1/ip/float_to_fixed/synth/float_to_fixed.v:53]
INFO: [Synth 8-6157] synthesizing module 'LUT1' [/media/sdb/Tools/Vivado/2024.1/scripts/rt/data/unisim_comp.v:81887]
INFO: [Synth 8-6155] done synthesizing module 'LUT1' (0#1) [/media/sdb/Tools/Vivado/2024.1/scripts/rt/data/unisim_comp.v:81887]
INFO: [Synth 8-6155] done synthesizing module 'float_to_fixed' (0#1) [/home/landaud1/other/Senior_proj/Physics-Gpu-2025/DJ/Physics-GPU-2025/Physics-GPU-2025.gen/sources_1/ip/float_to_fixed/synth/float_to_fixed.v:53]
WARNING: [Synth 8-7129] Port CLK in module xbip_pipe_v3_0_9_viv__parameterized5 is either unconnected or has no load
WARNING: [Synth 8-7129] Port CE in module xbip_pipe_v3_0_9_viv__parameterized5 is either unconnected or has no load
WARNING: [Synth 8-7129] Port SCLR in module xbip_pipe_v3_0_9_viv__parameterized5 is either unconnected or has no load
WARNING: [Synth 8-7129] Port SSET in module xbip_pipe_v3_0_9_viv__parameterized5 is either unconnected or has no load
WARNING: [Synth 8-7129] Port SINIT in module xbip_pipe_v3_0_9_viv__parameterized5 is either unconnected or has no load
WARNING: [Synth 8-7129] Port CLK in module xbip_pipe_v3_0_9_viv__parameterized29 is either unconnected or has no load
WARNING: [Synth 8-7129] Port CE in module xbip_pipe_v3_0_9_viv__parameterized29 is either unconnected or has no load
WARNING: [Synth 8-7129] Port SCLR in module xbip_pipe_v3_0_9_viv__parameterized29 is either unconnected or has no load
WARNING: [Synth 8-7129] Port SSET in module xbip_pipe_v3_0_9_viv__parameterized29 is either unconnected or has no load
WARNING: [Synth 8-7129] Port SINIT in module xbip_pipe_v3_0_9_viv__parameterized29 is either unconnected or has no load
WARNING: [Synth 8-7129] Port SCLR in module xbip_pipe_v3_0_9_viv__parameterized1 is either unconnected or has no load
WARNING: [Synth 8-7129] Port SSET in module xbip_pipe_v3_0_9_viv__parameterized1 is either unconnected or has no load
WARNING: [Synth 8-7129] Port SINIT in module xbip_pipe_v3_0_9_viv__parameterized1 is either unconnected or has no load
WARNING: [Synth 8-7129] Port SCLR in module xbip_pipe_v3_0_9_viv__parameterized27 is either unconnected or has no load
WARNING: [Synth 8-7129] Port SSET in module xbip_pipe_v3_0_9_viv__parameterized27 is either unconnected or has no load
WARNING: [Synth 8-7129] Port SINIT in module xbip_pipe_v3_0_9_viv__parameterized27 is either unconnected or has no load
WARNING: [Synth 8-7129] Port SCLR in module xbip_pipe_v3_0_9_viv__parameterized35 is either unconnected or has no load
WARNING: [Synth 8-7129] Port SSET in module xbip_pipe_v3_0_9_viv__parameterized35 is either unconnected or has no load
WARNING: [Synth 8-7129] Port SINIT in module xbip_pipe_v3_0_9_viv__parameterized35 is either unconnected or has no load
WARNING: [Synth 8-7129] Port CLK in module xbip_pipe_v3_0_9_viv__parameterized33 is either unconnected or has no load
WARNING: [Synth 8-7129] Port CE in module xbip_pipe_v3_0_9_viv__parameterized33 is either unconnected or has no load
WARNING: [Synth 8-7129] Port SCLR in module xbip_pipe_v3_0_9_viv__parameterized33 is either unconnected or has no load
WARNING: [Synth 8-7129] Port SSET in module xbip_pipe_v3_0_9_viv__parameterized33 is either unconnected or has no load
WARNING: [Synth 8-7129] Port SINIT in module xbip_pipe_v3_0_9_viv__parameterized33 is either unconnected or has no load
WARNING: [Synth 8-7129] Port B[33] in module carry_chain__parameterized1 is either unconnected or has no load
WARNING: [Synth 8-7129] Port SCLR in module xbip_pipe_v3_0_9_viv__parameterized31 is either unconnected or has no load
WARNING: [Synth 8-7129] Port SSET in module xbip_pipe_v3_0_9_viv__parameterized31 is either unconnected or has no load
WARNING: [Synth 8-7129] Port SINIT in module xbip_pipe_v3_0_9_viv__parameterized31 is either unconnected or has no load
WARNING: [Synth 8-7129] Port SCLR in module xbip_pipe_v3_0_9_viv__parameterized25 is either unconnected or has no load
WARNING: [Synth 8-7129] Port SSET in module xbip_pipe_v3_0_9_viv__parameterized25 is either unconnected or has no load
WARNING: [Synth 8-7129] Port SINIT in module xbip_pipe_v3_0_9_viv__parameterized25 is either unconnected or has no load
WARNING: [Synth 8-7129] Port SCLR in module xbip_pipe_v3_0_9_viv__parameterized23 is either unconnected or has no load
WARNING: [Synth 8-7129] Port SSET in module xbip_pipe_v3_0_9_viv__parameterized23 is either unconnected or has no load
WARNING: [Synth 8-7129] Port SINIT in module xbip_pipe_v3_0_9_viv__parameterized23 is either unconnected or has no load
WARNING: [Synth 8-7129] Port CLK in module xbip_pipe_v3_0_9_viv__parameterized19 is either unconnected or has no load
WARNING: [Synth 8-7129] Port CE in module xbip_pipe_v3_0_9_viv__parameterized19 is either unconnected or has no load
WARNING: [Synth 8-7129] Port SCLR in module xbip_pipe_v3_0_9_viv__parameterized19 is either unconnected or has no load
WARNING: [Synth 8-7129] Port SSET in module xbip_pipe_v3_0_9_viv__parameterized19 is either unconnected or has no load
WARNING: [Synth 8-7129] Port SINIT in module xbip_pipe_v3_0_9_viv__parameterized19 is either unconnected or has no load
WARNING: [Synth 8-7129] Port A[20] in module shift_msb_first is either unconnected or has no load
WARNING: [Synth 8-7129] Port A[19] in module shift_msb_first is either unconnected or has no load
WARNING: [Synth 8-7129] Port A[18] in module shift_msb_first is either unconnected or has no load
WARNING: [Synth 8-7129] Port A[17] in module shift_msb_first is either unconnected or has no load
WARNING: [Synth 8-7129] Port A[16] in module shift_msb_first is either unconnected or has no load
WARNING: [Synth 8-7129] Port A[15] in module shift_msb_first is either unconnected or has no load
WARNING: [Synth 8-7129] Port A[14] in module shift_msb_first is either unconnected or has no load
WARNING: [Synth 8-7129] Port A[13] in module shift_msb_first is either unconnected or has no load
WARNING: [Synth 8-7129] Port A[12] in module shift_msb_first is either unconnected or has no load
WARNING: [Synth 8-7129] Port A[11] in module shift_msb_first is either unconnected or has no load
WARNING: [Synth 8-7129] Port A[10] in module shift_msb_first is either unconnected or has no load
WARNING: [Synth 8-7129] Port A[9] in module shift_msb_first is either unconnected or has no load
WARNING: [Synth 8-7129] Port A[8] in module shift_msb_first is either unconnected or has no load
WARNING: [Synth 8-7129] Port A[7] in module shift_msb_first is either unconnected or has no load
WARNING: [Synth 8-7129] Port A[6] in module shift_msb_first is either unconnected or has no load
WARNING: [Synth 8-7129] Port A[5] in module shift_msb_first is either unconnected or has no load
WARNING: [Synth 8-7129] Port A[4] in module shift_msb_first is either unconnected or has no load
WARNING: [Synth 8-7129] Port A[3] in module shift_msb_first is either unconnected or has no load
WARNING: [Synth 8-7129] Port A[2] in module shift_msb_first is either unconnected or has no load
WARNING: [Synth 8-7129] Port A[1] in module shift_msb_first is either unconnected or has no load
WARNING: [Synth 8-7129] Port A[0] in module shift_msb_first is either unconnected or has no load
WARNING: [Synth 8-7129] Port SCLR in module xbip_pipe_v3_0_9_viv__parameterized21 is either unconnected or has no load
WARNING: [Synth 8-7129] Port SSET in module xbip_pipe_v3_0_9_viv__parameterized21 is either unconnected or has no load
WARNING: [Synth 8-7129] Port SINIT in module xbip_pipe_v3_0_9_viv__parameterized21 is either unconnected or has no load
WARNING: [Synth 8-7129] Port CLK in module xbip_pipe_v3_0_9_viv__parameterized17 is either unconnected or has no load
WARNING: [Synth 8-7129] Port CE in module xbip_pipe_v3_0_9_viv__parameterized17 is either unconnected or has no load
WARNING: [Synth 8-7129] Port SCLR in module xbip_pipe_v3_0_9_viv__parameterized17 is either unconnected or has no load
WARNING: [Synth 8-7129] Port SSET in module xbip_pipe_v3_0_9_viv__parameterized17 is either unconnected or has no load
WARNING: [Synth 8-7129] Port SINIT in module xbip_pipe_v3_0_9_viv__parameterized17 is either unconnected or has no load
WARNING: [Synth 8-7129] Port ZEROS_DET_IP[13] in module zero_det_sel is either unconnected or has no load
WARNING: [Synth 8-7129] Port ZEROS_DET_IP[12] in module zero_det_sel is either unconnected or has no load
WARNING: [Synth 8-7129] Port ZEROS_DET_IP[11] in module zero_det_sel is either unconnected or has no load
WARNING: [Synth 8-7129] Port ZEROS_DET_IP[10] in module zero_det_sel is either unconnected or has no load
WARNING: [Synth 8-7129] Port ZEROS_DET_IP[9] in module zero_det_sel is either unconnected or has no load
WARNING: [Synth 8-7129] Port ZEROS_DET_IP[8] in module zero_det_sel is either unconnected or has no load
WARNING: [Synth 8-7129] Port ZEROS_DET_IP[7] in module zero_det_sel is either unconnected or has no load
WARNING: [Synth 8-7129] Port ZEROS_DET_IP[6] in module zero_det_sel is either unconnected or has no load
WARNING: [Synth 8-7129] Port ZEROS_DET_IP[5] in module zero_det_sel is either unconnected or has no load
WARNING: [Synth 8-7129] Port ZEROS_DET_IP[4] in module zero_det_sel is either unconnected or has no load
WARNING: [Synth 8-7129] Port ZEROS_DET_IP[3] in module zero_det_sel is either unconnected or has no load
WARNING: [Synth 8-7129] Port ZEROS_DET_IP[2] in module zero_det_sel is either unconnected or has no load
WARNING: [Synth 8-7129] Port ZEROS_DET_IP[1] in module zero_det_sel is either unconnected or has no load
WARNING: [Synth 8-7129] Port ZEROS_DET_IP[0] in module zero_det_sel is either unconnected or has no load
WARNING: [Synth 8-7129] Port SCLR in module xbip_pipe_v3_0_9_viv__parameterized15 is either unconnected or has no load
WARNING: [Synth 8-7129] Port SSET in module xbip_pipe_v3_0_9_viv__parameterized15 is either unconnected or has no load
WARNING: [Synth 8-7129] Port SINIT in module xbip_pipe_v3_0_9_viv__parameterized15 is either unconnected or has no load
WARNING: [Synth 8-7129] Port SCLR in module xbip_pipe_v3_0_9_viv__parameterized13 is either unconnected or has no load
WARNING: [Synth 8-7129] Port SSET in module xbip_pipe_v3_0_9_viv__parameterized13 is either unconnected or has no load
WARNING: [Synth 8-7129] Port SINIT in module xbip_pipe_v3_0_9_viv__parameterized13 is either unconnected or has no load
WARNING: [Synth 8-7129] Port SCLR in module xbip_pipe_v3_0_9_viv__parameterized11 is either unconnected or has no load
WARNING: [Synth 8-7129] Port SSET in module xbip_pipe_v3_0_9_viv__parameterized11 is either unconnected or has no load
WARNING: [Synth 8-7129] Port SINIT in module xbip_pipe_v3_0_9_viv__parameterized11 is either unconnected or has no load
WARNING: [Synth 8-7129] Port SCLR in module xbip_pipe_v3_0_9_viv__parameterized9 is either unconnected or has no load
WARNING: [Synth 8-7129] Port SSET in module xbip_pipe_v3_0_9_viv__parameterized9 is either unconnected or has no load
WARNING: [Synth 8-7129] Port SINIT in module xbip_pipe_v3_0_9_viv__parameterized9 is either unconnected or has no load
WARNING: [Synth 8-7129] Port CLK in module xbip_pipe_v3_0_9_viv__parameterized7 is either unconnected or has no load
WARNING: [Synth 8-7129] Port CE in module xbip_pipe_v3_0_9_viv__parameterized7 is either unconnected or has no load
WARNING: [Synth 8-7129] Port SCLR in module xbip_pipe_v3_0_9_viv__parameterized7 is either unconnected or has no load
WARNING: [Synth 8-7129] Port SSET in module xbip_pipe_v3_0_9_viv__parameterized7 is either unconnected or has no load
WARNING: [Synth 8-7129] Port SINIT in module xbip_pipe_v3_0_9_viv__parameterized7 is either unconnected or has no load
WARNING: [Synth 8-7129] Port CARRYS_OUT[7] in module carry_chain is either unconnected or has no load
INFO: [Common 17-14] Message 'Synth 8-7129' appears 100 times and further instances of the messages will be disabled. Use the Tcl command set_msg_config to change the current settings.
---------------------------------------------------------------------------------
Finished RTL Elaboration : Time (s): cpu = 00:00:11 ; elapsed = 00:00:12 . Memory (MB): peak = 2403.621 ; gain = 558.652 ; free physical = 112995 ; free virtual = 121054
---------------------------------------------------------------------------------
---------------------------------------------------------------------------------
Start Handling Custom Attributes
---------------------------------------------------------------------------------
---------------------------------------------------------------------------------
Finished Handling Custom Attributes : Time (s): cpu = 00:00:11 ; elapsed = 00:00:12 . Memory (MB): peak = 2412.527 ; gain = 567.559 ; free physical = 112996 ; free virtual = 121054
---------------------------------------------------------------------------------
---------------------------------------------------------------------------------
Finished RTL Optimization Phase 1 : Time (s): cpu = 00:00:11 ; elapsed = 00:00:12 . Memory (MB): peak = 2412.527 ; gain = 567.559 ; free physical = 112996 ; free virtual = 121054
---------------------------------------------------------------------------------
Netlist sorting complete. Time (s): cpu = 00:00:00.01 ; elapsed = 00:00:00.02 . Memory (MB): peak = 2415.496 ; gain = 0.000 ; free physical = 112998 ; free virtual = 121056
INFO: [Netlist 29-17] Analyzing 108 Unisim elements for replacement
INFO: [Netlist 29-28] Unisim Transformation completed in 0 CPU seconds
INFO: [Project 1-570] Preparing netlist for logic optimization

Processing XDC Constraints
Initializing timing engine
Parsing XDC File [/home/landaud1/other/Senior_proj/Physics-Gpu-2025/DJ/Physics-GPU-2025/Physics-GPU-2025.gen/sources_1/ip/float_to_fixed/float_to_fixed_ooc.xdc] for cell 'inst'
Finished Parsing XDC File [/home/landaud1/other/Senior_proj/Physics-Gpu-2025/DJ/Physics-GPU-2025/Physics-GPU-2025.gen/sources_1/ip/float_to_fixed/float_to_fixed_ooc.xdc] for cell 'inst'
Parsing XDC File [/home/landaud1/other/Senior_proj/Physics-Gpu-2025/DJ/Physics-GPU-2025/Physics-GPU-2025.runs/float_to_fixed_synth_1/dont_touch.xdc]
Finished Parsing XDC File [/home/landaud1/other/Senior_proj/Physics-Gpu-2025/DJ/Physics-GPU-2025/Physics-GPU-2025.runs/float_to_fixed_synth_1/dont_touch.xdc]
Completed Processing XDC Constraints

Netlist sorting complete. Time (s): cpu = 00:00:00 ; elapsed = 00:00:00 . Memory (MB): peak = 2534.277 ; gain = 0.000 ; free physical = 112997 ; free virtual = 121056
INFO: [Project 1-111] Unisim Transformation Summary:
  A total of 15 instances were transformed.
  FDE => FDRE: 15 instances

Constraint Validation Runtime : Time (s): cpu = 00:00:00.06 ; elapsed = 00:00:00.03 . Memory (MB): peak = 2534.277 ; gain = 0.000 ; free physical = 112998 ; free virtual = 121057
INFO: [Designutils 20-5008] Incremental synthesis strategy off
---------------------------------------------------------------------------------
Finished Constraint Validation : Time (s): cpu = 00:00:20 ; elapsed = 00:00:21 . Memory (MB): peak = 2534.277 ; gain = 689.309 ; free physical = 113008 ; free virtual = 121066
---------------------------------------------------------------------------------
---------------------------------------------------------------------------------
Start Loading Part and Timing Information
---------------------------------------------------------------------------------
Loading part: xc7a200tsbg484-1
---------------------------------------------------------------------------------
Finished Loading Part and Timing Information : Time (s): cpu = 00:00:20 ; elapsed = 00:00:21 . Memory (MB): peak = 2542.281 ; gain = 697.312 ; free physical = 113008 ; free virtual = 121066
---------------------------------------------------------------------------------
---------------------------------------------------------------------------------
Start Applying 'set_property' XDC Constraints
---------------------------------------------------------------------------------
Applied set_property KEEP_HIERARCHY = SOFT for inst. (constraint file  /home/landaud1/other/Senior_proj/Physics-Gpu-2025/DJ/Physics-GPU-2025/Physics-GPU-2025.runs/float_to_fixed_synth_1/dont_touch.xdc, line 9).
---------------------------------------------------------------------------------
Finished applying 'set_property' XDC Constraints : Time (s): cpu = 00:00:20 ; elapsed = 00:00:21 . Memory (MB): peak = 2542.281 ; gain = 697.312 ; free physical = 113008 ; free virtual = 121066
---------------------------------------------------------------------------------
---------------------------------------------------------------------------------
Finished RTL Optimization Phase 2 : Time (s): cpu = 00:00:21 ; elapsed = 00:00:22 . Memory (MB): peak = 2542.281 ; gain = 697.312 ; free physical = 113009 ; free virtual = 121068
---------------------------------------------------------------------------------
INFO: [Synth 8-223] decloning instance 'inst/i_synth/DELAY_DIVIDE_BY_ZERO' (delay__parameterized1) to 'inst/i_synth/DELAY_ACCUM_OVERFLOW'
INFO: [Synth 8-223] decloning instance 'inst/i_synth/DELAY_DIVIDE_BY_ZERO' (delay__parameterized1) to 'inst/i_synth/DELAY_ACCUM_INPUT_OVERFLOW'
---------------------------------------------------------------------------------
Start RTL Component Statistics 
---------------------------------------------------------------------------------
---------------------------------------------------------------------------------
Finished RTL Component Statistics 
---------------------------------------------------------------------------------
---------------------------------------------------------------------------------
Start Part Resource Summary
---------------------------------------------------------------------------------
Part Resources:
DSPs: 740 (col length:100)
BRAMs: 730 (col length: RAMB18 100 RAMB36 50)
---------------------------------------------------------------------------------
Finished Part Resource Summary
---------------------------------------------------------------------------------
---------------------------------------------------------------------------------
Start Cross Boundary and Area Optimization
---------------------------------------------------------------------------------
WARNING: [Synth 8-7080] Parallel synthesis criteria is not met
INFO: [Synth 8-3332] Sequential element (FLT_TO_FIX_OP.SPD.OP/COND_DET/MANT_CARRY.MANT_ALL_ZERO_DET/CARRY_ZERO_DET/CHAIN_GEN[8].CARRYS_DEL.NEED_DEL.CARRYS_FD) is unused and will be removed from module floating_point_v7_1_18_viv.
---------------------------------------------------------------------------------
Finished Cross Boundary and Area Optimization : Time (s): cpu = 00:00:22 ; elapsed = 00:00:23 . Memory (MB): peak = 2542.281 ; gain = 697.312 ; free physical = 112986 ; free virtual = 121046
---------------------------------------------------------------------------------
---------------------------------------------------------------------------------
Start Applying XDC Timing Constraints
---------------------------------------------------------------------------------
---------------------------------------------------------------------------------
Finished Applying XDC Timing Constraints : Time (s): cpu = 00:00:30 ; elapsed = 00:00:31 . Memory (MB): peak = 2542.281 ; gain = 697.312 ; free physical = 112999 ; free virtual = 121058
---------------------------------------------------------------------------------
---------------------------------------------------------------------------------
Start Timing Optimization
---------------------------------------------------------------------------------
---------------------------------------------------------------------------------
Finished Timing Optimization : Time (s): cpu = 00:00:30 ; elapsed = 00:00:31 . Memory (MB): peak = 2542.281 ; gain = 697.312 ; free physical = 112999 ; free virtual = 121058
---------------------------------------------------------------------------------
---------------------------------------------------------------------------------
Start Technology Mapping
---------------------------------------------------------------------------------
---------------------------------------------------------------------------------
Finished Technology Mapping : Time (s): cpu = 00:00:31 ; elapsed = 00:00:32 . Memory (MB): peak = 2542.281 ; gain = 697.312 ; free physical = 112999 ; free virtual = 121058
---------------------------------------------------------------------------------
---------------------------------------------------------------------------------
Start IO Insertion
---------------------------------------------------------------------------------
---------------------------------------------------------------------------------
Start Flattening Before IO Insertion
---------------------------------------------------------------------------------
---------------------------------------------------------------------------------
Finished Flattening Before IO Insertion
---------------------------------------------------------------------------------
---------------------------------------------------------------------------------
Start Final Netlist Cleanup
---------------------------------------------------------------------------------
---------------------------------------------------------------------------------
Finished Final Netlist Cleanup
---------------------------------------------------------------------------------
---------------------------------------------------------------------------------
Finished IO Insertion : Time (s): cpu = 00:00:35 ; elapsed = 00:00:36 . Memory (MB): peak = 2542.281 ; gain = 697.312 ; free physical = 113009 ; free virtual = 121068
---------------------------------------------------------------------------------
---------------------------------------------------------------------------------
Start Renaming Generated Instances
---------------------------------------------------------------------------------
---------------------------------------------------------------------------------
Finished Renaming Generated Instances : Time (s): cpu = 00:00:35 ; elapsed = 00:00:36 . Memory (MB): peak = 2542.281 ; gain = 697.312 ; free physical = 113009 ; free virtual = 121068
---------------------------------------------------------------------------------
---------------------------------------------------------------------------------
Start Rebuilding User Hierarchy
---------------------------------------------------------------------------------
---------------------------------------------------------------------------------
Finished Rebuilding User Hierarchy : Time (s): cpu = 00:00:35 ; elapsed = 00:00:36 . Memory (MB): peak = 2542.281 ; gain = 697.312 ; free physical = 113009 ; free virtual = 121069
---------------------------------------------------------------------------------
---------------------------------------------------------------------------------
Start Renaming Generated Ports
---------------------------------------------------------------------------------
---------------------------------------------------------------------------------
Finished Renaming Generated Ports : Time (s): cpu = 00:00:35 ; elapsed = 00:00:36 . Memory (MB): peak = 2542.281 ; gain = 697.312 ; free physical = 113009 ; free virtual = 121069
---------------------------------------------------------------------------------
---------------------------------------------------------------------------------
Start Handling Custom Attributes
---------------------------------------------------------------------------------
---------------------------------------------------------------------------------
Finished Handling Custom Attributes : Time (s): cpu = 00:00:35 ; elapsed = 00:00:36 . Memory (MB): peak = 2542.281 ; gain = 697.312 ; free physical = 113009 ; free virtual = 121069
---------------------------------------------------------------------------------
---------------------------------------------------------------------------------
Start Renaming Generated Nets
---------------------------------------------------------------------------------
---------------------------------------------------------------------------------
Finished Renaming Generated Nets : Time (s): cpu = 00:00:35 ; elapsed = 00:00:36 . Memory (MB): peak = 2542.281 ; gain = 697.312 ; free physical = 113011 ; free virtual = 121071
---------------------------------------------------------------------------------
---------------------------------------------------------------------------------
Start Writing Synthesis Report
---------------------------------------------------------------------------------

Report BlackBoxes: 
+-+--------------+----------+
| |BlackBox name |Instances |
+-+--------------+----------+
+-+--------------+----------+

Report Cell Usage: 
+------+-------+------+
|      |Cell   |Count |
+------+-------+------+
|1     |CARRY4 |     2|
|2     |LUT1   |     3|
|3     |LUT2   |    48|
|4     |LUT3   |    26|
|5     |LUT4   |    63|
|6     |LUT5   |    34|
|7     |LUT6   |    67|
|8     |MUXCY  |    46|
|9     |MUXF7  |     4|
|10    |MUXF8  |     1|
|11    |SRL16E |     6|
|12    |XORCY  |    32|
|13    |FDE    |    14|
|14    |FDRE   |   341|
|15    |FDSE   |     1|
+------+-------+------+
---------------------------------------------------------------------------------
Finished Writing Synthesis Report : Time (s): cpu = 00:00:35 ; elapsed = 00:00:36 . Memory (MB): peak = 2542.281 ; gain = 697.312 ; free physical = 113011 ; free virtual = 121070
---------------------------------------------------------------------------------
Synthesis finished with 0 errors, 0 critical warnings and 151 warnings.
Synthesis Optimization Runtime : Time (s): cpu = 00:00:32 ; elapsed = 00:00:33 . Memory (MB): peak = 2542.281 ; gain = 575.562 ; free physical = 113011 ; free virtual = 121070
Synthesis Optimization Complete : Time (s): cpu = 00:00:35 ; elapsed = 00:00:36 . Memory (MB): peak = 2542.289 ; gain = 697.312 ; free physical = 113011 ; free virtual = 121070
INFO: [Project 1-571] Translating synthesized netlist
Netlist sorting complete. Time (s): cpu = 00:00:00.01 ; elapsed = 00:00:00.01 . Memory (MB): peak = 2542.289 ; gain = 0.000 ; free physical = 113309 ; free virtual = 121369
INFO: [Netlist 29-17] Analyzing 99 Unisim elements for replacement
INFO: [Netlist 29-28] Unisim Transformation completed in 0 CPU seconds
INFO: [Project 1-570] Preparing netlist for logic optimization
INFO: [Opt 31-138] Pushed 0 inverter(s) to 0 load pin(s).
Netlist sorting complete. Time (s): cpu = 00:00:00 ; elapsed = 00:00:00 . Memory (MB): peak = 2598.309 ; gain = 0.000 ; free physical = 113314 ; free virtual = 121374
INFO: [Project 1-111] Unisim Transformation Summary:
  A total of 27 instances were transformed.
  (MUXCY,XORCY) => CARRY4: 13 instances
  FDE => FDRE: 14 instances

Synth Design complete | Checksum: 46f6f235
INFO: [Common 17-83] Releasing license: Synthesis
27 Infos, 101 Warnings, 0 Critical Warnings and 0 Errors encountered.
synth_design completed successfully
synth_design: Time (s): cpu = 00:00:46 ; elapsed = 00:00:43 . Memory (MB): peak = 2598.309 ; gain = 1137.910 ; free physical = 113314 ; free virtual = 121374
INFO: [Common 17-2834] synth_design peak Physical Memory [PSS] (MB): overall = 2094.218; main = 1752.742; forked = 394.896
INFO: [Common 17-2834] synth_design peak Virtual Memory [VSS] (MB): overall = 3574.527; main = 2598.312; forked = 1032.242
Write ShapeDB Complete: Time (s): cpu = 00:00:00 ; elapsed = 00:00:00.01 . Memory (MB): peak = 2622.320 ; gain = 0.000 ; free physical = 113314 ; free virtual = 121374
INFO: [Common 17-1381] The checkpoint '/home/landaud1/other/Senior_proj/Physics-Gpu-2025/DJ/Physics-GPU-2025/Physics-GPU-2025.runs/float_to_fixed_synth_1/float_to_fixed.dcp' has been generated.
INFO: [Coretcl 2-1648] Added synthesis output to IP cache for IP float_to_fixed, cache-ID = 2e88db8e341be9c6
INFO: [Coretcl 2-1174] Renamed 61 cell refs.
Write ShapeDB Complete: Time (s): cpu = 00:00:00 ; elapsed = 00:00:00 . Memory (MB): peak = 2622.320 ; gain = 0.000 ; free physical = 113277 ; free virtual = 121338
INFO: [Common 17-1381] The checkpoint '/home/landaud1/other/Senior_proj/Physics-Gpu-2025/DJ/Physics-GPU-2025/Physics-GPU-2025.runs/float_to_fixed_synth_1/float_to_fixed.dcp' has been generated.
INFO: [Vivado 12-24828] Executing command : report_utilization -file float_to_fixed_utilization_synth.rpt -pb float_to_fixed_utilization_synth.pb
INFO: [Common 17-206] Exiting Vivado at Tue Feb  4 17:46:23 2025...
