Time resolution is 1 ps
Block Memory Generator module tb.t.pe.acc_ram.inst.native_mem_module.blk_mem_gen_v8_4_8_inst is using a behavioral model for simulation which will not precisely model memory collision behavior.
Block Memory Generator module tb.t.pe.sum_ram.inst.native_mem_module.blk_mem_gen_v8_4_8_inst is using a behavioral model for simulation which will not precisely model memory collision behavior.
Block Memory Generator module tb.t.de.ping_pong_switch.ping.inst.native_mem_module.blk_mem_gen_v8_4_8_inst is using a behavioral model for simulation which will not precisely model memory collision behavior.
Block Memory Generator module tb.t.de.ping_pong_switch.pong.inst.native_mem_module.blk_mem_gen_v8_4_8_inst is using a behavioral model for simulation which will not precisely model memory collision behavior.
 Block Memory Generator module loading initial data...
 Block Memory Generator data initialization complete.
Block Memory Generator module tb.t.pr.pping.inst.native_mem_module.blk_mem_gen_v8_4_8_inst is using a behavioral model for simulation which will not precisely model memory collision behavior.
 Block Memory Generator module loading initial data...
 Block Memory Generator data initialization complete.
Block Memory Generator module tb.t.pr.ppong.inst.native_mem_module.blk_mem_gen_v8_4_8_inst is using a behavioral model for simulation which will not precisely model memory collision behavior.
 Block Memory Generator module loading initial data...
 Block Memory Generator data initialization complete.
Block Memory Generator module tb.t.ar.aram.inst.native_mem_module.blk_mem_gen_v8_4_8_inst is using a behavioral model for simulation which will not precisely model memory collision behavior.
 Block Memory Generator module loading initial data...
 Block Memory Generator data initialization complete.
Block Memory Generator module tb.t.sr.inst.native_mem_module.blk_mem_gen_v8_4_8_inst is using a behavioral model for simulation which will not precisely model memory collision behavior.
Warning: NUMERIC_STD."=": metavalue detected, returning FALSE
Time: 5 ns  Iteration: 2  Process: /tb/t/de/mem_int/func_int/dsp_gen/rgb2dvi/U0/\DataEncoders(0)\/DataEncoder/line__154  File: /home/landaud1/other/Senior_proj/Physics-Gpu-2025/Master/tcf_2/tcf_2.ip_user_files/ipstatic/src/TMDS_Encoder.vhd
Warning: NUMERIC_STD."=": metavalue detected, returning FALSE
Time: 5 ns  Iteration: 2  Process: /tb/t/de/mem_int/func_int/dsp_gen/rgb2dvi/U0/\DataEncoders(1)\/DataEncoder/line__154  File: /home/landaud1/other/Senior_proj/Physics-Gpu-2025/Master/tcf_2/tcf_2.ip_user_files/ipstatic/src/TMDS_Encoder.vhd
Warning: NUMERIC_STD."=": metavalue detected, returning FALSE
Time: 5 ns  Iteration: 2  Process: /tb/t/de/mem_int/func_int/dsp_gen/rgb2dvi/U0/\DataEncoders(2)\/DataEncoder/line__154  File: /home/landaud1/other/Senior_proj/Physics-Gpu-2025/Master/tcf_2/tcf_2.ip_user_files/ipstatic/src/TMDS_Encoder.vhd
