INFO: [VRFC 10-2263] Analyzing SystemVerilog file "/home/landaud1/other/Senior_proj/Physics-Gpu-2025/DJ/Physics-GPU-2025/Physics-GPU-2025.srcs/sources_1/new/delay_10_7.sv" into library xil_defaultlib
INFO: [VRFC 10-311] analyzing module delay_10_7
INFO: [VRFC 10-2263] Analyzing SystemVerilog file "/home/landaud1/other/Senior_proj/Physics-Gpu-2025/DJ/Physics-GPU-2025/Physics-GPU-2025.srcs/sources_1/new/delay_11_15.sv" into library xil_defaultlib
WARNING: [VRFC 10-9157] macro 'PIPE_LEN' is redefined [/home/landaud1/other/Senior_proj/Physics-Gpu-2025/DJ/Physics-GPU-2025/Physics-GPU-2025.srcs/sources_1/new/delay_11_15.sv:1]
INFO: [VRFC 10-311] analyzing module delay_11_15
INFO: [VRFC 10-2263] Analyzing SystemVerilog file "/home/landaud1/other/Senior_proj/Physics-Gpu-2025/DJ/Physics-GPU-2025/Physics-GPU-2025.srcs/sources_1/new/delay_11_172.sv" into library xil_defaultlib
WARNING: [VRFC 10-9157] macro 'PIPE_LEN' is redefined [/home/landaud1/other/Senior_proj/Physics-Gpu-2025/DJ/Physics-GPU-2025/Physics-GPU-2025.srcs/sources_1/new/delay_11_172.sv:1]
INFO: [VRFC 10-311] analyzing module delay_11_172
INFO: [VRFC 10-2263] Analyzing SystemVerilog file "/home/landaud1/other/Senior_proj/Physics-Gpu-2025/DJ/Physics-GPU-2025/Physics-GPU-2025.srcs/sources_1/new/delay_64_125.sv" into library xil_defaultlib
WARNING: [VRFC 10-9157] macro 'PIPE_LEN' is redefined [/home/landaud1/other/Senior_proj/Physics-Gpu-2025/DJ/Physics-GPU-2025/Physics-GPU-2025.srcs/sources_1/new/delay_64_125.sv:1]
INFO: [VRFC 10-311] analyzing module delay_64_125
INFO: [VRFC 10-2263] Analyzing SystemVerilog file "/home/landaud1/other/Senior_proj/Physics-Gpu-2025/DJ/Physics-GPU-2025/Physics-GPU-2025.srcs/sources_1/new/delay_64_58.sv" into library xil_defaultlib
WARNING: [VRFC 10-9157] macro 'PIPE_LEN' is redefined [/home/landaud1/other/Senior_proj/Physics-Gpu-2025/DJ/Physics-GPU-2025/Physics-GPU-2025.srcs/sources_1/new/delay_64_58.sv:1]
INFO: [VRFC 10-311] analyzing module delay_64_58
INFO: [VRFC 10-2263] Analyzing SystemVerilog file "/home/landaud1/other/Senior_proj/Physics-Gpu-2025/DJ/Physics-GPU-2025/Physics-GPU-2025.srcs/sources_1/new/delay_64_66.sv" into library xil_defaultlib
WARNING: [VRFC 10-9157] macro 'PIPE_LEN' is redefined [/home/landaud1/other/Senior_proj/Physics-Gpu-2025/DJ/Physics-GPU-2025/Physics-GPU-2025.srcs/sources_1/new/delay_64_66.sv:1]
INFO: [VRFC 10-311] analyzing module delay_64_66
INFO: [VRFC 10-2263] Analyzing SystemVerilog file "/home/landaud1/other/Senior_proj/Physics-Gpu-2025/DJ/Physics-GPU-2025/Physics-GPU-2025.srcs/sources_1/new/physics_calculator.sv" into library xil_defaultlib
WARNING: [VRFC 10-9158] macro name '1_dub' cannot start with a number [/home/landaud1/other/Senior_proj/Physics-Gpu-2025/DJ/Physics-GPU-2025/Physics-GPU-2025.srcs/sources_1/new/physics_calculator.sv:3]
INFO: [VRFC 10-311] analyzing module physics_calculator
INFO: [VRFC 10-2263] Analyzing SystemVerilog file "/home/landaud1/other/Senior_proj/Physics-Gpu-2025/DJ/Physics-GPU-2025/Physics-GPU-2025.srcs/sources_1/new/physics_engine.sv" into library xil_defaultlib
INFO: [VRFC 10-311] analyzing module physics_engine
INFO: [VRFC 10-2263] Analyzing SystemVerilog file "/home/landaud1/other/Senior_proj/Physics-Gpu-2025/DJ/Physics-GPU-2025/Physics-GPU-2025.srcs/sources_1/new/sum_calc.sv" into library xil_defaultlib
INFO: [VRFC 10-311] analyzing module sum_calc
INFO: [VRFC 10-2263] Analyzing SystemVerilog file "/home/landaud1/other/Senior_proj/Physics-Gpu-2025/DJ/Physics-GPU-2025/Physics-GPU-2025.srcs/sources_1/new/tb_phys_eng.sv" into library xil_defaultlib
INFO: [VRFC 10-311] analyzing module tb_phys_eng
