Vivado Simulator v2024.1
Copyright 1986-2022 Xilinx, Inc. All Rights Reserved.
Copyright 2022-2024 Advanced Micro Devices, Inc. All Rights Reserved.
Running: /media/sdb/Tools/Vivado/2024.1/bin/unwrapped/lnx64.o/xelab --incr --debug typical --relax --mt 8 -L xil_defaultlib -L blk_mem_gen_v8_4_8 -L axi_lite_ipif_v3_0_4 -L v_tc_v6_2_8 -L axi_utils_v2_0_9 -L xbip_pipe_v3_0_9 -L xbip_dsp48_wrapper_v3_0_6 -L xbip_dsp48_addsub_v3_0_9 -L xbip_dsp48_multadd_v3_0_9 -L xbip_bram18k_v3_0_9 -L mult_gen_v12_0_21 -L floating_point_v7_1_18 -L uvm -L unisims_ver -L unimacro_ver -L secureip -L xpm --snapshot tb_behav xil_defaultlib.tb xil_defaultlib.glbl -log elaborate.log 
Using 8 slave threads.
Starting static elaboration
Pass Through NonSizing Optimizer
WARNING: [VRFC 10-9543] actual bit length 4 differs from formal bit length 8 for port 'sw' [/home/landaud1/other/Senior_proj/Physics-Gpu-2025/Master/Master_2/Master_2.srcs/sources_1/new/tb.sv:28]
WARNING: [VRFC 10-9543] actual bit length 22 differs from formal bit length 128 for port 'in' [/home/landaud1/other/Senior_proj/Physics-Gpu-2025/Master/Master_2/Master_2.srcs/sources_1/imports/Physics-GPU-2025.srcs/sources_1/new/physics_engine.sv:94]
WARNING: [VRFC 10-9543] actual bit length 8 differs from formal bit length 4 for port 'sw' [/home/landaud1/other/Senior_proj/Physics-Gpu-2025/Master/Master_2/Master_2.srcs/sources_1/new/top.sv:123]
Completed static elaboration
Starting simulation data flow analysis
Completed simulation data flow analysis
Time Resolution for simulation is 1ps
Compiling package std.standard
Compiling package std.textio
Compiling package ieee.std_logic_1164
Compiling package floating_point_v7_1_18.floating_point_v7_1_18_viv_comp
Compiling package ieee.numeric_std
Compiling package xbip_utils_v3_0_13.xbip_utils_v3_0_13_pkg
Compiling package axi_utils_v2_0_9.axi_utils_v2_0_9_pkg
Compiling package floating_point_v7_1_18.floating_point_v7_1_18_consts
Compiling package ieee.math_real
Compiling package floating_point_v7_1_18.floating_point_v7_1_18_exp_table...
Compiling package mult_gen_v12_0_21.mult_gen_v12_0_21_pkg
Compiling package ieee.std_logic_arith
Compiling package ieee.std_logic_signed
Compiling package floating_point_v7_1_18.floating_point_v7_1_18_pkg
Compiling package floating_point_v7_1_18.flt_utils
Compiling package xbip_pipe_v3_0_9.xbip_pipe_v3_0_9_viv_comp
Compiling package unisim.vcomponents
Compiling package ieee.vital_timing
Compiling package ieee.vital_primitives
Compiling package unisim.vpkg
Compiling package floating_point_v7_1_18.flt_recipsqrt_sp_sqrt_r_rom
Compiling package mult_gen_v12_0_21.dsp_pkg
Compiling package ieee.std_logic_unsigned
Compiling package v_tc_v6_2_8.video_ctrl_pkg
Compiling package xpm.vcomponents
Compiling package v_tc_v6_2_8.hwt_pkg
Compiling package axi_lite_ipif_v3_0_4.ipif_pkg
Compiling package xil_defaultlib.dvi_constants
Compiling module unisims_ver.IBUF
Compiling module unisims_ver.MMCME2_ADV(CLKFBOUT_MULT_F=37.12...
Compiling module unisims_ver.BUFG
Compiling module xil_defaultlib.clk_wiz_0_clk_wiz
Compiling module xil_defaultlib.clk_wiz_0
Compiling module xil_defaultlib.hostif
Compiling module xil_defaultlib.delay_11_172
Compiling module xil_defaultlib.delay_64_125
Compiling module xil_defaultlib.delay_64_66
Compiling module xil_defaultlib.delay_64_58
Compiling architecture xilinx of entity axi_utils_v2_0_9.axi_slave_2to1 [\axi_slave_2to1(c_a_tdata_width=...]
Compiling architecture synth of entity xbip_pipe_v3_0_9.xbip_pipe_v3_0_9_viv [\xbip_pipe_v3_0_9_viv(c_latency=...]
Compiling architecture rtl of entity floating_point_v7_1_18.delay [\delay(width=52)\]
Compiling architecture synth of entity xbip_pipe_v3_0_9.xbip_pipe_v3_0_9_viv [\xbip_pipe_v3_0_9_viv(c_latency=...]
Compiling architecture rtl of entity floating_point_v7_1_18.delay [delay_default]
Compiling architecture synth of entity xbip_pipe_v3_0_9.xbip_pipe_v3_0_9_viv [\xbip_pipe_v3_0_9_viv(c_latency=...]
Compiling architecture rtl of entity floating_point_v7_1_18.delay [\delay(width=14)\]
Compiling architecture synth of entity xbip_pipe_v3_0_9.xbip_pipe_v3_0_9_viv [\xbip_pipe_v3_0_9_viv(c_latency=...]
Compiling architecture rtl of entity floating_point_v7_1_18.delay [\delay(width=3,fast_input=true)\]
Compiling architecture synth of entity xbip_pipe_v3_0_9.xbip_pipe_v3_0_9_viv [\xbip_pipe_v3_0_9_viv(c_latency=...]
Compiling architecture rtl of entity floating_point_v7_1_18.delay [\delay(length=3)\]
Compiling architecture synth of entity xbip_pipe_v3_0_9.xbip_pipe_v3_0_9_viv [\xbip_pipe_v3_0_9_viv(c_latency=...]
Compiling architecture rtl of entity floating_point_v7_1_18.delay [\delay(width=54)\]
Compiling architecture synth of entity xbip_pipe_v3_0_9.xbip_pipe_v3_0_9_viv [\xbip_pipe_v3_0_9_viv(c_latency=...]
Compiling architecture rtl of entity floating_point_v7_1_18.delay [\delay(width=11,fast_input=true)...]
Compiling architecture synth of entity xbip_pipe_v3_0_9.xbip_pipe_v3_0_9_viv [\xbip_pipe_v3_0_9_viv(c_latency=...]
Compiling architecture rtl of entity floating_point_v7_1_18.delay [\delay(fast_input=true)\]
Compiling architecture synth of entity xbip_pipe_v3_0_9.xbip_pipe_v3_0_9_viv [\xbip_pipe_v3_0_9_viv(c_has_ce=1...]
Compiling architecture rtl of entity floating_point_v7_1_18.delay [\delay(width=2,length=0)\]
Compiling architecture synth of entity xbip_pipe_v3_0_9.xbip_pipe_v3_0_9_viv [\xbip_pipe_v3_0_9_viv(c_latency=...]
Compiling architecture rtl of entity floating_point_v7_1_18.delay [\delay(width=16)\]
Compiling architecture synth of entity xbip_pipe_v3_0_9.xbip_pipe_v3_0_9_viv [\xbip_pipe_v3_0_9_viv(c_latency=...]
Compiling architecture rtl of entity floating_point_v7_1_18.delay [\delay(width=2)\]
Compiling architecture synth of entity xbip_pipe_v3_0_9.xbip_pipe_v3_0_9_viv [\xbip_pipe_v3_0_9_viv(c_has_ce=1...]
Compiling architecture rtl of entity floating_point_v7_1_18.delay [\delay(width=16,length=0)\]
Compiling architecture muxf7_v of entity unisim.MUXF7 [muxf7_default]
Compiling architecture muxf8_v of entity unisim.MUXF8 [muxf8_default]
Compiling architecture muxcy_v of entity unisim.MUXCY [muxcy_default]
Compiling architecture fdre_v of entity unisim.FDRE [fdre_default]
Compiling architecture fde_v of entity unisim.FDE [fde_default]
Compiling architecture synth of entity xbip_pipe_v3_0_9.xbip_pipe_v3_0_9_viv [\xbip_pipe_v3_0_9_viv(c_has_ce=1...]
Compiling architecture rtl of entity floating_point_v7_1_18.delay [\delay(length=0)\]
Compiling architecture synth of entity xbip_pipe_v3_0_9.xbip_pipe_v3_0_9_viv [\xbip_pipe_v3_0_9_viv(c_has_ce=1...]
Compiling architecture rtl of entity floating_point_v7_1_18.delay [\delay(width=14,length=0)\]
Compiling architecture struct of entity floating_point_v7_1_18.carry_chain [\carry_chain(c_xdevicefamily="ar...]
Compiling architecture synth of entity floating_point_v7_1_18.compare_eq_im [\compare_eq_im(c_xdevicefamily="...]
Compiling architecture rtl of entity floating_point_v7_1_18.zero_det_sel [\zero_det_sel(c_xdevicefamily="a...]
Compiling architecture synth of entity xbip_pipe_v3_0_9.xbip_pipe_v3_0_9_viv [\xbip_pipe_v3_0_9_viv(c_latency=...]
Compiling architecture rtl of entity floating_point_v7_1_18.delay [\delay(width=55)\]
Compiling architecture rtl of entity floating_point_v7_1_18.shift_msb_first [\shift_msb_first(a_width=54,regi...]
Compiling architecture synth of entity xbip_pipe_v3_0_9.xbip_pipe_v3_0_9_viv [\xbip_pipe_v3_0_9_viv(c_has_ce=1...]
Compiling architecture rtl of entity floating_point_v7_1_18.delay [\delay(width=55,length=0)\]
Compiling architecture rtl of entity floating_point_v7_1_18.alignment [\alignment(c_xdevicefamily="arti...]
Compiling architecture synth of entity xbip_pipe_v3_0_9.xbip_pipe_v3_0_9_viv [\xbip_pipe_v3_0_9_viv(c_latency=...]
Compiling architecture rtl of entity floating_point_v7_1_18.delay [\delay(length=2,fast_input=true)...]
Compiling architecture synth of entity xbip_pipe_v3_0_9.xbip_pipe_v3_0_9_viv [\xbip_pipe_v3_0_9_viv(c_latency=...]
Compiling architecture rtl of entity floating_point_v7_1_18.delay [\delay(length=2)\]
Compiling architecture synth of entity xbip_pipe_v3_0_9.xbip_pipe_v3_0_9_viv [\xbip_pipe_v3_0_9_viv(c_has_ce=1...]
Compiling architecture rtl of entity floating_point_v7_1_18.delay [\delay(width=47,length=0)\]
Compiling architecture dsp48e1_v of entity unisim.DSP48E1 [\DSP48E1(acascreg=2,adreg=0,alum...]
Compiling architecture synth of entity xbip_pipe_v3_0_9.xbip_pipe_v3_0_9_viv [\xbip_pipe_v3_0_9_viv(c_has_ce=1...]
Compiling architecture rtl of entity floating_point_v7_1_18.delay [\delay(width=7,length=0)\]
Compiling architecture synth of entity xbip_pipe_v3_0_9.xbip_pipe_v3_0_9_viv [\xbip_pipe_v3_0_9_viv(c_has_ce=1...]
Compiling architecture rtl of entity floating_point_v7_1_18.delay [\delay(width=4,length=0)\]
Compiling architecture synth of entity xbip_pipe_v3_0_9.xbip_pipe_v3_0_9_viv [\xbip_pipe_v3_0_9_viv(c_latency=...]
Compiling architecture rtl of entity floating_point_v7_1_18.delay [\delay(width=30)\]
Compiling architecture synth of entity xbip_pipe_v3_0_9.xbip_pipe_v3_0_9_viv [\xbip_pipe_v3_0_9_viv(c_latency=...]
Compiling architecture rtl of entity floating_point_v7_1_18.delay [\delay(width=18)\]
Compiling architecture synth of entity xbip_pipe_v3_0_9.xbip_pipe_v3_0_9_viv [\xbip_pipe_v3_0_9_viv(c_has_ce=1...]
Compiling architecture rtl of entity floating_point_v7_1_18.delay [\delay(width=25,length=0)\]
Compiling architecture rtl of entity floating_point_v7_1_18.dsp48e1_wrapper [\dsp48e1_wrapper(a_width=30,b_wi...]
Compiling architecture dsp48e1_v of entity unisim.DSP48E1 [\DSP48E1(adreg=0,dreg=0,inmodere...]
Compiling architecture synth of entity xbip_pipe_v3_0_9.xbip_pipe_v3_0_9_viv [\xbip_pipe_v3_0_9_viv(c_has_ce=1...]
Compiling architecture rtl of entity floating_point_v7_1_18.delay [\delay(width=48,length=0)\]
Compiling architecture synth of entity xbip_pipe_v3_0_9.xbip_pipe_v3_0_9_viv [\xbip_pipe_v3_0_9_viv(c_has_ce=1...]
Compiling architecture rtl of entity floating_point_v7_1_18.delay [\delay(width=30,length=0)\]
Compiling architecture synth of entity xbip_pipe_v3_0_9.xbip_pipe_v3_0_9_viv [\xbip_pipe_v3_0_9_viv(c_has_ce=1...]
Compiling architecture rtl of entity floating_point_v7_1_18.delay [\delay(width=18,length=0)\]
Compiling architecture rtl of entity floating_point_v7_1_18.dsp48e1_wrapper [\dsp48e1_wrapper(a_width=30,b_wi...]
Compiling architecture synth of entity xbip_pipe_v3_0_9.xbip_pipe_v3_0_9_viv [\xbip_pipe_v3_0_9_viv(c_latency=...]
Compiling architecture rtl of entity floating_point_v7_1_18.delay [\delay(width=9,length=4)\]
Compiling architecture synth of entity xbip_pipe_v3_0_9.xbip_pipe_v3_0_9_viv [\xbip_pipe_v3_0_9_viv(c_latency=...]
Compiling architecture rtl of entity floating_point_v7_1_18.delay [\delay(width=9)\]
Compiling architecture xorcy_v of entity unisim.XORCY [xorcy_default]
Compiling architecture synth of entity xbip_pipe_v3_0_9.xbip_pipe_v3_0_9_viv [\xbip_pipe_v3_0_9_viv(c_has_ce=1...]
Compiling architecture rtl of entity floating_point_v7_1_18.delay [\delay(width=8,length=0)\]
Compiling architecture struct of entity floating_point_v7_1_18.carry_chain [\carry_chain(c_xdevicefamily="ar...]
Compiling architecture synth of entity xbip_pipe_v3_0_9.xbip_pipe_v3_0_9_viv [\xbip_pipe_v3_0_9_viv(c_has_ce=1...]
Compiling architecture rtl of entity floating_point_v7_1_18.delay [\delay(width=56,length=0)\]
Compiling architecture synth of entity floating_point_v7_1_18.addsub_dsp [\addsub_dsp(c_xdevicefamily="art...]
Compiling architecture rtl of entity floating_point_v7_1_18.addsub [\addsub(c_xdevicefamily="artix7"...]
Compiling architecture rtl of entity floating_point_v7_1_18.align_add [\align_add(c_xdevicefamily="arti...]
Compiling architecture synth of entity xbip_pipe_v3_0_9.xbip_pipe_v3_0_9_viv [\xbip_pipe_v3_0_9_viv(c_has_ce=1...]
Compiling architecture rtl of entity floating_point_v7_1_18.delay [\delay(width=6,length=0,fast_inp...]
Compiling architecture struct of entity floating_point_v7_1_18.carry_chain [\carry_chain(c_xdevicefamily="ar...]
Compiling architecture rtl of entity floating_point_v7_1_18.mux4 [\mux4(c_xdevicefamily="artix7",w...]
Compiling architecture synth of entity xbip_pipe_v3_0_9.xbip_pipe_v3_0_9_viv [\xbip_pipe_v3_0_9_viv(c_has_ce=1...]
Compiling architecture rtl of entity floating_point_v7_1_18.delay [\delay(width=4,length=0,fast_inp...]
Compiling architecture rtl of entity floating_point_v7_1_18.mux4 [\mux4(c_xdevicefamily="artix7",w...]
Compiling architecture synth of entity xbip_pipe_v3_0_9.xbip_pipe_v3_0_9_viv [\xbip_pipe_v3_0_9_viv(c_latency=...]
Compiling architecture rtl of entity floating_point_v7_1_18.delay [\delay(width=2,fast_input=true)\]
Compiling architecture rtl of entity floating_point_v7_1_18.mux4 [\mux4(c_xdevicefamily="artix7",w...]
Compiling architecture rtl of entity floating_point_v7_1_18.mux4 [\mux4(c_xdevicefamily="artix7",w...]
Compiling architecture synth of entity xbip_pipe_v3_0_9.xbip_pipe_v3_0_9_viv [\xbip_pipe_v3_0_9_viv(c_has_ce=1...]
Compiling architecture rtl of entity floating_point_v7_1_18.delay [\delay(width=8,length=0,fast_inp...]
Compiling architecture struct of entity floating_point_v7_1_18.carry_chain [\carry_chain(c_xdevicefamily="ar...]
Compiling architecture rtl of entity floating_point_v7_1_18.lead_zero_encode [\lead_zero_encode(c_xdevicefamil...]
Compiling architecture synth of entity xbip_pipe_v3_0_9.xbip_pipe_v3_0_9_viv [\xbip_pipe_v3_0_9_viv(c_latency=...]
Compiling architecture rtl of entity floating_point_v7_1_18.delay [\delay(width=56)\]
Compiling architecture rtl of entity floating_point_v7_1_18.shift_msb_first [\shift_msb_first(a_width=56,resu...]
Compiling architecture dsp48e1_v of entity unisim.DSP48E1 [\DSP48E1(acascreg=0,adreg=0,alum...]
Compiling architecture rtl of entity floating_point_v7_1_18.dsp48e1_wrapper [\dsp48e1_wrapper(b_width=18,c_wi...]
Compiling architecture synth of entity xbip_pipe_v3_0_9.xbip_pipe_v3_0_9_viv [\xbip_pipe_v3_0_9_viv(c_latency=...]
Compiling architecture rtl of entity floating_point_v7_1_18.delay [\delay(width=19)\]
Compiling architecture struct of entity floating_point_v7_1_18.carry_chain [\carry_chain(c_xdevicefamily="ar...]
Compiling architecture synth of entity xbip_pipe_v3_0_9.xbip_pipe_v3_0_9_viv [\xbip_pipe_v3_0_9_viv(c_latency=...]
Compiling architecture rtl of entity floating_point_v7_1_18.delay [\delay(width=28)\]
Compiling architecture synth of entity xbip_pipe_v3_0_9.xbip_pipe_v3_0_9_viv [\xbip_pipe_v3_0_9_viv(c_latency=...]
Compiling architecture rtl of entity floating_point_v7_1_18.delay [\delay(width=29)\]
Compiling architecture synth of entity xbip_pipe_v3_0_9.xbip_pipe_v3_0_9_viv [\xbip_pipe_v3_0_9_viv(c_has_ce=1...]
Compiling architecture rtl of entity floating_point_v7_1_18.delay [\delay(width=3,length=0)\]
Compiling architecture synth of entity xbip_pipe_v3_0_9.xbip_pipe_v3_0_9_viv [\xbip_pipe_v3_0_9_viv(c_has_ce=1...]
Compiling architecture rtl of entity floating_point_v7_1_18.delay [\delay(width=2,length=0,fast_inp...]
Compiling architecture rtl of entity floating_point_v7_1_18.flt_round_bit [\flt_round_bit(c_xdevicefamily="...]
Compiling architecture rtl of entity floating_point_v7_1_18.renorm_and_round_logic [\renorm_and_round_logic(c_xdevic...]
Compiling architecture rtl of entity floating_point_v7_1_18.norm_and_round_logic [\norm_and_round_logic(c_xdevicef...]
Compiling architecture synth of entity xbip_pipe_v3_0_9.xbip_pipe_v3_0_9_viv [\xbip_pipe_v3_0_9_viv(c_latency=...]
Compiling architecture rtl of entity floating_point_v7_1_18.delay [\delay(length=6)\]
Compiling architecture synth of entity xbip_pipe_v3_0_9.xbip_pipe_v3_0_9_viv [\xbip_pipe_v3_0_9_viv(c_has_ce=1...]
Compiling architecture rtl of entity floating_point_v7_1_18.delay [\delay(width=12,length=0)\]
Compiling architecture struct of entity floating_point_v7_1_18.carry_chain [\carry_chain(c_xdevicefamily="ar...]
Compiling architecture synth of entity xbip_pipe_v3_0_9.xbip_pipe_v3_0_9_viv [\xbip_pipe_v3_0_9_viv(c_latency=...]
Compiling architecture rtl of entity floating_point_v7_1_18.delay [\delay(width=12,fast_input=true)...]
Compiling architecture synth of entity xbip_pipe_v3_0_9.xbip_pipe_v3_0_9_viv [\xbip_pipe_v3_0_9_viv(c_latency=...]
Compiling architecture rtl of entity floating_point_v7_1_18.delay [\delay(width=12,length=6)\]
Compiling architecture synth of entity xbip_pipe_v3_0_9.xbip_pipe_v3_0_9_viv [\xbip_pipe_v3_0_9_viv(c_latency=...]
Compiling architecture rtl of entity floating_point_v7_1_18.delay [\delay(width=2,length=2)\]
Compiling architecture synth of entity xbip_pipe_v3_0_9.xbip_pipe_v3_0_9_viv [\xbip_pipe_v3_0_9_viv(c_has_ce=1...]
Compiling architecture rtl of entity floating_point_v7_1_18.delay [\delay(width=9,length=0)\]
Compiling architecture struct of entity floating_point_v7_1_18.carry_chain [\carry_chain(c_xdevicefamily="ar...]
Compiling architecture synth of entity floating_point_v7_1_18.compare_eq_im [\compare_eq_im(c_xdevicefamily="...]
Compiling architecture rtl of entity floating_point_v7_1_18.special_detect [\special_detect(c_xdevicefamily=...]
Compiling architecture struct of entity floating_point_v7_1_18.carry_chain [\carry_chain(c_xdevicefamily="ar...]
Compiling architecture synth of entity floating_point_v7_1_18.compare_gt [\compare_gt(c_xdevicefamily="art...]
Compiling architecture synth of entity xbip_pipe_v3_0_9.xbip_pipe_v3_0_9_viv [\xbip_pipe_v3_0_9_viv(c_has_ce=1...]
Compiling architecture rtl of entity floating_point_v7_1_18.delay [\delay(width=11,length=0)\]
Compiling architecture struct of entity floating_point_v7_1_18.carry_chain [\carry_chain(c_xdevicefamily="ar...]
Compiling architecture synth of entity floating_point_v7_1_18.compare_eq [\compare_eq(c_xdevicefamily="art...]
Compiling architecture synth of entity floating_point_v7_1_18.compare [\compare(c_xdevicefamily="artix7...]
Compiling architecture synth of entity xbip_pipe_v3_0_9.xbip_pipe_v3_0_9_viv [\xbip_pipe_v3_0_9_viv(c_latency=...]
Compiling architecture rtl of entity floating_point_v7_1_18.delay [\delay(width=11)\]
Compiling architecture synth of entity xbip_pipe_v3_0_9.xbip_pipe_v3_0_9_viv [\xbip_pipe_v3_0_9_viv(c_latency=...]
Compiling architecture rtl of entity floating_point_v7_1_18.delay [\delay(width=12)\]
Compiling architecture synth of entity xbip_pipe_v3_0_9.xbip_pipe_v3_0_9_viv [\xbip_pipe_v3_0_9_viv(c_latency=...]
Compiling architecture rtl of entity floating_point_v7_1_18.delay [\delay(width=2,length=7,fast_inp...]
Compiling architecture synth of entity xbip_pipe_v3_0_9.xbip_pipe_v3_0_9_viv [\xbip_pipe_v3_0_9_viv(c_latency=...]
Compiling architecture rtl of entity floating_point_v7_1_18.delay [\delay(length=8,fast_input=true)...]
Compiling architecture synth of entity xbip_pipe_v3_0_9.xbip_pipe_v3_0_9_viv [\xbip_pipe_v3_0_9_viv(c_latency=...]
Compiling architecture rtl of entity floating_point_v7_1_18.delay [\delay(length=7,fast_input=true)...]
Compiling architecture synth of entity xbip_pipe_v3_0_9.xbip_pipe_v3_0_9_viv [\xbip_pipe_v3_0_9_viv(c_latency=...]
Compiling architecture rtl of entity floating_point_v7_1_18.delay [\delay(width=4,fast_input=true)\]
Compiling architecture rtl of entity floating_point_v7_1_18.flt_add_exp [\flt_add_exp(c_xdevicefamily="ar...]
Compiling architecture synth of entity floating_point_v7_1_18.flt_dec_op [\flt_dec_op(c_xdevicefamily="art...]
Compiling architecture rtl of entity floating_point_v7_1_18.flt_add_logic [\flt_add_logic(c_xdevicefamily="...]
Compiling architecture rtl of entity floating_point_v7_1_18.flt_add [\flt_add(c_xdevicefamily="artix7...]
Compiling module unisims_ver.x_lut1_mux2
Compiling module unisims_ver.LUT1
Compiling architecture synth of entity xbip_pipe_v3_0_9.xbip_pipe_v3_0_9_viv [\xbip_pipe_v3_0_9_viv(c_latency=...]
Compiling architecture synth of entity xbip_pipe_v3_0_9.xbip_pipe_v3_0_9_viv [\xbip_pipe_v3_0_9_viv(c_latency=...]
Compiling architecture rtl of entity floating_point_v7_1_18.delay [\delay(width=64,length=3)\]
Compiling architecture xilinx of entity floating_point_v7_1_18.floating_point_v7_1_18_viv [\floating_point_v7_1_18_viv(c_xd...]
Compiling architecture xilinx of entity floating_point_v7_1_18.floating_point_v7_1_18 [\floating_point_v7_1_18(c_xdevic...]
Compiling module xil_defaultlib.fp_add
Compiling architecture rtl of entity floating_point_v7_1_18.flt_add [\flt_add(c_xdevicefamily="artix7...]
Compiling architecture xilinx of entity floating_point_v7_1_18.floating_point_v7_1_18_viv [\floating_point_v7_1_18_viv(c_xd...]
Compiling architecture xilinx of entity floating_point_v7_1_18.floating_point_v7_1_18 [\floating_point_v7_1_18(c_xdevic...]
Compiling module xil_defaultlib.fp_sub
Compiling architecture synth of entity xbip_pipe_v3_0_9.xbip_pipe_v3_0_9_viv [\xbip_pipe_v3_0_9_viv(c_latency=...]
Compiling architecture rtl of entity floating_point_v7_1_18.delay [\delay(width=2,length=8)\]
Compiling architecture rtl of entity floating_point_v7_1_18.dsp48e1_wrapper [\dsp48e1_wrapper(a_width=19,b_wi...]
Compiling architecture dsp48e1_v of entity unisim.DSP48E1 [\DSP48E1(adreg=0,alumodereg=0,ca...]
Compiling architecture synth of entity xbip_pipe_v3_0_9.xbip_pipe_v3_0_9_viv [\xbip_pipe_v3_0_9_viv(c_has_ce=1...]
Compiling architecture rtl of entity floating_point_v7_1_18.delay [\delay(width=17,length=0)\]
Compiling architecture rtl of entity floating_point_v7_1_18.dsp48e1_wrapper [\dsp48e1_wrapper(a_width=17,b_wi...]
Compiling architecture dsp48e1_v of entity unisim.DSP48E1 [\DSP48E1(acascreg=2,adreg=0,alum...]
Compiling architecture rtl of entity floating_point_v7_1_18.dsp48e1_wrapper [\dsp48e1_wrapper(a_width=17,b_wi...]
Compiling architecture dsp48e1_v of entity unisim.DSP48E1 [\DSP48E1(acascreg=2,adreg=0,alum...]
Compiling architecture synth of entity xbip_pipe_v3_0_9.xbip_pipe_v3_0_9_viv [\xbip_pipe_v3_0_9_viv(c_latency=...]
Compiling architecture rtl of entity floating_point_v7_1_18.delay [\delay(width=17)\]
Compiling architecture rtl of entity floating_point_v7_1_18.dsp48e1_wrapper [\dsp48e1_wrapper(a_width=17,b_wi...]
Compiling architecture synth of entity xbip_pipe_v3_0_9.xbip_pipe_v3_0_9_viv [\xbip_pipe_v3_0_9_viv(c_latency=...]
Compiling architecture rtl of entity floating_point_v7_1_18.delay [\delay(width=17,length=2)\]
Compiling architecture rtl of entity floating_point_v7_1_18.dsp48e1_wrapper [\dsp48e1_wrapper(a_width=17,b_wi...]
Compiling architecture dsp48e1_v of entity unisim.DSP48E1 [\DSP48E1(acascreg=2,adreg=0,alum...]
Compiling architecture synth of entity xbip_pipe_v3_0_9.xbip_pipe_v3_0_9_viv [\xbip_pipe_v3_0_9_viv(c_latency=...]
Compiling architecture rtl of entity floating_point_v7_1_18.delay [\delay(width=19,length=3)\]
Compiling architecture synth of entity xbip_pipe_v3_0_9.xbip_pipe_v3_0_9_viv [\xbip_pipe_v3_0_9_viv(c_latency=...]
Compiling architecture rtl of entity floating_point_v7_1_18.delay [\delay(width=17,length=3)\]
Compiling architecture rtl of entity floating_point_v7_1_18.dsp48e1_wrapper [\dsp48e1_wrapper(a_width=19,b_wi...]
Compiling architecture synth of entity xbip_pipe_v3_0_9.xbip_pipe_v3_0_9_viv [\xbip_pipe_v3_0_9_viv(c_latency=...]
Compiling architecture rtl of entity floating_point_v7_1_18.delay [\delay(width=19,length=4)\]
Compiling architecture synth of entity xbip_pipe_v3_0_9.xbip_pipe_v3_0_9_viv [\xbip_pipe_v3_0_9_viv(c_latency=...]
Compiling architecture rtl of entity floating_point_v7_1_18.delay [\delay(width=17,length=4)\]
Compiling architecture rtl of entity floating_point_v7_1_18.dsp48e1_wrapper [\dsp48e1_wrapper(a_width=19,b_wi...]
Compiling architecture synth of entity xbip_pipe_v3_0_9.xbip_pipe_v3_0_9_viv [\xbip_pipe_v3_0_9_viv(c_latency=...]
Compiling architecture rtl of entity floating_point_v7_1_18.delay [\delay(length=4)\]
Compiling architecture dsp48e1_v of entity unisim.DSP48E1 [\DSP48E1(adreg=0,alumodereg=0,a_...]
Compiling architecture synth of entity xbip_pipe_v3_0_9.xbip_pipe_v3_0_9_viv [\xbip_pipe_v3_0_9_viv(c_has_ce=1...]
Compiling architecture rtl of entity floating_point_v7_1_18.delay [\delay(width=19,length=0)\]
Compiling architecture synth of entity xbip_pipe_v3_0_9.xbip_pipe_v3_0_9_viv [\xbip_pipe_v3_0_9_viv(c_latency=...]
Compiling architecture rtl of entity floating_point_v7_1_18.delay [\delay(width=17,length=5)\]
Compiling architecture rtl of entity floating_point_v7_1_18.dsp48e1_wrapper [\dsp48e1_wrapper(a_width=19,b_wi...]
Compiling architecture synth of entity xbip_pipe_v3_0_9.xbip_pipe_v3_0_9_viv [\xbip_pipe_v3_0_9_viv(c_latency=...]
Compiling architecture rtl of entity floating_point_v7_1_18.delay [\delay(width=19,length=6)\]
Compiling architecture synth of entity xbip_pipe_v3_0_9.xbip_pipe_v3_0_9_viv [\xbip_pipe_v3_0_9_viv(c_latency=...]
Compiling architecture rtl of entity floating_point_v7_1_18.delay [\delay(width=17,length=6)\]
Compiling architecture rtl of entity floating_point_v7_1_18.dsp48e1_wrapper [\dsp48e1_wrapper(a_width=19,b_wi...]
Compiling architecture synth of entity xbip_pipe_v3_0_9.xbip_pipe_v3_0_9_viv [\xbip_pipe_v3_0_9_viv(c_latency=...]
Compiling architecture rtl of entity floating_point_v7_1_18.delay [\delay(width=17,length=7)\]
Compiling architecture rtl of entity floating_point_v7_1_18.dsp48e1_wrapper [\dsp48e1_wrapper(a_width=19,b_wi...]
Compiling architecture struct of entity floating_point_v7_1_18.fix_mult_dsp48e1_dbl [\fix_mult_dsp48e1_dbl(mult_usage...]
Compiling architecture rtl of entity floating_point_v7_1_18.fix_mult [\fix_mult(c_xdevicefamily="artix...]
Compiling architecture synth of entity xbip_pipe_v3_0_9.xbip_pipe_v3_0_9_viv [\xbip_pipe_v3_0_9_viv(c_latency=...]
Compiling architecture rtl of entity floating_point_v7_1_18.delay [\delay(width=10)\]
Compiling architecture struct of entity floating_point_v7_1_18.carry_chain [\carry_chain(c_xdevicefamily="ar...]
Compiling architecture synth of entity xbip_pipe_v3_0_9.xbip_pipe_v3_0_9_viv [\xbip_pipe_v3_0_9_viv(c_has_ce=1...]
Compiling architecture rtl of entity floating_point_v7_1_18.delay [\delay(width=64,length=0)\]
Compiling architecture synth of entity xbip_pipe_v3_0_9.xbip_pipe_v3_0_9_viv [\xbip_pipe_v3_0_9_viv(c_latency=...]
Compiling architecture rtl of entity floating_point_v7_1_18.delay [\delay(length=11)\]
Compiling architecture synth of entity xbip_pipe_v3_0_9.xbip_pipe_v3_0_9_viv [\xbip_pipe_v3_0_9_viv(c_latency=...]
Compiling architecture rtl of entity floating_point_v7_1_18.delay [\delay(width=2,length=11,fast_in...]
Compiling architecture synth of entity xbip_pipe_v3_0_9.xbip_pipe_v3_0_9_viv [\xbip_pipe_v3_0_9_viv(c_latency=...]
Compiling architecture rtl of entity floating_point_v7_1_18.delay [\delay(length=11,fast_input=true...]
Compiling architecture synth of entity xbip_pipe_v3_0_9.xbip_pipe_v3_0_9_viv [\xbip_pipe_v3_0_9_viv(c_latency=...]
Compiling architecture rtl of entity floating_point_v7_1_18.delay [\delay(length=13,fast_input=true...]
Compiling architecture synth of entity xbip_pipe_v3_0_9.xbip_pipe_v3_0_9_viv [\xbip_pipe_v3_0_9_viv(c_latency=...]
Compiling architecture rtl of entity floating_point_v7_1_18.delay [\delay(width=4,length=11,fast_in...]
Compiling architecture synth of entity xbip_pipe_v3_0_9.xbip_pipe_v3_0_9_viv [\xbip_pipe_v3_0_9_viv(c_latency=...]
Compiling architecture rtl of entity floating_point_v7_1_18.delay [\delay(width=11,length=11)\]
Compiling architecture synth of entity xbip_pipe_v3_0_9.xbip_pipe_v3_0_9_viv [\xbip_pipe_v3_0_9_viv(c_latency=...]
Compiling architecture rtl of entity floating_point_v7_1_18.delay [\delay(width=4,length=2,fast_inp...]
Compiling architecture rtl of entity floating_point_v7_1_18.flt_mult_exp [\flt_mult_exp(c_xdevicefamily="a...]
Compiling architecture synth of entity xbip_pipe_v3_0_9.xbip_pipe_v3_0_9_viv [\xbip_pipe_v3_0_9_viv(c_latency=...]
Compiling architecture rtl of entity floating_point_v7_1_18.delay [\delay(width=11,length=2)\]
Compiling architecture synth of entity xbip_pipe_v3_0_9.xbip_pipe_v3_0_9_viv [\xbip_pipe_v3_0_9_viv(c_latency=...]
Compiling architecture rtl of entity floating_point_v7_1_18.delay [\delay(width=25)\]
Compiling architecture synth of entity xbip_pipe_v3_0_9.xbip_pipe_v3_0_9_viv [\xbip_pipe_v3_0_9_viv(c_latency=...]
Compiling architecture rtl of entity floating_point_v7_1_18.delay [\delay(width=26,length=2,fast_in...]
Compiling architecture struct of entity floating_point_v7_1_18.carry_chain [\carry_chain(c_xdevicefamily="ar...]
Compiling architecture synth of entity xbip_pipe_v3_0_9.xbip_pipe_v3_0_9_viv [\xbip_pipe_v3_0_9_viv(c_latency=...]
Compiling architecture rtl of entity floating_point_v7_1_18.delay [\delay(width=26)\]
Compiling architecture synth of entity xbip_pipe_v3_0_9.xbip_pipe_v3_0_9_viv [\xbip_pipe_v3_0_9_viv(c_latency=...]
Compiling architecture rtl of entity floating_point_v7_1_18.delay [\delay(width=27,fast_input=true)...]
Compiling architecture struct of entity floating_point_v7_1_18.carry_chain [\carry_chain(c_xdevicefamily="ar...]
Compiling architecture struct of entity floating_point_v7_1_18.carry_chain [\carry_chain(c_xdevicefamily="ar...]
Compiling architecture synth of entity xbip_pipe_v3_0_9.xbip_pipe_v3_0_9_viv [\xbip_pipe_v3_0_9_viv(c_has_ce=1...]
Compiling architecture rtl of entity floating_point_v7_1_18.delay [\delay(width=28,length=0)\]
Compiling architecture synth of entity xbip_pipe_v3_0_9.xbip_pipe_v3_0_9_viv [\xbip_pipe_v3_0_9_viv(c_has_ce=1...]
Compiling architecture rtl of entity floating_point_v7_1_18.delay [\delay(width=54,length=0,fast_in...]
Compiling architecture struct of entity floating_point_v7_1_18.carry_chain [\carry_chain(c_xdevicefamily="ar...]
Compiling architecture rtl of entity floating_point_v7_1_18.flt_round_bit [\flt_round_bit(c_xdevicefamily="...]
Compiling architecture rtl of entity floating_point_v7_1_18.renorm_and_round_logic [\renorm_and_round_logic(c_xdevic...]
Compiling architecture rtl of entity floating_point_v7_1_18.flt_mult_round [\flt_mult_round(c_xdevicefamily=...]
Compiling architecture synth of entity floating_point_v7_1_18.flt_dec_op_lat [\flt_dec_op_lat(c_xdevicefamily=...]
Compiling architecture rtl of entity floating_point_v7_1_18.flt_mult [\flt_mult(c_xdevicefamily="artix...]
Compiling architecture synth of entity xbip_pipe_v3_0_9.xbip_pipe_v3_0_9_viv [\xbip_pipe_v3_0_9_viv(c_latency=...]
Compiling architecture xilinx of entity floating_point_v7_1_18.floating_point_v7_1_18_viv [\floating_point_v7_1_18_viv(c_xd...]
Compiling architecture xilinx of entity floating_point_v7_1_18.floating_point_v7_1_18 [\floating_point_v7_1_18(c_xdevic...]
Compiling module xil_defaultlib.fp_multiply
Compiling architecture synth of entity xbip_pipe_v3_0_9.xbip_pipe_v3_0_9_viv [\xbip_pipe_v3_0_9_viv(c_latency=...]
Compiling architecture rtl of entity floating_point_v7_1_18.delay [\delay(width=16,length=16)\]
Compiling architecture dsp48e1_v of entity unisim.DSP48E1 [\DSP48E1(alumodereg=0,bcascreg=2...]
Compiling architecture rtl of entity floating_point_v7_1_18.dsp48e1_wrapper [\dsp48e1_wrapper(a_width=18,b_wi...]
Compiling architecture synth of entity xbip_pipe_v3_0_9.xbip_pipe_v3_0_9_viv [\xbip_pipe_v3_0_9_viv(c_latency=...]
Compiling architecture rtl of entity floating_point_v7_1_18.delay [\delay(width=8)\]
Compiling architecture synth of entity xbip_pipe_v3_0_9.xbip_pipe_v3_0_9_viv [\xbip_pipe_v3_0_9_viv(c_latency=...]
Compiling architecture rtl of entity floating_point_v7_1_18.delay [\delay(width=7)\]
Compiling architecture xilinx of entity mult_gen_v12_0_21.delay_line [\delay_line(c_xdevicefamily="art...]
Compiling architecture xilinx of entity mult_gen_v12_0_21.op_resize [\op_resize(ai_width=18,bi_width=...]
Compiling architecture xilinx of entity mult_gen_v12_0_21.dsp [\dsp(c_xdevicefamily="artix7",c_...]
Compiling architecture xilinx of entity mult_gen_v12_0_21.mult_gen_v12_0_21_viv [\mult_gen_v12_0_21_viv(c_verbosi...]
Compiling architecture synth of entity floating_point_v7_1_18.flt_recip_approx [\flt_recip_approx(c_xdevicefamil...]
Compiling architecture synth of entity xbip_pipe_v3_0_9.xbip_pipe_v3_0_9_viv [\xbip_pipe_v3_0_9_viv(c_latency=...]
Compiling architecture rtl of entity floating_point_v7_1_18.delay [\delay(width=15,length=4)\]
Compiling architecture xilinx of entity mult_gen_v12_0_21.op_resize [\op_resize(ai_type=1,bi_type=1,a...]
Compiling architecture xilinx of entity mult_gen_v12_0_21.dsp [\dsp(c_xdevicefamily="artix7",c_...]
Compiling architecture xilinx of entity mult_gen_v12_0_21.mult_gen_v12_0_21_viv [\mult_gen_v12_0_21_viv(c_verbosi...]
Compiling architecture synth of entity xbip_pipe_v3_0_9.xbip_pipe_v3_0_9_viv [\xbip_pipe_v3_0_9_viv(c_latency=...]
Compiling architecture rtl of entity floating_point_v7_1_18.delay [\delay(width=16,length=3)\]
Compiling architecture synth of entity xbip_pipe_v3_0_9.xbip_pipe_v3_0_9_viv [\xbip_pipe_v3_0_9_viv(c_latency=...]
Compiling architecture rtl of entity floating_point_v7_1_18.delay [\delay(width=16,length=4)\]
Compiling architecture synth of entity floating_point_v7_1_18.flt_recip_nr [\flt_recip_nr(c_xdevicefamily="a...]
Compiling architecture synth of entity xbip_pipe_v3_0_9.xbip_pipe_v3_0_9_viv [\xbip_pipe_v3_0_9_viv(c_latency=...]
Compiling architecture rtl of entity floating_point_v7_1_18.delay [\delay(width=52,length=12)\]
Compiling architecture rtl of entity floating_point_v7_1_18.dsp48e1_wrapper [\dsp48e1_wrapper(a_width=30,b_wi...]
Compiling architecture synth of entity xbip_pipe_v3_0_9.xbip_pipe_v3_0_9_viv [\xbip_pipe_v3_0_9_viv(c_latency=...]
Compiling architecture rtl of entity floating_point_v7_1_18.delay [\delay(width=37,length=3)\]
Compiling architecture synth of entity xbip_pipe_v3_0_9.xbip_pipe_v3_0_9_viv [\xbip_pipe_v3_0_9_viv(c_latency=...]
Compiling architecture rtl of entity floating_point_v7_1_18.delay [\delay(width=34)\]
Compiling architecture xilinx of entity mult_gen_v12_0_21.delay_line [\delay_line(c_xdevicefamily="art...]
Compiling architecture xilinx of entity mult_gen_v12_0_21.delay_line [\delay_line(c_xdevicefamily="art...]
Compiling architecture dsp48e1_v of entity unisim.DSP48E1 [\DSP48E1(alumodereg=0,carryinreg...]
Compiling architecture srl16e_v of entity unisim.SRL16E [\SRL16E(0,15)\]
Compiling architecture xilinx of entity mult_gen_v12_0_21.delay_line [\delay_line(c_xdevicefamily="art...]
Compiling architecture dsp48e1_v of entity unisim.DSP48E1 [\DSP48E1(acascreg=2,alumodereg=0...]
Compiling architecture xilinx of entity mult_gen_v12_0_21.delay_line [\delay_line(c_xdevicefamily="art...]
Compiling architecture dsp48e1_v of entity unisim.DSP48E1 [\DSP48E1(acascreg=2,alumodereg=0...]
Compiling architecture xilinx of entity mult_gen_v12_0_21.op_resize [\op_resize(ai_width=54,bi_width=...]
Compiling architecture xilinx of entity mult_gen_v12_0_21.dsp [\dsp(c_xdevicefamily="artix7",c_...]
Compiling architecture synth of entity xbip_pipe_v3_0_9.xbip_pipe_v3_0_9_viv [\xbip_pipe_v3_0_9_viv(c_has_ce=1...]
Compiling architecture rtl of entity floating_point_v7_1_18.delay [\delay(width=71,length=0)\]
Compiling architecture synth of entity floating_point_v7_1_18.multadd [\multadd(c_xdevicefamily="artix7...]
Compiling architecture synth of entity floating_point_v7_1_18.flt_recip_reduction_calc [\flt_recip_reduction_calc(c_xdev...]
Compiling architecture xilinx of entity mult_gen_v12_0_21.delay_line [\delay_line(c_xdevicefamily="art...]
Compiling architecture xilinx of entity mult_gen_v12_0_21.op_resize [\op_resize(ai_width=17,ao_width=...]
Compiling architecture xilinx of entity mult_gen_v12_0_21.dsp [\dsp(c_xdevicefamily="artix7",c_...]
Compiling architecture synth of entity xbip_pipe_v3_0_9.xbip_pipe_v3_0_9_viv [\xbip_pipe_v3_0_9_viv(c_latency=...]
Compiling architecture rtl of entity floating_point_v7_1_18.delay [\delay(width=33)\]
Compiling architecture synth of entity xbip_pipe_v3_0_9.xbip_pipe_v3_0_9_viv [\xbip_pipe_v3_0_9_viv(c_has_ce=1...]
Compiling architecture rtl of entity floating_point_v7_1_18.delay [\delay(width=33,length=0)\]
Compiling architecture synth of entity floating_point_v7_1_18.multadd [\multadd(c_xdevicefamily="artix7...]
Compiling architecture dsp48e1_v of entity unisim.DSP48E1 [\DSP48E1(adreg=0,alumodereg=0,ca...]
Compiling architecture rtl of entity floating_point_v7_1_18.dsp48e1_wrapper [\dsp48e1_wrapper(a_width=25,b_wi...]
Compiling architecture synth of entity xbip_pipe_v3_0_9.xbip_pipe_v3_0_9_viv [\xbip_pipe_v3_0_9_viv(c_latency=...]
Compiling architecture rtl of entity floating_point_v7_1_18.delay [\delay(width=46)\]
Compiling architecture synth of entity floating_point_v7_1_18.multadd [\multadd(c_xdevicefamily="artix7...]
Compiling architecture synth of entity xbip_pipe_v3_0_9.xbip_pipe_v3_0_9_viv [\xbip_pipe_v3_0_9_viv(c_latency=...]
Compiling architecture rtl of entity floating_point_v7_1_18.delay [\delay(width=15,length=3)\]
Compiling architecture synth of entity xbip_pipe_v3_0_9.xbip_pipe_v3_0_9_viv [\xbip_pipe_v3_0_9_viv(c_latency=...]
Compiling architecture rtl of entity floating_point_v7_1_18.delay [\delay(width=16,length=6)\]
Compiling architecture rtl of entity floating_point_v7_1_18.dsp48e1_wrapper [\dsp48e1_wrapper(a_width=25,b_wi...]
Compiling architecture synth of entity xbip_pipe_v3_0_9.xbip_pipe_v3_0_9_viv [\xbip_pipe_v3_0_9_viv(c_latency=...]
Compiling architecture rtl of entity floating_point_v7_1_18.delay [\delay(width=47)\]
Compiling architecture synth of entity floating_point_v7_1_18.multadd [\multadd(c_xdevicefamily="artix7...]
Compiling architecture synth of entity xbip_pipe_v3_0_9.xbip_pipe_v3_0_9_viv [\xbip_pipe_v3_0_9_viv(c_latency=...]
Compiling architecture rtl of entity floating_point_v7_1_18.delay [\delay(width=46,length=9)\]
Compiling architecture synth of entity floating_point_v7_1_18.flt_recip_eval [\flt_recip_eval(c_xdevicefamily=...]
Compiling architecture rtl of entity floating_point_v7_1_18.dsp48e1_wrapper [\dsp48e1_wrapper(a_width=30,b_wi...]
Compiling architecture synth of entity xbip_pipe_v3_0_9.xbip_pipe_v3_0_9_viv [\xbip_pipe_v3_0_9_viv(c_latency=...]
Compiling architecture rtl of entity floating_point_v7_1_18.delay [\delay(width=43,length=3)\]
Compiling architecture xilinx of entity mult_gen_v12_0_21.delay_line [\delay_line(c_xdevicefamily="art...]
Compiling architecture xilinx of entity mult_gen_v12_0_21.op_resize [\op_resize(ai_width=47,bi_width=...]
Compiling architecture xilinx of entity mult_gen_v12_0_21.dsp [\dsp(c_xdevicefamily="artix7",c_...]
Compiling architecture synth of entity xbip_pipe_v3_0_9.xbip_pipe_v3_0_9_viv [\xbip_pipe_v3_0_9_viv(c_has_ce=1...]
Compiling architecture rtl of entity floating_point_v7_1_18.delay [\delay(width=78,length=0)\]
Compiling architecture synth of entity floating_point_v7_1_18.multadd [\multadd(c_xdevicefamily="artix7...]
Compiling architecture synth of entity floating_point_v7_1_18.flt_recip_postprocess [\flt_recip_postprocess(c_xdevice...]
Compiling architecture synth of entity xbip_pipe_v3_0_9.xbip_pipe_v3_0_9_viv [\xbip_pipe_v3_0_9_viv(c_latency=...]
Compiling architecture rtl of entity floating_point_v7_1_18.delay [\delay(width=12,length=33)\]
Compiling architecture rtl of entity floating_point_v7_1_18.special_detect [\special_detect(c_xdevicefamily=...]
Compiling architecture synth of entity xbip_pipe_v3_0_9.xbip_pipe_v3_0_9_viv [\xbip_pipe_v3_0_9_viv(c_latency=...]
Compiling architecture rtl of entity floating_point_v7_1_18.delay [\delay(width=2,length=32,fast_in...]
Compiling architecture synth of entity xbip_pipe_v3_0_9.xbip_pipe_v3_0_9_viv [\xbip_pipe_v3_0_9_viv(c_latency=...]
Compiling architecture rtl of entity floating_point_v7_1_18.delay [\delay(length=32,fast_input=true...]
Compiling architecture synth of entity floating_point_v7_1_18.flt_recip_specialcase [\flt_recip_specialcase(c_xdevice...]
Compiling architecture synth of entity xbip_pipe_v3_0_9.xbip_pipe_v3_0_9_viv [\xbip_pipe_v3_0_9_viv(c_has_ce=1...]
Compiling architecture rtl of entity floating_point_v7_1_18.delay [\delay(width=6,length=0)\]
Compiling architecture struct of entity floating_point_v7_1_18.carry_chain [\carry_chain(c_xdevicefamily="ar...]
Compiling architecture synth of entity floating_point_v7_1_18.compare_gt [\compare_gt(c_xdevicefamily="art...]
Compiling architecture synth of entity xbip_pipe_v3_0_9.xbip_pipe_v3_0_9_viv [\xbip_pipe_v3_0_9_viv(c_latency=...]
Compiling architecture rtl of entity floating_point_v7_1_18.delay [\delay(width=64)\]
Compiling architecture synth of entity floating_point_v7_1_18.flt_recip_recomb [\flt_recip_recomb(c_xdevicefamil...]
Compiling architecture synth of entity floating_point_v7_1_18.flt_recip [\flt_recip(c_xdevicefamily="arti...]
Compiling architecture synth of entity xbip_pipe_v3_0_9.xbip_pipe_v3_0_9_viv [\xbip_pipe_v3_0_9_viv(c_latency=...]
Compiling architecture xilinx of entity floating_point_v7_1_18.floating_point_v7_1_18_viv [\floating_point_v7_1_18_viv(c_xd...]
Compiling architecture xilinx of entity floating_point_v7_1_18.floating_point_v7_1_18 [\floating_point_v7_1_18(c_xdevic...]
Compiling module xil_defaultlib.fp_reciprocal
Compiling architecture synth of entity xbip_pipe_v3_0_9.xbip_pipe_v3_0_9_viv [\xbip_pipe_v3_0_9_viv(c_latency=...]
Compiling architecture rtl of entity floating_point_v7_1_18.delay [\delay(width=5,fast_input=true)\]
Compiling architecture struct of entity floating_point_v7_1_18.carry_chain [\carry_chain(c_xdevicefamily="ar...]
Compiling architecture synth of entity floating_point_v7_1_18.flt_sqrt_mant_addsub [\flt_sqrt_mant_addsub(c_xdevicef...]
Compiling architecture synth of entity xbip_pipe_v3_0_9.xbip_pipe_v3_0_9_viv [\xbip_pipe_v3_0_9_viv(c_latency=...]
Compiling architecture rtl of entity floating_point_v7_1_18.delay [\delay(width=53)\]
Compiling architecture synth of entity xbip_pipe_v3_0_9.xbip_pipe_v3_0_9_viv [\xbip_pipe_v3_0_9_viv(c_has_ce=1...]
Compiling architecture rtl of entity floating_point_v7_1_18.delay [\delay(width=5,length=0)\]
Compiling architecture synth of entity xbip_pipe_v3_0_9.xbip_pipe_v3_0_9_viv [\xbip_pipe_v3_0_9_viv(c_latency=...]
Compiling architecture rtl of entity floating_point_v7_1_18.delay [\delay(width=6,fast_input=true)\]
Compiling architecture struct of entity floating_point_v7_1_18.carry_chain [\carry_chain(c_xdevicefamily="ar...]
Compiling architecture synth of entity floating_point_v7_1_18.flt_sqrt_mant_addsub [\flt_sqrt_mant_addsub(c_xdevicef...]
Compiling architecture synth of entity xbip_pipe_v3_0_9.xbip_pipe_v3_0_9_viv [\xbip_pipe_v3_0_9_viv(c_latency=...]
Compiling architecture rtl of entity floating_point_v7_1_18.delay [\delay(width=3)\]
Compiling architecture synth of entity xbip_pipe_v3_0_9.xbip_pipe_v3_0_9_viv [\xbip_pipe_v3_0_9_viv(c_latency=...]
Compiling architecture rtl of entity floating_point_v7_1_18.delay [\delay(width=51)\]
Compiling architecture synth of entity xbip_pipe_v3_0_9.xbip_pipe_v3_0_9_viv [\xbip_pipe_v3_0_9_viv(c_latency=...]
Compiling architecture rtl of entity floating_point_v7_1_18.delay [\delay(width=7,fast_input=true)\]
Compiling architecture struct of entity floating_point_v7_1_18.carry_chain [\carry_chain(c_xdevicefamily="ar...]
Compiling architecture synth of entity floating_point_v7_1_18.flt_sqrt_mant_addsub [\flt_sqrt_mant_addsub(c_xdevicef...]
Compiling architecture synth of entity xbip_pipe_v3_0_9.xbip_pipe_v3_0_9_viv [\xbip_pipe_v3_0_9_viv(c_latency=...]
Compiling architecture rtl of entity floating_point_v7_1_18.delay [\delay(width=4)\]
Compiling architecture synth of entity xbip_pipe_v3_0_9.xbip_pipe_v3_0_9_viv [\xbip_pipe_v3_0_9_viv(c_latency=...]
Compiling architecture rtl of entity floating_point_v7_1_18.delay [\delay(width=49)\]
Compiling architecture synth of entity xbip_pipe_v3_0_9.xbip_pipe_v3_0_9_viv [\xbip_pipe_v3_0_9_viv(c_latency=...]
Compiling architecture rtl of entity floating_point_v7_1_18.delay [\delay(width=8,fast_input=true)\]
Compiling architecture struct of entity floating_point_v7_1_18.carry_chain [\carry_chain(c_xdevicefamily="ar...]
Compiling architecture synth of entity floating_point_v7_1_18.flt_sqrt_mant_addsub [\flt_sqrt_mant_addsub(c_xdevicef...]
Compiling architecture synth of entity xbip_pipe_v3_0_9.xbip_pipe_v3_0_9_viv [\xbip_pipe_v3_0_9_viv(c_latency=...]
Compiling architecture rtl of entity floating_point_v7_1_18.delay [\delay(width=5)\]
Compiling architecture synth of entity xbip_pipe_v3_0_9.xbip_pipe_v3_0_9_viv [\xbip_pipe_v3_0_9_viv(c_latency=...]
Compiling architecture rtl of entity floating_point_v7_1_18.delay [\delay(width=9,fast_input=true)\]
Compiling architecture struct of entity floating_point_v7_1_18.carry_chain [\carry_chain(c_xdevicefamily="ar...]
Compiling architecture synth of entity floating_point_v7_1_18.flt_sqrt_mant_addsub [\flt_sqrt_mant_addsub(c_xdevicef...]
Compiling architecture synth of entity xbip_pipe_v3_0_9.xbip_pipe_v3_0_9_viv [\xbip_pipe_v3_0_9_viv(c_latency=...]
Compiling architecture rtl of entity floating_point_v7_1_18.delay [\delay(width=6)\]
Compiling architecture synth of entity xbip_pipe_v3_0_9.xbip_pipe_v3_0_9_viv [\xbip_pipe_v3_0_9_viv(c_latency=...]
Compiling architecture rtl of entity floating_point_v7_1_18.delay [\delay(width=45)\]
Compiling architecture synth of entity xbip_pipe_v3_0_9.xbip_pipe_v3_0_9_viv [\xbip_pipe_v3_0_9_viv(c_latency=...]
Compiling architecture rtl of entity floating_point_v7_1_18.delay [\delay(width=10,fast_input=true)...]
Compiling architecture struct of entity floating_point_v7_1_18.carry_chain [\carry_chain(c_xdevicefamily="ar...]
Compiling architecture synth of entity floating_point_v7_1_18.flt_sqrt_mant_addsub [\flt_sqrt_mant_addsub(c_xdevicef...]
Compiling architecture synth of entity xbip_pipe_v3_0_9.xbip_pipe_v3_0_9_viv [\xbip_pipe_v3_0_9_viv(c_latency=...]
Compiling architecture rtl of entity floating_point_v7_1_18.delay [\delay(width=43)\]
Compiling architecture synth of entity xbip_pipe_v3_0_9.xbip_pipe_v3_0_9_viv [\xbip_pipe_v3_0_9_viv(c_has_ce=1...]
Compiling architecture rtl of entity floating_point_v7_1_18.delay [\delay(width=10,length=0)\]
Compiling architecture struct of entity floating_point_v7_1_18.carry_chain [\carry_chain(c_xdevicefamily="ar...]
Compiling architecture synth of entity floating_point_v7_1_18.flt_sqrt_mant_addsub [\flt_sqrt_mant_addsub(c_xdevicef...]
Compiling architecture synth of entity xbip_pipe_v3_0_9.xbip_pipe_v3_0_9_viv [\xbip_pipe_v3_0_9_viv(c_latency=...]
Compiling architecture rtl of entity floating_point_v7_1_18.delay [\delay(width=41)\]
Compiling architecture struct of entity floating_point_v7_1_18.carry_chain [\carry_chain(c_xdevicefamily="ar...]
Compiling architecture synth of entity floating_point_v7_1_18.flt_sqrt_mant_addsub [\flt_sqrt_mant_addsub(c_xdevicef...]
Compiling architecture synth of entity xbip_pipe_v3_0_9.xbip_pipe_v3_0_9_viv [\xbip_pipe_v3_0_9_viv(c_latency=...]
Compiling architecture rtl of entity floating_point_v7_1_18.delay [\delay(width=39)\]
Compiling architecture synth of entity xbip_pipe_v3_0_9.xbip_pipe_v3_0_9_viv [\xbip_pipe_v3_0_9_viv(c_latency=...]
Compiling architecture rtl of entity floating_point_v7_1_18.delay [\delay(width=13,fast_input=true)...]
Compiling architecture struct of entity floating_point_v7_1_18.carry_chain [\carry_chain(c_xdevicefamily="ar...]
Compiling architecture synth of entity floating_point_v7_1_18.flt_sqrt_mant_addsub [\flt_sqrt_mant_addsub(c_xdevicef...]
Compiling architecture synth of entity xbip_pipe_v3_0_9.xbip_pipe_v3_0_9_viv [\xbip_pipe_v3_0_9_viv(c_latency=...]
Compiling architecture rtl of entity floating_point_v7_1_18.delay [\delay(width=37)\]
Compiling architecture synth of entity xbip_pipe_v3_0_9.xbip_pipe_v3_0_9_viv [\xbip_pipe_v3_0_9_viv(c_has_ce=1...]
Compiling architecture rtl of entity floating_point_v7_1_18.delay [\delay(width=13,length=0)\]
Compiling architecture synth of entity xbip_pipe_v3_0_9.xbip_pipe_v3_0_9_viv [\xbip_pipe_v3_0_9_viv(c_latency=...]
Compiling architecture rtl of entity floating_point_v7_1_18.delay [\delay(width=14,fast_input=true)...]
Compiling architecture struct of entity floating_point_v7_1_18.carry_chain [\carry_chain(c_xdevicefamily="ar...]
Compiling architecture synth of entity floating_point_v7_1_18.flt_sqrt_mant_addsub [\flt_sqrt_mant_addsub(c_xdevicef...]
Compiling architecture synth of entity xbip_pipe_v3_0_9.xbip_pipe_v3_0_9_viv [\xbip_pipe_v3_0_9_viv(c_latency=...]
Compiling architecture rtl of entity floating_point_v7_1_18.delay [\delay(width=35)\]
Compiling architecture synth of entity xbip_pipe_v3_0_9.xbip_pipe_v3_0_9_viv [\xbip_pipe_v3_0_9_viv(c_latency=...]
Compiling architecture rtl of entity floating_point_v7_1_18.delay [\delay(width=15,fast_input=true)...]
Compiling architecture struct of entity floating_point_v7_1_18.carry_chain [\carry_chain(c_xdevicefamily="ar...]
Compiling architecture synth of entity floating_point_v7_1_18.flt_sqrt_mant_addsub [\flt_sqrt_mant_addsub(c_xdevicef...]
Compiling architecture synth of entity xbip_pipe_v3_0_9.xbip_pipe_v3_0_9_viv [\xbip_pipe_v3_0_9_viv(c_has_ce=1...]
Compiling architecture rtl of entity floating_point_v7_1_18.delay [\delay(width=15,length=0)\]
Compiling architecture synth of entity xbip_pipe_v3_0_9.xbip_pipe_v3_0_9_viv [\xbip_pipe_v3_0_9_viv(c_latency=...]
Compiling architecture rtl of entity floating_point_v7_1_18.delay [\delay(width=16,fast_input=true)...]
Compiling architecture struct of entity floating_point_v7_1_18.carry_chain [\carry_chain(c_xdevicefamily="ar...]
Compiling architecture synth of entity floating_point_v7_1_18.flt_sqrt_mant_addsub [\flt_sqrt_mant_addsub(c_xdevicef...]
Compiling architecture synth of entity xbip_pipe_v3_0_9.xbip_pipe_v3_0_9_viv [\xbip_pipe_v3_0_9_viv(c_latency=...]
Compiling architecture rtl of entity floating_point_v7_1_18.delay [\delay(width=13)\]
Compiling architecture synth of entity xbip_pipe_v3_0_9.xbip_pipe_v3_0_9_viv [\xbip_pipe_v3_0_9_viv(c_latency=...]
Compiling architecture rtl of entity floating_point_v7_1_18.delay [\delay(width=31)\]
Compiling architecture synth of entity xbip_pipe_v3_0_9.xbip_pipe_v3_0_9_viv [\xbip_pipe_v3_0_9_viv(c_latency=...]
Compiling architecture rtl of entity floating_point_v7_1_18.delay [\delay(width=17,fast_input=true)...]
Compiling architecture struct of entity floating_point_v7_1_18.carry_chain [\carry_chain(c_xdevicefamily="ar...]
Compiling architecture synth of entity floating_point_v7_1_18.flt_sqrt_mant_addsub [\flt_sqrt_mant_addsub(c_xdevicef...]
Compiling architecture synth of entity xbip_pipe_v3_0_9.xbip_pipe_v3_0_9_viv [\xbip_pipe_v3_0_9_viv(c_latency=...]
Compiling architecture rtl of entity floating_point_v7_1_18.delay [\delay(width=18,fast_input=true)...]
Compiling architecture struct of entity floating_point_v7_1_18.carry_chain [\carry_chain(c_xdevicefamily="ar...]
Compiling architecture synth of entity floating_point_v7_1_18.flt_sqrt_mant_addsub [\flt_sqrt_mant_addsub(c_xdevicef...]
Compiling architecture synth of entity xbip_pipe_v3_0_9.xbip_pipe_v3_0_9_viv [\xbip_pipe_v3_0_9_viv(c_latency=...]
Compiling architecture rtl of entity floating_point_v7_1_18.delay [\delay(width=15)\]
Compiling architecture synth of entity xbip_pipe_v3_0_9.xbip_pipe_v3_0_9_viv [\xbip_pipe_v3_0_9_viv(c_latency=...]
Compiling architecture rtl of entity floating_point_v7_1_18.delay [\delay(width=27)\]
Compiling architecture synth of entity xbip_pipe_v3_0_9.xbip_pipe_v3_0_9_viv [\xbip_pipe_v3_0_9_viv(c_latency=...]
Compiling architecture rtl of entity floating_point_v7_1_18.delay [\delay(width=19,fast_input=true)...]
Compiling architecture struct of entity floating_point_v7_1_18.carry_chain [\carry_chain(c_xdevicefamily="ar...]
Compiling architecture synth of entity floating_point_v7_1_18.flt_sqrt_mant_addsub [\flt_sqrt_mant_addsub(c_xdevicef...]
Compiling architecture synth of entity xbip_pipe_v3_0_9.xbip_pipe_v3_0_9_viv [\xbip_pipe_v3_0_9_viv(c_latency=...]
Compiling architecture rtl of entity floating_point_v7_1_18.delay [\delay(width=20,fast_input=true)...]
Compiling architecture struct of entity floating_point_v7_1_18.carry_chain [\carry_chain(c_xdevicefamily="ar...]
Compiling architecture synth of entity floating_point_v7_1_18.flt_sqrt_mant_addsub [\flt_sqrt_mant_addsub(c_xdevicef...]
Compiling architecture synth of entity xbip_pipe_v3_0_9.xbip_pipe_v3_0_9_viv [\xbip_pipe_v3_0_9_viv(c_latency=...]
Compiling architecture rtl of entity floating_point_v7_1_18.delay [\delay(width=23)\]
Compiling architecture synth of entity xbip_pipe_v3_0_9.xbip_pipe_v3_0_9_viv [\xbip_pipe_v3_0_9_viv(c_has_ce=1...]
Compiling architecture rtl of entity floating_point_v7_1_18.delay [\delay(width=20,length=0)\]
Compiling architecture synth of entity xbip_pipe_v3_0_9.xbip_pipe_v3_0_9_viv [\xbip_pipe_v3_0_9_viv(c_latency=...]
Compiling architecture rtl of entity floating_point_v7_1_18.delay [\delay(width=21,fast_input=true)...]
Compiling architecture struct of entity floating_point_v7_1_18.carry_chain [\carry_chain(c_xdevicefamily="ar...]
Compiling architecture synth of entity floating_point_v7_1_18.flt_sqrt_mant_addsub [\flt_sqrt_mant_addsub(c_xdevicef...]
Compiling architecture synth of entity xbip_pipe_v3_0_9.xbip_pipe_v3_0_9_viv [\xbip_pipe_v3_0_9_viv(c_latency=...]
Compiling architecture rtl of entity floating_point_v7_1_18.delay [\delay(width=21)\]
Compiling architecture synth of entity xbip_pipe_v3_0_9.xbip_pipe_v3_0_9_viv [\xbip_pipe_v3_0_9_viv(c_has_ce=1...]
Compiling architecture rtl of entity floating_point_v7_1_18.delay [\delay(width=21,length=0)\]
Compiling architecture synth of entity xbip_pipe_v3_0_9.xbip_pipe_v3_0_9_viv [\xbip_pipe_v3_0_9_viv(c_latency=...]
Compiling architecture rtl of entity floating_point_v7_1_18.delay [\delay(width=22,fast_input=true)...]
Compiling architecture struct of entity floating_point_v7_1_18.carry_chain [\carry_chain(c_xdevicefamily="ar...]
Compiling architecture synth of entity floating_point_v7_1_18.flt_sqrt_mant_addsub [\flt_sqrt_mant_addsub(c_xdevicef...]
Compiling architecture synth of entity xbip_pipe_v3_0_9.xbip_pipe_v3_0_9_viv [\xbip_pipe_v3_0_9_viv(c_has_ce=1...]
Compiling architecture rtl of entity floating_point_v7_1_18.delay [\delay(width=22,length=0)\]
Compiling architecture synth of entity xbip_pipe_v3_0_9.xbip_pipe_v3_0_9_viv [\xbip_pipe_v3_0_9_viv(c_latency=...]
Compiling architecture rtl of entity floating_point_v7_1_18.delay [\delay(width=23,fast_input=true)...]
Compiling architecture struct of entity floating_point_v7_1_18.carry_chain [\carry_chain(c_xdevicefamily="ar...]
Compiling architecture synth of entity floating_point_v7_1_18.flt_sqrt_mant_addsub [\flt_sqrt_mant_addsub(c_xdevicef...]
Compiling architecture synth of entity xbip_pipe_v3_0_9.xbip_pipe_v3_0_9_viv [\xbip_pipe_v3_0_9_viv(c_latency=...]
Compiling architecture rtl of entity floating_point_v7_1_18.delay [\delay(width=20)\]
Compiling architecture synth of entity xbip_pipe_v3_0_9.xbip_pipe_v3_0_9_viv [\xbip_pipe_v3_0_9_viv(c_has_ce=1...]
Compiling architecture rtl of entity floating_point_v7_1_18.delay [\delay(width=23,length=0)\]
Compiling architecture synth of entity xbip_pipe_v3_0_9.xbip_pipe_v3_0_9_viv [\xbip_pipe_v3_0_9_viv(c_latency=...]
Compiling architecture rtl of entity floating_point_v7_1_18.delay [\delay(width=24,fast_input=true)...]
Compiling architecture struct of entity floating_point_v7_1_18.carry_chain [\carry_chain(c_xdevicefamily="ar...]
Compiling architecture synth of entity floating_point_v7_1_18.flt_sqrt_mant_addsub [\flt_sqrt_mant_addsub(c_xdevicef...]
Compiling architecture synth of entity xbip_pipe_v3_0_9.xbip_pipe_v3_0_9_viv [\xbip_pipe_v3_0_9_viv(c_has_ce=1...]
Compiling architecture rtl of entity floating_point_v7_1_18.delay [\delay(width=24,length=0)\]
Compiling architecture synth of entity xbip_pipe_v3_0_9.xbip_pipe_v3_0_9_viv [\xbip_pipe_v3_0_9_viv(c_latency=...]
Compiling architecture rtl of entity floating_point_v7_1_18.delay [\delay(width=25,fast_input=true)...]
Compiling architecture struct of entity floating_point_v7_1_18.carry_chain [\carry_chain(c_xdevicefamily="ar...]
Compiling architecture synth of entity floating_point_v7_1_18.flt_sqrt_mant_addsub [\flt_sqrt_mant_addsub(c_xdevicef...]
Compiling architecture synth of entity xbip_pipe_v3_0_9.xbip_pipe_v3_0_9_viv [\xbip_pipe_v3_0_9_viv(c_latency=...]
Compiling architecture rtl of entity floating_point_v7_1_18.delay [\delay(width=22)\]
Compiling architecture synth of entity xbip_pipe_v3_0_9.xbip_pipe_v3_0_9_viv [\xbip_pipe_v3_0_9_viv(c_latency=...]
Compiling architecture rtl of entity floating_point_v7_1_18.delay [\delay(width=26,fast_input=true)...]
Compiling architecture struct of entity floating_point_v7_1_18.carry_chain [\carry_chain(c_xdevicefamily="ar...]
Compiling architecture synth of entity floating_point_v7_1_18.flt_sqrt_mant_addsub [\flt_sqrt_mant_addsub(c_xdevicef...]
Compiling architecture synth of entity xbip_pipe_v3_0_9.xbip_pipe_v3_0_9_viv [\xbip_pipe_v3_0_9_viv(c_has_ce=1...]
Compiling architecture rtl of entity floating_point_v7_1_18.delay [\delay(width=26,length=0)\]
Compiling architecture struct of entity floating_point_v7_1_18.carry_chain [\carry_chain(c_xdevicefamily="ar...]
Compiling architecture synth of entity floating_point_v7_1_18.flt_sqrt_mant_addsub [\flt_sqrt_mant_addsub(c_xdevicef...]
Compiling architecture synth of entity xbip_pipe_v3_0_9.xbip_pipe_v3_0_9_viv [\xbip_pipe_v3_0_9_viv(c_latency=...]
Compiling architecture rtl of entity floating_point_v7_1_18.delay [\delay(width=24)\]
Compiling architecture synth of entity xbip_pipe_v3_0_9.xbip_pipe_v3_0_9_viv [\xbip_pipe_v3_0_9_viv(c_has_ce=1...]
Compiling architecture rtl of entity floating_point_v7_1_18.delay [\delay(width=27,length=0)\]
Compiling architecture synth of entity xbip_pipe_v3_0_9.xbip_pipe_v3_0_9_viv [\xbip_pipe_v3_0_9_viv(c_latency=...]
Compiling architecture rtl of entity floating_point_v7_1_18.delay [\delay(width=28,fast_input=true)...]
Compiling architecture struct of entity floating_point_v7_1_18.carry_chain [\carry_chain(c_xdevicefamily="ar...]
Compiling architecture synth of entity floating_point_v7_1_18.flt_sqrt_mant_addsub [\flt_sqrt_mant_addsub(c_xdevicef...]
Compiling architecture synth of entity xbip_pipe_v3_0_9.xbip_pipe_v3_0_9_viv [\xbip_pipe_v3_0_9_viv(c_latency=...]
Compiling architecture rtl of entity floating_point_v7_1_18.delay [\delay(width=29,fast_input=true)...]
Compiling architecture struct of entity floating_point_v7_1_18.carry_chain [\carry_chain(c_xdevicefamily="ar...]
Compiling architecture synth of entity floating_point_v7_1_18.flt_sqrt_mant_addsub [\flt_sqrt_mant_addsub(c_xdevicef...]
Compiling architecture synth of entity xbip_pipe_v3_0_9.xbip_pipe_v3_0_9_viv [\xbip_pipe_v3_0_9_viv(c_has_ce=1...]
Compiling architecture rtl of entity floating_point_v7_1_18.delay [\delay(width=29,length=0)\]
Compiling architecture synth of entity xbip_pipe_v3_0_9.xbip_pipe_v3_0_9_viv [\xbip_pipe_v3_0_9_viv(c_latency=...]
Compiling architecture rtl of entity floating_point_v7_1_18.delay [\delay(width=30,fast_input=true)...]
Compiling architecture struct of entity floating_point_v7_1_18.carry_chain [\carry_chain(c_xdevicefamily="ar...]
Compiling architecture synth of entity floating_point_v7_1_18.flt_sqrt_mant_addsub [\flt_sqrt_mant_addsub(c_xdevicef...]
Compiling architecture synth of entity xbip_pipe_v3_0_9.xbip_pipe_v3_0_9_viv [\xbip_pipe_v3_0_9_viv(c_latency=...]
Compiling architecture rtl of entity floating_point_v7_1_18.delay [\delay(width=31,fast_input=true)...]
Compiling architecture struct of entity floating_point_v7_1_18.carry_chain [\carry_chain(c_xdevicefamily="ar...]
Compiling architecture synth of entity floating_point_v7_1_18.flt_sqrt_mant_addsub [\flt_sqrt_mant_addsub(c_xdevicef...]
Compiling architecture synth of entity xbip_pipe_v3_0_9.xbip_pipe_v3_0_9_viv [\xbip_pipe_v3_0_9_viv(c_has_ce=1...]
Compiling architecture rtl of entity floating_point_v7_1_18.delay [\delay(width=31,length=0)\]
Compiling architecture synth of entity xbip_pipe_v3_0_9.xbip_pipe_v3_0_9_viv [\xbip_pipe_v3_0_9_viv(c_latency=...]
Compiling architecture rtl of entity floating_point_v7_1_18.delay [\delay(width=32,fast_input=true)...]
Compiling architecture struct of entity floating_point_v7_1_18.carry_chain [\carry_chain(c_xdevicefamily="ar...]
Compiling architecture synth of entity floating_point_v7_1_18.flt_sqrt_mant_addsub [\flt_sqrt_mant_addsub(c_xdevicef...]
Compiling architecture synth of entity xbip_pipe_v3_0_9.xbip_pipe_v3_0_9_viv [\xbip_pipe_v3_0_9_viv(c_has_ce=1...]
Compiling architecture rtl of entity floating_point_v7_1_18.delay [\delay(width=32,length=0)\]
Compiling architecture synth of entity xbip_pipe_v3_0_9.xbip_pipe_v3_0_9_viv [\xbip_pipe_v3_0_9_viv(c_latency=...]
Compiling architecture rtl of entity floating_point_v7_1_18.delay [\delay(width=33,fast_input=true)...]
Compiling architecture struct of entity floating_point_v7_1_18.carry_chain [\carry_chain(c_xdevicefamily="ar...]
Compiling architecture synth of entity floating_point_v7_1_18.flt_sqrt_mant_addsub [\flt_sqrt_mant_addsub(c_xdevicef...]
Compiling architecture synth of entity xbip_pipe_v3_0_9.xbip_pipe_v3_0_9_viv [\xbip_pipe_v3_0_9_viv(c_latency=...]
Compiling architecture rtl of entity floating_point_v7_1_18.delay [\delay(width=34,fast_input=true)...]
Compiling architecture struct of entity floating_point_v7_1_18.carry_chain [\carry_chain(c_xdevicefamily="ar...]
Compiling architecture synth of entity floating_point_v7_1_18.flt_sqrt_mant_addsub [\flt_sqrt_mant_addsub(c_xdevicef...]
Compiling architecture synth of entity xbip_pipe_v3_0_9.xbip_pipe_v3_0_9_viv [\xbip_pipe_v3_0_9_viv(c_has_ce=1...]
Compiling architecture rtl of entity floating_point_v7_1_18.delay [\delay(width=34,length=0)\]
Compiling architecture synth of entity xbip_pipe_v3_0_9.xbip_pipe_v3_0_9_viv [\xbip_pipe_v3_0_9_viv(c_latency=...]
Compiling architecture rtl of entity floating_point_v7_1_18.delay [\delay(width=35,fast_input=true)...]
Compiling architecture struct of entity floating_point_v7_1_18.carry_chain [\carry_chain(c_xdevicefamily="ar...]
Compiling architecture synth of entity floating_point_v7_1_18.flt_sqrt_mant_addsub [\flt_sqrt_mant_addsub(c_xdevicef...]
Compiling architecture synth of entity xbip_pipe_v3_0_9.xbip_pipe_v3_0_9_viv [\xbip_pipe_v3_0_9_viv(c_latency=...]
Compiling architecture rtl of entity floating_point_v7_1_18.delay [\delay(width=32)\]
Compiling architecture synth of entity xbip_pipe_v3_0_9.xbip_pipe_v3_0_9_viv [\xbip_pipe_v3_0_9_viv(c_has_ce=1...]
Compiling architecture rtl of entity floating_point_v7_1_18.delay [\delay(width=35,length=0)\]
Compiling architecture synth of entity xbip_pipe_v3_0_9.xbip_pipe_v3_0_9_viv [\xbip_pipe_v3_0_9_viv(c_latency=...]
Compiling architecture rtl of entity floating_point_v7_1_18.delay [\delay(width=36,fast_input=true)...]
Compiling architecture struct of entity floating_point_v7_1_18.carry_chain [\carry_chain(c_xdevicefamily="ar...]
Compiling architecture synth of entity floating_point_v7_1_18.flt_sqrt_mant_addsub [\flt_sqrt_mant_addsub(c_xdevicef...]
Compiling architecture synth of entity xbip_pipe_v3_0_9.xbip_pipe_v3_0_9_viv [\xbip_pipe_v3_0_9_viv(c_has_ce=1...]
Compiling architecture rtl of entity floating_point_v7_1_18.delay [\delay(width=36,length=0)\]
Compiling architecture synth of entity xbip_pipe_v3_0_9.xbip_pipe_v3_0_9_viv [\xbip_pipe_v3_0_9_viv(c_latency=...]
Compiling architecture rtl of entity floating_point_v7_1_18.delay [\delay(width=37,fast_input=true)...]
Compiling architecture struct of entity floating_point_v7_1_18.carry_chain [\carry_chain(c_xdevicefamily="ar...]
Compiling architecture synth of entity floating_point_v7_1_18.flt_sqrt_mant_addsub [\flt_sqrt_mant_addsub(c_xdevicef...]
Compiling architecture synth of entity xbip_pipe_v3_0_9.xbip_pipe_v3_0_9_viv [\xbip_pipe_v3_0_9_viv(c_has_ce=1...]
Compiling architecture rtl of entity floating_point_v7_1_18.delay [\delay(width=37,length=0)\]
Compiling architecture synth of entity xbip_pipe_v3_0_9.xbip_pipe_v3_0_9_viv [\xbip_pipe_v3_0_9_viv(c_latency=...]
Compiling architecture rtl of entity floating_point_v7_1_18.delay [\delay(width=38,fast_input=true)...]
Compiling architecture struct of entity floating_point_v7_1_18.carry_chain [\carry_chain(c_xdevicefamily="ar...]
Compiling architecture synth of entity floating_point_v7_1_18.flt_sqrt_mant_addsub [\flt_sqrt_mant_addsub(c_xdevicef...]
Compiling architecture synth of entity xbip_pipe_v3_0_9.xbip_pipe_v3_0_9_viv [\xbip_pipe_v3_0_9_viv(c_has_ce=1...]
Compiling architecture rtl of entity floating_point_v7_1_18.delay [\delay(width=38,length=0)\]
Compiling architecture synth of entity xbip_pipe_v3_0_9.xbip_pipe_v3_0_9_viv [\xbip_pipe_v3_0_9_viv(c_latency=...]
Compiling architecture rtl of entity floating_point_v7_1_18.delay [\delay(width=39,fast_input=true)...]
Compiling architecture struct of entity floating_point_v7_1_18.carry_chain [\carry_chain(c_xdevicefamily="ar...]
Compiling architecture synth of entity floating_point_v7_1_18.flt_sqrt_mant_addsub [\flt_sqrt_mant_addsub(c_xdevicef...]
Compiling architecture synth of entity xbip_pipe_v3_0_9.xbip_pipe_v3_0_9_viv [\xbip_pipe_v3_0_9_viv(c_latency=...]
Compiling architecture rtl of entity floating_point_v7_1_18.delay [\delay(width=36)\]
Compiling architecture synth of entity xbip_pipe_v3_0_9.xbip_pipe_v3_0_9_viv [\xbip_pipe_v3_0_9_viv(c_has_ce=1...]
Compiling architecture rtl of entity floating_point_v7_1_18.delay [\delay(width=39,length=0)\]
Compiling architecture synth of entity xbip_pipe_v3_0_9.xbip_pipe_v3_0_9_viv [\xbip_pipe_v3_0_9_viv(c_latency=...]
Compiling architecture rtl of entity floating_point_v7_1_18.delay [\delay(width=40,fast_input=true)...]
Compiling architecture struct of entity floating_point_v7_1_18.carry_chain [\carry_chain(c_xdevicefamily="ar...]
Compiling architecture synth of entity floating_point_v7_1_18.flt_sqrt_mant_addsub [\flt_sqrt_mant_addsub(c_xdevicef...]
Compiling architecture synth of entity xbip_pipe_v3_0_9.xbip_pipe_v3_0_9_viv [\xbip_pipe_v3_0_9_viv(c_has_ce=1...]
Compiling architecture rtl of entity floating_point_v7_1_18.delay [\delay(width=40,length=0)\]
Compiling architecture synth of entity xbip_pipe_v3_0_9.xbip_pipe_v3_0_9_viv [\xbip_pipe_v3_0_9_viv(c_latency=...]
Compiling architecture rtl of entity floating_point_v7_1_18.delay [\delay(width=41,fast_input=true)...]
Compiling architecture struct of entity floating_point_v7_1_18.carry_chain [\carry_chain(c_xdevicefamily="ar...]
Compiling architecture synth of entity floating_point_v7_1_18.flt_sqrt_mant_addsub [\flt_sqrt_mant_addsub(c_xdevicef...]
Compiling architecture synth of entity xbip_pipe_v3_0_9.xbip_pipe_v3_0_9_viv [\xbip_pipe_v3_0_9_viv(c_latency=...]
Compiling architecture rtl of entity floating_point_v7_1_18.delay [\delay(width=38)\]
Compiling architecture synth of entity xbip_pipe_v3_0_9.xbip_pipe_v3_0_9_viv [\xbip_pipe_v3_0_9_viv(c_has_ce=1...]
Compiling architecture rtl of entity floating_point_v7_1_18.delay [\delay(width=41,length=0)\]
Compiling architecture synth of entity xbip_pipe_v3_0_9.xbip_pipe_v3_0_9_viv [\xbip_pipe_v3_0_9_viv(c_latency=...]
Compiling architecture rtl of entity floating_point_v7_1_18.delay [\delay(width=42,fast_input=true)...]
Compiling architecture struct of entity floating_point_v7_1_18.carry_chain [\carry_chain(c_xdevicefamily="ar...]
Compiling architecture synth of entity floating_point_v7_1_18.flt_sqrt_mant_addsub [\flt_sqrt_mant_addsub(c_xdevicef...]
Compiling architecture synth of entity xbip_pipe_v3_0_9.xbip_pipe_v3_0_9_viv [\xbip_pipe_v3_0_9_viv(c_has_ce=1...]
Compiling architecture rtl of entity floating_point_v7_1_18.delay [\delay(width=42,length=0)\]
Compiling architecture synth of entity xbip_pipe_v3_0_9.xbip_pipe_v3_0_9_viv [\xbip_pipe_v3_0_9_viv(c_latency=...]
Compiling architecture rtl of entity floating_point_v7_1_18.delay [\delay(width=43,fast_input=true)...]
Compiling architecture struct of entity floating_point_v7_1_18.carry_chain [\carry_chain(c_xdevicefamily="ar...]
Compiling architecture synth of entity floating_point_v7_1_18.flt_sqrt_mant_addsub [\flt_sqrt_mant_addsub(c_xdevicef...]
Compiling architecture synth of entity xbip_pipe_v3_0_9.xbip_pipe_v3_0_9_viv [\xbip_pipe_v3_0_9_viv(c_latency=...]
Compiling architecture rtl of entity floating_point_v7_1_18.delay [\delay(width=40)\]
Compiling architecture synth of entity xbip_pipe_v3_0_9.xbip_pipe_v3_0_9_viv [\xbip_pipe_v3_0_9_viv(c_has_ce=1...]
Compiling architecture rtl of entity floating_point_v7_1_18.delay [\delay(width=43,length=0)\]
Compiling architecture synth of entity xbip_pipe_v3_0_9.xbip_pipe_v3_0_9_viv [\xbip_pipe_v3_0_9_viv(c_latency=...]
Compiling architecture rtl of entity floating_point_v7_1_18.delay [\delay(width=44,fast_input=true)...]
Compiling architecture struct of entity floating_point_v7_1_18.carry_chain [\carry_chain(c_xdevicefamily="ar...]
Compiling architecture synth of entity floating_point_v7_1_18.flt_sqrt_mant_addsub [\flt_sqrt_mant_addsub(c_xdevicef...]
Compiling architecture synth of entity xbip_pipe_v3_0_9.xbip_pipe_v3_0_9_viv [\xbip_pipe_v3_0_9_viv(c_has_ce=1...]
Compiling architecture rtl of entity floating_point_v7_1_18.delay [\delay(width=44,length=0)\]
Compiling architecture synth of entity xbip_pipe_v3_0_9.xbip_pipe_v3_0_9_viv [\xbip_pipe_v3_0_9_viv(c_latency=...]
Compiling architecture rtl of entity floating_point_v7_1_18.delay [\delay(width=45,fast_input=true)...]
Compiling architecture struct of entity floating_point_v7_1_18.carry_chain [\carry_chain(c_xdevicefamily="ar...]
Compiling architecture synth of entity floating_point_v7_1_18.flt_sqrt_mant_addsub [\flt_sqrt_mant_addsub(c_xdevicef...]
Compiling architecture synth of entity xbip_pipe_v3_0_9.xbip_pipe_v3_0_9_viv [\xbip_pipe_v3_0_9_viv(c_latency=...]
Compiling architecture rtl of entity floating_point_v7_1_18.delay [\delay(width=42)\]
Compiling architecture synth of entity xbip_pipe_v3_0_9.xbip_pipe_v3_0_9_viv [\xbip_pipe_v3_0_9_viv(c_has_ce=1...]
Compiling architecture rtl of entity floating_point_v7_1_18.delay [\delay(width=45,length=0)\]
Compiling architecture synth of entity xbip_pipe_v3_0_9.xbip_pipe_v3_0_9_viv [\xbip_pipe_v3_0_9_viv(c_latency=...]
Compiling architecture rtl of entity floating_point_v7_1_18.delay [\delay(width=46,fast_input=true)...]
Compiling architecture struct of entity floating_point_v7_1_18.carry_chain [\carry_chain(c_xdevicefamily="ar...]
Compiling architecture synth of entity floating_point_v7_1_18.flt_sqrt_mant_addsub [\flt_sqrt_mant_addsub(c_xdevicef...]
Compiling architecture synth of entity xbip_pipe_v3_0_9.xbip_pipe_v3_0_9_viv [\xbip_pipe_v3_0_9_viv(c_has_ce=1...]
Compiling architecture rtl of entity floating_point_v7_1_18.delay [\delay(width=46,length=0)\]
Compiling architecture synth of entity xbip_pipe_v3_0_9.xbip_pipe_v3_0_9_viv [\xbip_pipe_v3_0_9_viv(c_latency=...]
Compiling architecture rtl of entity floating_point_v7_1_18.delay [\delay(width=47,fast_input=true)...]
Compiling architecture struct of entity floating_point_v7_1_18.carry_chain [\carry_chain(c_xdevicefamily="ar...]
Compiling architecture synth of entity floating_point_v7_1_18.flt_sqrt_mant_addsub [\flt_sqrt_mant_addsub(c_xdevicef...]
Compiling architecture synth of entity xbip_pipe_v3_0_9.xbip_pipe_v3_0_9_viv [\xbip_pipe_v3_0_9_viv(c_latency=...]
Compiling architecture rtl of entity floating_point_v7_1_18.delay [\delay(width=44)\]
Compiling architecture synth of entity xbip_pipe_v3_0_9.xbip_pipe_v3_0_9_viv [\xbip_pipe_v3_0_9_viv(c_latency=...]
Compiling architecture rtl of entity floating_point_v7_1_18.delay [\delay(width=48,fast_input=true)...]
Compiling architecture struct of entity floating_point_v7_1_18.carry_chain [\carry_chain(c_xdevicefamily="ar...]
Compiling architecture synth of entity floating_point_v7_1_18.flt_sqrt_mant_addsub [\flt_sqrt_mant_addsub(c_xdevicef...]
Compiling architecture synth of entity xbip_pipe_v3_0_9.xbip_pipe_v3_0_9_viv [\xbip_pipe_v3_0_9_viv(c_latency=...]
Compiling architecture rtl of entity floating_point_v7_1_18.delay [\delay(width=49,fast_input=true)...]
Compiling architecture struct of entity floating_point_v7_1_18.carry_chain [\carry_chain(c_xdevicefamily="ar...]
Compiling architecture synth of entity floating_point_v7_1_18.flt_sqrt_mant_addsub [\flt_sqrt_mant_addsub(c_xdevicef...]
Compiling architecture synth of entity xbip_pipe_v3_0_9.xbip_pipe_v3_0_9_viv [\xbip_pipe_v3_0_9_viv(c_has_ce=1...]
Compiling architecture rtl of entity floating_point_v7_1_18.delay [\delay(width=49,length=0)\]
Compiling architecture synth of entity xbip_pipe_v3_0_9.xbip_pipe_v3_0_9_viv [\xbip_pipe_v3_0_9_viv(c_latency=...]
Compiling architecture rtl of entity floating_point_v7_1_18.delay [\delay(width=50,fast_input=true)...]
Compiling architecture struct of entity floating_point_v7_1_18.carry_chain [\carry_chain(c_xdevicefamily="ar...]
Compiling architecture synth of entity floating_point_v7_1_18.flt_sqrt_mant_addsub [\flt_sqrt_mant_addsub(c_xdevicef...]
Compiling architecture synth of entity xbip_pipe_v3_0_9.xbip_pipe_v3_0_9_viv [\xbip_pipe_v3_0_9_viv(c_has_ce=1...]
Compiling architecture rtl of entity floating_point_v7_1_18.delay [\delay(width=50,length=0)\]
Compiling architecture synth of entity xbip_pipe_v3_0_9.xbip_pipe_v3_0_9_viv [\xbip_pipe_v3_0_9_viv(c_latency=...]
Compiling architecture rtl of entity floating_point_v7_1_18.delay [\delay(width=51,fast_input=true)...]
Compiling architecture struct of entity floating_point_v7_1_18.carry_chain [\carry_chain(c_xdevicefamily="ar...]
Compiling architecture synth of entity floating_point_v7_1_18.flt_sqrt_mant_addsub [\flt_sqrt_mant_addsub(c_xdevicef...]
Compiling architecture synth of entity xbip_pipe_v3_0_9.xbip_pipe_v3_0_9_viv [\xbip_pipe_v3_0_9_viv(c_latency=...]
Compiling architecture rtl of entity floating_point_v7_1_18.delay [\delay(width=48)\]
Compiling architecture synth of entity xbip_pipe_v3_0_9.xbip_pipe_v3_0_9_viv [\xbip_pipe_v3_0_9_viv(c_has_ce=1...]
Compiling architecture rtl of entity floating_point_v7_1_18.delay [\delay(width=51,length=0)\]
Compiling architecture synth of entity xbip_pipe_v3_0_9.xbip_pipe_v3_0_9_viv [\xbip_pipe_v3_0_9_viv(c_latency=...]
Compiling architecture rtl of entity floating_point_v7_1_18.delay [\delay(width=52,fast_input=true)...]
Compiling architecture struct of entity floating_point_v7_1_18.carry_chain [\carry_chain(c_xdevicefamily="ar...]
Compiling architecture synth of entity floating_point_v7_1_18.flt_sqrt_mant_addsub [\flt_sqrt_mant_addsub(c_xdevicef...]
Compiling architecture synth of entity xbip_pipe_v3_0_9.xbip_pipe_v3_0_9_viv [\xbip_pipe_v3_0_9_viv(c_has_ce=1...]
Compiling architecture rtl of entity floating_point_v7_1_18.delay [\delay(width=52,length=0)\]
Compiling architecture synth of entity xbip_pipe_v3_0_9.xbip_pipe_v3_0_9_viv [\xbip_pipe_v3_0_9_viv(c_latency=...]
Compiling architecture rtl of entity floating_point_v7_1_18.delay [\delay(width=53,fast_input=true)...]
Compiling architecture struct of entity floating_point_v7_1_18.carry_chain [\carry_chain(c_xdevicefamily="ar...]
Compiling architecture synth of entity floating_point_v7_1_18.flt_sqrt_mant_addsub [\flt_sqrt_mant_addsub(c_xdevicef...]
Compiling architecture synth of entity xbip_pipe_v3_0_9.xbip_pipe_v3_0_9_viv [\xbip_pipe_v3_0_9_viv(c_latency=...]
Compiling architecture rtl of entity floating_point_v7_1_18.delay [\delay(width=50)\]
Compiling architecture synth of entity xbip_pipe_v3_0_9.xbip_pipe_v3_0_9_viv [\xbip_pipe_v3_0_9_viv(c_has_ce=1...]
Compiling architecture rtl of entity floating_point_v7_1_18.delay [\delay(width=53,length=0)\]
Compiling architecture synth of entity xbip_pipe_v3_0_9.xbip_pipe_v3_0_9_viv [\xbip_pipe_v3_0_9_viv(c_latency=...]
Compiling architecture rtl of entity floating_point_v7_1_18.delay [\delay(width=54,fast_input=true)...]
Compiling architecture struct of entity floating_point_v7_1_18.carry_chain [\carry_chain(c_xdevicefamily="ar...]
Compiling architecture synth of entity floating_point_v7_1_18.flt_sqrt_mant_addsub [\flt_sqrt_mant_addsub(c_xdevicef...]
Compiling architecture synth of entity xbip_pipe_v3_0_9.xbip_pipe_v3_0_9_viv [\xbip_pipe_v3_0_9_viv(c_has_ce=1...]
Compiling architecture rtl of entity floating_point_v7_1_18.delay [\delay(width=54,length=0)\]
Compiling architecture synth of entity xbip_pipe_v3_0_9.xbip_pipe_v3_0_9_viv [\xbip_pipe_v3_0_9_viv(c_latency=...]
Compiling architecture rtl of entity floating_point_v7_1_18.delay [\delay(width=55,fast_input=true)...]
Compiling architecture struct of entity floating_point_v7_1_18.carry_chain [\carry_chain(c_xdevicefamily="ar...]
Compiling architecture synth of entity floating_point_v7_1_18.flt_sqrt_mant_addsub [\flt_sqrt_mant_addsub(c_xdevicef...]
Compiling architecture synth of entity xbip_pipe_v3_0_9.xbip_pipe_v3_0_9_viv [\xbip_pipe_v3_0_9_viv(c_latency=...]
Compiling architecture rtl of entity floating_point_v7_1_18.delay [\delay(width=56,fast_input=true)...]
Compiling architecture struct of entity floating_point_v7_1_18.carry_chain [\carry_chain(c_xdevicefamily="ar...]
Compiling architecture synth of entity floating_point_v7_1_18.flt_sqrt_mant_addsub [\flt_sqrt_mant_addsub(c_xdevicef...]
Compiling architecture synth of entity xbip_pipe_v3_0_9.xbip_pipe_v3_0_9_viv [\xbip_pipe_v3_0_9_viv(c_latency=...]
Compiling architecture rtl of entity floating_point_v7_1_18.delay [\delay(width=57,fast_input=true)...]
Compiling architecture struct of entity floating_point_v7_1_18.carry_chain [\carry_chain(c_xdevicefamily="ar...]
Compiling architecture synth of entity floating_point_v7_1_18.flt_sqrt_mant_addsub [\flt_sqrt_mant_addsub(c_xdevicef...]
Compiling architecture synth of entity xbip_pipe_v3_0_9.xbip_pipe_v3_0_9_viv [\xbip_pipe_v3_0_9_viv(c_has_ce=1...]
Compiling architecture rtl of entity floating_point_v7_1_18.delay [\delay(width=57,length=0)\]
Compiling architecture synth of entity xbip_pipe_v3_0_9.xbip_pipe_v3_0_9_viv [\xbip_pipe_v3_0_9_viv(c_latency=...]
Compiling architecture rtl of entity floating_point_v7_1_18.delay [\delay(width=58,fast_input=true)...]
Compiling architecture struct of entity floating_point_v7_1_18.carry_chain [\carry_chain(c_xdevicefamily="ar...]
Compiling architecture synth of entity floating_point_v7_1_18.flt_sqrt_mant_addsub [\flt_sqrt_mant_addsub(c_xdevicef...]
Compiling architecture synth of entity floating_point_v7_1_18.flt_sqrt_mant [\flt_sqrt_mant(c_xdevicefamily="...]
Compiling architecture synth of entity xbip_pipe_v3_0_9.xbip_pipe_v3_0_9_viv [\xbip_pipe_v3_0_9_viv(c_latency=...]
Compiling architecture rtl of entity floating_point_v7_1_18.delay [\delay(width=11,length=56,fast_i...]
Compiling architecture rtl of entity floating_point_v7_1_18.special_detect [\special_detect(c_xdevicefamily=...]
Compiling architecture synth of entity xbip_pipe_v3_0_9.xbip_pipe_v3_0_9_viv [\xbip_pipe_v3_0_9_viv(c_latency=...]
Compiling architecture rtl of entity floating_point_v7_1_18.delay [\delay(width=2,length=54,fast_in...]
Compiling architecture synth of entity xbip_pipe_v3_0_9.xbip_pipe_v3_0_9_viv [\xbip_pipe_v3_0_9_viv(c_latency=...]
Compiling architecture rtl of entity floating_point_v7_1_18.delay [\delay(length=55,fast_input=true...]
Compiling architecture rtl of entity floating_point_v7_1_18.flt_sqrt_exp [\flt_sqrt_exp(c_xdevicefamily="n...]
Compiling architecture struct of entity floating_point_v7_1_18.carry_chain [\carry_chain(c_xdevicefamily="ar...]
Compiling architecture struct of entity floating_point_v7_1_18.carry_chain [\carry_chain(c_xdevicefamily="ar...]
Compiling architecture struct of entity floating_point_v7_1_18.carry_chain [\carry_chain(c_xdevicefamily="ar...]
Compiling architecture rtl of entity floating_point_v7_1_18.flt_round_bit [\flt_round_bit(c_xdevicefamily="...]
Compiling architecture rtl of entity floating_point_v7_1_18.renorm_and_round_logic [\renorm_and_round_logic(c_xdevic...]
Compiling architecture synth of entity floating_point_v7_1_18.flt_dec_op [\flt_dec_op(c_xdevicefamily="art...]
Compiling architecture virtex of entity floating_point_v7_1_18.flt_sqrt [\flt_sqrt(c_xdevicefamily="artix...]
Compiling architecture synth of entity xbip_pipe_v3_0_9.xbip_pipe_v3_0_9_viv [\xbip_pipe_v3_0_9_viv(c_latency=...]
Compiling architecture xilinx of entity floating_point_v7_1_18.floating_point_v7_1_18_viv [\floating_point_v7_1_18_viv(c_xd...]
Compiling architecture xilinx of entity floating_point_v7_1_18.floating_point_v7_1_18 [\floating_point_v7_1_18(c_xdevic...]
Compiling module xil_defaultlib.fp_sqrt
Compiling module xil_defaultlib.physics_calculator
Compiling module xil_defaultlib.delay_128_17
Compiling architecture struct of entity floating_point_v7_1_18.carry_chain [\carry_chain(c_xdevicefamily="ar...]
Compiling architecture synth of entity floating_point_v7_1_18.compare_eq_im [\compare_eq_im(c_xdevicefamily="...]
Compiling architecture struct of entity floating_point_v7_1_18.carry_chain [\carry_chain(c_xdevicefamily="ar...]
Compiling architecture synth of entity floating_point_v7_1_18.compare_ne_im [\compare_ne_im(c_xdevicefamily="...]
Compiling architecture struct of entity floating_point_v7_1_18.carry_chain [\carry_chain(c_xdevicefamily="ar...]
Compiling architecture synth of entity floating_point_v7_1_18.compare_eq_im [\compare_eq_im(c_xdevicefamily="...]
Compiling architecture struct of entity floating_point_v7_1_18.carry_chain [\carry_chain(c_xdevicefamily="ar...]
Compiling architecture synth of entity floating_point_v7_1_18.compare_eq [\compare_eq(c_xdevicefamily="art...]
Compiling architecture struct of entity floating_point_v7_1_18.carry_chain [\carry_chain(c_xdevicefamily="ar...]
Compiling architecture synth of entity floating_point_v7_1_18.compare_gt [\compare_gt(c_xdevicefamily="art...]
Compiling architecture rtl of entity floating_point_v7_1_18.fp_cmp [\fp_cmp(c_xdevicefamily="artix7"...]
Compiling architecture synth of entity xbip_pipe_v3_0_9.xbip_pipe_v3_0_9_viv [\xbip_pipe_v3_0_9_viv(c_has_ce=1...]
Compiling architecture xilinx of entity floating_point_v7_1_18.floating_point_v7_1_18_viv [\floating_point_v7_1_18_viv(c_xd...]
Compiling architecture xilinx of entity floating_point_v7_1_18.floating_point_v7_1_18 [\floating_point_v7_1_18(c_xdevic...]
Compiling module xil_defaultlib.float_gt
Compiling module xil_defaultlib.delay_11_15
Compiling module xil_defaultlib.sum_calc
Compiling architecture struct of entity floating_point_v7_1_18.carry_chain [\carry_chain(c_xdevicefamily="ki...]
Compiling architecture synth of entity floating_point_v7_1_18.compare_eq_im [\compare_eq_im(c_xdevicefamily="...]
Compiling architecture rtl of entity floating_point_v7_1_18.special_detect [\special_detect(a_w=64,a_fw=53)(...]
Compiling architecture rtl of entity floating_point_v7_1_18.delay_s [\delay_s(width=13)\]
Compiling architecture synth of entity xbip_pipe_v3_0_9.xbip_pipe_v3_0_9_viv [\xbip_pipe_v3_0_9_viv(c_latency=...]
Compiling architecture rtl of entity floating_point_v7_1_18.delay [\delay(width=2,length=4,fast_inp...]
Compiling architecture synth of entity xbip_pipe_v3_0_9.xbip_pipe_v3_0_9_viv [\xbip_pipe_v3_0_9_viv(c_latency=...]
Compiling architecture rtl of entity floating_point_v7_1_18.delay [\delay(length=4,fast_input=true)...]
Compiling architecture rtl of entity floating_point_v7_1_18.zero_det_sel [\zero_det_sel(c_xdevicefamily="a...]
Compiling architecture rtl of entity floating_point_v7_1_18.shift_msb_first [\shift_msb_first(result_width=32...]
Compiling architecture struct of entity floating_point_v7_1_18.carry_chain [\carry_chain(c_xdevicefamily="ar...]
Compiling architecture synth of entity floating_point_v7_1_18.flt_to_fix_conv [\flt_to_fix_conv(c_xdevicefamily...]
Compiling architecture synth of entity xbip_pipe_v3_0_9.xbip_pipe_v3_0_9_viv [\xbip_pipe_v3_0_9_viv(c_latency=...]
Compiling architecture xilinx of entity floating_point_v7_1_18.floating_point_v7_1_18_viv [\floating_point_v7_1_18_viv(c_xd...]
Compiling architecture xilinx of entity floating_point_v7_1_18.floating_point_v7_1_18 [\floating_point_v7_1_18(c_xdevic...]
Compiling module xil_defaultlib.float_to_fixed
Compiling module xil_defaultlib.ftf_cast
Compiling module xil_defaultlib.delay_10_7
Compiling module blk_mem_gen_v8_4_8.blk_mem_gen_v8_4_8_output_stage(...
Compiling module blk_mem_gen_v8_4_8.blk_mem_gen_v8_4_8_softecc_outpu...
Compiling module blk_mem_gen_v8_4_8.blk_mem_gen_v8_4_8_mem_module(C_...
Compiling module blk_mem_gen_v8_4_8.blk_mem_gen_v8_4_8(C_FAMILY="art...
Compiling module xil_defaultlib.pe_ram
Compiling module xil_defaultlib.physics_engine_1
Compiling module xil_defaultlib.flood_mem
Compiling module xil_defaultlib.grid_test
Compiling module xil_defaultlib.pixel_walk
Compiling module xil_defaultlib.shape_engine
Compiling module xil_defaultlib.pretty_colors
Compiling module xil_defaultlib.mem_functions
Compiling module xpm.xpm_cdc_single(DEST_SYNC_FF=2,IN...
Compiling architecture rtl of entity v_tc_v6_2_8.video_ctrl [\video_ctrl(c_family="virtex5",c...]
Compiling architecture rtl of entity v_tc_v6_2_8.tc_generator [\tc_generator(c_max_pixels=4096,...]
Compiling architecture rtl of entity v_tc_v6_2_8.tc_top [\tc_top(c_detect_en=0,c_det_achr...]
Compiling architecture imp of entity v_tc_v6_2_8.v_tc [\v_tc(c_has_axi4_lite=0,c_gen_vi...]
Compiling architecture v_tc_0_arch of entity xil_defaultlib.v_tc_0 [v_tc_0_default]
Compiling module xil_defaultlib.vid_time_counter
Compiling architecture plle2_adv_v of entity unisim.PLLE2_ADV [\PLLE2_ADV(clkfbout_mult=20,clki...]
Compiling architecture behavioral of entity xil_defaultlib.SyncAsync [\SyncAsync(kresetto='1')\]
Compiling architecture behavioral of entity xil_defaultlib.ResetBridge [resetbridge_default]
Compiling architecture behavioral of entity xil_defaultlib.SyncAsync [syncasync_default]
Compiling architecture behavioral of entity xil_defaultlib.ClockGen [\ClockGen(kclkrange=3,kclkprimit...]
Compiling architecture behavioral of entity xil_defaultlib.TMDS_Encoder [tmds_encoder_default]
Compiling architecture obufds_v of entity unisim.OBUFDS [\OBUFDS(iostandard="TMDS_33")(1,...]
Compiling architecture oserdese2_v of entity unisim.OSERDESE2 [\OSERDESE2(data_rate_tq="SDR",da...]
Compiling architecture oserdese2_v of entity unisim.OSERDESE2 [\OSERDESE2(data_rate_tq="SDR",da...]
Compiling architecture behavioral of entity xil_defaultlib.OutputSERDES [outputserdes_default]
Compiling architecture behavioral of entity xil_defaultlib.rgb2dvi [\rgb2dvi(kclkrange=3)(1,3)\]
Compiling architecture rgb2dvi_0_arch of entity xil_defaultlib.rgb2dvi_0 [rgb2dvi_0_default]
Compiling module xil_defaultlib.display_generator
Compiling module xil_defaultlib.function_interface
Compiling module xil_defaultlib.mem_interface
Compiling module blk_mem_gen_v8_4_8.blk_mem_gen_v8_4_8_output_stage(...
Compiling module blk_mem_gen_v8_4_8.blk_mem_gen_v8_4_8_softecc_outpu...
Compiling module blk_mem_gen_v8_4_8.blk_mem_gen_v8_4_8_mem_module(C_...
Compiling module blk_mem_gen_v8_4_8.blk_mem_gen_v8_4_8(C_FAMILY="art...
Compiling module xil_defaultlib.blk_mem_gen_0
Compiling module blk_mem_gen_v8_4_8.blk_mem_gen_v8_4_8_mem_module(C_...
Compiling module blk_mem_gen_v8_4_8.blk_mem_gen_v8_4_8(C_FAMILY="art...
Compiling module xil_defaultlib.blk_mem_gen_1
Compiling module xil_defaultlib.pingpong
Compiling module xil_defaultlib.display_engine
Compiling module xil_defaultlib.register_block
Compiling module blk_mem_gen_v8_4_8.blk_mem_gen_v8_4_8_output_stage(...
Compiling module blk_mem_gen_v8_4_8.blk_mem_gen_v8_4_8_softecc_outpu...
Compiling module blk_mem_gen_v8_4_8.blk_mem_gen_v8_4_8_mem_module(C_...
Compiling module blk_mem_gen_v8_4_8.blk_mem_gen_v8_4_8(C_FAMILY="art...
Compiling module xil_defaultlib.blk_mem_gen_3
Compiling module xil_defaultlib.pp_position_ram
Compiling module blk_mem_gen_v8_4_8.blk_mem_gen_v8_4_8_output_stage(...
Compiling module blk_mem_gen_v8_4_8.blk_mem_gen_v8_4_8_softecc_outpu...
Compiling module blk_mem_gen_v8_4_8.blk_mem_gen_v8_4_8_mem_module(C_...
Compiling module blk_mem_gen_v8_4_8.blk_mem_gen_v8_4_8(C_FAMILY="art...
Compiling module xil_defaultlib.blk_mem_gen_4
Compiling module xil_defaultlib.attribute_ram_1
Compiling module blk_mem_gen_v8_4_8.blk_mem_gen_v8_4_8_output_stage(...
Compiling module blk_mem_gen_v8_4_8.blk_mem_gen_v8_4_8_output_stage(...
Compiling module blk_mem_gen_v8_4_8.blk_mem_gen_v8_4_8_softecc_outpu...
Compiling module blk_mem_gen_v8_4_8.blk_mem_gen_v8_4_8_mem_module(C_...
Compiling module blk_mem_gen_v8_4_8.blk_mem_gen_v8_4_8(C_FAMILY="art...
Compiling module xil_defaultlib.state_ram_1
Compiling module xil_defaultlib.top
Compiling module xil_defaultlib.tb
Compiling module xil_defaultlib.glbl
Built simulation snapshot tb_behav
