ARM GAS  C:\Users\impler\AppData\Local\Temp\ccMkb5iX.s 			page 1


   1              		.syntax unified
   2              		.cpu cortex-m3
   3              		.fpu softvfp
   4              		.eabi_attribute 20, 1
   5              		.eabi_attribute 21, 1
   6              		.eabi_attribute 23, 3
   7              		.eabi_attribute 24, 1
   8              		.eabi_attribute 25, 1
   9              		.eabi_attribute 26, 1
  10              		.eabi_attribute 30, 1
  11              		.eabi_attribute 34, 1
  12              		.eabi_attribute 18, 4
  13              		.thumb
  14              		.syntax unified
  15              		.file	"main.c"
  16              		.text
  17              	.Ltext0:
  18              		.cfi_sections	.debug_frame
  19              		.section	.text.send_next_byte,"ax",%progbits
  20              		.align	2
  21              		.global	send_next_byte
  22              		.thumb
  23              		.thumb_func
  24              		.type	send_next_byte, %function
  25              	send_next_byte:
  26              	.LFB64:
  27              		.file 1 "main.c"
   1:main.c        **** #include "project.h"
   2:main.c        **** #include "outfile.h"  // Includes pre-generated data arrays
   3:main.c        **** 
   4:main.c        **** // Handshake Signal Definitions
   5:main.c        **** #define PSOC_FPGA_Write(x) PSOC_FPGA_Write(x)  // PSoC signals "I sent data"
   6:main.c        **** #define FPGA_PSOC_Read() FPGA_PSOC_Read()      // FPGA signals "I received data"
   7:main.c        **** #define SOFT_RESET_Write(x) SOFT_RESET_Write(x)  // Soft reset signal to FPGA
   8:main.c        **** 
   9:main.c        **** // 8-bit Data Output Port
  10:main.c        **** #define DATA_PORT_Write(x) Data_Port_Write(x)  
  11:main.c        **** 
  12:main.c        **** uint16_t data_index = 0;  // Tracks which byte is being sent
  13:main.c        **** uint16_t total_entries = sizeof(merged_ram) / sizeof(merged_ram[0]);  // Total struct entries
  14:main.c        **** 
  15:main.c        **** void send_next_byte(void);
  16:main.c        **** 
  17:main.c        **** int main(void) {
  18:main.c        ****     CyGlobalIntEnable;  // Enable global interrupts
  19:main.c        **** 
  20:main.c        ****     // **Step 1: Assert Soft Reset to Reset FPGA**
  21:main.c        ****     SOFT_RESET_Write(1);  // Set soft reset HIGH
  22:main.c        ****     CyDelay(100);         // Wait 100ms for FPGA to reset
  23:main.c        ****     SOFT_RESET_Write(0);  // Clear soft reset before starting
  24:main.c        **** 
  25:main.c        ****     // **Step 2: Ensure first address byte is already present at startup**
  26:main.c        ****     send_next_byte();
  27:main.c        **** 
  28:main.c        ****     // **Step 3: Set initial handshake state to HIGH**
  29:main.c        ****     PSOC_FPGA_Write(1);  
  30:main.c        **** 
ARM GAS  C:\Users\impler\AppData\Local\Temp\ccMkb5iX.s 			page 2


  31:main.c        ****     for (;;) {  // Infinite loop waiting for FPGA handshakes
  32:main.c        ****         if (FPGA_PSOC_Read() == PSOC_FPGA_Read()) {  // FPGA matches handshake, ready for next byte
  33:main.c        ****             send_next_byte();  // Send next byte
  34:main.c        ****         }
  35:main.c        ****     }
  36:main.c        ****     while(1);
  37:main.c        **** }
  38:main.c        **** 
  39:main.c        **** // **Function: Send next byte from `merged_ram[]` using LSB → MSB**
  40:main.c        **** void send_next_byte(void) {
  28              		.loc 1 40 0
  29              		.cfi_startproc
  30              		@ args = 0, pretend = 0, frame = 0
  31              		@ frame_needed = 0, uses_anonymous_args = 0
  32 0000 08B5     		push	{r3, lr}
  33              		.cfi_def_cfa_offset 8
  34              		.cfi_offset 3, -8
  35              		.cfi_offset 14, -4
  41:main.c        ****     if (data_index < total_entries * 6) {  // Each entry has 2 address + 4 data bytes
  36              		.loc 1 41 0
  37 0002 204B     		ldr	r3, .L7
  38 0004 1B88     		ldrh	r3, [r3]
  39 0006 204A     		ldr	r2, .L7+4
  40 0008 1288     		ldrh	r2, [r2]
  41 000a 02EB4202 		add	r2, r2, r2, lsl #1
  42 000e 5100     		lsls	r1, r2, #1
  43 0010 8B42     		cmp	r3, r1
  44 0012 35DA     		bge	.L1
  45              	.LBB2:
  42:main.c        ****         uint16_t entry_index = data_index / 6;  // Which `merged_ram` entry
  46              		.loc 1 42 0
  47 0014 1D4A     		ldr	r2, .L7+8
  48 0016 A2FB0312 		umull	r1, r2, r2, r3
  49 001a 9208     		lsrs	r2, r2, #2
  50 001c 91B2     		uxth	r1, r2
  51              	.LVL0:
  43:main.c        ****         uint8_t byte_index = data_index % 6;  // Position in entry
  52              		.loc 1 43 0
  53 001e 02EB4202 		add	r2, r2, r2, lsl #1
  54 0022 5000     		lsls	r0, r2, #1
  55 0024 1B1A     		subs	r3, r3, r0
  56              	.LVL1:
  44:main.c        **** 
  45:main.c        ****         if (byte_index == 0) {  
  57              		.loc 1 45 0
  58 0026 13F0FF03 		ands	r3, r3, #255
  59              	.LVL2:
  60 002a 07D1     		bne	.L3
  46:main.c        ****             DATA_PORT_Write(merged_ram[entry_index].address & 0xFF);  // **Send Lower Address Byte 
  61              		.loc 1 46 0
  62 002c 01EB4101 		add	r1, r1, r1, lsl #1
  63              	.LVL3:
  64 0030 4B00     		lsls	r3, r1, #1
  65 0032 174A     		ldr	r2, .L7+12
  66 0034 D05C     		ldrb	r0, [r2, r3]	@ zero_extendqisi2
  67              	.LVL4:
  68 0036 FFF7FEFF 		bl	Data_Port_Write
ARM GAS  C:\Users\impler\AppData\Local\Temp\ccMkb5iX.s 			page 3


  69              	.LVL5:
  70 003a 16E0     		b	.L4
  71              	.LVL6:
  72              	.L3:
  47:main.c        ****         } 
  48:main.c        ****         else if (byte_index == 1) {  
  73              		.loc 1 48 0
  74 003c 012B     		cmp	r3, #1
  75 003e 08D1     		bne	.L5
  49:main.c        ****             DATA_PORT_Write((merged_ram[entry_index].address >> 8) & 0xFF);  // **Send Upper Addres
  76              		.loc 1 49 0
  77 0040 01EB4101 		add	r1, r1, r1, lsl #1
  78              	.LVL7:
  79 0044 4B00     		lsls	r3, r1, #1
  80 0046 124A     		ldr	r2, .L7+12
  81 0048 D05A     		ldrh	r0, [r2, r3]
  82              	.LVL8:
  83 004a 000A     		lsrs	r0, r0, #8
  84 004c FFF7FEFF 		bl	Data_Port_Write
  85              	.LVL9:
  86 0050 0BE0     		b	.L4
  87              	.LVL10:
  88              	.L5:
  89              	.LBB3:
  50:main.c        ****         } 
  51:main.c        ****         else {  
  52:main.c        ****             uint8_t reversed_index = 5 - byte_index;  // Reverse data byte order
  90              		.loc 1 52 0
  91 0052 C3F10503 		rsb	r3, r3, #5
  92 0056 DBB2     		uxtb	r3, r3
  93              	.LVL11:
  53:main.c        ****             DATA_PORT_Write(merged_ram[entry_index].data[reversed_index]);  // **Send Data Bytes (L
  94              		.loc 1 53 0
  95 0058 01EB4101 		add	r1, r1, r1, lsl #1
  96              	.LVL12:
  97 005c 4A00     		lsls	r2, r1, #1
  98 005e 0C49     		ldr	r1, .L7+12
  99 0060 0A44     		add	r2, r2, r1
 100 0062 1344     		add	r3, r3, r2
 101              	.LVL13:
 102 0064 9878     		ldrb	r0, [r3, #2]	@ zero_extendqisi2
 103              	.LVL14:
 104 0066 FFF7FEFF 		bl	Data_Port_Write
 105              	.LVL15:
 106              	.L4:
 107              	.LBE3:
  54:main.c        ****         }
  55:main.c        **** 
  56:main.c        ****         // **Toggle Handshake (Flip PSOC_FPGA)**
  57:main.c        ****         PSOC_FPGA_Write(!PSOC_FPGA_Read());  
 108              		.loc 1 57 0
 109 006a FFF7FEFF 		bl	PSOC_FPGA_Read
 110              	.LVL16:
 111 006e B0FA80F0 		clz	r0, r0
 112 0072 4009     		lsrs	r0, r0, #5
 113 0074 FFF7FEFF 		bl	PSOC_FPGA_Write
 114              	.LVL17:
ARM GAS  C:\Users\impler\AppData\Local\Temp\ccMkb5iX.s 			page 4


  58:main.c        **** 
  59:main.c        ****         // **Move to Next Byte**
  60:main.c        ****         data_index++;
 115              		.loc 1 60 0
 116 0078 024A     		ldr	r2, .L7
 117 007a 1388     		ldrh	r3, [r2]
 118 007c 0133     		adds	r3, r3, #1
 119 007e 1380     		strh	r3, [r2]	@ movhi
 120              	.L1:
 121 0080 08BD     		pop	{r3, pc}
 122              	.L8:
 123 0082 00BF     		.align	2
 124              	.L7:
 125 0084 00000000 		.word	.LANCHOR0
 126 0088 00000000 		.word	.LANCHOR1
 127 008c ABAAAAAA 		.word	-1431655765
 128 0090 00000000 		.word	.LANCHOR2
 129              	.LBE2:
 130              		.cfi_endproc
 131              	.LFE64:
 132              		.size	send_next_byte, .-send_next_byte
 133              		.section	.text.main,"ax",%progbits
 134              		.align	2
 135              		.global	main
 136              		.thumb
 137              		.thumb_func
 138              		.type	main, %function
 139              	main:
 140              	.LFB63:
  17:main.c        ****     CyGlobalIntEnable;  // Enable global interrupts
 141              		.loc 1 17 0
 142              		.cfi_startproc
 143              		@ Volatile: function does not return.
 144              		@ args = 0, pretend = 0, frame = 0
 145              		@ frame_needed = 0, uses_anonymous_args = 0
 146 0000 08B5     		push	{r3, lr}
 147              		.cfi_def_cfa_offset 8
 148              		.cfi_offset 3, -8
 149              		.cfi_offset 14, -4
  18:main.c        **** 
 150              		.loc 1 18 0
 151              		.syntax unified
 152              	@ 18 "main.c" 1
 153 0002 62B6     		CPSIE   i
 154              	@ 0 "" 2
  21:main.c        ****     CyDelay(100);         // Wait 100ms for FPGA to reset
 155              		.loc 1 21 0
 156              		.thumb
 157              		.syntax unified
 158 0004 0120     		movs	r0, #1
 159 0006 FFF7FEFF 		bl	SOFT_RESET_Write
 160              	.LVL18:
  22:main.c        ****     SOFT_RESET_Write(0);  // Clear soft reset before starting
 161              		.loc 1 22 0
 162 000a 6420     		movs	r0, #100
 163 000c FFF7FEFF 		bl	CyDelay
 164              	.LVL19:
ARM GAS  C:\Users\impler\AppData\Local\Temp\ccMkb5iX.s 			page 5


  23:main.c        **** 
 165              		.loc 1 23 0
 166 0010 0020     		movs	r0, #0
 167 0012 FFF7FEFF 		bl	SOFT_RESET_Write
 168              	.LVL20:
  26:main.c        **** 
 169              		.loc 1 26 0
 170 0016 FFF7FEFF 		bl	send_next_byte
 171              	.LVL21:
  29:main.c        **** 
 172              		.loc 1 29 0
 173 001a 0120     		movs	r0, #1
 174 001c FFF7FEFF 		bl	PSOC_FPGA_Write
 175              	.LVL22:
 176              	.L10:
  32:main.c        ****             send_next_byte();  // Send next byte
 177              		.loc 1 32 0
 178 0020 FFF7FEFF 		bl	FPGA_PSOC_Read
 179              	.LVL23:
 180 0024 0446     		mov	r4, r0
 181 0026 FFF7FEFF 		bl	PSOC_FPGA_Read
 182              	.LVL24:
 183 002a 8442     		cmp	r4, r0
 184 002c F8D1     		bne	.L10
  33:main.c        ****         }
 185              		.loc 1 33 0
 186 002e FFF7FEFF 		bl	send_next_byte
 187              	.LVL25:
 188 0032 F5E7     		b	.L10
 189              		.cfi_endproc
 190              	.LFE63:
 191              		.size	main, .-main
 192              		.global	total_entries
 193              		.global	data_index
 194              		.global	merged_ram
 195              		.section	.rodata
 196              		.align	2
 197              		.set	.LANCHOR2,. + 0
 198              		.type	merged_ram, %object
 199              		.size	merged_ram, 144
 200              	merged_ram:
 201 0000 0000     		.short	0
 202 0002 00       		.byte	0
 203 0003 00       		.byte	0
 204 0004 00       		.byte	0
 205 0005 00       		.byte	0
 206 0006 0100     		.short	1
 207 0008 00       		.byte	0
 208 0009 00       		.byte	0
 209 000a 00       		.byte	0
 210 000b 00       		.byte	0
 211 000c 0200     		.short	2
 212 000e 00       		.byte	0
 213 000f 00       		.byte	0
 214 0010 00       		.byte	0
 215 0011 00       		.byte	0
 216 0012 0300     		.short	3
ARM GAS  C:\Users\impler\AppData\Local\Temp\ccMkb5iX.s 			page 6


 217 0014 00       		.byte	0
 218 0015 00       		.byte	0
 219 0016 00       		.byte	0
 220 0017 00       		.byte	0
 221 0018 0400     		.short	4
 222 001a 00       		.byte	0
 223 001b 00       		.byte	0
 224 001c 00       		.byte	0
 225 001d 00       		.byte	0
 226 001e 0500     		.short	5
 227 0020 00       		.byte	0
 228 0021 00       		.byte	0
 229 0022 00       		.byte	0
 230 0023 00       		.byte	0
 231 0024 0600     		.short	6
 232 0026 00       		.byte	0
 233 0027 00       		.byte	0
 234 0028 00       		.byte	0
 235 0029 00       		.byte	0
 236 002a 0700     		.short	7
 237 002c 00       		.byte	0
 238 002d 00       		.byte	0
 239 002e 00       		.byte	0
 240 002f 00       		.byte	0
 241 0030 0800     		.short	8
 242 0032 00       		.byte	0
 243 0033 00       		.byte	0
 244 0034 00       		.byte	0
 245 0035 00       		.byte	0
 246 0036 0900     		.short	9
 247 0038 00       		.byte	0
 248 0039 00       		.byte	0
 249 003a 00       		.byte	0
 250 003b 00       		.byte	0
 251 003c 0040     		.short	16384
 252 003e 00       		.byte	0
 253 003f 00       		.byte	0
 254 0040 00       		.byte	0
 255 0041 00       		.byte	0
 256 0042 1000     		.short	16
 257 0044 00       		.byte	0
 258 0045 00       		.byte	0
 259 0046 00       		.byte	0
 260 0047 00       		.byte	0
 261 0048 1100     		.short	17
 262 004a 40       		.byte	64
 263 004b 84       		.byte	-124
 264 004c 00       		.byte	0
 265 004d 00       		.byte	0
 266 004e 1200     		.short	18
 267 0050 00       		.byte	0
 268 0051 00       		.byte	0
 269 0052 00       		.byte	0
 270 0053 00       		.byte	0
 271 0054 1300     		.short	19
 272 0056 40       		.byte	64
 273 0057 76       		.byte	118
ARM GAS  C:\Users\impler\AppData\Local\Temp\ccMkb5iX.s 			page 7


 274 0058 80       		.byte	-128
 275 0059 00       		.byte	0
 276 005a 1400     		.short	20
 277 005c 00       		.byte	0
 278 005d 00       		.byte	0
 279 005e 00       		.byte	0
 280 005f 00       		.byte	0
 281 0060 1500     		.short	21
 282 0062 40       		.byte	64
 283 0063 08       		.byte	8
 284 0064 00       		.byte	0
 285 0065 00       		.byte	0
 286 0066 1600     		.short	22
 287 0068 00       		.byte	0
 288 0069 00       		.byte	0
 289 006a 00       		.byte	0
 290 006b 00       		.byte	0
 291 006c 1700     		.short	23
 292 006e 40       		.byte	64
 293 006f 08       		.byte	8
 294 0070 00       		.byte	0
 295 0071 00       		.byte	0
 296 0072 1800     		.short	24
 297 0074 00       		.byte	0
 298 0075 00       		.byte	0
 299 0076 00       		.byte	0
 300 0077 00       		.byte	0
 301 0078 1900     		.short	25
 302 007a 00       		.byte	0
 303 007b 00       		.byte	0
 304 007c 00       		.byte	0
 305 007d 00       		.byte	0
 306 007e 0140     		.short	16385
 307 0080 00       		.byte	0
 308 0081 10       		.byte	16
 309 0082 04       		.byte	4
 310 0083 06       		.byte	6
 311 0084 0080     		.short	-32768
 312 0086 00       		.byte	0
 313 0087 00       		.byte	0
 314 0088 00       		.byte	0
 315 0089 02       		.byte	2
 316 008a 0180     		.short	-32767
 317 008c 00       		.byte	0
 318 008d 00       		.byte	0
 319 008e 00       		.byte	0
 320 008f 01       		.byte	1
 321              		.data
 322              		.align	1
 323              		.set	.LANCHOR1,. + 0
 324              		.type	total_entries, %object
 325              		.size	total_entries, 2
 326              	total_entries:
 327 0000 1800     		.short	24
 328              		.bss
 329              		.align	1
 330              		.set	.LANCHOR0,. + 0
ARM GAS  C:\Users\impler\AppData\Local\Temp\ccMkb5iX.s 			page 8


 331              		.type	data_index, %object
 332              		.size	data_index, 2
 333              	data_index:
 334 0000 0000     		.space	2
 335              		.text
 336              	.Letext0:
 337              		.file 2 "c:\\program files (x86)\\cypress\\psoc creator\\4.4\\psoc creator\\import\\gnu\\arm\\5.4.
 338              		.file 3 "c:\\program files (x86)\\cypress\\psoc creator\\4.4\\psoc creator\\import\\gnu\\arm\\5.4.
 339              		.file 4 "outfile.h"
 340              		.file 5 "Generated_Source\\PSoC5/core_cm3.h"
 341              		.file 6 "Generated_Source\\PSoC5/Data_Port.h"
 342              		.file 7 "Generated_Source\\PSoC5/PSOC_FPGA.h"
 343              		.file 8 "Generated_Source\\PSoC5/SOFT_RESET.h"
 344              		.file 9 "Generated_Source\\PSoC5/CyLib.h"
 345              		.file 10 "Generated_Source\\PSoC5/FPGA_PSOC.h"
 346              		.section	.debug_info,"",%progbits
 347              	.Ldebug_info0:
 348 0000 B1020000 		.4byte	0x2b1
 349 0004 0400     		.2byte	0x4
 350 0006 00000000 		.4byte	.Ldebug_abbrev0
 351 000a 04       		.byte	0x4
 352 000b 01       		.uleb128 0x1
 353 000c 58000000 		.4byte	.LASF35
 354 0010 0C       		.byte	0xc
 355 0011 C7010000 		.4byte	.LASF36
 356 0015 23020000 		.4byte	.LASF37
 357 0019 00000000 		.4byte	.Ldebug_ranges0+0
 358 001d 00000000 		.4byte	0
 359 0021 00000000 		.4byte	.Ldebug_line0
 360 0025 02       		.uleb128 0x2
 361 0026 08       		.byte	0x8
 362 0027 07       		.byte	0x7
 363 0028 66010000 		.4byte	.LASF0
 364 002c 02       		.uleb128 0x2
 365 002d 04       		.byte	0x4
 366 002e 07       		.byte	0x7
 367 002f 42010000 		.4byte	.LASF1
 368 0033 02       		.uleb128 0x2
 369 0034 02       		.byte	0x2
 370 0035 07       		.byte	0x7
 371 0036 F8000000 		.4byte	.LASF2
 372 003a 02       		.uleb128 0x2
 373 003b 01       		.byte	0x1
 374 003c 06       		.byte	0x6
 375 003d 3E000000 		.4byte	.LASF3
 376 0041 03       		.uleb128 0x3
 377 0042 00000000 		.4byte	.LASF6
 378 0046 02       		.byte	0x2
 379 0047 1D       		.byte	0x1d
 380 0048 4C000000 		.4byte	0x4c
 381 004c 02       		.uleb128 0x2
 382 004d 01       		.byte	0x1
 383 004e 08       		.byte	0x8
 384 004f 4A000000 		.4byte	.LASF4
 385 0053 02       		.uleb128 0x2
 386 0054 02       		.byte	0x2
 387 0055 05       		.byte	0x5
ARM GAS  C:\Users\impler\AppData\Local\Temp\ccMkb5iX.s 			page 9


 388 0056 EA010000 		.4byte	.LASF5
 389 005a 03       		.uleb128 0x3
 390 005b 18010000 		.4byte	.LASF7
 391 005f 02       		.byte	0x2
 392 0060 2B       		.byte	0x2b
 393 0061 33000000 		.4byte	0x33
 394 0065 03       		.uleb128 0x3
 395 0066 0A000000 		.4byte	.LASF8
 396 006a 02       		.byte	0x2
 397 006b 3F       		.byte	0x3f
 398 006c 70000000 		.4byte	0x70
 399 0070 02       		.uleb128 0x2
 400 0071 04       		.byte	0x4
 401 0072 05       		.byte	0x5
 402 0073 FD010000 		.4byte	.LASF9
 403 0077 02       		.uleb128 0x2
 404 0078 04       		.byte	0x4
 405 0079 07       		.byte	0x7
 406 007a E6000000 		.4byte	.LASF10
 407 007e 02       		.uleb128 0x2
 408 007f 08       		.byte	0x8
 409 0080 05       		.byte	0x5
 410 0081 B9010000 		.4byte	.LASF11
 411 0085 04       		.uleb128 0x4
 412 0086 04       		.byte	0x4
 413 0087 05       		.byte	0x5
 414 0088 696E7400 		.ascii	"int\000"
 415 008c 03       		.uleb128 0x3
 416 008d 7D010000 		.4byte	.LASF12
 417 0091 03       		.byte	0x3
 418 0092 18       		.byte	0x18
 419 0093 41000000 		.4byte	0x41
 420 0097 03       		.uleb128 0x3
 421 0098 F4010000 		.4byte	.LASF13
 422 009c 03       		.byte	0x3
 423 009d 24       		.byte	0x24
 424 009e 5A000000 		.4byte	0x5a
 425 00a2 03       		.uleb128 0x3
 426 00a3 2B000000 		.4byte	.LASF14
 427 00a7 03       		.byte	0x3
 428 00a8 2C       		.byte	0x2c
 429 00a9 65000000 		.4byte	0x65
 430 00ad 02       		.uleb128 0x2
 431 00ae 04       		.byte	0x4
 432 00af 04       		.byte	0x4
 433 00b0 33000000 		.4byte	.LASF15
 434 00b4 02       		.uleb128 0x2
 435 00b5 08       		.byte	0x8
 436 00b6 04       		.byte	0x4
 437 00b7 24000000 		.4byte	.LASF16
 438 00bb 02       		.uleb128 0x2
 439 00bc 01       		.byte	0x1
 440 00bd 08       		.byte	0x8
 441 00be CE010000 		.4byte	.LASF17
 442 00c2 02       		.uleb128 0x2
 443 00c3 04       		.byte	0x4
 444 00c4 07       		.byte	0x7
ARM GAS  C:\Users\impler\AppData\Local\Temp\ccMkb5iX.s 			page 10


 445 00c5 B0010000 		.4byte	.LASF18
 446 00c9 02       		.uleb128 0x2
 447 00ca 08       		.byte	0x8
 448 00cb 04       		.byte	0x4
 449 00cc 95010000 		.4byte	.LASF19
 450 00d0 05       		.uleb128 0x5
 451 00d1 06       		.byte	0x6
 452 00d2 04       		.byte	0x4
 453 00d3 09       		.byte	0x9
 454 00d4 F1000000 		.4byte	0xf1
 455 00d8 06       		.uleb128 0x6
 456 00d9 5E010000 		.4byte	.LASF20
 457 00dd 04       		.byte	0x4
 458 00de 0A       		.byte	0xa
 459 00df 97000000 		.4byte	0x97
 460 00e3 00       		.byte	0
 461 00e4 06       		.uleb128 0x6
 462 00e5 39000000 		.4byte	.LASF21
 463 00e9 04       		.byte	0x4
 464 00ea 0B       		.byte	0xb
 465 00eb F1000000 		.4byte	0xf1
 466 00ef 02       		.byte	0x2
 467 00f0 00       		.byte	0
 468 00f1 07       		.uleb128 0x7
 469 00f2 8C000000 		.4byte	0x8c
 470 00f6 01010000 		.4byte	0x101
 471 00fa 08       		.uleb128 0x8
 472 00fb C2000000 		.4byte	0xc2
 473 00ff 03       		.byte	0x3
 474 0100 00       		.byte	0
 475 0101 09       		.uleb128 0x9
 476 0102 23010000 		.4byte	.LASF38
 477 0106 01       		.byte	0x1
 478 0107 28       		.byte	0x28
 479 0108 00000000 		.4byte	.LFB64
 480 010c 94000000 		.4byte	.LFE64-.LFB64
 481 0110 01       		.uleb128 0x1
 482 0111 9C       		.byte	0x9c
 483 0112 89010000 		.4byte	0x189
 484 0116 0A       		.uleb128 0xa
 485 0117 14000000 		.4byte	.LBB2
 486 011b 80000000 		.4byte	.LBE2-.LBB2
 487 011f 0B       		.uleb128 0xb
 488 0120 DE010000 		.4byte	.LASF22
 489 0124 01       		.byte	0x1
 490 0125 2A       		.byte	0x2a
 491 0126 97000000 		.4byte	0x97
 492 012a 00000000 		.4byte	.LLST0
 493 012e 0B       		.uleb128 0xb
 494 012f 37010000 		.4byte	.LASF23
 495 0133 01       		.byte	0x1
 496 0134 2B       		.byte	0x2b
 497 0135 8C000000 		.4byte	0x8c
 498 0139 AA000000 		.4byte	.LLST1
 499 013d 0C       		.uleb128 0xc
 500 013e 52000000 		.4byte	.LBB3
 501 0142 18000000 		.4byte	.LBE3-.LBB3
ARM GAS  C:\Users\impler\AppData\Local\Temp\ccMkb5iX.s 			page 11


 502 0146 63010000 		.4byte	0x163
 503 014a 0B       		.uleb128 0xb
 504 014b 4F010000 		.4byte	.LASF24
 505 014f 01       		.byte	0x1
 506 0150 34       		.byte	0x34
 507 0151 8C000000 		.4byte	0x8c
 508 0155 B9010000 		.4byte	.LLST2
 509 0159 0D       		.uleb128 0xd
 510 015a 6A000000 		.4byte	.LVL15
 511 015e 72020000 		.4byte	0x272
 512 0162 00       		.byte	0
 513 0163 0D       		.uleb128 0xd
 514 0164 3A000000 		.4byte	.LVL5
 515 0168 72020000 		.4byte	0x272
 516 016c 0D       		.uleb128 0xd
 517 016d 50000000 		.4byte	.LVL9
 518 0171 72020000 		.4byte	0x272
 519 0175 0D       		.uleb128 0xd
 520 0176 6E000000 		.4byte	.LVL16
 521 017a 7D020000 		.4byte	0x27d
 522 017e 0D       		.uleb128 0xd
 523 017f 78000000 		.4byte	.LVL17
 524 0183 88020000 		.4byte	0x288
 525 0187 00       		.byte	0
 526 0188 00       		.byte	0
 527 0189 0E       		.uleb128 0xe
 528 018a 32010000 		.4byte	.LASF39
 529 018e 01       		.byte	0x1
 530 018f 11       		.byte	0x11
 531 0190 85000000 		.4byte	0x85
 532 0194 00000000 		.4byte	.LFB63
 533 0198 34000000 		.4byte	.LFE63-.LFB63
 534 019c 01       		.uleb128 0x1
 535 019d 9C       		.byte	0x9c
 536 019e 14020000 		.4byte	0x214
 537 01a2 0F       		.uleb128 0xf
 538 01a3 0A000000 		.4byte	.LVL18
 539 01a7 93020000 		.4byte	0x293
 540 01ab B5010000 		.4byte	0x1b5
 541 01af 10       		.uleb128 0x10
 542 01b0 01       		.uleb128 0x1
 543 01b1 50       		.byte	0x50
 544 01b2 01       		.uleb128 0x1
 545 01b3 31       		.byte	0x31
 546 01b4 00       		.byte	0
 547 01b5 0F       		.uleb128 0xf
 548 01b6 10000000 		.4byte	.LVL19
 549 01ba 9E020000 		.4byte	0x29e
 550 01be C9010000 		.4byte	0x1c9
 551 01c2 10       		.uleb128 0x10
 552 01c3 01       		.uleb128 0x1
 553 01c4 50       		.byte	0x50
 554 01c5 02       		.uleb128 0x2
 555 01c6 08       		.byte	0x8
 556 01c7 64       		.byte	0x64
 557 01c8 00       		.byte	0
 558 01c9 0F       		.uleb128 0xf
ARM GAS  C:\Users\impler\AppData\Local\Temp\ccMkb5iX.s 			page 12


 559 01ca 16000000 		.4byte	.LVL20
 560 01ce 93020000 		.4byte	0x293
 561 01d2 DC010000 		.4byte	0x1dc
 562 01d6 10       		.uleb128 0x10
 563 01d7 01       		.uleb128 0x1
 564 01d8 50       		.byte	0x50
 565 01d9 01       		.uleb128 0x1
 566 01da 30       		.byte	0x30
 567 01db 00       		.byte	0
 568 01dc 0D       		.uleb128 0xd
 569 01dd 1A000000 		.4byte	.LVL21
 570 01e1 01010000 		.4byte	0x101
 571 01e5 0F       		.uleb128 0xf
 572 01e6 20000000 		.4byte	.LVL22
 573 01ea 88020000 		.4byte	0x288
 574 01ee F8010000 		.4byte	0x1f8
 575 01f2 10       		.uleb128 0x10
 576 01f3 01       		.uleb128 0x1
 577 01f4 50       		.byte	0x50
 578 01f5 01       		.uleb128 0x1
 579 01f6 31       		.byte	0x31
 580 01f7 00       		.byte	0
 581 01f8 0D       		.uleb128 0xd
 582 01f9 24000000 		.4byte	.LVL23
 583 01fd A9020000 		.4byte	0x2a9
 584 0201 0D       		.uleb128 0xd
 585 0202 2A000000 		.4byte	.LVL24
 586 0206 7D020000 		.4byte	0x27d
 587 020a 0D       		.uleb128 0xd
 588 020b 32000000 		.4byte	.LVL25
 589 020f 01010000 		.4byte	0x101
 590 0213 00       		.byte	0
 591 0214 11       		.uleb128 0x11
 592 0215 0B010000 		.4byte	.LASF25
 593 0219 05       		.byte	0x5
 594 021a 1207     		.2byte	0x712
 595 021c 20020000 		.4byte	0x220
 596 0220 12       		.uleb128 0x12
 597 0221 A2000000 		.4byte	0xa2
 598 0225 07       		.uleb128 0x7
 599 0226 35020000 		.4byte	0x235
 600 022a 35020000 		.4byte	0x235
 601 022e 08       		.uleb128 0x8
 602 022f C2000000 		.4byte	0xc2
 603 0233 17       		.byte	0x17
 604 0234 00       		.byte	0
 605 0235 13       		.uleb128 0x13
 606 0236 D0000000 		.4byte	0xd0
 607 023a 14       		.uleb128 0x14
 608 023b 76020000 		.4byte	.LASF26
 609 023f 04       		.byte	0x4
 610 0240 0C       		.byte	0xc
 611 0241 4B020000 		.4byte	0x24b
 612 0245 05       		.uleb128 0x5
 613 0246 03       		.byte	0x3
 614 0247 00000000 		.4byte	merged_ram
 615 024b 13       		.uleb128 0x13
ARM GAS  C:\Users\impler\AppData\Local\Temp\ccMkb5iX.s 			page 13


 616 024c 25020000 		.4byte	0x225
 617 0250 14       		.uleb128 0x14
 618 0251 D3010000 		.4byte	.LASF27
 619 0255 01       		.byte	0x1
 620 0256 0C       		.byte	0xc
 621 0257 97000000 		.4byte	0x97
 622 025b 05       		.uleb128 0x5
 623 025c 03       		.byte	0x3
 624 025d 00000000 		.4byte	data_index
 625 0261 14       		.uleb128 0x14
 626 0262 15020000 		.4byte	.LASF28
 627 0266 01       		.byte	0x1
 628 0267 0D       		.byte	0xd
 629 0268 97000000 		.4byte	0x97
 630 026c 05       		.uleb128 0x5
 631 026d 03       		.byte	0x3
 632 026e 00000000 		.4byte	total_entries
 633 0272 15       		.uleb128 0x15
 634 0273 85010000 		.4byte	.LASF29
 635 0277 85010000 		.4byte	.LASF29
 636 027b 06       		.byte	0x6
 637 027c 26       		.byte	0x26
 638 027d 15       		.uleb128 0x15
 639 027e A1010000 		.4byte	.LASF30
 640 0282 A1010000 		.4byte	.LASF30
 641 0286 07       		.byte	0x7
 642 0287 29       		.byte	0x29
 643 0288 15       		.uleb128 0x15
 644 0289 14000000 		.4byte	.LASF31
 645 028d 14000000 		.4byte	.LASF31
 646 0291 07       		.byte	0x7
 647 0292 26       		.byte	0x26
 648 0293 15       		.uleb128 0x15
 649 0294 5D020000 		.4byte	.LASF32
 650 0298 5D020000 		.4byte	.LASF32
 651 029c 08       		.byte	0x8
 652 029d 26       		.byte	0x26
 653 029e 15       		.uleb128 0x15
 654 029f 6E020000 		.4byte	.LASF33
 655 02a3 6E020000 		.4byte	.LASF33
 656 02a7 09       		.byte	0x9
 657 02a8 76       		.byte	0x76
 658 02a9 15       		.uleb128 0x15
 659 02aa 06020000 		.4byte	.LASF34
 660 02ae 06020000 		.4byte	.LASF34
 661 02b2 0A       		.byte	0xa
 662 02b3 29       		.byte	0x29
 663 02b4 00       		.byte	0
 664              		.section	.debug_abbrev,"",%progbits
 665              	.Ldebug_abbrev0:
 666 0000 01       		.uleb128 0x1
 667 0001 11       		.uleb128 0x11
 668 0002 01       		.byte	0x1
 669 0003 25       		.uleb128 0x25
 670 0004 0E       		.uleb128 0xe
 671 0005 13       		.uleb128 0x13
 672 0006 0B       		.uleb128 0xb
ARM GAS  C:\Users\impler\AppData\Local\Temp\ccMkb5iX.s 			page 14


 673 0007 03       		.uleb128 0x3
 674 0008 0E       		.uleb128 0xe
 675 0009 1B       		.uleb128 0x1b
 676 000a 0E       		.uleb128 0xe
 677 000b 55       		.uleb128 0x55
 678 000c 17       		.uleb128 0x17
 679 000d 11       		.uleb128 0x11
 680 000e 01       		.uleb128 0x1
 681 000f 10       		.uleb128 0x10
 682 0010 17       		.uleb128 0x17
 683 0011 00       		.byte	0
 684 0012 00       		.byte	0
 685 0013 02       		.uleb128 0x2
 686 0014 24       		.uleb128 0x24
 687 0015 00       		.byte	0
 688 0016 0B       		.uleb128 0xb
 689 0017 0B       		.uleb128 0xb
 690 0018 3E       		.uleb128 0x3e
 691 0019 0B       		.uleb128 0xb
 692 001a 03       		.uleb128 0x3
 693 001b 0E       		.uleb128 0xe
 694 001c 00       		.byte	0
 695 001d 00       		.byte	0
 696 001e 03       		.uleb128 0x3
 697 001f 16       		.uleb128 0x16
 698 0020 00       		.byte	0
 699 0021 03       		.uleb128 0x3
 700 0022 0E       		.uleb128 0xe
 701 0023 3A       		.uleb128 0x3a
 702 0024 0B       		.uleb128 0xb
 703 0025 3B       		.uleb128 0x3b
 704 0026 0B       		.uleb128 0xb
 705 0027 49       		.uleb128 0x49
 706 0028 13       		.uleb128 0x13
 707 0029 00       		.byte	0
 708 002a 00       		.byte	0
 709 002b 04       		.uleb128 0x4
 710 002c 24       		.uleb128 0x24
 711 002d 00       		.byte	0
 712 002e 0B       		.uleb128 0xb
 713 002f 0B       		.uleb128 0xb
 714 0030 3E       		.uleb128 0x3e
 715 0031 0B       		.uleb128 0xb
 716 0032 03       		.uleb128 0x3
 717 0033 08       		.uleb128 0x8
 718 0034 00       		.byte	0
 719 0035 00       		.byte	0
 720 0036 05       		.uleb128 0x5
 721 0037 13       		.uleb128 0x13
 722 0038 01       		.byte	0x1
 723 0039 0B       		.uleb128 0xb
 724 003a 0B       		.uleb128 0xb
 725 003b 3A       		.uleb128 0x3a
 726 003c 0B       		.uleb128 0xb
 727 003d 3B       		.uleb128 0x3b
 728 003e 0B       		.uleb128 0xb
 729 003f 01       		.uleb128 0x1
ARM GAS  C:\Users\impler\AppData\Local\Temp\ccMkb5iX.s 			page 15


 730 0040 13       		.uleb128 0x13
 731 0041 00       		.byte	0
 732 0042 00       		.byte	0
 733 0043 06       		.uleb128 0x6
 734 0044 0D       		.uleb128 0xd
 735 0045 00       		.byte	0
 736 0046 03       		.uleb128 0x3
 737 0047 0E       		.uleb128 0xe
 738 0048 3A       		.uleb128 0x3a
 739 0049 0B       		.uleb128 0xb
 740 004a 3B       		.uleb128 0x3b
 741 004b 0B       		.uleb128 0xb
 742 004c 49       		.uleb128 0x49
 743 004d 13       		.uleb128 0x13
 744 004e 38       		.uleb128 0x38
 745 004f 0B       		.uleb128 0xb
 746 0050 00       		.byte	0
 747 0051 00       		.byte	0
 748 0052 07       		.uleb128 0x7
 749 0053 01       		.uleb128 0x1
 750 0054 01       		.byte	0x1
 751 0055 49       		.uleb128 0x49
 752 0056 13       		.uleb128 0x13
 753 0057 01       		.uleb128 0x1
 754 0058 13       		.uleb128 0x13
 755 0059 00       		.byte	0
 756 005a 00       		.byte	0
 757 005b 08       		.uleb128 0x8
 758 005c 21       		.uleb128 0x21
 759 005d 00       		.byte	0
 760 005e 49       		.uleb128 0x49
 761 005f 13       		.uleb128 0x13
 762 0060 2F       		.uleb128 0x2f
 763 0061 0B       		.uleb128 0xb
 764 0062 00       		.byte	0
 765 0063 00       		.byte	0
 766 0064 09       		.uleb128 0x9
 767 0065 2E       		.uleb128 0x2e
 768 0066 01       		.byte	0x1
 769 0067 3F       		.uleb128 0x3f
 770 0068 19       		.uleb128 0x19
 771 0069 03       		.uleb128 0x3
 772 006a 0E       		.uleb128 0xe
 773 006b 3A       		.uleb128 0x3a
 774 006c 0B       		.uleb128 0xb
 775 006d 3B       		.uleb128 0x3b
 776 006e 0B       		.uleb128 0xb
 777 006f 27       		.uleb128 0x27
 778 0070 19       		.uleb128 0x19
 779 0071 11       		.uleb128 0x11
 780 0072 01       		.uleb128 0x1
 781 0073 12       		.uleb128 0x12
 782 0074 06       		.uleb128 0x6
 783 0075 40       		.uleb128 0x40
 784 0076 18       		.uleb128 0x18
 785 0077 9742     		.uleb128 0x2117
 786 0079 19       		.uleb128 0x19
ARM GAS  C:\Users\impler\AppData\Local\Temp\ccMkb5iX.s 			page 16


 787 007a 01       		.uleb128 0x1
 788 007b 13       		.uleb128 0x13
 789 007c 00       		.byte	0
 790 007d 00       		.byte	0
 791 007e 0A       		.uleb128 0xa
 792 007f 0B       		.uleb128 0xb
 793 0080 01       		.byte	0x1
 794 0081 11       		.uleb128 0x11
 795 0082 01       		.uleb128 0x1
 796 0083 12       		.uleb128 0x12
 797 0084 06       		.uleb128 0x6
 798 0085 00       		.byte	0
 799 0086 00       		.byte	0
 800 0087 0B       		.uleb128 0xb
 801 0088 34       		.uleb128 0x34
 802 0089 00       		.byte	0
 803 008a 03       		.uleb128 0x3
 804 008b 0E       		.uleb128 0xe
 805 008c 3A       		.uleb128 0x3a
 806 008d 0B       		.uleb128 0xb
 807 008e 3B       		.uleb128 0x3b
 808 008f 0B       		.uleb128 0xb
 809 0090 49       		.uleb128 0x49
 810 0091 13       		.uleb128 0x13
 811 0092 02       		.uleb128 0x2
 812 0093 17       		.uleb128 0x17
 813 0094 00       		.byte	0
 814 0095 00       		.byte	0
 815 0096 0C       		.uleb128 0xc
 816 0097 0B       		.uleb128 0xb
 817 0098 01       		.byte	0x1
 818 0099 11       		.uleb128 0x11
 819 009a 01       		.uleb128 0x1
 820 009b 12       		.uleb128 0x12
 821 009c 06       		.uleb128 0x6
 822 009d 01       		.uleb128 0x1
 823 009e 13       		.uleb128 0x13
 824 009f 00       		.byte	0
 825 00a0 00       		.byte	0
 826 00a1 0D       		.uleb128 0xd
 827 00a2 898201   		.uleb128 0x4109
 828 00a5 00       		.byte	0
 829 00a6 11       		.uleb128 0x11
 830 00a7 01       		.uleb128 0x1
 831 00a8 31       		.uleb128 0x31
 832 00a9 13       		.uleb128 0x13
 833 00aa 00       		.byte	0
 834 00ab 00       		.byte	0
 835 00ac 0E       		.uleb128 0xe
 836 00ad 2E       		.uleb128 0x2e
 837 00ae 01       		.byte	0x1
 838 00af 3F       		.uleb128 0x3f
 839 00b0 19       		.uleb128 0x19
 840 00b1 03       		.uleb128 0x3
 841 00b2 0E       		.uleb128 0xe
 842 00b3 3A       		.uleb128 0x3a
 843 00b4 0B       		.uleb128 0xb
ARM GAS  C:\Users\impler\AppData\Local\Temp\ccMkb5iX.s 			page 17


 844 00b5 3B       		.uleb128 0x3b
 845 00b6 0B       		.uleb128 0xb
 846 00b7 27       		.uleb128 0x27
 847 00b8 19       		.uleb128 0x19
 848 00b9 49       		.uleb128 0x49
 849 00ba 13       		.uleb128 0x13
 850 00bb 8701     		.uleb128 0x87
 851 00bd 19       		.uleb128 0x19
 852 00be 11       		.uleb128 0x11
 853 00bf 01       		.uleb128 0x1
 854 00c0 12       		.uleb128 0x12
 855 00c1 06       		.uleb128 0x6
 856 00c2 40       		.uleb128 0x40
 857 00c3 18       		.uleb128 0x18
 858 00c4 9742     		.uleb128 0x2117
 859 00c6 19       		.uleb128 0x19
 860 00c7 01       		.uleb128 0x1
 861 00c8 13       		.uleb128 0x13
 862 00c9 00       		.byte	0
 863 00ca 00       		.byte	0
 864 00cb 0F       		.uleb128 0xf
 865 00cc 898201   		.uleb128 0x4109
 866 00cf 01       		.byte	0x1
 867 00d0 11       		.uleb128 0x11
 868 00d1 01       		.uleb128 0x1
 869 00d2 31       		.uleb128 0x31
 870 00d3 13       		.uleb128 0x13
 871 00d4 01       		.uleb128 0x1
 872 00d5 13       		.uleb128 0x13
 873 00d6 00       		.byte	0
 874 00d7 00       		.byte	0
 875 00d8 10       		.uleb128 0x10
 876 00d9 8A8201   		.uleb128 0x410a
 877 00dc 00       		.byte	0
 878 00dd 02       		.uleb128 0x2
 879 00de 18       		.uleb128 0x18
 880 00df 9142     		.uleb128 0x2111
 881 00e1 18       		.uleb128 0x18
 882 00e2 00       		.byte	0
 883 00e3 00       		.byte	0
 884 00e4 11       		.uleb128 0x11
 885 00e5 34       		.uleb128 0x34
 886 00e6 00       		.byte	0
 887 00e7 03       		.uleb128 0x3
 888 00e8 0E       		.uleb128 0xe
 889 00e9 3A       		.uleb128 0x3a
 890 00ea 0B       		.uleb128 0xb
 891 00eb 3B       		.uleb128 0x3b
 892 00ec 05       		.uleb128 0x5
 893 00ed 49       		.uleb128 0x49
 894 00ee 13       		.uleb128 0x13
 895 00ef 3F       		.uleb128 0x3f
 896 00f0 19       		.uleb128 0x19
 897 00f1 3C       		.uleb128 0x3c
 898 00f2 19       		.uleb128 0x19
 899 00f3 00       		.byte	0
 900 00f4 00       		.byte	0
ARM GAS  C:\Users\impler\AppData\Local\Temp\ccMkb5iX.s 			page 18


 901 00f5 12       		.uleb128 0x12
 902 00f6 35       		.uleb128 0x35
 903 00f7 00       		.byte	0
 904 00f8 49       		.uleb128 0x49
 905 00f9 13       		.uleb128 0x13
 906 00fa 00       		.byte	0
 907 00fb 00       		.byte	0
 908 00fc 13       		.uleb128 0x13
 909 00fd 26       		.uleb128 0x26
 910 00fe 00       		.byte	0
 911 00ff 49       		.uleb128 0x49
 912 0100 13       		.uleb128 0x13
 913 0101 00       		.byte	0
 914 0102 00       		.byte	0
 915 0103 14       		.uleb128 0x14
 916 0104 34       		.uleb128 0x34
 917 0105 00       		.byte	0
 918 0106 03       		.uleb128 0x3
 919 0107 0E       		.uleb128 0xe
 920 0108 3A       		.uleb128 0x3a
 921 0109 0B       		.uleb128 0xb
 922 010a 3B       		.uleb128 0x3b
 923 010b 0B       		.uleb128 0xb
 924 010c 49       		.uleb128 0x49
 925 010d 13       		.uleb128 0x13
 926 010e 3F       		.uleb128 0x3f
 927 010f 19       		.uleb128 0x19
 928 0110 02       		.uleb128 0x2
 929 0111 18       		.uleb128 0x18
 930 0112 00       		.byte	0
 931 0113 00       		.byte	0
 932 0114 15       		.uleb128 0x15
 933 0115 2E       		.uleb128 0x2e
 934 0116 00       		.byte	0
 935 0117 3F       		.uleb128 0x3f
 936 0118 19       		.uleb128 0x19
 937 0119 3C       		.uleb128 0x3c
 938 011a 19       		.uleb128 0x19
 939 011b 6E       		.uleb128 0x6e
 940 011c 0E       		.uleb128 0xe
 941 011d 03       		.uleb128 0x3
 942 011e 0E       		.uleb128 0xe
 943 011f 3A       		.uleb128 0x3a
 944 0120 0B       		.uleb128 0xb
 945 0121 3B       		.uleb128 0x3b
 946 0122 0B       		.uleb128 0xb
 947 0123 00       		.byte	0
 948 0124 00       		.byte	0
 949 0125 00       		.byte	0
 950              		.section	.debug_loc,"",%progbits
 951              	.Ldebug_loc0:
 952              	.LLST0:
 953 0000 1E000000 		.4byte	.LVL0
 954 0004 30000000 		.4byte	.LVL3
 955 0008 0100     		.2byte	0x1
 956 000a 51       		.byte	0x51
 957 000b 30000000 		.4byte	.LVL3
ARM GAS  C:\Users\impler\AppData\Local\Temp\ccMkb5iX.s 			page 19


 958 000f 39000000 		.4byte	.LVL5-1
 959 0013 2100     		.2byte	0x21
 960 0015 03       		.byte	0x3
 961 0016 00000000 		.4byte	data_index
 962 001a 94       		.byte	0x94
 963 001b 02       		.byte	0x2
 964 001c F7       		.byte	0xf7
 965 001d 33       		.uleb128 0x33
 966 001e F7       		.byte	0xf7
 967 001f 25       		.uleb128 0x25
 968 0020 F4       		.byte	0xf4
 969 0021 25       		.uleb128 0x25
 970 0022 08       		.byte	0x8
 971 0023 ABAAAAAA 		.8byte	0xaaaaaaab
 971      00000000 
 972 002b 1E       		.byte	0x1e
 973 002c 08       		.byte	0x8
 974 002d 20       		.byte	0x20
 975 002e F7       		.byte	0xf7
 976 002f 25       		.uleb128 0x25
 977 0030 25       		.byte	0x25
 978 0031 F7       		.byte	0xf7
 979 0032 2C       		.uleb128 0x2c
 980 0033 32       		.byte	0x32
 981 0034 25       		.byte	0x25
 982 0035 9F       		.byte	0x9f
 983 0036 3C000000 		.4byte	.LVL6
 984 003a 44000000 		.4byte	.LVL7
 985 003e 0100     		.2byte	0x1
 986 0040 51       		.byte	0x51
 987 0041 44000000 		.4byte	.LVL7
 988 0045 4F000000 		.4byte	.LVL9-1
 989 0049 2100     		.2byte	0x21
 990 004b 03       		.byte	0x3
 991 004c 00000000 		.4byte	data_index
 992 0050 94       		.byte	0x94
 993 0051 02       		.byte	0x2
 994 0052 F7       		.byte	0xf7
 995 0053 33       		.uleb128 0x33
 996 0054 F7       		.byte	0xf7
 997 0055 25       		.uleb128 0x25
 998 0056 F4       		.byte	0xf4
 999 0057 25       		.uleb128 0x25
 1000 0058 08       		.byte	0x8
 1001 0059 ABAAAAAA 		.8byte	0xaaaaaaab
 1001      00000000 
 1002 0061 1E       		.byte	0x1e
 1003 0062 08       		.byte	0x8
 1004 0063 20       		.byte	0x20
 1005 0064 F7       		.byte	0xf7
 1006 0065 25       		.uleb128 0x25
 1007 0066 25       		.byte	0x25
 1008 0067 F7       		.byte	0xf7
 1009 0068 2C       		.uleb128 0x2c
 1010 0069 32       		.byte	0x32
 1011 006a 25       		.byte	0x25
 1012 006b 9F       		.byte	0x9f
ARM GAS  C:\Users\impler\AppData\Local\Temp\ccMkb5iX.s 			page 20


 1013 006c 52000000 		.4byte	.LVL10
 1014 0070 5C000000 		.4byte	.LVL12
 1015 0074 0100     		.2byte	0x1
 1016 0076 51       		.byte	0x51
 1017 0077 5C000000 		.4byte	.LVL12
 1018 007b 69000000 		.4byte	.LVL15-1
 1019 007f 2100     		.2byte	0x21
 1020 0081 03       		.byte	0x3
 1021 0082 00000000 		.4byte	data_index
 1022 0086 94       		.byte	0x94
 1023 0087 02       		.byte	0x2
 1024 0088 F7       		.byte	0xf7
 1025 0089 33       		.uleb128 0x33
 1026 008a F7       		.byte	0xf7
 1027 008b 25       		.uleb128 0x25
 1028 008c F4       		.byte	0xf4
 1029 008d 25       		.uleb128 0x25
 1030 008e 08       		.byte	0x8
 1031 008f ABAAAAAA 		.8byte	0xaaaaaaab
 1031      00000000 
 1032 0097 1E       		.byte	0x1e
 1033 0098 08       		.byte	0x8
 1034 0099 20       		.byte	0x20
 1035 009a F7       		.byte	0xf7
 1036 009b 25       		.uleb128 0x25
 1037 009c 25       		.byte	0x25
 1038 009d F7       		.byte	0xf7
 1039 009e 2C       		.uleb128 0x2c
 1040 009f 32       		.byte	0x32
 1041 00a0 25       		.byte	0x25
 1042 00a1 9F       		.byte	0x9f
 1043 00a2 00000000 		.4byte	0
 1044 00a6 00000000 		.4byte	0
 1045              	.LLST1:
 1046 00aa 26000000 		.4byte	.LVL1
 1047 00ae 2A000000 		.4byte	.LVL2
 1048 00b2 0100     		.2byte	0x1
 1049 00b4 53       		.byte	0x53
 1050 00b5 2A000000 		.4byte	.LVL2
 1051 00b9 36000000 		.4byte	.LVL4
 1052 00bd 0F00     		.2byte	0xf
 1053 00bf 03       		.byte	0x3
 1054 00c0 00000000 		.4byte	data_index
 1055 00c4 94       		.byte	0x94
 1056 00c5 02       		.byte	0x2
 1057 00c6 0A       		.byte	0xa
 1058 00c7 FFFF     		.2byte	0xffff
 1059 00c9 1A       		.byte	0x1a
 1060 00ca 70       		.byte	0x70
 1061 00cb 00       		.sleb128 0
 1062 00cc 1C       		.byte	0x1c
 1063 00cd 9F       		.byte	0x9f
 1064 00ce 36000000 		.4byte	.LVL4
 1065 00d2 39000000 		.4byte	.LVL5-1
 1066 00d6 3100     		.2byte	0x31
 1067 00d8 03       		.byte	0x3
 1068 00d9 00000000 		.4byte	data_index
ARM GAS  C:\Users\impler\AppData\Local\Temp\ccMkb5iX.s 			page 21


 1069 00dd 94       		.byte	0x94
 1070 00de 02       		.byte	0x2
 1071 00df 0A       		.byte	0xa
 1072 00e0 FFFF     		.2byte	0xffff
 1073 00e2 1A       		.byte	0x1a
 1074 00e3 03       		.byte	0x3
 1075 00e4 00000000 		.4byte	data_index
 1076 00e8 94       		.byte	0x94
 1077 00e9 02       		.byte	0x2
 1078 00ea F7       		.byte	0xf7
 1079 00eb 33       		.uleb128 0x33
 1080 00ec F7       		.byte	0xf7
 1081 00ed 25       		.uleb128 0x25
 1082 00ee F4       		.byte	0xf4
 1083 00ef 25       		.uleb128 0x25
 1084 00f0 08       		.byte	0x8
 1085 00f1 ABAAAAAA 		.8byte	0xaaaaaaab
 1085      00000000 
 1086 00f9 1E       		.byte	0x1e
 1087 00fa 08       		.byte	0x8
 1088 00fb 20       		.byte	0x20
 1089 00fc F7       		.byte	0xf7
 1090 00fd 25       		.uleb128 0x25
 1091 00fe 25       		.byte	0x25
 1092 00ff F7       		.byte	0xf7
 1093 0100 2C       		.uleb128 0x2c
 1094 0101 32       		.byte	0x32
 1095 0102 25       		.byte	0x25
 1096 0103 33       		.byte	0x33
 1097 0104 1E       		.byte	0x1e
 1098 0105 31       		.byte	0x31
 1099 0106 24       		.byte	0x24
 1100 0107 1C       		.byte	0x1c
 1101 0108 9F       		.byte	0x9f
 1102 0109 3C000000 		.4byte	.LVL6
 1103 010d 4A000000 		.4byte	.LVL8
 1104 0111 0F00     		.2byte	0xf
 1105 0113 03       		.byte	0x3
 1106 0114 00000000 		.4byte	data_index
 1107 0118 94       		.byte	0x94
 1108 0119 02       		.byte	0x2
 1109 011a 0A       		.byte	0xa
 1110 011b FFFF     		.2byte	0xffff
 1111 011d 1A       		.byte	0x1a
 1112 011e 70       		.byte	0x70
 1113 011f 00       		.sleb128 0
 1114 0120 1C       		.byte	0x1c
 1115 0121 9F       		.byte	0x9f
 1116 0122 4A000000 		.4byte	.LVL8
 1117 0126 4F000000 		.4byte	.LVL9-1
 1118 012a 3100     		.2byte	0x31
 1119 012c 03       		.byte	0x3
 1120 012d 00000000 		.4byte	data_index
 1121 0131 94       		.byte	0x94
 1122 0132 02       		.byte	0x2
 1123 0133 0A       		.byte	0xa
 1124 0134 FFFF     		.2byte	0xffff
ARM GAS  C:\Users\impler\AppData\Local\Temp\ccMkb5iX.s 			page 22


 1125 0136 1A       		.byte	0x1a
 1126 0137 03       		.byte	0x3
 1127 0138 00000000 		.4byte	data_index
 1128 013c 94       		.byte	0x94
 1129 013d 02       		.byte	0x2
 1130 013e F7       		.byte	0xf7
 1131 013f 33       		.uleb128 0x33
 1132 0140 F7       		.byte	0xf7
 1133 0141 25       		.uleb128 0x25
 1134 0142 F4       		.byte	0xf4
 1135 0143 25       		.uleb128 0x25
 1136 0144 08       		.byte	0x8
 1137 0145 ABAAAAAA 		.8byte	0xaaaaaaab
 1137      00000000 
 1138 014d 1E       		.byte	0x1e
 1139 014e 08       		.byte	0x8
 1140 014f 20       		.byte	0x20
 1141 0150 F7       		.byte	0xf7
 1142 0151 25       		.uleb128 0x25
 1143 0152 25       		.byte	0x25
 1144 0153 F7       		.byte	0xf7
 1145 0154 2C       		.uleb128 0x2c
 1146 0155 32       		.byte	0x32
 1147 0156 25       		.byte	0x25
 1148 0157 33       		.byte	0x33
 1149 0158 1E       		.byte	0x1e
 1150 0159 31       		.byte	0x31
 1151 015a 24       		.byte	0x24
 1152 015b 1C       		.byte	0x1c
 1153 015c 9F       		.byte	0x9f
 1154 015d 52000000 		.4byte	.LVL10
 1155 0161 66000000 		.4byte	.LVL14
 1156 0165 0F00     		.2byte	0xf
 1157 0167 03       		.byte	0x3
 1158 0168 00000000 		.4byte	data_index
 1159 016c 94       		.byte	0x94
 1160 016d 02       		.byte	0x2
 1161 016e 0A       		.byte	0xa
 1162 016f FFFF     		.2byte	0xffff
 1163 0171 1A       		.byte	0x1a
 1164 0172 70       		.byte	0x70
 1165 0173 00       		.sleb128 0
 1166 0174 1C       		.byte	0x1c
 1167 0175 9F       		.byte	0x9f
 1168 0176 66000000 		.4byte	.LVL14
 1169 017a 69000000 		.4byte	.LVL15-1
 1170 017e 3100     		.2byte	0x31
 1171 0180 03       		.byte	0x3
 1172 0181 00000000 		.4byte	data_index
 1173 0185 94       		.byte	0x94
 1174 0186 02       		.byte	0x2
 1175 0187 0A       		.byte	0xa
 1176 0188 FFFF     		.2byte	0xffff
 1177 018a 1A       		.byte	0x1a
 1178 018b 03       		.byte	0x3
 1179 018c 00000000 		.4byte	data_index
 1180 0190 94       		.byte	0x94
ARM GAS  C:\Users\impler\AppData\Local\Temp\ccMkb5iX.s 			page 23


 1181 0191 02       		.byte	0x2
 1182 0192 F7       		.byte	0xf7
 1183 0193 33       		.uleb128 0x33
 1184 0194 F7       		.byte	0xf7
 1185 0195 25       		.uleb128 0x25
 1186 0196 F4       		.byte	0xf4
 1187 0197 25       		.uleb128 0x25
 1188 0198 08       		.byte	0x8
 1189 0199 ABAAAAAA 		.8byte	0xaaaaaaab
 1189      00000000 
 1190 01a1 1E       		.byte	0x1e
 1191 01a2 08       		.byte	0x8
 1192 01a3 20       		.byte	0x20
 1193 01a4 F7       		.byte	0xf7
 1194 01a5 25       		.uleb128 0x25
 1195 01a6 25       		.byte	0x25
 1196 01a7 F7       		.byte	0xf7
 1197 01a8 2C       		.uleb128 0x2c
 1198 01a9 32       		.byte	0x32
 1199 01aa 25       		.byte	0x25
 1200 01ab 33       		.byte	0x33
 1201 01ac 1E       		.byte	0x1e
 1202 01ad 31       		.byte	0x31
 1203 01ae 24       		.byte	0x24
 1204 01af 1C       		.byte	0x1c
 1205 01b0 9F       		.byte	0x9f
 1206 01b1 00000000 		.4byte	0
 1207 01b5 00000000 		.4byte	0
 1208              	.LLST2:
 1209 01b9 58000000 		.4byte	.LVL11
 1210 01bd 64000000 		.4byte	.LVL13
 1211 01c1 0100     		.2byte	0x1
 1212 01c3 53       		.byte	0x53
 1213 01c4 64000000 		.4byte	.LVL13
 1214 01c8 66000000 		.4byte	.LVL14
 1215 01cc 1400     		.2byte	0x14
 1216 01ce 35       		.byte	0x35
 1217 01cf 03       		.byte	0x3
 1218 01d0 00000000 		.4byte	data_index
 1219 01d4 94       		.byte	0x94
 1220 01d5 02       		.byte	0x2
 1221 01d6 0A       		.byte	0xa
 1222 01d7 FFFF     		.2byte	0xffff
 1223 01d9 1A       		.byte	0x1a
 1224 01da 70       		.byte	0x70
 1225 01db 00       		.sleb128 0
 1226 01dc 1C       		.byte	0x1c
 1227 01dd 08       		.byte	0x8
 1228 01de FF       		.byte	0xff
 1229 01df 1A       		.byte	0x1a
 1230 01e0 1C       		.byte	0x1c
 1231 01e1 9F       		.byte	0x9f
 1232 01e2 66000000 		.4byte	.LVL14
 1233 01e6 69000000 		.4byte	.LVL15-1
 1234 01ea 3600     		.2byte	0x36
 1235 01ec 35       		.byte	0x35
 1236 01ed 03       		.byte	0x3
ARM GAS  C:\Users\impler\AppData\Local\Temp\ccMkb5iX.s 			page 24


 1237 01ee 00000000 		.4byte	data_index
 1238 01f2 94       		.byte	0x94
 1239 01f3 02       		.byte	0x2
 1240 01f4 0A       		.byte	0xa
 1241 01f5 FFFF     		.2byte	0xffff
 1242 01f7 1A       		.byte	0x1a
 1243 01f8 03       		.byte	0x3
 1244 01f9 00000000 		.4byte	data_index
 1245 01fd 94       		.byte	0x94
 1246 01fe 02       		.byte	0x2
 1247 01ff F7       		.byte	0xf7
 1248 0200 33       		.uleb128 0x33
 1249 0201 F7       		.byte	0xf7
 1250 0202 25       		.uleb128 0x25
 1251 0203 F4       		.byte	0xf4
 1252 0204 25       		.uleb128 0x25
 1253 0205 08       		.byte	0x8
 1254 0206 ABAAAAAA 		.8byte	0xaaaaaaab
 1254      00000000 
 1255 020e 1E       		.byte	0x1e
 1256 020f 08       		.byte	0x8
 1257 0210 20       		.byte	0x20
 1258 0211 F7       		.byte	0xf7
 1259 0212 25       		.uleb128 0x25
 1260 0213 25       		.byte	0x25
 1261 0214 F7       		.byte	0xf7
 1262 0215 2C       		.uleb128 0x2c
 1263 0216 32       		.byte	0x32
 1264 0217 25       		.byte	0x25
 1265 0218 33       		.byte	0x33
 1266 0219 1E       		.byte	0x1e
 1267 021a 31       		.byte	0x31
 1268 021b 24       		.byte	0x24
 1269 021c 1C       		.byte	0x1c
 1270 021d 08       		.byte	0x8
 1271 021e FF       		.byte	0xff
 1272 021f 1A       		.byte	0x1a
 1273 0220 1C       		.byte	0x1c
 1274 0221 9F       		.byte	0x9f
 1275 0222 00000000 		.4byte	0
 1276 0226 00000000 		.4byte	0
 1277              		.section	.debug_aranges,"",%progbits
 1278 0000 24000000 		.4byte	0x24
 1279 0004 0200     		.2byte	0x2
 1280 0006 00000000 		.4byte	.Ldebug_info0
 1281 000a 04       		.byte	0x4
 1282 000b 00       		.byte	0
 1283 000c 0000     		.2byte	0
 1284 000e 0000     		.2byte	0
 1285 0010 00000000 		.4byte	.LFB64
 1286 0014 94000000 		.4byte	.LFE64-.LFB64
 1287 0018 00000000 		.4byte	.LFB63
 1288 001c 34000000 		.4byte	.LFE63-.LFB63
 1289 0020 00000000 		.4byte	0
 1290 0024 00000000 		.4byte	0
 1291              		.section	.debug_ranges,"",%progbits
 1292              	.Ldebug_ranges0:
ARM GAS  C:\Users\impler\AppData\Local\Temp\ccMkb5iX.s 			page 25


 1293 0000 00000000 		.4byte	.LFB64
 1294 0004 94000000 		.4byte	.LFE64
 1295 0008 00000000 		.4byte	.LFB63
 1296 000c 34000000 		.4byte	.LFE63
 1297 0010 00000000 		.4byte	0
 1298 0014 00000000 		.4byte	0
 1299              		.section	.debug_line,"",%progbits
 1300              	.Ldebug_line0:
 1301 0000 CB010000 		.section	.debug_str,"MS",%progbits,1
 1301      02009401 
 1301      00000201 
 1301      FB0E0D00 
 1301      01010101 
 1302              	.LASF6:
 1303 0000 5F5F7569 		.ascii	"__uint8_t\000"
 1303      6E74385F 
 1303      7400
 1304              	.LASF8:
 1305 000a 5F5F696E 		.ascii	"__int32_t\000"
 1305      7433325F 
 1305      7400
 1306              	.LASF31:
 1307 0014 50534F43 		.ascii	"PSOC_FPGA_Write\000"
 1307      5F465047 
 1307      415F5772 
 1307      69746500 
 1308              	.LASF16:
 1309 0024 646F7562 		.ascii	"double\000"
 1309      6C6500
 1310              	.LASF14:
 1311 002b 696E7433 		.ascii	"int32_t\000"
 1311      325F7400 
 1312              	.LASF15:
 1313 0033 666C6F61 		.ascii	"float\000"
 1313      7400
 1314              	.LASF21:
 1315 0039 64617461 		.ascii	"data\000"
 1315      00
 1316              	.LASF3:
 1317 003e 7369676E 		.ascii	"signed char\000"
 1317      65642063 
 1317      68617200 
 1318              	.LASF4:
 1319 004a 756E7369 		.ascii	"unsigned char\000"
 1319      676E6564 
 1319      20636861 
 1319      7200
 1320              	.LASF35:
 1321 0058 474E5520 		.ascii	"GNU C11 5.4.1 20160609 (release) [ARM/embedded-5-br"
 1321      43313120 
 1321      352E342E 
 1321      31203230 
 1321      31363036 
 1322 008b 616E6368 		.ascii	"anch revision 237715] -mcpu=cortex-m3 -mthumb -g -O"
 1322      20726576 
 1322      6973696F 
 1322      6E203233 
ARM GAS  C:\Users\impler\AppData\Local\Temp\ccMkb5iX.s 			page 26


 1322      37373135 
 1323 00be 67202D66 		.ascii	"g -ffunction-sections -ffat-lto-objects\000"
 1323      66756E63 
 1323      74696F6E 
 1323      2D736563 
 1323      74696F6E 
 1324              	.LASF10:
 1325 00e6 6C6F6E67 		.ascii	"long unsigned int\000"
 1325      20756E73 
 1325      69676E65 
 1325      6420696E 
 1325      7400
 1326              	.LASF2:
 1327 00f8 73686F72 		.ascii	"short unsigned int\000"
 1327      7420756E 
 1327      7369676E 
 1327      65642069 
 1327      6E7400
 1328              	.LASF25:
 1329 010b 49544D5F 		.ascii	"ITM_RxBuffer\000"
 1329      52784275 
 1329      66666572 
 1329      00
 1330              	.LASF7:
 1331 0118 5F5F7569 		.ascii	"__uint16_t\000"
 1331      6E743136 
 1331      5F7400
 1332              	.LASF38:
 1333 0123 73656E64 		.ascii	"send_next_byte\000"
 1333      5F6E6578 
 1333      745F6279 
 1333      746500
 1334              	.LASF39:
 1335 0132 6D61696E 		.ascii	"main\000"
 1335      00
 1336              	.LASF23:
 1337 0137 62797465 		.ascii	"byte_index\000"
 1337      5F696E64 
 1337      657800
 1338              	.LASF1:
 1339 0142 756E7369 		.ascii	"unsigned int\000"
 1339      676E6564 
 1339      20696E74 
 1339      00
 1340              	.LASF24:
 1341 014f 72657665 		.ascii	"reversed_index\000"
 1341      72736564 
 1341      5F696E64 
 1341      657800
 1342              	.LASF20:
 1343 015e 61646472 		.ascii	"address\000"
 1343      65737300 
 1344              	.LASF0:
 1345 0166 6C6F6E67 		.ascii	"long long unsigned int\000"
 1345      206C6F6E 
 1345      6720756E 
 1345      7369676E 
ARM GAS  C:\Users\impler\AppData\Local\Temp\ccMkb5iX.s 			page 27


 1345      65642069 
 1346              	.LASF12:
 1347 017d 75696E74 		.ascii	"uint8_t\000"
 1347      385F7400 
 1348              	.LASF29:
 1349 0185 44617461 		.ascii	"Data_Port_Write\000"
 1349      5F506F72 
 1349      745F5772 
 1349      69746500 
 1350              	.LASF19:
 1351 0195 6C6F6E67 		.ascii	"long double\000"
 1351      20646F75 
 1351      626C6500 
 1352              	.LASF30:
 1353 01a1 50534F43 		.ascii	"PSOC_FPGA_Read\000"
 1353      5F465047 
 1353      415F5265 
 1353      616400
 1354              	.LASF18:
 1355 01b0 73697A65 		.ascii	"sizetype\000"
 1355      74797065 
 1355      00
 1356              	.LASF11:
 1357 01b9 6C6F6E67 		.ascii	"long long int\000"
 1357      206C6F6E 
 1357      6720696E 
 1357      7400
 1358              	.LASF36:
 1359 01c7 6D61696E 		.ascii	"main.c\000"
 1359      2E6300
 1360              	.LASF17:
 1361 01ce 63686172 		.ascii	"char\000"
 1361      00
 1362              	.LASF27:
 1363 01d3 64617461 		.ascii	"data_index\000"
 1363      5F696E64 
 1363      657800
 1364              	.LASF22:
 1365 01de 656E7472 		.ascii	"entry_index\000"
 1365      795F696E 
 1365      64657800 
 1366              	.LASF5:
 1367 01ea 73686F72 		.ascii	"short int\000"
 1367      7420696E 
 1367      7400
 1368              	.LASF13:
 1369 01f4 75696E74 		.ascii	"uint16_t\000"
 1369      31365F74 
 1369      00
 1370              	.LASF9:
 1371 01fd 6C6F6E67 		.ascii	"long int\000"
 1371      20696E74 
 1371      00
 1372              	.LASF34:
 1373 0206 46504741 		.ascii	"FPGA_PSOC_Read\000"
 1373      5F50534F 
 1373      435F5265 
ARM GAS  C:\Users\impler\AppData\Local\Temp\ccMkb5iX.s 			page 28


 1373      616400
 1374              	.LASF28:
 1375 0215 746F7461 		.ascii	"total_entries\000"
 1375      6C5F656E 
 1375      74726965 
 1375      7300
 1376              	.LASF37:
 1377 0223 433A5C55 		.ascii	"C:\\Users\\impler\\Documents\\SP25\\Talha_PSOC\\Tog"
 1377      73657273 
 1377      5C696D70 
 1377      6C65725C 
 1377      446F6375 
 1378 0250 676C6543 		.ascii	"gleCom.cydsn\000"
 1378      6F6D2E63 
 1378      7964736E 
 1378      00
 1379              	.LASF32:
 1380 025d 534F4654 		.ascii	"SOFT_RESET_Write\000"
 1380      5F524553 
 1380      45545F57 
 1380      72697465 
 1380      00
 1381              	.LASF33:
 1382 026e 43794465 		.ascii	"CyDelay\000"
 1382      6C617900 
 1383              	.LASF26:
 1384 0276 6D657267 		.ascii	"merged_ram\000"
 1384      65645F72 
 1384      616D00
 1385              		.ident	"GCC: (GNU Tools for ARM Embedded Processors) 5.4.1 20160609 (release) [ARM/embedded-5-bran
