--------------- Clean Started: 02/19/2025 17:14:16 Project: RoughCom, Configuration: ARM GCC 5.4-2016-q2-update Debug ---------------
Deleting file ".\CortexM3\ARM_GCC_541\Debug\main.o"
Deleting file ".\CortexM3\ARM_GCC_541\Debug\cyfitter_cfg.o"
Deleting file ".\CortexM3\ARM_GCC_541\Debug\cymetadata.o"
Deleting file ".\CortexM3\ARM_GCC_541\Debug\CyScBoostClk.o"
Deleting file ".\CortexM3\ARM_GCC_541\Debug\Button.o"
Deleting file ".\CortexM3\ARM_GCC_541\Debug\Cm3Start.o"
Deleting file ".\CortexM3\ARM_GCC_541\Debug\CyBootAsmGnu.o"
Deleting file ".\CortexM3\ARM_GCC_541\Debug\CyDmac.o"
Deleting file ".\CortexM3\ARM_GCC_541\Debug\CyFlash.o"
Deleting file ".\CortexM3\ARM_GCC_541\Debug\CyLib.o"
Deleting file ".\CortexM3\ARM_GCC_541\Debug\cyPm.o"
Deleting file ".\CortexM3\ARM_GCC_541\Debug\CySpc.o"
Deleting file ".\CortexM3\ARM_GCC_541\Debug\cyutils.o"
Deleting file ".\CortexM3\ARM_GCC_541\Debug\cy_em_eeprom.o"
Deleting file ".\CortexM3\ARM_GCC_541\Debug\Data_Port.o"
Deleting file ".\CortexM3\ARM_GCC_541\Debug\isr_Button.o"
Deleting file ".\CortexM3\ARM_GCC_541\Debug\RoughCom.hex"
Deleting file ".\CortexM3\ARM_GCC_541\Debug\RoughCom.elf"
Deleting file ".\CortexM3\ARM_GCC_541\Debug\RoughCom.map"
Deleting file ".\RoughCom.cycdx"
Deleting file ".\RoughCom.rpt"
Deleting file ".\RoughCom_timing.html"
Deleting file ".\CortexM3\ARM_GCC_541\Debug\.deps\SOURCE_C__ARM_GCC_GENERIC.P"
Deleting file ".\CortexM3\ARM_GCC_541\Debug\.deps\SOURCE_ASM__ARM_GCC_GENERIC.P"
--------------- Clean Succeeded: 02/19/2025 17:14:17 ---------------
